
 ____       ____       ____       ____
/    \     /    \     /    \     /    \ 
|  #################################  |
\__#_/     \____/     \____/     \_#__/
   #    _        _______  _____    #
   #   (_)      |_   __ \|_   _|   #      -*-     Development version    -*-
   #   __  ______ | |__) | | |     #
   Y  [  ||______||  ___/  | |     #      A Python interface for (ab initio)
  0 0  | |       _| |_    _| |_    #      (path integral) molecular dynamics.
   #  [___]     |_____|  |_____|   #
 __#_       ____       ____       _#__
/  # \     /    \     /    \     / #  \
|  #################################  |
\____/     \____/     \____/     \____/

    
 # Initializing system object 
 # Initializing simulation object 
 # Initializer (stage 1) parsing positions object.
 # Initializer (stage 1) parsing masses object.
 # Initializer (stage 1) parsing labels object.
 # Initializer (stage 1) parsing cell object.
 !W! Momenta not specified in initialize. Will start with zero velocity if they are not specified in beads.
Import of PyFFTW unsuccessful, using NumPy library instead
 # Initializer (stage 2) parsing positions object.
 # Initializer (stage 2) parsing masses object.
 # Initializer (stage 2) parsing labels object.
 # Initializer (stage 2) parsing cell object.
 # i-PI loaded input file:  /home/gorg/i-pi-dev/examples/lammps/h2o-geop/input_bfgs.xml
 --- begin input file content ---
<simulation mode="static" verbosity="high">
    <output prefix="simulation_bfgs">
        <properties filename="out" stride="1">  [ step, potential ] </properties>
        <trajectory filename="pos" stride="1"> positions </trajectory>
    </output>
    <total_steps> 1000 </total_steps>
    <prng> <seed> 32342 </seed> </prng>
    <ffsocket mode="unix" name="qtip4pf" pbc="false">
        <address> driver  </address>
    </ffsocket>
    <system>
        <initialize nbeads="1">
        <file mode="xyz"> init.xyz </file>
        </initialize>
        <forces>
        <force forcefield="qtip4pf"> </force>
        </forces>
        <motion mode="minimize">
            <optimizer mode="bfgs">
                <tolerances>
                    <energy> 1e-8 </energy>
                    <force> 1e-8 </force>
                    <position> 1e-8 </position>
                </tolerances>
            </optimizer>
        </motion>
    </system>
</simulation>  ---  end input file content  ---
Created unix socket with address driver
 @ForceField: Starting the polling thread main loop.
 @SOCKET:   Client asked for connection from . Now hand-shaking.
 @SOCKET:   Handshaking was successful. Added to the client list.
 @SOCKET: 17/03/27-13:03:45 Assigning [ none] request id    0 to client with last-id None (  0/  1 : )
 @SOCKET: 17/03/27-13:03:45 Assigning [ free] request id    1 to client with last-id    0 (  0/  1 : )
 @SOCKET: 17/03/27-13:03:45 Assigning [match] request id    1 to client with last-id    1 (  0/  1 : )
Energy differences 0.000437477257463 1e-08
MaxForces 0.0235548611586 1e-08
Force Difference 0.100290335778 1e-08
Position 0.0690101043531 1e-08
 # Average timings at MD step       0. t/step: 2.92020e-02
 @SOCKET: 17/03/27-13:03:45 Assigning [match] request id    1 to client with last-id    1 (  0/  1 : )
Energy differences 0.000222134670877 1e-08
MaxForces 0.00199384179045 1e-08
Force Difference 0.0319084285603 1e-08
Position 0.0236535156485 1e-08
 # Average timings at MD step       1. t/step: 1.87120e-02
 @SOCKET: 17/03/27-13:03:45 Assigning [match] request id    1 to client with last-id    1 (  0/  1 : )
Energy differences 2.20850322737e-06 1e-08
MaxForces 0.000684419414214 1e-08
Force Difference 0.0031597965732 1e-08
Position 0.00217327016618 1e-08
 # Average timings at MD step       2. t/step: 1.92420e-02
 @SOCKET: 17/03/27-13:03:45 Assigning [match] request id    1 to client with last-id    1 (  0/  1 : )
Energy differences 5.82913434768e-07 1e-08
MaxForces 0.000774217624789 1e-08
Force Difference 0.000370122567029 1e-08
Position 0.00108138215794 1e-08
 # Average timings at MD step       3. t/step: 1.85769e-02
 @SOCKET: 17/03/27-13:03:45 Assigning [match] request id    1 to client with last-id    1 (  0/  1 : )
Energy differences 1.18147072498e-06 1e-08
MaxForces 0.000283587785025 1e-08
Force Difference 0.000941802035035 1e-08
Position 0.00375011404657 1e-08
 # Average timings at MD step       4. t/step: 8.46013e-01
 @SOCKET: 17/03/27-13:03:46 Assigning [match] request id    1 to client with last-id    1 (  0/  1 : )
Energy differences 3.007234075e-08 1e-08
MaxForces 5.08566158555e-05 1e-08
Force Difference 0.000301175159835 1e-08
Position 0.000413368908236 1e-08
 # Average timings at MD step       5. t/step: 2.94342e-02
 @SOCKET: 17/03/27-13:03:46 Assigning [match] request id    1 to client with last-id    1 (  0/  1 : )
Energy differences 9.16894889815e-10 1e-08
MaxForces 1.20768981311e-06 1e-08
Force Difference 7.30881963223e-05 1e-08
Position 4.95506149292e-05 1e-08
 # Average timings at MD step       6. t/step: 2.94049e-02
 @SOCKET: 17/03/27-13:03:46 Assigning [match] request id    1 to client with last-id    1 (  0/  1 : )
 @SOCKET: 17/03/27-13:03:46 Assigning [match] request id    1 to client with last-id    1 (  0/  1 : )
Energy differences 3.21405203048e-11 1e-08
MaxForces 9.48113158418e-07 1e-08
Force Difference 4.11617462311e-07 1e-08
Position 9.9751978011e-07 1e-08
 # Average timings at MD step       7. t/step: 3.79550e-02
 @SOCKET: 17/03/27-13:03:46 Assigning [match] request id    1 to client with last-id    1 (  0/  1 : )
Energy differences 5.03661719671e-11 1e-08
MaxForces 2.25425937023e-08 1e-08
Force Difference 1.4630664089e-06 1e-08
Position 3.5767531894e-06 1e-08
 # Average timings at MD step       8. t/step: 3.42989e-02
 @SOCKET: 17/03/27-13:03:46 Assigning [match] request id    1 to client with last-id    1 (  0/  1 : )
Energy differences 1.57500024556e-11 1e-08
MaxForces 5.89987586219e-10 1e-08
Force Difference 3.88226470225e-08 1e-08
Position 1.57499097986e-07 1e-08
 # Average timings at MD step       9. t/step: 4.18420e-02
 @SOCKET: 17/03/27-13:03:46 Assigning [match] request id    1 to client with last-id    1 (  0/  1 : )
Energy differences 5.96541307743e-13 1e-08
MaxForces 8.47158652051e-12 1e-08
Force Difference 7.63304916041e-10 1e-08
Position 9.6739030675e-10 1e-08
SOFTEXIT CALLED FROM THREAD <_MainThread(MainThread, started 140033030403840)> Geometry optimization converged. Exiting simulation
 !W! Soft exit has been requested with message: 'Geometry optimization converged. Exiting simulation'. Cleaning up.
WRITING CHECKPOINT [('ffsocket', <ipi.inputs.forcefields.InputFFSocket object at 0x7f5be2ecfcd0>), ('system', <ipi.inputs.system.InputSystem object at 0x7f5be2f50050>)]
 @SOCKET: Shutting down the driver interface.
