0.0491427260743
0.022681914952
0.0163949234695
0.0217433032022
0.0111380731794
0.023335297318
0.00671429684914
0.00509798798386
0.0109155386303
0.0204510418683
0.00842559843128
0.00586862381459
0.00713586812773
0.0198228870321
0.00425771205825
0.00292123145301
0.00555416193082
0.00900335350685
0.00844751028244
0.00328248610911
0.00543358286021
0.0169223648563
0.00457021338021
0.00237000398502
0.00471881417179
0.005655249876
0.00923505392061
0.0120041236962
0.00348945123385
0.00127074430305
0.00128433302296
0.00523872731504
0.00374972329771
0.00132660691506
0.00144133642881
0.00282478571661
0.00492592932779
0.00221148699584
0.00194300987569
0.0018521693146
0.00508879706722
0.00270205703649
0.000858284594798
0.00322711345524
0.00192132191117
0.0018517825094
0.00239943554978
0.00164660195465
0.00170310593351
0.00293309541115
0.00132775164598
0.00154263499692
0.00169596739624
0.00651106789325
0.00131931483209
0.000933731911424
0.00200097590402
0.00415634610762
0.00179903041257
0.00130985217979
0.00299316080397
0.00405427143778
0.000685478290551
0.000943971307844
0.00169435055459
0.00389094275231
0.00142058593595
0.00141695604252
0.00243663966995
0.0061030189308
0.00166956042143
0.000978466006483
0.00174237606931
0.00483112167319
0.00201228008037
0.000748913693897
0.00127884496638
0.00331700599887
0.00102845080844
0.000915350860112
0.00124598884129
0.0029198695729
0.00230338085003
0.000891414543663
0.000715941148327
0.00154079961029
0.00292669614097
0.00138178965906
0.000767702173737
0.000805033942937
0.00258357165501
0.000900354833823
0.000724973893385
0.00200807446727
0.00203765291233
0.00302796164667
0.00176964087204
0.000776879880312
0.00143627347351
0.00193819365292
0.00122245253633
0.00108659922615
0.00252270869887
0.00178507455968
0.00160344686626
0.001208805676
0.0020240231869
0.00078890296333
0.00128371094956
0.00290734921773
0.00153069113293
0.000996869843773
0.00226999519793
0.00111889918081
0.000911437712475
0.00293546893302
0.000903728022672
0.00121251455305
0.00152075423169
0.00331104637271
0.000544183253038
0.000499931018462
0.00100866486593
0.00320867374383
0.000944887917332
0.000511298324178
0.000865317273158
0.00109193370849
0.00239382700113
0.000791713777408
0.000554019153794
0.00149605730426
0.000979984070881
0.000782529349912
0.000679905528724
0.000791181680383
0.000420666266253
0.00114252993077
0.00044780082964
0.000466395542874
0.000551442467111
0.000887785800491
0.000482927228786
0.000715773321336
0.00104071370253
0.00249839514628
0.000451459832446
0.000554661777789
0.000766072214677
0.00136223236806
0.00059746735977
0.000295475433122
0.000375002295415
0.00126951009948
0.000479883031735
0.000359549407613
0.00049284114434
0.00111847541547
0.000314580806764
0.000311070802267
0.000321540077831
0.000814620022912
0.000338823728917
0.000280413956987
0.000677891243712
0.000424447206389
0.000277803937075
0.000525783322752
0.000562631740072
0.000485586046105
0.0003687976078
0.00129903676476
0.000414139340291
0.000113158265823
0.000156081763814
0.000312194958707
0.000369032130345
0.00019279416477
0.000262084897208
0.000777103038769
0.000180927717712
0.000116189324604
0.000261549062168
0.000288330730621
0.000137094634956
0.00017950516755
0.000356715369105
0.000178354116754
0.000111209113813
0.000105193260273
0.000452515262604
0.000199728225277
7.638619501e-05
7.68325593461e-05
0.000349400109655
0.000309068758453
0.000492814700001
0.000239063122304
0.000121798762272
0.000363483973256
0.000450938177122
0.000391658079666
0.000377987355364
0.000179638699193
0.000202231628675
0.000830779789595
0.000101668082511
9.19788504975e-05
9.31076807666e-05
8.0894758859e-05
8.61434740677e-05
8.13856601742e-05
0.000323394848146
0.00034172986772
0.000116562453556
7.81338493456e-05
0.000128403363576
0.000378793879725
6.1669907941e-05
2.06291704326e-05
5.18142900628e-05
4.46174586929e-05
0.000176191127191
5.28076479956e-05
3.03494910737e-05
5.12933900215e-05
0.000121026154182
5.04039131394e-05
1.44630531096e-05
3.53104211949e-05
5.20468110317e-05
0.00013786464187
5.01381841399e-05
2.19863840663e-05
3.01227455344e-05
0.000121066148355
2.8672553321e-05
2.58281086685e-05
3.46169232343e-05
5.77733323486e-05
3.51698995152e-05
3.07441734617e-05
0.000125693748775
3.16430051437e-05
1.49025285033e-05
3.06277088416e-05
0.000110012316139
3.70751954451e-05
1.27166772032e-05
1.27184358949e-05
1.27856214261e-05
