0.318079269781
0.100097629107
0.0463921525918
0.0305241032192
0.0415037281038
0.0972467018184
0.0648804134588
0.0168728622638
0.0220385932856
0.0484117464545
0.0248002823889
0.0226284129684
0.00868276700165
0.0530779037935
0.0432105780445
0.00934594601776
0.00895652418746
0.0205435996807
0.025351114128
0.0116889816675
0.0158371507048
0.0439994468931
0.0266528325773
0.0126385240457
0.0101961654555
0.00519458238502
0.0169738758443
0.0433619303483
0.03310124174
0.00728176200936
0.00379312644055
0.0148210426058
0.0172096563263
0.0077234527978
0.00538914136956
0.00548363877498
0.0124100323721
0.0133121336264
0.00263893887958
0.00462639742866
0.0115896767961
0.00587712126707
0.00572256753432
0.00863884949376
0.00602461457293
0.00633961086983
0.00870743388363
0.00396687045665
0.00649344717015
0.0101889289129
0.0049095848688
0.00619234512505
0.00226637120376
0.00933901104813
0.00817401956758
0.00478428665289
0.00337771775839
0.00972194558648
0.00666931562623
0.0054589686299
0.00455992656669
0.0138665698609
0.00965405857744
0.00295531144585
0.0034323405278
0.0106992248197
0.00702036091637
0.00556534267948
0.00349747453224
0.0165764424758
0.0118987765504
0.00331339347858
0.00338905684225
0.00679265094485
0.00830895400445
0.00430721044689
0.00336018030987
0.00759975143656
0.00431209920645
0.00372138455493
0.00143502858878
0.00311375424706
0.00606022632685
0.00372355337401
0.00272743115791
0.00244549144684
0.00520429944994
0.00549753493851
0.00305163993169
0.0030479377603
0.00517176274903
0.00351974156416
0.00446357262384
0.00448322483094
0.00186490095644
0.00677457266169
0.00860788483274
0.00328591074922
0.00340935534082
0.00722270396741
0.00537747102785
0.00326294497306
0.00400020302748
0.00668073357005
0.00519634359378
0.00481491027249
0.00492051983998
0.00448714972813
0.00430051696354
0.00697838341354
0.0039531526276
0.00421719960651
0.00575863225213
0.0033962880809
0.0040504446048
0.00716485139517
0.00393610633474
0.00369296607739
0.00199195780066
0.00905007474105
0.00725029156434
0.00157375863431
0.00161634416621
0.00627142316261
0.00431302840763
0.00217617875099
0.0014062447586
0.00107516241184
0.00434235162655
0.00315503809914
0.00216931902492
0.00283231498851
0.00400578292008
0.00259225663603
0.00338305732833
0.00167399259975
0.00220475084067
0.0037401905398
0.00257578332247
0.00148989495734
0.00100254046264
0.00292713573561
0.0022853347487
0.00109019332406
0.0011472220839
0.00496306274964
0.0032939278811
0.00158227518272
0.000734979080507
0.00150010935155
0.00210125062521
0.000979365836292
0.00106916502805
0.00315693641583
0.00274438351846
0.000523254871111
0.000858618069649
0.00295220583057
0.00213608050954
0.000995577966729
0.000634083263538
0.00222832542259
0.0015212655597
0.00128391267888
0.00136407626455
0.00185579027825
0.000939827002111
0.00207061810796
0.00213115999767
0.000649164550019
0.00145337718072
0.00290603869412
0.00162087422589
0.000960478383227
0.000244141709031
0.000499710674296
0.00114477790436
0.000556995451672
0.000983338212591
0.00199016420169
0.00120918659533
0.000567504152065
0.000434574049827
0.000842222488616
0.000622393788376
0.000498761375228
0.000594329213957
0.000517750068176
0.000512638754364
0.000357410296224
0.000928617842436
0.00110916996809
0.000338925070183
0.00027827750803
0.000648426873831
0.000453490217408
0.000763203777874
0.000614646724818
0.000327919028786
0.000926203848802
0.00126246065318
8.74717545037e-05
2.23019351817e-05
0.000901572058719
0.000132324764458
0.00136910120737
0.0014409921618
2.91629550547e-05
1.06296007743e-05
3.36010704584e-05
0.000434221109199
0.000235739629529
0.000692586655754
0.00100203341057
0.000365373170415
0.000323872957952
0.000173675803028
0.000716038966967
0.000538047859868
0.000119159797767
0.000131155235805
6.82752937993e-05
0.000232125877987
0.000169103796811
0.000100660948324
6.45661595853e-05
0.000171260555891
0.00024806185163
7.25621241387e-05
9.22441259403e-05
7.57066716868e-05
0.000232578525088
0.000185180748919
0.000121558643682
4.760829612e-05
0.000179066398012
0.000140789877224
7.8941228744e-05
5.08123954344e-05
0.000133034048125
5.84029906827e-05
7.99713287757e-05
0.000276556177734
0.00018500283791
7.26683939978e-05
6.02485691889e-05
0.000235417631765
0.000169192895812
7.79557207336e-05
4.12075308021e-07
1.54319710613e-05
