
 ____       ____       ____       ____
/    \     /    \     /    \     /    \ 
|  #################################  |
\__#_/     \____/     \____/     \_#__/
   #    _        _______  _____    #
   #   (_)      |_   __ \|_   _|   #      -*-     Development version    -*-
   #   __  ______ | |__) | | |     #
   Y  [  ||______||  ___/  | |     #      A Python interface for (ab initio)
  0 0  | |       _| |_    _| |_    #      (path integral) molecular dynamics.
   #  [___]     |_____|  |_____|   #
 __#_       ____       ____       _#__
/  # \     /    \     /    \     / #  \
|  #################################  |
\____/     \____/     \____/     \____/

    
 # Initializing system object 
 # Initializing simulation object 
 !W! Momenta not specified in initialize. Will start with zero velocity if they are not specified in beads.
Import of PyFFTW unsuccessful, using NumPy library instead
 # i-PI loaded input file:  /home/gorg/i-pi-dev/examples/lammps/paracetamol-geop/input_bfgstrm.xml
 --- begin input file content ---
<simulation mode="static" verbosity="medium">
  <output prefix="simulation_bfgstrm">
    <properties filename="out" stride="1">  [ step, potential ] </properties>
    <trajectory filename="pos" stride="1">  positions  </trajectory>
  </output>
  <total_steps> 2000000 </total_steps>
  <ffsocket mode="unix" name="lmp" pbc="true">
      <address> driver </address>  <latency> 1e-4</latency> 
  </ffsocket>
  <system>
    <initialize nbeads="1">
      <file mode="xyz">  init.xyz </file>
    </initialize>
    <forces>
      <force forcefield="lmp"> </force>
    </forces>
    <motion mode="minimize">
      <optimizer mode="bfgstrm">
        <tolerances> [1e-10, 1e-10, 1e-10 ] </tolerances>
      </optimizer>
    </motion>
  </system>
</simulation>  ---  end input file content  ---
Created unix socket with address driver
 @ForceField: Starting the polling thread main loop.
 @SOCKET:   Client asked for connection from . Now hand-shaking.
 @SOCKET:   Handshaking was successful. Added to the client list.
Energy differences 0.000385898676657 1e-06
MaxForces 0.0776179427387 1e-06
Force Difference 0.395751350661 1e-08
Position 0.113039954971 1e-06
 # Average timings at MD step       0. t/step: 3.85678e-01
Energy differences 0.000135059029267 1e-06
MaxForces 0.0185280367949 1e-06
Force Difference 0.197061020494 1e-08
Position 0.0514687620003 1e-06
Energy differences 3.59513503077e-05 1e-06
MaxForces 0.0119069523177 1e-06
Force Difference 0.0312215968226 1e-08
Position 0.0172185520568 1e-06
Energy differences 6.54749731737e-05 1e-06
MaxForces 0.00991264840108 1e-06
Force Difference 0.0460062742815 1e-08
Position 0.0640451028138 1e-06
Energy differences 1.75767005826e-05 1e-06
MaxForces 0.00977274767787 1e-06
Force Difference 0.0157084122437 1e-08
Position 0.0276936674224 1e-06
Energy differences 1.94711640543e-05 1e-06
MaxForces 0.00743808334747 1e-06
Force Difference 0.0205963764705 1e-08
Position 0.0240419070194 1e-06
Energy differences 1.56502419626e-05 1e-06
MaxForces 0.00713634189275 1e-06
Force Difference 0.0184694944492 1e-08
Position 0.0268296190108 1e-06
Energy differences 1.34715684817e-05 1e-06
MaxForces 0.00952727139688 1e-06
Force Difference 0.0218055348615 1e-08
Position 0.0302358558513 1e-06
Energy differences 9.65991034881e-06 1e-06
MaxForces 0.0072722034319 1e-06
Force Difference 0.0220825504783 1e-08
Position 0.0200292858895 1e-06
Energy differences 8.46386945933e-06 1e-06
MaxForces 0.00513774078023 1e-06
Force Difference 0.0150484692755 1e-08
Position 0.0155357434213 1e-06
Energy differences 8.82695085278e-06 1e-06
MaxForces 0.00570883810831 1e-06
Force Difference 0.0122377178159 1e-08
Position 0.0175559229688 1e-06
Energy differences 7.82823141388e-06 1e-06
MaxForces 0.00602022328648 1e-06
Force Difference 0.00992681811579 1e-08
Position 0.019264205999 1e-06
Energy differences 6.96277316631e-06 1e-06
MaxForces 0.00508167775306 1e-06
Force Difference 0.00974807965271 1e-08
Position 0.0221054863481 1e-06
Energy differences 5.72841022593e-06 1e-06
MaxForces 0.00417386435544 1e-06
Force Difference 0.00956238776367 1e-08
Position 0.0220233970062 1e-06
Energy differences 4.68521812415e-06 1e-06
MaxForces 0.00370209613715 1e-06
Force Difference 0.0088073048521 1e-08
Position 0.0199939435599 1e-06
Energy differences 3.928361649e-06 1e-06
MaxForces 0.00327489753439 1e-06
Force Difference 0.00790305365708 1e-08
Position 0.0168616157045 1e-06
Energy differences 3.71217500342e-06 1e-06
MaxForces 0.00366452408017 1e-06
Force Difference 0.00813190174331 1e-08
Position 0.0155092338242 1e-06
Energy differences 3.92789493344e-06 1e-06
MaxForces 0.00370151491701 1e-06
Force Difference 0.00968035414284 1e-08
Position 0.0164826430273 1e-06
Energy differences 4.31272374843e-06 1e-06
MaxForces 0.00356039025978 1e-06
Force Difference 0.0117735774399 1e-08
Position 0.0186280531592 1e-06
Energy differences 4.79179287232e-06 1e-06
MaxForces 0.00421009755022 1e-06
Force Difference 0.0111636105381 1e-08
Position 0.0204374075733 1e-06
Energy differences 5.07722228785e-06 1e-06
MaxForces 0.00360241525159 1e-06
Force Difference 0.00905210590002 1e-08
Position 0.0219104039041 1e-06
Energy differences 4.59615522773e-06 1e-06
MaxForces 0.0045092336294 1e-06
Force Difference 0.0086143230883 1e-08
Position 0.0198890668745 1e-06
Energy differences 3.46421531977e-06 1e-06
MaxForces 0.00350120739833 1e-06
Force Difference 0.00761782941502 1e-08
Position 0.0159653063945 1e-06
Energy differences 3.05251324697e-06 1e-06
MaxForces 0.00230108960202 1e-06
Force Difference 0.00704782981795 1e-08
Position 0.0143340686469 1e-06
Energy differences 3.19928374378e-06 1e-06
MaxForces 0.00258527161255 1e-06
Force Difference 0.00673121524855 1e-08
Position 0.0167480447072 1e-06
Energy differences 3.9217460661e-06 1e-06
MaxForces 0.00390093136643 1e-06
Force Difference 0.00668597159327 1e-08
Position 0.0226504965733 1e-06
Energy differences 4.38491489059e-06 1e-06
MaxForces 0.00374015761656 1e-06
Force Difference 0.00640286385535 1e-08
Position 0.0282340676834 1e-06
Energy differences 3.61466448206e-06 1e-06
MaxForces 0.00256005309433 1e-06
Force Difference 0.00730971701683 1e-08
Position 0.0248931699484 1e-06
Energy differences 2.42269252276e-06 1e-06
MaxForces 0.00218182863073 1e-06
Force Difference 0.00806254270514 1e-08
Position 0.0150983674822 1e-06
Energy differences 1.94216257779e-06 1e-06
MaxForces 0.00224186761247 1e-06
Force Difference 0.00866252089549 1e-08
Position 0.0106735304215 1e-06
Energy differences 1.95701441763e-06 1e-06
MaxForces 0.00266332432675 1e-06
Force Difference 0.00838218555807 1e-08
Position 0.0110101018231 1e-06
Energy differences 1.90540888817e-06 1e-06
MaxForces 0.00206184449215 1e-06
Force Difference 0.00614396650915 1e-08
Position 0.0139795165899 1e-06
Energy differences 1.47268286024e-06 1e-06
MaxForces 0.00175400464586 1e-06
Force Difference 0.00562877895991 1e-08
Position 0.0162705798459 1e-06
Energy differences 1.05403933591e-06 1e-06
MaxForces 0.00186517713897 1e-06
Force Difference 0.0043256684418 1e-08
Position 0.0129507687938 1e-06
Energy differences 1.17724551089e-06 1e-06
MaxForces 0.00201036739119 1e-06
Force Difference 0.00398583729522 1e-08
Position 0.0140440716332 1e-06
Energy differences 1.30252897077e-06 1e-06
MaxForces 0.00181365745948 1e-06
Force Difference 0.00349776670833 1e-08
Position 0.0132126521287 1e-06
Energy differences 1.03121452783e-06 1e-06
MaxForces 0.00131735920833 1e-06
Force Difference 0.00376806938357 1e-08
Position 0.00942178956677 1e-06
Energy differences 7.32260745041e-07 1e-06
MaxForces 0.00141441247847 1e-06
Force Difference 0.0037460425192 1e-08
Position 0.00635287616435 1e-06
Energy differences 7.14176328809e-07 1e-06
MaxForces 0.00134887308841 1e-06
Force Difference 0.00337644742014 1e-08
Position 0.00565324923818 1e-06
Energy differences 7.98921910843e-07 1e-06
MaxForces 0.00166208068128 1e-06
Force Difference 0.00307906641881 1e-08
Position 0.00880814127134 1e-06
Energy differences 8.56842704757e-07 1e-06
MaxForces 0.00151930179922 1e-06
Force Difference 0.00297859461732 1e-08
Position 0.0119617378002 1e-06
Energy differences 7.88982162652e-07 1e-06
MaxForces 0.00130848542103 1e-06
Force Difference 0.00334982648827 1e-08
Position 0.012534317032 1e-06
Energy differences 7.23181633381e-07 1e-06
MaxForces 0.00144670085779 1e-06
Force Difference 0.00338801836298 1e-08
Position 0.0116471275862 1e-06
Energy differences 7.61254185304e-07 1e-06
MaxForces 0.00169075506884 1e-06
Force Difference 0.00316966326822 1e-08
Position 0.0117488243038 1e-06
Energy differences 8.37353950482e-07 1e-06
MaxForces 0.00178919628494 1e-06
Force Difference 0.00292543373536 1e-08
Position 0.0115932902163 1e-06
Energy differences 7.96254649608e-07 1e-06
MaxForces 0.00134290247076 1e-06
Force Difference 0.00315923725337 1e-08
Position 0.0109708580918 1e-06
Energy differences 6.56234590719e-07 1e-06
MaxForces 0.00125684527978 1e-06
Force Difference 0.0032628761531 1e-08
Position 0.0106571171822 1e-06
Energy differences 6.52319018911e-07 1e-06
MaxForces 0.00130323236174 1e-06
Force Difference 0.00299220386126 1e-08
Position 0.010615188902 1e-06
Energy differences 6.25162201195e-07 1e-06
MaxForces 0.00123635218452 1e-06
Force Difference 0.00265045051814 1e-08
Position 0.010815376489 1e-06
Energy differences 5.49407647352e-07 1e-06
MaxForces 0.00124027585216 1e-06
Force Difference 0.00269057362539 1e-08
Position 0.0104303906021 1e-06
Energy differences 4.56878786945e-07 1e-06
MaxForces 0.00127292097187 1e-06
Force Difference 0.00278620475044 1e-08
Position 0.00983964372735 1e-06
Energy differences 4.50731391758e-07 1e-06
MaxForces 0.00102619748813 1e-06
Force Difference 0.0026235412758 1e-08
Position 0.00921746206721 1e-06
Energy differences 5.08061530334e-07 1e-06
MaxForces 0.00102911779485 1e-06
Force Difference 0.00239666591999 1e-08
Position 0.00987146066549 1e-06
Energy differences 5.15523810841e-07 1e-06
MaxForces 0.00114445674776 1e-06
Force Difference 0.00238856403838 1e-08
Position 0.0109518217243 1e-06
Energy differences 4.74935214244e-07 1e-06
MaxForces 0.00103835764971 1e-06
Force Difference 0.00274941569332 1e-08
Position 0.0107776932655 1e-06
Energy differences 4.95383066134e-07 1e-06
MaxForces 0.00126319865817 1e-06
Force Difference 0.00293814249781 1e-08
Position 0.0113345229189 1e-06
Energy differences 7.33556835393e-07 1e-06
MaxForces 0.00184486264696 1e-06
Force Difference 0.00300142070999 1e-08
Position 0.0155089235111 1e-06
Energy differences 9.02697578996e-07 1e-06
MaxForces 0.00185590013715 1e-06
Force Difference 0.00251008041791 1e-08
Position 0.0202700641173 1e-06
Energy differences 7.88494388233e-07 1e-06
MaxForces 0.00113089577261 1e-06
Force Difference 0.00292390296067 1e-08
Position 0.018369593595 1e-06
Energy differences 4.65125237006e-07 1e-06
MaxForces 0.000684171284883 1e-06
Force Difference 0.00344763137254 1e-08
Position 0.00990637424355 1e-06
Energy differences 2.82719964709e-07 1e-06
MaxForces 0.000750385442027 1e-06
Force Difference 0.00257871247719 1e-08
Position 0.00541066778291 1e-06
Energy differences 3.82612128369e-07 1e-06
MaxForces 0.00102779193997 1e-06
Force Difference 0.00239399720323 1e-08
Position 0.00774334888642 1e-06
Energy differences 6.21712193558e-07 1e-06
MaxForces 0.0013246133611 1e-06
Force Difference 0.00233136634641 1e-08
Position 0.0165398218971 1e-06
Energy differences 7.51801844506e-07 1e-06
MaxForces 0.00130742349362 1e-06
Force Difference 0.00212474833986 1e-08
Position 0.0261224301788 1e-06
Energy differences 6.20932365528e-07 1e-06
MaxForces 0.000939341747209 1e-06
Force Difference 0.00296959524508 1e-08
Position 0.0263728474121 1e-06
Energy differences 4.10339950883e-07 1e-06
MaxForces 0.000945132604971 1e-06
Force Difference 0.00303671677256 1e-08
Position 0.0167126395991 1e-06
Energy differences 4.09978577381e-07 1e-06
MaxForces 0.00093525588686 1e-06
Force Difference 0.00262731704381 1e-08
Position 0.0114305988973 1e-06
Energy differences 4.94558812954e-07 1e-06
MaxForces 0.00102002786954 1e-06
Force Difference 0.00237635598739 1e-08
Position 0.0119432005277 1e-06
Energy differences 5.57861080074e-07 1e-06
MaxForces 0.00126034220326 1e-06
Force Difference 0.00239958623389 1e-08
Position 0.015010834051 1e-06
Energy differences 5.73248045564e-07 1e-06
MaxForces 0.00106926725816 1e-06
Force Difference 0.00277184837324 1e-08
Position 0.017864967722 1e-06
Energy differences 5.58274531973e-07 1e-06
MaxForces 0.00148616617338 1e-06
Force Difference 0.00286956276213 1e-08
Position 0.0201958390369 1e-06
Energy differences 6.08873240601e-07 1e-06
MaxForces 0.00166333937731 1e-06
Force Difference 0.00268131925121 1e-08
Position 0.0233251290017 1e-06
Energy differences 6.16739135105e-07 1e-06
MaxForces 0.00123470644459 1e-06
Force Difference 0.00256964926365 1e-08
Position 0.0252091330717 1e-06
Energy differences 5.78676720124e-07 1e-06
MaxForces 0.000931073505817 1e-06
Force Difference 0.00275265389349 1e-08
Position 0.0224774820575 1e-06
Energy differences 5.10240677563e-07 1e-06
MaxForces 0.00095766848996 1e-06
Force Difference 0.0027718932049 1e-08
Position 0.0170480131908 1e-06
Energy differences 4.63375412568e-07 1e-06
MaxForces 0.000989837861226 1e-06
Force Difference 0.00254468422654 1e-08
Position 0.0133880564313 1e-06
Energy differences 4.91512757719e-07 1e-06
MaxForces 0.00101967610971 1e-06
Force Difference 0.00235817725047 1e-08
Position 0.0125704383332 1e-06
Energy differences 4.59018156897e-07 1e-06
MaxForces 0.000843154549478 1e-06
Force Difference 0.00237020693078 1e-08
Position 0.0132597890473 1e-06
Energy differences 4.18835125141e-07 1e-06
MaxForces 0.000910873236431 1e-06
Force Difference 0.00238599500333 1e-08
Position 0.0141297116513 1e-06
Energy differences 3.55537456533e-07 1e-06
MaxForces 0.000964260246492 1e-06
Force Difference 0.00220425181925 1e-08
Position 0.0144433536401 1e-06
Energy differences 3.01048307819e-07 1e-06
MaxForces 0.000738821129636 1e-06
Force Difference 0.00200719166778 1e-08
Position 0.0128984205387 1e-06
Energy differences 2.68822992167e-07 1e-06
MaxForces 0.000689256078054 1e-06
Force Difference 0.00190839055661 1e-08
Position 0.0119985649333 1e-06
Energy differences 2.33405595627e-07 1e-06
MaxForces 0.000569943781904 1e-06
Force Difference 0.00201889746844 1e-08
Position 0.00529935042792 1e-06
Energy differences 1.99311291493e-07 1e-06
MaxForces 0.000957242556881 1e-06
Force Difference 0.00299792732526 1e-08
Position 0.0218977098511 1e-06
Energy differences 1.99139067322e-07 1e-06
MaxForces 0.000948058092221 1e-06
Force Difference 0.00257743960596 1e-08
Position 0.014269939622 1e-06
Energy differences 1.85002142666e-07 1e-06
MaxForces 0.000481995142678 1e-06
Force Difference 0.00146004997794 1e-08
Position 0.00174088383625 1e-06
Energy differences 2.6846982409e-07 1e-06
MaxForces 0.000522622971742 1e-06
Force Difference 0.00291957869976 1e-08
Position 0.00988953109325 1e-06
Energy differences 1.14128453679e-07 1e-06
MaxForces 0.000656945314107 1e-06
Force Difference 0.000906304832901 1e-08
Position 0.00583905080133 1e-06
Energy differences 2.66347561308e-07 1e-06
MaxForces 0.000723234018579 1e-06
Force Difference 0.00167257974165 1e-08
Position 0.0128623596665 1e-06
Energy differences 1.89645896759e-07 1e-06
MaxForces 0.000712494684153 1e-06
Force Difference 0.00138852366159 1e-08
Position 0.00789608568768 1e-06
Energy differences 1.5968290145e-07 1e-06
MaxForces 0.000655190840269 1e-06
Force Difference 0.00172251319069 1e-08
Position 0.00720006002306 1e-06
Energy differences 1.51106821277e-07 1e-06
MaxForces 0.000552904051493 1e-06
Force Difference 0.00141389963931 1e-08
Position 0.00558153403581 1e-06
Energy differences 2.1926470694e-07 1e-06
MaxForces 0.000617573808458 1e-06
Force Difference 0.00145593281089 1e-08
Position 0.0059265595866 1e-06
Energy differences 1.97040310406e-07 1e-06
MaxForces 0.000532426014903 1e-06
Force Difference 0.00148850489694 1e-08
Position 0.00670978847495 1e-06
Energy differences 1.80390239966e-07 1e-06
MaxForces 0.000841357558461 1e-06
Force Difference 0.00158925466265 1e-08
Position 0.00906838915218 1e-06
Energy differences 2.17022518344e-07 1e-06
MaxForces 0.00102005672213 1e-06
Force Difference 0.00154831110048 1e-08
Position 0.0124451803221 1e-06
Energy differences 2.63328464324e-07 1e-06
MaxForces 0.000882848948495 1e-06
Force Difference 0.00154294333986 1e-08
Position 0.01538180244 1e-06
Energy differences 2.53982634235e-07 1e-06
MaxForces 0.000605574786107 1e-06
Force Difference 0.00178925847796 1e-08
Position 0.0155468820919 1e-06
Energy differences 2.38266211427e-07 1e-06
MaxForces 0.000622586871032 1e-06
Force Difference 0.00197416125366 1e-08
Position 0.0145565207621 1e-06
Energy differences 3.02259849266e-07 1e-06
MaxForces 0.000725212774501 1e-06
Force Difference 0.0020094032497 1e-08
Position 0.0164095732726 1e-06
Energy differences 4.46794042466e-07 1e-06
MaxForces 0.000989301603882 1e-06
Force Difference 0.00197526268971 1e-08
Position 0.0219539111437 1e-06
 # Average timings at MD step     100. t/step: 1.69849e-01
Energy differences 4.84210967345e-07 1e-06
MaxForces 0.00114605233223 1e-06
Force Difference 0.00198150002413 1e-08
Position 0.0278756001339 1e-06
Energy differences 4.1556326749e-07 1e-06
MaxForces 0.000836955810208 1e-06
Force Difference 0.00271670015827 1e-08
Position 0.0196176354622 1e-06
Energy differences 9.72294430482e-08 1e-06
MaxForces 0.00136160908953 1e-06
Force Difference 0.00598717895895 1e-08
Position 0.0406349863927 1e-06
Energy differences 4.03869740152e-07 1e-06
MaxForces 0.000781006984285 1e-06
Force Difference 0.00371907406616 1e-08
Position 0.0235603503189 1e-06
Energy differences 2.27414439251e-07 1e-06
MaxForces 0.000667146550125 1e-06
Force Difference 0.001338878684 1e-08
Position 0.00310586140479 1e-06
Energy differences 3.97028862262e-07 1e-06
MaxForces 0.000548067913472 1e-06
Force Difference 0.0028027043829 1e-08
Position 0.0134836848415 1e-06
Energy differences 2.19540791351e-07 1e-06
MaxForces 0.000562225848448 1e-06
Force Difference 0.0012379344645 1e-08
Position 0.0164883628627 1e-06
Energy differences 2.87860813313e-07 1e-06
MaxForces 0.000816483834348 1e-06
Force Difference 0.00158363401719 1e-08
Position 0.024422907319 1e-06
Energy differences 2.48539271833e-07 1e-06
MaxForces 0.000880654634176 1e-06
Force Difference 0.00132711000939 1e-08
Position 0.014975099021 1e-06
Energy differences 4.31682964047e-07 1e-06
MaxForces 0.000738045781611 1e-06
Force Difference 0.00215289398983 1e-08
Position 0.0171118434171 1e-06
Energy differences 3.39325102122e-07 1e-06
MaxForces 0.000693616350106 1e-06
Force Difference 0.0016403405687 1e-08
Position 0.0111459453634 1e-06
Energy differences 3.24396095447e-07 1e-06
MaxForces 0.000645430960674 1e-06
Force Difference 0.00182084357655 1e-08
Position 0.0089968578648 1e-06
Energy differences 2.24049546146e-07 1e-06
MaxForces 0.000544293175875 1e-06
Force Difference 0.00177295054561 1e-08
Position 0.00731064358172 1e-06
Energy differences 2.40258635759e-07 1e-06
MaxForces 0.000760702566872 1e-06
Force Difference 0.00192063717862 1e-08
Position 0.00903233580822 1e-06
Energy differences 3.39309219982e-07 1e-06
MaxForces 0.000838026976003 1e-06
Force Difference 0.00189726625478 1e-08
Position 0.0132765573205 1e-06
Energy differences 3.60889944517e-07 1e-06
MaxForces 0.00077790342616 1e-06
Force Difference 0.00175034079444 1e-08
Position 0.0170239037837 1e-06
Energy differences 3.19688343837e-07 1e-06
MaxForces 0.0006201980043 1e-06
Force Difference 0.00191466673526 1e-08
Position 0.0155240790099 1e-06
Energy differences 2.75108999552e-07 1e-06
MaxForces 0.000627955549962 1e-06
Force Difference 0.00215541991309 1e-08
Position 0.0110849302642 1e-06
Energy differences 1.76391783849e-07 1e-06
MaxForces 0.00071800660403 1e-06
Force Difference 0.00194366819069 1e-08
Position 0.00947316242194 1e-06
Energy differences 2.45651667708e-07 1e-06
MaxForces 0.000863869654108 1e-06
Force Difference 0.00177318859595 1e-08
Position 0.00970784510777 1e-06
Energy differences 2.86181033404e-07 1e-06
MaxForces 0.000813663381921 1e-06
Force Difference 0.00178357241442 1e-08
Position 0.0174666058704 1e-06
Energy differences 3.42165543701e-07 1e-06
MaxForces 0.000865629097438 1e-06
Force Difference 0.00193891099369 1e-08
Position 0.0139260481115 1e-06
Energy differences 2.75435815048e-07 1e-06
MaxForces 0.000858184464987 1e-06
Force Difference 0.00299427186648 1e-08
Position 0.0315540211456 1e-06
Energy differences 2.94209292201e-07 1e-06
MaxForces 0.000886655277475 1e-06
Force Difference 0.00276604949405 1e-08
Position 0.00669308400212 1e-06
Energy differences 3.6796453433e-07 1e-06
MaxForces 0.000761674502365 1e-06
Force Difference 0.00164897850331 1e-08
Position 0.0132121910088 1e-06
Energy differences 4.45249671286e-07 1e-06
MaxForces 0.000635563261336 1e-06
Force Difference 0.00252456589195 1e-08
Position 0.0224958562748 1e-06
Energy differences 1.58004894989e-07 1e-06
MaxForces 0.000556956135753 1e-06
Force Difference 0.00150623880561 1e-08
Position 0.0123249904521 1e-06
Energy differences 1.67004737728e-07 1e-06
MaxForces 0.000453700801872 1e-06
Force Difference 0.00176928346222 1e-08
Position 0.0150082727021 1e-06
Energy differences 1.38307065688e-07 1e-06
MaxForces 0.000516450543137 1e-06
Force Difference 0.00122350198263 1e-08
Position 0.00953983110155 1e-06
Energy differences 1.46176409896e-07 1e-06
MaxForces 0.000434469573292 1e-06
Force Difference 0.00126527226824 1e-08
Position 0.00914592101829 1e-06
Energy differences 1.037735048e-07 1e-06
MaxForces 0.000345758582983 1e-06
Force Difference 0.00123549421863 1e-08
Position 0.00544116766398 1e-06
Energy differences 7.95823952709e-08 1e-06
MaxForces 0.000350344023373 1e-06
Force Difference 0.00110569989454 1e-08
Position 0.00227286397722 1e-06
Energy differences 6.6941644896e-08 1e-06
MaxForces 0.000368755300895 1e-06
Force Difference 0.000976918032554 1e-08
Position 0.00352665137444 1e-06
Energy differences 7.90523238287e-08 1e-06
MaxForces 0.000426939967215 1e-06
Force Difference 0.000969888997284 1e-08
Position 0.0021888517034 1e-06
Energy differences 8.4377228942e-08 1e-06
MaxForces 0.000384536494224 1e-06
Force Difference 0.0010769139195 1e-08
Position 0.00698955172909 1e-06
Energy differences 7.94175001477e-08 1e-06
MaxForces 0.000363374807388 1e-06
Force Difference 0.00120884789206 1e-08
Position 0.00333318485141 1e-06
Energy differences 8.31781901987e-08 1e-06
MaxForces 0.000412743516389 1e-06
Force Difference 0.00103490543457 1e-08
Position 0.00886634459415 1e-06
Energy differences 1.04816886194e-07 1e-06
MaxForces 0.000491160374037 1e-06
Force Difference 0.00109958877532 1e-08
Position 0.00480427195022 1e-06
Energy differences 1.06256140731e-07 1e-06
MaxForces 0.000512521230329 1e-06
Force Difference 0.00108133311239 1e-08
Position 0.00720615758867 1e-06
Energy differences 1.00276609539e-07 1e-06
MaxForces 0.000382145183124 1e-06
Force Difference 0.00113698329823 1e-08
Position 0.00666623981688 1e-06
Energy differences 9.04562631868e-08 1e-06
MaxForces 0.000363707070891 1e-06
Force Difference 0.00107097835794 1e-08
Position 0.00562244664975 1e-06
Energy differences 7.28315664146e-08 1e-06
MaxForces 0.000372213649884 1e-06
Force Difference 0.00098063605519 1e-08
Position 0.00446705692611 1e-06
Energy differences 8.69179250906e-08 1e-06
MaxForces 0.000427192715114 1e-06
Force Difference 0.000956167309801 1e-08
Position 0.00364429963994 1e-06
Energy differences 7.87917382339e-08 1e-06
MaxForces 0.00030102445116 1e-06
Force Difference 0.000978929287881 1e-08
Position 0.00358552535128 1e-06
Energy differences 4.42245196138e-08 1e-06
MaxForces 0.000345347601013 1e-06
Force Difference 0.00090119609402 1e-08
Position 0.00287188970246 1e-06
Energy differences 5.02698322968e-08 1e-06
MaxForces 0.000400179946298 1e-06
Force Difference 0.000775570022296 1e-08
Position 0.00316752213233 1e-06
Energy differences 5.98412123375e-08 1e-06
MaxForces 0.000442628872527 1e-06
Force Difference 0.000710094593093 1e-08
Position 0.00406637746276 1e-06
Energy differences 5.22867605275e-08 1e-06
MaxForces 0.000294533113146 1e-06
Force Difference 0.000713996886229 1e-08
Position 0.003200336392 1e-06
Energy differences 2.6014404423e-08 1e-06
MaxForces 0.000184352035412 1e-06
Force Difference 0.000738013282928 1e-08
Position 0.0023384530603 1e-06
Energy differences 1.97877706214e-08 1e-06
MaxForces 0.000182504386384 1e-06
Force Difference 0.000589050834134 1e-08
Position 0.00196920526871 1e-06
Energy differences 2.41373788151e-08 1e-06
MaxForces 0.000238321876784 1e-06
Force Difference 0.000529397392274 1e-08
Position 0.00165713258172 1e-06
Energy differences 3.43123539359e-08 1e-06
MaxForces 0.000292148386432 1e-06
Force Difference 0.000531663023738 1e-08
Position 0.00182673287527 1e-06
Energy differences 3.89335142667e-08 1e-06
MaxForces 0.000267889023747 1e-06
Force Difference 0.000552660988489 1e-08
Position 0.00244906570474 1e-06
Energy differences 2.55307394045e-08 1e-06
MaxForces 0.000230738182721 1e-06
Force Difference 0.000616847003098 1e-08
Position 0.00302938391529 1e-06
Energy differences 2.86082838051e-08 1e-06
MaxForces 0.000226792196811 1e-06
Force Difference 0.000606003686753 1e-08
Position 0.00421905854735 1e-06
Energy differences 3.26085083699e-08 1e-06
MaxForces 0.000237264134615 1e-06
Force Difference 0.000585038950775 1e-08
Position 0.00380193281918 1e-06
Energy differences 3.24707191884e-08 1e-06
MaxForces 0.000253251715773 1e-06
Force Difference 0.000572857180181 1e-08
Position 0.00413860876232 1e-06
Energy differences 3.61258883148e-08 1e-06
MaxForces 0.000257884119106 1e-06
Force Difference 0.000616301573873 1e-08
Position 0.0035208231589 1e-06
Energy differences 3.88348410034e-08 1e-06
MaxForces 0.000247374891927 1e-06
Force Difference 0.000647013884036 1e-08
Position 0.00324900753556 1e-06
Energy differences 3.82628543009e-08 1e-06
MaxForces 0.000305378553356 1e-06
Force Difference 0.000617691101134 1e-08
Position 0.0040480072932 1e-06
Energy differences 2.48695736574e-09 1e-06
MaxForces 0.000307241619007 1e-06
Force Difference 0.000630267506535 1e-08
Position 0.00265474380557 1e-06
Energy differences 1.5023419106e-09 1e-06
MaxForces 0.000233614027482 1e-06
Force Difference 0.000575127511589 1e-08
Position 0.00285559989636 1e-06
Energy differences 2.00605232127e-08 1e-06
MaxForces 0.00017056448584 1e-06
Force Difference 0.000583437829179 1e-08
Position 0.0021961895296 1e-06
Energy differences 5.90498123246e-09 1e-06
MaxForces 0.000158232209648 1e-06
Force Difference 0.00051462924927 1e-08
Position 0.00207583368278 1e-06
Energy differences 7.71744815414e-09 1e-06
MaxForces 0.000185822228242 1e-06
Force Difference 0.000406639218521 1e-08
Position 0.00296599892552 1e-06
Energy differences 1.06461783798e-08 1e-06
MaxForces 0.000165945865398 1e-06
Force Difference 0.000409525488276 1e-08
Position 0.00195263631678 1e-06
Energy differences 1.20843516145e-08 1e-06
MaxForces 0.0001495654452 1e-06
Force Difference 0.000403804427167 1e-08
Position 0.00184297692973 1e-06
Energy differences 1.39319021937e-08 1e-06
MaxForces 0.000151213695144 1e-06
Force Difference 0.000423554893065 1e-08
Position 0.00179810861681 1e-06
Energy differences 1.67616152111e-08 1e-06
MaxForces 0.000150494867452 1e-06
Force Difference 0.000442890469863 1e-08
Position 0.00227381236348 1e-06
Energy differences 1.16048961427e-08 1e-06
MaxForces 0.000183573378549 1e-06
Force Difference 0.000444778679204 1e-08
Position 0.00322120909051 1e-06
Energy differences 4.73891508812e-09 1e-06
MaxForces 0.000205385820354 1e-06
Force Difference 0.000505260895764 1e-08
Position 0.00358648666513 1e-06
Energy differences 2.04054781294e-08 1e-06
MaxForces 0.000207650300296 1e-06
Force Difference 0.000558440814648 1e-08
Position 0.00334231841871 1e-06
Energy differences 1.77356093534e-08 1e-06
MaxForces 0.000201599935584 1e-06
Force Difference 0.00057447496325 1e-08
Position 0.00374365577765 1e-06
Energy differences 3.14273123816e-08 1e-06
MaxForces 0.000211848492217 1e-06
Force Difference 0.00055841427393 1e-08
Position 0.00492805888292 1e-06
Energy differences 2.86175965189e-08 1e-06
MaxForces 0.00017427722722 1e-06
Force Difference 0.000533284358078 1e-08
Position 0.0053800335656 1e-06
Energy differences 2.64668345767e-08 1e-06
MaxForces 0.000201062848415 1e-06
Force Difference 0.000550785466927 1e-08
Position 0.0040178561959 1e-06
Energy differences 1.86100399299e-08 1e-06
MaxForces 0.000202101045827 1e-06
Force Difference 0.000530468010937 1e-08
Position 0.00256522204146 1e-06
Energy differences 1.85858431437e-08 1e-06
MaxForces 0.000194974252851 1e-06
Force Difference 0.000479749252238 1e-08
Position 0.00199420373851 1e-06
Energy differences 2.20590140335e-08 1e-06
MaxForces 0.000192150337278 1e-06
Force Difference 0.000440886398522 1e-08
Position 0.00250077999527 1e-06
Energy differences 2.06695616588e-08 1e-06
MaxForces 0.000197368707009 1e-06
Force Difference 0.000410267443609 1e-08
Position 0.00277813895746 1e-06
Energy differences 1.87640376806e-08 1e-06
MaxForces 0.000146160451475 1e-06
Force Difference 0.000441473629428 1e-08
Position 0.00240029912267 1e-06
Energy differences 1.52893239715e-08 1e-06
MaxForces 0.000160191305593 1e-06
Force Difference 0.000461666519222 1e-08
Position 0.00244363146496 1e-06
Energy differences 1.58470129762e-08 1e-06
MaxForces 0.00013883456964 1e-06
Force Difference 0.000401566353533 1e-08
Position 0.00246184799967 1e-06
Energy differences 1.8611083092e-08 1e-06
MaxForces 0.000161557052598 1e-06
Force Difference 0.000361825027556 1e-08
Position 0.00199728439448 1e-06
Energy differences 2.95045593804e-08 1e-06
MaxForces 0.000159000076156 1e-06
Force Difference 0.000344306018491 1e-08
Position 0.0024264106911 1e-06
Energy differences 2.55794790072e-08 1e-06
MaxForces 0.00018242194034 1e-06
Force Difference 0.000366297133784 1e-08
Position 0.00270581225475 1e-06
Energy differences 9.54816424537e-09 1e-06
MaxForces 0.000153117756323 1e-06
Force Difference 0.00039583081347 1e-08
Position 0.00214628026705 1e-06
Energy differences 6.39315200363e-09 1e-06
MaxForces 0.000141258656871 1e-06
Force Difference 0.000359545823397 1e-08
Position 0.0023902878856 1e-06
Energy differences 6.67388836903e-09 1e-06
MaxForces 0.000132518734575 1e-06
Force Difference 0.000324672508692 1e-08
Position 0.00212442281344 1e-06
Energy differences 9.25669184498e-09 1e-06
MaxForces 0.00014600365216 1e-06
Force Difference 0.000311951220145 1e-08
Position 0.00243531345768 1e-06
Energy differences 1.06301012263e-08 1e-06
MaxForces 0.000154602887673 1e-06
Force Difference 0.00033323021829 1e-08
Position 0.00249665244041 1e-06
Energy differences 3.50752364417e-08 1e-06
MaxForces 0.000148258066456 1e-06
Force Difference 0.00032741339592 1e-08
Position 0.00296718507758 1e-06
Energy differences 1.55073738489e-08 1e-06
MaxForces 0.000135570514088 1e-06
Force Difference 0.000301630124946 1e-08
Position 0.00331050771497 1e-06
Energy differences 7.56181953096e-09 1e-06
MaxForces 0.00011499099318 1e-06
Force Difference 0.000304651912076 1e-08
Position 0.0029611921576 1e-06
Energy differences 8.91585913432e-09 1e-06
MaxForces 0.000110178861371 1e-06
Force Difference 0.000296769157889 1e-08
Position 0.00219309814742 1e-06
Energy differences 5.04858407926e-09 1e-06
MaxForces 9.29351707669e-05 1e-06
Force Difference 0.000269548388665 1e-08
Position 0.00139252840168 1e-06
Energy differences 8.22096957939e-09 1e-06
MaxForces 8.27710498228e-05 1e-06
Force Difference 0.000231005382735 1e-08
Position 0.00151951030757 1e-06
Energy differences 3.35272898611e-09 1e-06
MaxForces 6.96613448222e-05 1e-06
Force Difference 0.0001945884376 1e-08
Position 0.00151420400941 1e-06
Energy differences 3.09024294973e-09 1e-06
MaxForces 5.75852807105e-05 1e-06
Force Difference 0.000192178914112 1e-08
Position 0.00136373818752 1e-06
Energy differences 2.74103635275e-09 1e-06
MaxForces 6.48600733854e-05 1e-06
Force Difference 0.000177468926529 1e-08
Position 0.00115535359916 1e-06
 # Average timings at MD step     200. t/step: 3.62181e-02
Energy differences 2.06479734421e-09 1e-06
MaxForces 5.55406810779e-05 1e-06
Force Difference 0.000154992940021 1e-08
Position 0.00102642456821 1e-06
Energy differences 1.56742690979e-09 1e-06
MaxForces 4.71227074953e-05 1e-06
Force Difference 0.000142471024157 1e-08
Position 0.000816311685327 1e-06
Energy differences 1.07498034224e-09 1e-06
MaxForces 3.00294623394e-05 1e-06
Force Difference 0.000125210869474 1e-08
Position 0.000559223677858 1e-06
Energy differences 8.22728805916e-10 1e-06
MaxForces 3.63288555833e-05 1e-06
Force Difference 0.000114695665015 1e-08
Position 0.000308093603504 1e-06
Energy differences 1.16679856263e-09 1e-06
MaxForces 4.71667928191e-05 1e-06
Force Difference 0.00011461215838 1e-08
Position 0.000338125916549 1e-06
Energy differences 1.40047237557e-09 1e-06
MaxForces 5.83459778008e-05 1e-06
Force Difference 0.000108424755092 1e-08
Position 0.000562911047236 1e-06
Energy differences 1.79506116915e-09 1e-06
MaxForces 5.33725476265e-05 1e-06
Force Difference 0.000108240865472 1e-08
Position 0.000990680970176 1e-06
Energy differences 1.38642159142e-09 1e-06
MaxForces 3.72895254598e-05 1e-06
Force Difference 0.000127935778189 1e-08
Position 0.00100277977977 1e-06
Energy differences 1.06358026206e-09 1e-06
MaxForces 4.75541543072e-05 1e-06
Force Difference 0.000123562534053 1e-08
Position 0.000556330006068 1e-06
Energy differences 4.75034130781e-10 1e-06
MaxForces 4.46325399616e-05 1e-06
Force Difference 0.000103669093007 1e-08
Position 0.000318928861796 1e-06
Energy differences 1.04153163039e-09 1e-06
MaxForces 3.93304692514e-05 1e-06
Force Difference 9.04922164545e-05 1e-08
Position 0.000342663925203 1e-06
Energy differences 9.80271151058e-10 1e-06
MaxForces 3.73787598055e-05 1e-06
Force Difference 9.1520778563e-05 1e-08
Position 0.000404894432695 1e-06
Energy differences 8.64908993731e-10 1e-06
MaxForces 3.12721534187e-05 1e-06
Force Difference 9.70068446982e-05 1e-08
Position 0.000387432614016 1e-06
Energy differences 6.41622591169e-10 1e-06
MaxForces 2.9466134307e-05 1e-06
Force Difference 9.39999872705e-05 1e-08
Position 0.000218987698549 1e-06
Energy differences 6.8561616523e-10 1e-06
MaxForces 3.43211867902e-05 1e-06
Force Difference 9.31331114399e-05 1e-08
Position 0.000205961442914 1e-06
Energy differences 7.40883177031e-10 1e-06
MaxForces 4.13213855967e-05 1e-06
Force Difference 9.10076101068e-05 1e-08
Position 0.000239235069259 1e-06
Energy differences 9.84380105207e-10 1e-06
MaxForces 4.95870829604e-05 1e-06
Force Difference 0.000101491829041 1e-08
Position 0.000352799249269 1e-06
Energy differences 1.34447662933e-09 1e-06
MaxForces 5.93764638377e-05 1e-06
Force Difference 0.000113903182963 1e-08
Position 0.000550421488992 1e-06
Energy differences 1.73275531631e-09 1e-06
MaxForces 6.52576282699e-05 1e-06
Force Difference 0.000124787498718 1e-08
Position 0.000818585232746 1e-06
Energy differences 2.33636088115e-09 1e-06
MaxForces 8.44660389852e-05 1e-06
Force Difference 0.000139693169232 1e-08
Position 0.00108933066692 1e-06
Energy differences 2.71068535743e-09 1e-06
MaxForces 8.06710367154e-05 1e-06
Force Difference 0.000148122010976 1e-08
Position 0.00121415995184 1e-06
Energy differences 2.75950496204e-09 1e-06
MaxForces 5.30521599006e-05 1e-06
Force Difference 0.00016142447641 1e-08
Position 0.00106425139895 1e-06
Energy differences 2.08000019708e-09 1e-06
MaxForces 5.10256331656e-05 1e-06
Force Difference 0.000157320809211 1e-08
Position 0.000727730985883 1e-06
Energy differences 1.63743886505e-09 1e-06
MaxForces 4.51423088489e-05 1e-06
Force Difference 0.000135761943673 1e-08
Position 0.000501321283092 1e-06
Energy differences 1.08181732947e-09 1e-06
MaxForces 4.26825849759e-05 1e-06
Force Difference 0.000122370968107 1e-08
Position 0.000390853600415 1e-06
Energy differences 9.36768329574e-10 1e-06
MaxForces 3.65388509944e-05 1e-06
Force Difference 0.000107107321128 1e-08
Position 0.000345391604567 1e-06
Energy differences 4.99125222403e-10 1e-06
MaxForces 2.5938305867e-05 1e-06
Force Difference 9.0072847726e-05 1e-08
Position 0.000339076552919 1e-06
Energy differences 5.31418406502e-10 1e-06
MaxForces 2.83878202856e-05 1e-06
Force Difference 8.02708421209e-05 1e-08
Position 0.000360771114956 1e-06
Energy differences 6.03029860768e-10 1e-06
MaxForces 2.77210264821e-05 1e-06
Force Difference 7.14296025444e-05 1e-08
Position 0.000350595660684 1e-06
Energy differences 3.29605347876e-10 1e-06
MaxForces 2.55661774713e-05 1e-06
Force Difference 7.2030001257e-05 1e-08
Position 0.000250409095491 1e-06
Energy differences 1.98192352807e-10 1e-06
MaxForces 1.73433106759e-05 1e-06
Force Difference 6.48349302774e-05 1e-08
Position 0.000131291337087 1e-06
Energy differences 1.39662332393e-10 1e-06
MaxForces 1.56884631431e-05 1e-06
Force Difference 4.91052811972e-05 1e-08
Position 8.63506436422e-05 1e-06
Energy differences 1.64682365661e-10 1e-06
MaxForces 1.73258060555e-05 1e-06
Force Difference 4.46718163825e-05 1e-08
Position 0.000124234812052 1e-06
Energy differences 1.89007375723e-10 1e-06
MaxForces 2.30519504039e-05 1e-06
Force Difference 3.94034093898e-05 1e-08
Position 0.000179658175899 1e-06
Energy differences 1.32620197463e-10 1e-06
MaxForces 1.78471282221e-05 1e-06
Force Difference 4.09070905018e-05 1e-08
Position 0.000160259989094 1e-06
Energy differences 8.99854003811e-11 1e-06
MaxForces 1.07702374226e-05 1e-06
Force Difference 4.02001484384e-05 1e-08
Position 0.000111412732743 1e-06
Energy differences 4.5062142906e-11 1e-06
MaxForces 9.97639475467e-06 1e-06
Force Difference 2.87578254488e-05 1e-08
Position 5.4954010098e-05 1e-06
Energy differences 1.70595922805e-10 1e-06
MaxForces 9.71612474891e-06 1e-06
Force Difference 2.48762003422e-05 1e-08
Position 4.84504433391e-05 1e-06
Energy differences 1.0595064201e-10 1e-06
MaxForces 1.23381105924e-05 1e-06
Force Difference 2.34955862337e-05 1e-08
Position 7.25136827988e-05 1e-06
Energy differences 4.37671753006e-11 1e-06
MaxForces 1.00585576611e-05 1e-06
Force Difference 2.36309160744e-05 1e-08
Position 8.68515219778e-05 1e-06
Energy differences 9.58957503683e-11 1e-06
MaxForces 1.1509152455e-05 1e-06
Force Difference 2.50839115169e-05 1e-08
Position 0.000104712237789 1e-06
Energy differences 1.11319127527e-11 1e-06
MaxForces 1.3091523317e-05 1e-06
Force Difference 2.31149775892e-05 1e-08
Position 0.000106705384258 1e-06
Energy differences 1.38622346935e-10 1e-06
MaxForces 1.21122623788e-05 1e-06
Force Difference 2.26034403202e-05 1e-08
Position 0.000122207795251 1e-06
Energy differences 7.07615840922e-11 1e-06
MaxForces 1.24921303351e-05 1e-06
Force Difference 2.06752455753e-05 1e-08
Position 0.000135400021383 1e-06
Energy differences 1.90394505717e-12 1e-06
MaxForces 7.90426827419e-06 1e-06
Force Difference 2.18921422228e-05 1e-08
Position 0.000130649860393 1e-06
Energy differences 3.38825745239e-11 1e-06
MaxForces 5.43472502864e-06 1e-06
Force Difference 2.27288867981e-05 1e-08
Position 8.6243080343e-05 1e-06
Energy differences 1.80907025471e-10 1e-06
MaxForces 4.74108235496e-06 1e-06
Force Difference 1.64433618748e-05 1e-08
Position 4.9744921732e-05 1e-06
Energy differences 1.53563309985e-10 1e-06
MaxForces 6.28513362301e-06 1e-06
Force Difference 1.41840966148e-05 1e-08
Position 4.07944662673e-05 1e-06
Energy differences 3.80728136518e-11 1e-06
MaxForces 6.65812397874e-06 1e-06
Force Difference 1.36532330423e-05 1e-08
Position 5.49159195415e-05 1e-06
Energy differences 3.66318905765e-11 1e-06
MaxForces 5.28760398997e-06 1e-06
Force Difference 1.32626475837e-05 1e-08
Position 6.00730438229e-05 1e-06
Energy differences 9.65505939088e-12 1e-06
MaxForces 5.34609950604e-06 1e-06
Force Difference 1.4137412898e-05 1e-08
Position 6.59600135009e-05 1e-06
Energy differences 2.15127748948e-11 1e-06
MaxForces 4.61093257779e-06 1e-06
Force Difference 1.25982977378e-05 1e-08
Position 4.73812962909e-05 1e-06
Energy differences 7.33306609879e-11 1e-06
MaxForces 3.83229424688e-06 1e-06
Force Difference 1.12202292622e-05 1e-08
Position 2.77490533218e-05 1e-06
Energy differences 9.24363106891e-11 1e-06
MaxForces 3.7718793265e-06 1e-06
Force Difference 1.07290548378e-05 1e-08
Position 3.41692799815e-05 1e-06
Energy differences 1.41497597667e-10 1e-06
MaxForces 4.55823777008e-06 1e-06
Force Difference 1.05373829179e-05 1e-08
Position 4.40133868516e-05 1e-06
Energy differences 2.5652656388e-11 1e-06
MaxForces 5.38898788096e-06 1e-06
Force Difference 1.07308912826e-05 1e-08
Position 4.98381909093e-05 1e-06
Energy differences 5.51137635529e-11 1e-06
MaxForces 5.00435063887e-06 1e-06
Force Difference 1.12995553557e-05 1e-08
Position 7.16611763156e-05 1e-06
Energy differences 6.55205140143e-11 1e-06
MaxForces 6.14992227253e-06 1e-06
Force Difference 1.14268735142e-05 1e-08
Position 0.000107440022133 1e-06
Energy differences 7.34800935376e-11 1e-06
MaxForces 5.07881929767e-06 1e-06
Force Difference 1.23909046854e-05 1e-08
Position 0.000117079831795 1e-06
Energy differences 1.37629005414e-12 1e-06
MaxForces 4.50645915211e-06 1e-06
Force Difference 1.34142926228e-05 1e-08
Position 8.33165236038e-05 1e-06
Energy differences 7.61209151268e-11 1e-06
MaxForces 3.90559499315e-06 1e-06
Force Difference 1.2006707178e-05 1e-08
Position 4.58386648212e-05 1e-06
Energy differences 5.00384914059e-11 1e-06
MaxForces 3.7476964282e-06 1e-06
Force Difference 1.06403351948e-05 1e-08
Position 3.84084150102e-05 1e-06
Energy differences 7.84673617749e-11 1e-06
MaxForces 3.7160721603e-06 1e-06
Force Difference 1.01498697135e-05 1e-08
Position 3.87467456369e-05 1e-06
Energy differences 2.38368783045e-11 1e-06
MaxForces 4.41614496988e-06 1e-06
Force Difference 1.00261336478e-05 1e-08
Position 4.44742004255e-05 1e-06
Energy differences 4.65790836457e-11 1e-06
MaxForces 3.80130073475e-06 1e-06
Force Difference 9.47360519871e-06 1e-08
Position 5.49861674664e-05 1e-06
Energy differences 1.00133834557e-10 1e-06
MaxForces 3.78356639058e-06 1e-06
Force Difference 8.69508324222e-06 1e-08
Position 6.58162832075e-05 1e-06
Energy differences 3.49841926262e-11 1e-06
MaxForces 4.07079652371e-06 1e-06
Force Difference 8.28741982862e-06 1e-08
Position 6.70679121315e-05 1e-06
Energy differences 1.89229056036e-11 1e-06
MaxForces 2.40486747801e-06 1e-06
Force Difference 8.10443882824e-06 1e-08
Position 4.83904004511e-05 1e-06
Energy differences 6.88325361986e-11 1e-06
MaxForces 2.36514393398e-06 1e-06
Force Difference 7.01157970137e-06 1e-08
Position 2.95344245265e-05 1e-06
Energy differences 1.57336796369e-11 1e-06
MaxForces 2.33504246539e-06 1e-06
Force Difference 6.04052008462e-06 1e-08
Position 2.51293417319e-05 1e-06
Energy differences 9.7931086851e-11 1e-06
MaxForces 2.60111705204e-06 1e-06
Force Difference 5.54055553886e-06 1e-08
Position 2.40161695375e-05 1e-06
Energy differences 5.16699204256e-11 1e-06
MaxForces 2.36113178656e-06 1e-06
Force Difference 5.5040254177e-06 1e-08
Position 2.25977496235e-05 1e-06
Energy differences 6.31265310858e-11 1e-06
MaxForces 1.88335757675e-06 1e-06
Force Difference 5.7128392645e-06 1e-08
Position 2.15803098058e-05 1e-06
Energy differences 1.06870268191e-10 1e-06
MaxForces 2.218793607e-06 1e-06
Force Difference 4.99889240741e-06 1e-08
Position 1.85267578496e-05 1e-06
Energy differences 3.50706727548e-11 1e-06
MaxForces 2.57898083432e-06 1e-06
Force Difference 4.72745854549e-06 1e-08
Position 1.9226378388e-05 1e-06
Energy differences 5.59716314963e-11 1e-06
MaxForces 3.15990354438e-06 1e-06
Force Difference 4.78668028806e-06 1e-08
Position 2.47960128608e-05 1e-06
Energy differences 5.28396354449e-12 1e-06
MaxForces 2.58804628637e-06 1e-06
Force Difference 4.88214496452e-06 1e-08
Position 3.05773948135e-05 1e-06
Energy differences 1.05990259625e-10 1e-06
MaxForces 2.36534648219e-06 1e-06
Force Difference 5.50560921581e-06 1e-08
Position 2.95508551327e-05 1e-06
Energy differences 7.51413306577e-11 1e-06
MaxForces 2.42601818563e-06 1e-06
Force Difference 5.72903370575e-06 1e-08
Position 2.76877285899e-05 1e-06
Energy differences 2.94482327412e-11 1e-06
MaxForces 2.41726856181e-06 1e-06
Force Difference 5.40896984083e-06 1e-08
Position 2.63093284261e-05 1e-06
Energy differences 1.06333329641e-10 1e-06
MaxForces 2.0989071139e-06 1e-06
Force Difference 5.2003413356e-06 1e-08
Position 2.71568456451e-05 1e-06
Energy differences 3.82842361979e-11 1e-06
MaxForces 2.19621820297e-06 1e-06
Force Difference 5.22959957187e-06 1e-08
Position 2.65310385128e-05 1e-06
Energy differences 1.95250381141e-10 1e-06
MaxForces 2.09425039464e-06 1e-06
Force Difference 5.31999564239e-06 1e-08
Position 2.67660996114e-05 1e-06
Energy differences 1.99506548088e-10 1e-06
MaxForces 2.02325269313e-06 1e-06
Force Difference 5.12026078326e-06 1e-08
Position 2.23827303909e-05 1e-06
Energy differences 8.12246325754e-11 1e-06
MaxForces 1.80533299501e-06 1e-06
Force Difference 4.95281138833e-06 1e-08
Position 2.04621023094e-05 1e-06
Energy differences 2.52353735131e-11 1e-06
MaxForces 2.45619964172e-06 1e-06
Force Difference 5.04622939971e-06 1e-08
Position 2.49791865681e-05 1e-06
Energy differences 3.60096660823e-11 1e-06
MaxForces 2.1208812707e-06 1e-06
Force Difference 5.12602191457e-06 1e-08
Position 3.14515077555e-05 1e-06
Energy differences 1.26652618948e-11 1e-06
MaxForces 1.85419618798e-06 1e-06
Force Difference 5.13218309566e-06 1e-08
Position 3.25391317926e-05 1e-06
Energy differences 8.17899289962e-12 1e-06
MaxForces 2.14226936366e-06 1e-06
Force Difference 5.06895976014e-06 1e-08
Position 2.74457270706e-05 1e-06
Energy differences 3.34887673148e-13 1e-06
MaxForces 1.96870965113e-06 1e-06
Force Difference 4.96758807018e-06 1e-08
Position 2.03037700706e-05 1e-06
Energy differences 8.73284985992e-12 1e-06
MaxForces 1.83693054433e-06 1e-06
Force Difference 4.78507331645e-06 1e-08
Position 2.24547287555e-05 1e-06
Energy differences 2.72463863971e-11 1e-06
MaxForces 1.55684895041e-06 1e-06
Force Difference 4.37984910402e-06 1e-08
Position 2.26561663172e-05 1e-06
Energy differences 5.41304702451e-11 1e-06
MaxForces 1.3921542476e-06 1e-06
Force Difference 3.92023452747e-06 1e-08
Position 1.85824464065e-05 1e-06
Energy differences 1.38023086016e-11 1e-06
MaxForces 1.24034278251e-06 1e-06
Force Difference 3.66709235605e-06 1e-08
Position 1.41895974384e-05 1e-06
Energy differences 1.11819731946e-10 1e-06
MaxForces 1.2670009432e-06 1e-06
Force Difference 3.5932085821e-06 1e-08
Position 1.35021531271e-05 1e-06
Energy differences 9.00415145222e-11 1e-06
MaxForces 1.2435499298e-06 1e-06
Force Difference 3.40807208597e-06 1e-08
Position 1.29987505222e-05 1e-06
Energy differences 3.89624381369e-11 1e-06
MaxForces 1.22493362796e-06 1e-06
Force Difference 3.12494369464e-06 1e-08
Position 1.27809192172e-05 1e-06
Energy differences 9.29859411691e-11 1e-06
MaxForces 1.05076890091e-06 1e-06
Force Difference 2.9623470873e-06 1e-08
Position 1.20018705516e-05 1e-06
Energy differences 1.52636281392e-10 1e-06
MaxForces 1.22474905214e-06 1e-06
Force Difference 2.96691788734e-06 1e-08
Position 1.2837040348e-05 1e-06
Energy differences 1.00333180653e-10 1e-06
MaxForces 1.13141748751e-06 1e-06
Force Difference 2.92839734068e-06 1e-08
Position 1.48414900227e-05 1e-06
 # Average timings at MD step     300. t/step: 3.70544e-02
Energy differences 1.15208537155e-11 1e-06
MaxForces 9.49380222158e-07 1e-06
Force Difference 2.72895754576e-06 1e-08
Position 1.38228925231e-05 1e-06
Energy differences 1.93391302972e-11 1e-06
MaxForces 1.07327028923e-06 1e-06
Force Difference 2.54609580394e-06 1e-08
Position 1.27399643652e-05 1e-06
Energy differences 9.93472110133e-12 1e-06
MaxForces 1.53568854825e-06 1e-06
Force Difference 2.57218512339e-06 1e-08
Position 1.53100465443e-05 1e-06
Energy differences 4.8417120313e-11 1e-06
MaxForces 1.58947627285e-06 1e-06
Force Difference 2.58024431812e-06 1e-08
Position 1.7714692512e-05 1e-06
Energy differences 2.11153247665e-11 1e-06
MaxForces 9.45072956571e-07 1e-06
Force Difference 2.7941275367e-06 1e-08
Position 1.44961510706e-05 1e-06
Energy differences 1.01455580048e-12 1e-06
MaxForces 9.06957222797e-07 1e-06
Force Difference 2.75372974309e-06 1e-08
Position 9.43689330235e-06 1e-06
Energy differences 1.29775155899e-10 1e-06
MaxForces 1.19744137111e-06 1e-06
Force Difference 2.45328317477e-06 1e-08
Position 8.41520881778e-06 1e-06
Energy differences 2.38248101803e-11 1e-06
MaxForces 1.40481085076e-06 1e-06
Force Difference 2.68685328571e-06 1e-08
Position 1.2933892144e-05 1e-06
Energy differences 4.80814207893e-11 1e-06
MaxForces 1.63158743924e-06 1e-06
Force Difference 2.66618435005e-06 1e-08
Position 2.05790878116e-05 1e-06
Energy differences 8.60714423345e-11 1e-06
MaxForces 1.35781054515e-06 1e-06
Force Difference 2.59572862935e-06 1e-08
Position 2.7543921756e-05 1e-06
Energy differences 2.66402726268e-11 1e-06
MaxForces 9.31468406293e-07 1e-06
Force Difference 3.35817029615e-06 1e-08
Position 2.32253426056e-05 1e-06
Energy differences 4.22692922331e-11 1e-06
MaxForces 8.99017655168e-07 1e-06
Force Difference 3.07015113506e-06 1e-08
Position 1.30579438835e-05 1e-06
Energy differences 5.32757574168e-11 1e-06
MaxForces 1.05711233419e-06 1e-06
Force Difference 2.61203193734e-06 1e-08
Position 9.86587479601e-06 1e-06
Energy differences 3.19887671907e-11 1e-06
MaxForces 1.29986266364e-06 1e-06
Force Difference 2.49978858523e-06 1e-08
Position 1.35951667386e-05 1e-06
Energy differences 9.37572609827e-11 1e-06
MaxForces 1.16060230529e-06 1e-06
Force Difference 2.40693841559e-06 1e-08
Position 1.69460853032e-05 1e-06
Energy differences 1.64617763865e-12 1e-06
MaxForces 9.09381958104e-07 1e-06
Force Difference 2.685170634e-06 1e-08
Position 1.52446575341e-05 1e-06
Energy differences 3.30360384881e-11 1e-06
MaxForces 7.76841696676e-07 1e-06
Force Difference 2.46923953192e-06 1e-08
Position 1.15519930297e-05 1e-06
Energy differences 1.31028556061e-10 1e-06
MaxForces 8.3077432786e-07 1e-06
Force Difference 2.30319057668e-06 1e-08
Position 1.18839903522e-05 1e-06
Energy differences 4.5722497316e-11 1e-06
MaxForces 9.44230060179e-07 1e-06
Force Difference 2.15831139891e-06 1e-08
Position 1.41682128103e-05 1e-06
Energy differences 2.32641468589e-11 1e-06
MaxForces 9.09570520051e-07 1e-06
Force Difference 2.1992697084e-06 1e-08
Position 1.38479116183e-05 1e-06
Energy differences 4.6503281087e-11 1e-06
MaxForces 6.9806222784e-07 1e-06
Force Difference 2.24702033682e-06 1e-08
Position 1.06905407791e-05 1e-06
Energy differences 6.05695493761e-12 1e-06
MaxForces 7.65928127257e-07 1e-06
Force Difference 2.04588483461e-06 1e-08
Position 9.58909448046e-06 1e-06
Energy differences 1.00881004245e-10 1e-06
MaxForces 8.75865618259e-07 1e-06
Force Difference 1.85841824314e-06 1e-08
Position 1.14130057243e-05 1e-06
Energy differences 7.01430580285e-12 1e-06
MaxForces 6.67864756433e-07 1e-06
Force Difference 1.70086312327e-06 1e-08
Position 1.24392243617e-05 1e-06
Energy differences 6.10818784441e-11 1e-06
MaxForces 4.59731242559e-07 1e-06
Force Difference 1.71075705941e-06 1e-08
Position 9.15128779888e-06 1e-06
Energy differences 2.08965754422e-11 1e-06
MaxForces 2.98178022045e-07 1e-06
Force Difference 1.39144059783e-06 1e-08
Position 4.97341501293e-06 1e-06
Energy differences 9.25134926999e-11 1e-06
MaxForces 3.66302494421e-07 1e-06
Force Difference 1.10973604442e-06 1e-08
Position 3.2084601076e-06 1e-06
Energy differences 2.02447857089e-11 1e-06
MaxForces 3.31400527048e-07 1e-06
Force Difference 1.013358028e-06 1e-08
Position 2.94060589257e-06 1e-06
Energy differences 7.46440124988e-11 1e-06
MaxForces 4.02252698947e-07 1e-06
Force Difference 9.66055496054e-07 1e-08
Position 3.11814065679e-06 1e-06
Energy differences 7.96310170581e-12 1e-06
MaxForces 4.90044723288e-07 1e-06
Force Difference 9.76083007726e-07 1e-08
Position 3.65152269932e-06 1e-06
Energy differences 4.7555297894e-11 1e-06
MaxForces 4.41879681237e-07 1e-06
Force Difference 9.99813124803e-07 1e-08
Position 4.5055353759e-06 1e-06
Energy differences 2.37626376909e-11 1e-06
MaxForces 3.97894143488e-07 1e-06
Force Difference 1.02680446799e-06 1e-08
Position 5.27396151462e-06 1e-06
Energy differences 4.56860979603e-11 1e-06
MaxForces 3.81253559676e-07 1e-06
Force Difference 1.07222489778e-06 1e-08
Position 5.09342037081e-06 1e-06
Energy differences 7.69061501982e-11 1e-06
MaxForces 3.78246415391e-07 1e-06
Force Difference 1.06615128172e-06 1e-08
Position 5.09485943123e-06 1e-06
Energy differences 4.617766447e-11 1e-06
MaxForces 3.93046207889e-07 1e-06
Force Difference 1.02883336931e-06 1e-08
Position 5.64424823057e-06 1e-06
Energy differences 4.19497887816e-11 1e-06
MaxForces 4.95683994597e-07 1e-06
Force Difference 9.7879276826e-07 1e-08
Position 7.05747255658e-06 1e-06
Energy differences 9.30731672288e-12 1e-06
MaxForces 5.72951179102e-07 1e-06
Force Difference 9.78911150772e-07 1e-08
Position 7.1347416899e-06 1e-06
Energy differences 2.92213170328e-11 1e-06
MaxForces 5.13474727505e-07 1e-06
Force Difference 1.00237638332e-06 1e-08
Position 5.18360022994e-06 1e-06
Energy differences 5.88989877703e-11 1e-06
MaxForces 3.3895041606e-07 1e-06
Force Difference 8.5839434621e-07 1e-08
Position 3.23837793381e-06 1e-06
Energy differences 3.61275002969e-11 1e-06
MaxForces 2.89234432679e-07 1e-06
Force Difference 7.19829226746e-07 1e-08
Position 2.50063755836e-06 1e-06
Energy differences 3.24313069455e-11 1e-06
MaxForces 2.52444776896e-07 1e-06
Force Difference 6.29609479402e-07 1e-08
Position 2.28700652194e-06 1e-06
Energy differences 1.8034877064e-11 1e-06
MaxForces 1.64856058663e-07 1e-06
Force Difference 6.20260765175e-07 1e-08
Position 1.54598025581e-06 1e-06
Energy differences 1.6714493678e-11 1e-06
MaxForces 1.78106625987e-07 1e-06
Force Difference 4.91817363213e-07 1e-08
Position 1.00580181361e-06 1e-06
Energy differences 1.62522904856e-11 1e-06
MaxForces 1.74362785882e-07 1e-06
Force Difference 4.25066967349e-07 1e-08
Position 8.27089591704e-07 1e-06
SOFTEXIT CALLED FROM THREAD <_MainThread(MainThread, started 140394009433856)> Geometry optimization converged. Exiting simulation
 !W! Soft exit has been requested with message: 'Geometry optimization converged. Exiting simulation'. Cleaning up.
WRITING CHECKPOINT [('ffsocket', <ipi.inputs.forcefields.InputFFSocket object at 0x7fb006f58610>), ('system', <ipi.inputs.system.InputSystem object at 0x7fafeefbd210>)]
 @SOCKET: Shutting down the driver interface.
