# column   1     --> step : The current simulation time step.
# column   2     --> potential{electronvolt} : The physical system potential energy.
    0.00000000e+00    -1.08081112e+01   
    1.00000000e+00    -1.16493985e+01   
    2.00000000e+00    -1.19437959e+01   
    3.00000000e+00    -1.20220261e+01   
    4.00000000e+00    -1.21632757e+01   
    5.00000000e+00    -1.22004057e+01   
    6.00000000e+00    -1.22437893e+01   
    7.00000000e+00    -1.22775563e+01   
    8.00000000e+00    -1.23063821e+01   
    9.00000000e+00    -1.23284865e+01   
    1.00000000e+01    -1.23468173e+01   
    1.10000000e+01    -1.23671972e+01   
    1.20000000e+01    -1.23846654e+01   
    1.30000000e+01    -1.24004927e+01   
    1.40000000e+01    -1.24137089e+01   
    1.50000000e+01    -1.24227044e+01   
    1.60000000e+01    -1.24321931e+01   
    1.70000000e+01    -1.24409093e+01   
    1.80000000e+01    -1.24500379e+01   
    1.90000000e+01    -1.24596845e+01   
    2.00000000e+01    -1.24712348e+01   
    2.10000000e+01    -1.24826246e+01   
    2.20000000e+01    -1.24927994e+01   
    2.30000000e+01    -1.24999506e+01   
    2.40000000e+01    -1.25072163e+01   
    2.50000000e+01    -1.25148901e+01   
    2.60000000e+01    -1.25219725e+01   
    2.70000000e+01    -1.25318958e+01   
    2.80000000e+01    -1.25395561e+01   
    2.90000000e+01    -1.25451906e+01   
    3.00000000e+01    -1.25496911e+01   
    3.10000000e+01    -1.25541582e+01   
    3.20000000e+01    -1.25578544e+01   
    3.30000000e+01    -1.25612414e+01   
    3.40000000e+01    -1.25637691e+01   
    3.50000000e+01    -1.25667303e+01   
    3.60000000e+01    -1.25695476e+01   
    3.70000000e+01    -1.25724885e+01   
    3.80000000e+01    -1.25738651e+01   
    3.90000000e+01    -1.25753630e+01   
    4.00000000e+01    -1.25770185e+01   
    4.10000000e+01    -1.25789960e+01   
    4.20000000e+01    -1.25809151e+01   
    4.30000000e+01    -1.25823301e+01   
    4.40000000e+01    -1.25839386e+01   
    4.50000000e+01    -1.25856743e+01   
    4.60000000e+01    -1.25881787e+01   
    4.70000000e+01    -1.25898730e+01   
    4.80000000e+01    -1.25914106e+01   
    4.90000000e+01    -1.25927615e+01   
    5.00000000e+01    -1.25943544e+01   
    5.10000000e+01    -1.25953026e+01   
    5.20000000e+01    -1.25964367e+01   
    5.30000000e+01    -1.25977138e+01   
    5.40000000e+01    -1.25988248e+01   
    5.50000000e+01    -1.25998483e+01   
    5.60000000e+01    -1.26006748e+01   
    5.70000000e+01    -1.26018312e+01   
    5.80000000e+01    -1.26037268e+01   
    5.90000000e+01    -1.26052881e+01   
    6.00000000e+01    -1.26063568e+01   
    6.10000000e+01    -1.26070876e+01   
    6.20000000e+01    -1.26078946e+01   
    6.30000000e+01    -1.26098469e+01   
    6.40000000e+01    -1.26118017e+01   
    6.50000000e+01    -1.26132324e+01   
    6.60000000e+01    -1.26135859e+01   
    6.70000000e+01    -1.26143101e+01   
    6.80000000e+01    -1.26152401e+01   
    6.90000000e+01    -1.26165003e+01   
    7.00000000e+01    -1.26177623e+01   
    7.10000000e+01    -1.26188011e+01   
    7.20000000e+01    -1.26200266e+01   
    7.30000000e+01    -1.26214703e+01   
    7.40000000e+01    -1.26227445e+01   
    7.50000000e+01    -1.26238545e+01   
    7.60000000e+01    -1.26253040e+01   
    7.70000000e+01    -1.26263063e+01   
    7.80000000e+01    -1.26273402e+01   
    7.90000000e+01    -1.26284997e+01   
    8.00000000e+01    -1.26291747e+01   
    8.10000000e+01    -1.26298167e+01   
    8.20000000e+01    -1.26306123e+01   
    8.30000000e+01    -1.26316214e+01   
    8.40000000e+01    -1.26316997e+01   
    8.50000000e+01    -1.26322501e+01   
    8.60000000e+01    -1.26323123e+01   
    8.70000000e+01    -1.26325211e+01   
    8.80000000e+01    -1.26330796e+01   
    8.90000000e+01    -1.26336072e+01   
    9.00000000e+01    -1.26340535e+01   
    9.10000000e+01    -1.26344919e+01   
    9.20000000e+01    -1.26347812e+01   
    9.30000000e+01    -1.26350290e+01   
    9.40000000e+01    -1.26354177e+01   
    9.50000000e+01    -1.26357593e+01   
    9.60000000e+01    -1.26364511e+01   
    9.70000000e+01    -1.26371671e+01   
    9.80000000e+01    -1.26385400e+01   
    9.90000000e+01    -1.26388132e+01   
    1.00000000e+02    -1.26390599e+01   
    1.01000000e+02    -1.26410063e+01   
    1.02000000e+02    -1.26424191e+01   
    1.03000000e+02    -1.26433389e+01   
    1.04000000e+02    -1.26443992e+01   
    1.05000000e+02    -1.26450818e+01   
    1.06000000e+02    -1.26461479e+01   
    1.07000000e+02    -1.26463181e+01   
    1.08000000e+02    -1.26470019e+01   
    1.09000000e+02    -1.26477816e+01   
    1.10000000e+02    -1.26480302e+01   
    1.11000000e+02    -1.26487668e+01   
    1.12000000e+02    -1.26492570e+01   
    1.13000000e+02    -1.26501311e+01   
    1.14000000e+02    -1.26509259e+01   
    1.15000000e+02    -1.26514585e+01   
    1.16000000e+02    -1.26519096e+01   
    1.17000000e+02    -1.26516039e+01   
    1.18000000e+02    -1.26524834e+01   
    1.19000000e+02    -1.26522852e+01   
    1.20000000e+02    -1.26528015e+01   
    1.21000000e+02    -1.26528961e+01   
    1.22000000e+02    -1.26535965e+01   
    1.23000000e+02    -1.26542912e+01   
    1.24000000e+02    -1.26548726e+01   
    1.25000000e+02    -1.26564579e+01   
    1.26000000e+02    -1.26576886e+01   
    1.27000000e+02    -1.26586648e+01   
    1.28000000e+02    -1.26587441e+01   
    1.29000000e+02    -1.26588317e+01   
    1.30000000e+02    -1.26591633e+01   
    1.31000000e+02    -1.26593595e+01   
    1.32000000e+02    -1.26601124e+01   
    1.33000000e+02    -1.26602852e+01   
    1.34000000e+02    -1.26604022e+01   
    1.35000000e+02    -1.26605479e+01   
    1.36000000e+02    -1.26607296e+01   
    1.37000000e+02    -1.26609057e+01   
    1.38000000e+02    -1.26610878e+01   
    1.39000000e+02    -1.26613174e+01   
    1.40000000e+02    -1.26613574e+01   
    1.41000000e+02    -1.26613960e+01   
    1.42000000e+02    -1.26616199e+01   
    1.43000000e+02    -1.26616313e+01   
    1.44000000e+02    -1.26616953e+01   
    1.45000000e+02    -1.26617314e+01   
    1.46000000e+02    -1.26617309e+01   
    1.47000000e+02    -1.26618711e+01   
    1.48000000e+02    -1.26619832e+01   
    1.49000000e+02    -1.26620925e+01   
    1.50000000e+02    -1.26621630e+01   
    1.51000000e+02    -1.26622093e+01   
    1.52000000e+02    -1.26622499e+01   
    1.53000000e+02    -1.26621272e+01   
    1.54000000e+02    -1.26621331e+01   
    1.55000000e+02    -1.26622086e+01   
    1.56000000e+02    -1.26622739e+01   
    1.57000000e+02    -1.26623338e+01   
    1.58000000e+02    -1.26623824e+01   
    1.59000000e+02    -1.26624054e+01   
    1.60000000e+02    -1.26624020e+01   
    1.61000000e+02    -1.26624710e+01   
    1.62000000e+02    -1.26619391e+01   
    1.63000000e+02    -1.26614252e+01   
    1.64000000e+02    -1.26612370e+01   
    1.65000000e+02    -1.26611692e+01   
    1.66000000e+02    -1.26610646e+01   
    1.67000000e+02    -1.26610613e+01   
    1.68000000e+02    -1.26610303e+01   
    1.69000000e+02    -1.26610643e+01   
    1.70000000e+02    -1.26609901e+01   
    1.71000000e+02    -1.26609548e+01   
    1.72000000e+02    -1.26606172e+01   
    1.73000000e+02    -1.26603411e+01   
    1.74000000e+02    -1.26603189e+01   
    1.75000000e+02    -1.26603598e+01   
    1.76000000e+02    -1.26604180e+01   
    1.77000000e+02    -1.26604256e+01   
    1.78000000e+02    -1.26604684e+01   
    1.79000000e+02    -1.26605302e+01   
    1.80000000e+02    -1.26606089e+01   
    1.81000000e+02    -1.26606520e+01   
    1.82000000e+02    -1.26606898e+01   
    1.83000000e+02    -1.26606546e+01   
    1.84000000e+02    -1.26606790e+01   
    1.85000000e+02    -1.26606758e+01   
    1.86000000e+02    -1.26606708e+01   
    1.87000000e+02    -1.26608115e+01   
    1.88000000e+02    -1.26610542e+01   
    1.89000000e+02    -1.26612206e+01   
    1.90000000e+02    -1.26612777e+01   
    1.91000000e+02    -1.26613341e+01   
    1.92000000e+02    -1.26616196e+01   
    1.93000000e+02    -1.26616414e+01   
    1.94000000e+02    -1.26616643e+01   
    1.95000000e+02    -1.26619842e+01   
    1.96000000e+02    -1.26619971e+01   
    1.97000000e+02    -1.26620078e+01   
    1.98000000e+02    -1.26620167e+01   
    1.99000000e+02    -1.26619372e+01   
    2.00000000e+02    -1.26619443e+01   
    2.01000000e+02    -1.26619497e+01   
    2.02000000e+02    -1.26619543e+01   
    2.03000000e+02    -1.26620305e+01   
    2.04000000e+02    -1.26619454e+01   
    2.05000000e+02    -1.26619467e+01   
    2.06000000e+02    -1.26619489e+01   
    2.07000000e+02    -1.26619513e+01   
    2.08000000e+02    -1.26618666e+01   
    2.09000000e+02    -1.26618697e+01   
    2.10000000e+02    -1.26617834e+01   
    2.11000000e+02    -1.26617851e+01   
    2.12000000e+02    -1.26617869e+01   
    2.13000000e+02    -1.26617888e+01   
    2.14000000e+02    -1.26617901e+01   
    2.15000000e+02    -1.26617919e+01   
    2.16000000e+02    -1.26617928e+01   
    2.17000000e+02    -1.26617940e+01   
    2.18000000e+02    -1.26617963e+01   
    2.19000000e+02    -1.26617990e+01   
    2.20000000e+02    -1.26618030e+01   
    2.21000000e+02    -1.26618081e+01   
    2.22000000e+02    -1.26618152e+01   
    2.23000000e+02    -1.26618219e+01   
    2.24000000e+02    -1.26618267e+01   
    2.25000000e+02    -1.26619024e+01   
    2.26000000e+02    -1.26619052e+01   
    2.27000000e+02    -1.26619074e+01   
    2.28000000e+02    -1.26619816e+01   
    2.29000000e+02    -1.26619830e+01   
    2.30000000e+02    -1.26619841e+01   
    2.31000000e+02    -1.26619848e+01   
    2.32000000e+02    -1.26619853e+01   
    2.33000000e+02    -1.26619857e+01   
    2.34000000e+02    -1.26619858e+01   
    2.35000000e+02    -1.26619862e+01   
    2.36000000e+02    -1.26619868e+01   
    2.37000000e+02    -1.26619871e+01   
    2.38000000e+02    -1.26619873e+01   
    2.39000000e+02    -1.26619873e+01   
    2.40000000e+02    -1.26619873e+01   
    2.41000000e+02    -1.26619873e+01   
    2.42000000e+02    -1.26619875e+01   
    2.43000000e+02    -1.26620600e+01   
    2.44000000e+02    -1.26620604e+01   
    2.45000000e+02    -1.26620605e+01   
    2.46000000e+02    -1.26620606e+01   
    2.47000000e+02    -1.26620605e+01   
    2.48000000e+02    -1.26620606e+01   
    2.49000000e+02    -1.26620607e+01   
    2.50000000e+02    -1.26620605e+01   
    2.51000000e+02    -1.26620606e+01   
    2.52000000e+02    -1.26620606e+01   
    2.53000000e+02    -1.26620607e+01   
    2.54000000e+02    -1.26620608e+01   
    2.55000000e+02    -1.26620608e+01   
    2.56000000e+02    -1.26620608e+01   
    2.57000000e+02    -1.26620607e+01   
    2.58000000e+02    -1.26620606e+01   
    2.59000000e+02    -1.26620607e+01   
    2.60000000e+02    -1.26620610e+01   
    2.61000000e+02    -1.26620607e+01   
    2.62000000e+02    -1.26620610e+01   
    2.63000000e+02    -1.26620609e+01   
    2.64000000e+02    -1.26620609e+01   
    2.65000000e+02    -1.26620609e+01   
    2.66000000e+02    -1.26620609e+01   
    2.67000000e+02    -1.26620611e+01   
    2.68000000e+02    -1.26620609e+01   
    2.69000000e+02    -1.26620610e+01   
    2.70000000e+02    -1.26620611e+01   
    2.71000000e+02    -1.26620610e+01   
    2.72000000e+02    -1.26620609e+01   
    2.73000000e+02    -1.26620611e+01   
    2.74000000e+02    -1.26620611e+01   
    2.75000000e+02    -1.26620613e+01   
    2.76000000e+02    -1.26620611e+01   
    2.77000000e+02    -1.26620612e+01   
    2.78000000e+02    -1.26620611e+01   
    2.79000000e+02    -1.26620611e+01   
    2.80000000e+02    -1.26620608e+01   
    2.81000000e+02    -1.26620611e+01   
    2.82000000e+02    -1.26620612e+01   
    2.83000000e+02    -1.26620610e+01   
    2.84000000e+02    -1.26620611e+01   
    2.85000000e+02    -1.26620613e+01   
    2.86000000e+02    -1.26620610e+01   
    2.87000000e+02    -1.26620612e+01   
    2.88000000e+02    -1.26620611e+01   
    2.89000000e+02    -1.26620611e+01   
    2.90000000e+02    -1.26620613e+01   
    2.91000000e+02    -1.26620613e+01   
    2.92000000e+02    -1.26620611e+01   
    2.93000000e+02    -1.26620610e+01   
    2.94000000e+02    -1.26620610e+01   
    2.95000000e+02    -1.26620612e+01   
    2.96000000e+02    -1.26620611e+01   
    2.97000000e+02    -1.26620612e+01   
    2.98000000e+02    -1.26620612e+01   
    2.99000000e+02    -1.26620611e+01   
    3.00000000e+02    -1.26620613e+01   
    3.01000000e+02    -1.26620612e+01   
    3.02000000e+02    -1.26620612e+01   
    3.03000000e+02    -1.26620613e+01   
    3.04000000e+02    -1.26620613e+01   
    3.05000000e+02    -1.26620613e+01   
    3.06000000e+02    -1.26620611e+01   
    3.07000000e+02    -1.26620611e+01   
    3.08000000e+02    -1.26620610e+01   
    3.09000000e+02    -1.26620612e+01   
    3.10000000e+02    -1.26620612e+01   
    3.11000000e+02    -1.26620610e+01   
    3.12000000e+02    -1.26620612e+01   
    3.13000000e+02    -1.26620611e+01   
    3.14000000e+02    -1.26620612e+01   
    3.15000000e+02    -1.26620611e+01   
    3.16000000e+02    -1.26620610e+01   
    3.17000000e+02    -1.26620609e+01   
    3.18000000e+02    -1.26620611e+01   
    3.19000000e+02    -1.26620612e+01   
    3.20000000e+02    -1.26620609e+01   
    3.21000000e+02    -1.26620613e+01   
    3.22000000e+02    -1.26620612e+01   
    3.23000000e+02    -1.26620612e+01   
    3.24000000e+02    -1.26620613e+01   
    3.25000000e+02    -1.26620611e+01   
    3.26000000e+02    -1.26620612e+01   
    3.27000000e+02    -1.26620611e+01   
    3.28000000e+02    -1.26620611e+01   
    3.29000000e+02    -1.26620612e+01   
    3.30000000e+02    -1.26620612e+01   
    3.31000000e+02    -1.26620614e+01   
    3.32000000e+02    -1.26620611e+01   
    3.33000000e+02    -1.26620612e+01   
    3.34000000e+02    -1.26620611e+01   
    3.35000000e+02    -1.26620613e+01   
    3.36000000e+02    -1.26620612e+01   
    3.37000000e+02    -1.26620610e+01   
    3.38000000e+02    -1.26620612e+01   
    3.39000000e+02    -1.26620611e+01   
    3.40000000e+02    -1.26620609e+01   
    3.41000000e+02    -1.26620612e+01   
    3.42000000e+02    -1.26620612e+01   
    3.43000000e+02    -1.26620613e+01   
    3.44000000e+02    -1.26620611e+01   
    3.45000000e+02    -1.26620611e+01   
    3.46000000e+02    -1.26620612e+01   
    3.47000000e+02    -1.26620610e+01   
    3.48000000e+02    -1.26620612e+01   
    3.49000000e+02    -1.26620610e+01   
    3.50000000e+02    -1.26620612e+01   
    3.51000000e+02    -1.26620610e+01   
    3.52000000e+02    -1.26620612e+01   
    3.53000000e+02    -1.26620611e+01   
    3.54000000e+02    -1.26620612e+01   
    3.55000000e+02    -1.26620613e+01   
    3.56000000e+02    -1.26620612e+01   
    3.57000000e+02    -1.26620614e+01   
    3.58000000e+02    -1.26620614e+01   
    3.59000000e+02    -1.26620611e+01   
    3.60000000e+02    -1.26620613e+01   
    3.61000000e+02    -1.26620611e+01   
    3.62000000e+02    -1.26620613e+01   
    3.63000000e+02    -1.26620611e+01   
    3.64000000e+02    -1.26620613e+01   
    3.65000000e+02    -1.26620612e+01   
    3.66000000e+02    -1.26620612e+01   
    3.67000000e+02    -1.26620612e+01   
    3.68000000e+02    -1.26620609e+01   
    3.69000000e+02    -1.26620611e+01   
    3.70000000e+02    -1.26620611e+01   
    3.71000000e+02    -1.26620610e+01   
    3.72000000e+02    -1.26620608e+01   
    3.73000000e+02    -1.26620611e+01   
    3.74000000e+02    -1.26620611e+01   
    3.75000000e+02    -1.26620611e+01   
    3.76000000e+02    -1.26620613e+01   
    3.77000000e+02    -1.26620612e+01   
    3.78000000e+02    -1.26620611e+01   
    3.79000000e+02    -1.26620612e+01   
    3.80000000e+02    -1.26620611e+01   
    3.81000000e+02    -1.26620612e+01   
    3.82000000e+02    -1.26620612e+01   
    3.83000000e+02    -1.26620609e+01   
    3.84000000e+02    -1.26620611e+01   
    3.85000000e+02    -1.26620610e+01   
    3.86000000e+02    -1.26620611e+01   
    3.87000000e+02    -1.26620611e+01   
    3.88000000e+02    -1.26620610e+01   
    3.89000000e+02    -1.26620610e+01   
    3.90000000e+02    -1.26620610e+01   
    3.91000000e+02    -1.26620611e+01   
    3.92000000e+02    -1.26620612e+01   
    3.93000000e+02    -1.26620611e+01   
    3.94000000e+02    -1.26620611e+01   
    3.95000000e+02    -1.26620612e+01   
    3.96000000e+02    -1.26620611e+01   
    3.97000000e+02    -1.26620611e+01   
    3.98000000e+02    -1.26620610e+01   
    3.99000000e+02    -1.26620611e+01   
    4.00000000e+02    -1.26620610e+01   
    4.01000000e+02    -1.26620613e+01   
    4.02000000e+02    -1.26620612e+01   
    4.03000000e+02    -1.26620613e+01   
    4.04000000e+02    -1.26620611e+01   
    4.05000000e+02    -1.26620613e+01   
    4.06000000e+02    -1.26620614e+01   
    4.07000000e+02    -1.26620612e+01   
    4.08000000e+02    -1.26620609e+01   
    4.09000000e+02    -1.26620613e+01   
    4.10000000e+02    -1.26620612e+01   
    4.11000000e+02    -1.26620612e+01   
    4.12000000e+02    -1.26620610e+01   
    4.13000000e+02    -1.26620611e+01   
    4.14000000e+02    -1.26620610e+01   
    4.15000000e+02    -1.26620613e+01   
    4.16000000e+02    -1.26620612e+01   
    4.17000000e+02    -1.26620610e+01   
    4.18000000e+02    -1.26620609e+01   
    4.19000000e+02    -1.26620612e+01   
    4.20000000e+02    -1.26620612e+01   
    4.21000000e+02    -1.26620612e+01   
    4.22000000e+02    -1.26620611e+01   
    4.23000000e+02    -1.26620610e+01   
    4.24000000e+02    -1.26620611e+01   
    4.25000000e+02    -1.26620612e+01   
    4.26000000e+02    -1.26620611e+01   
    4.27000000e+02    -1.26620611e+01   
    4.28000000e+02    -1.26620611e+01   
    4.29000000e+02    -1.26620611e+01   
    4.30000000e+02    -1.26620612e+01   
    4.31000000e+02    -1.26620610e+01   
    4.32000000e+02    -1.26620614e+01   
    4.33000000e+02    -1.26620610e+01   
    4.34000000e+02    -1.26620611e+01   
    4.35000000e+02    -1.26620610e+01   
    4.36000000e+02    -1.26620610e+01   
    4.37000000e+02    -1.26620609e+01   
    4.38000000e+02    -1.26620613e+01   
    4.39000000e+02    -1.26620610e+01   
    4.40000000e+02    -1.26620610e+01   
    4.41000000e+02    -1.26620610e+01   
    4.42000000e+02    -1.26620611e+01   
    4.43000000e+02    -1.26620609e+01   
    4.44000000e+02    -1.26620612e+01   
    4.45000000e+02    -1.26620611e+01   
    4.46000000e+02    -1.26620611e+01   
    4.47000000e+02    -1.26620611e+01   
    4.48000000e+02    -1.26620612e+01   
    4.49000000e+02    -1.26620611e+01   
    4.50000000e+02    -1.26620610e+01   
    4.51000000e+02    -1.26620612e+01   
    4.52000000e+02    -1.26620610e+01   
    4.53000000e+02    -1.26620611e+01   
    4.54000000e+02    -1.26620612e+01   
    4.55000000e+02    -1.26620614e+01   
    4.56000000e+02    -1.26620611e+01   
    4.57000000e+02    -1.26620612e+01   
    4.58000000e+02    -1.26620611e+01   
    4.59000000e+02    -1.26620610e+01   
    4.60000000e+02    -1.26620610e+01   
    4.61000000e+02    -1.26620610e+01   
    4.62000000e+02    -1.26620611e+01   
    4.63000000e+02    -1.26620611e+01   
    4.64000000e+02    -1.26620609e+01   
    4.65000000e+02    -1.26620610e+01   
    4.66000000e+02    -1.26620609e+01   
    4.67000000e+02    -1.26620608e+01   
    4.68000000e+02    -1.26620610e+01   
    4.69000000e+02    -1.26620610e+01   
    4.70000000e+02    -1.26620612e+01   
    4.71000000e+02    -1.26620611e+01   
    4.72000000e+02    -1.26620613e+01   
    4.73000000e+02    -1.26620614e+01   
    4.74000000e+02    -1.26620614e+01   
    4.75000000e+02    -1.26620613e+01   
    4.76000000e+02    -1.26620615e+01   
    4.77000000e+02    -1.26620615e+01   
    4.78000000e+02    -1.26620614e+01   
    4.79000000e+02    -1.26620609e+01   
    4.80000000e+02    -1.26620612e+01   
    4.81000000e+02    -1.26620611e+01   
    4.82000000e+02    -1.26620610e+01   
    4.83000000e+02    -1.26620611e+01   
    4.84000000e+02    -1.26620613e+01   
    4.85000000e+02    -1.26620612e+01   
    4.86000000e+02    -1.26620612e+01   
    4.87000000e+02    -1.26620612e+01   
    4.88000000e+02    -1.26620612e+01   
    4.89000000e+02    -1.26620611e+01   
    4.90000000e+02    -1.26620612e+01   
    4.91000000e+02    -1.26620613e+01   
    4.92000000e+02    -1.26620613e+01   
    4.93000000e+02    -1.26620614e+01   
    4.94000000e+02    -1.26620612e+01   
    4.95000000e+02    -1.26620613e+01   
    4.96000000e+02    -1.26620612e+01   
    4.97000000e+02    -1.26620612e+01   
    4.98000000e+02    -1.26620611e+01   
    4.99000000e+02    -1.26620612e+01   
    5.00000000e+02    -1.26620612e+01   
    5.01000000e+02    -1.26620611e+01   
    5.02000000e+02    -1.26620611e+01   
    5.03000000e+02    -1.26620609e+01   
    5.04000000e+02    -1.26620611e+01   
    5.05000000e+02    -1.26620611e+01   
    5.06000000e+02    -1.26620612e+01   
    5.07000000e+02    -1.26620611e+01   
    5.08000000e+02    -1.26620611e+01   
    5.09000000e+02    -1.26620612e+01   
    5.10000000e+02    -1.26620612e+01   
    5.11000000e+02    -1.26620610e+01   
    5.12000000e+02    -1.26620611e+01   
    5.13000000e+02    -1.26620609e+01   
    5.14000000e+02    -1.26620611e+01   
    5.15000000e+02    -1.26620610e+01   
    5.16000000e+02    -1.26620611e+01   
    5.17000000e+02    -1.26620610e+01   
    5.18000000e+02    -1.26620611e+01   
    5.19000000e+02    -1.26620611e+01   
    5.20000000e+02    -1.26620610e+01   
    5.21000000e+02    -1.26620611e+01   
    5.22000000e+02    -1.26620611e+01   
    5.23000000e+02    -1.26620611e+01   
    5.24000000e+02    -1.26620611e+01   
    5.25000000e+02    -1.26620611e+01   
    5.26000000e+02    -1.26620610e+01   
    5.27000000e+02    -1.26620611e+01   
    5.28000000e+02    -1.26620612e+01   
    5.29000000e+02    -1.26620611e+01   
    5.30000000e+02    -1.26620612e+01   
    5.31000000e+02    -1.26620612e+01   
    5.32000000e+02    -1.26620611e+01   
    5.33000000e+02    -1.26620612e+01   
    5.34000000e+02    -1.26620612e+01   
    5.35000000e+02    -1.26620612e+01   
    5.36000000e+02    -1.26620611e+01   
    5.37000000e+02    -1.26620610e+01   
    5.38000000e+02    -1.26620612e+01   
    5.39000000e+02    -1.26620612e+01   
    5.40000000e+02    -1.26620613e+01   
    5.41000000e+02    -1.26620612e+01   
    5.42000000e+02    -1.26620610e+01   
    5.43000000e+02    -1.26620611e+01   
    5.44000000e+02    -1.26620611e+01   
    5.45000000e+02    -1.26620612e+01   
    5.46000000e+02    -1.26620612e+01   
    5.47000000e+02    -1.26620613e+01   
    5.48000000e+02    -1.26620612e+01   
    5.49000000e+02    -1.26620612e+01   
    5.50000000e+02    -1.26620612e+01   
