0.000385898676657
0.000135059029267
3.59513503077e-05
6.54749731737e-05
1.75767005826e-05
1.94711640543e-05
1.56502419626e-05
1.34715684817e-05
9.65991034881e-06
8.46386945933e-06
8.82695085278e-06
7.82823141388e-06
6.96277316631e-06
5.72841022593e-06
4.68521812415e-06
3.928361649e-06
3.71217500342e-06
3.92789493344e-06
4.31272374843e-06
4.79179287232e-06
5.07722228785e-06
4.59615522773e-06
3.46421531977e-06
3.05251324697e-06
3.19928374378e-06
3.9217460661e-06
4.38491489059e-06
3.61466448206e-06
2.42269252276e-06
1.94216257779e-06
1.95701441763e-06
1.90540888817e-06
1.47268286024e-06
1.05403933591e-06
1.17724551089e-06
1.30252897077e-06
1.03121452783e-06
7.32260745041e-07
7.14176328809e-07
7.98921910843e-07
8.56842704757e-07
7.88982162652e-07
7.23181633381e-07
7.61254185304e-07
8.37353950482e-07
7.96254649608e-07
6.56234590719e-07
6.52319018911e-07
6.25162201195e-07
5.49407647352e-07
4.56878786945e-07
4.50731391758e-07
5.08061530334e-07
5.15523810841e-07
4.74935214244e-07
4.95383066134e-07
7.33556835393e-07
9.02697578996e-07
7.88494388233e-07
4.65125237006e-07
2.82719964709e-07
3.82612128369e-07
6.21712193558e-07
7.51801844506e-07
6.20932365528e-07
4.10339950883e-07
4.09978577381e-07
4.94558812954e-07
5.57861080074e-07
5.73248045564e-07
5.58274531973e-07
6.08873240601e-07
6.16739135105e-07
5.78676720124e-07
5.10240677563e-07
4.63375412568e-07
4.91512757719e-07
4.59018156897e-07
4.18835125141e-07
3.55537456533e-07
3.01048307819e-07
2.68822992167e-07
2.33405595627e-07
1.99311291493e-07
1.99139067322e-07
1.85002142666e-07
2.6846982409e-07
1.14128453679e-07
2.66347561308e-07
1.89645896759e-07
1.5968290145e-07
1.51106821277e-07
2.1926470694e-07
1.97040310406e-07
1.80390239966e-07
2.17022518344e-07
2.63328464324e-07
2.53982634235e-07
2.38266211427e-07
3.02259849266e-07
4.46794042466e-07
4.84210967345e-07
4.1556326749e-07
9.72294430482e-08
4.03869740152e-07
2.27414439251e-07
3.97028862262e-07
2.19540791351e-07
2.87860813313e-07
2.48539271833e-07
4.31682964047e-07
3.39325102122e-07
3.24396095447e-07
2.24049546146e-07
2.40258635759e-07
3.39309219982e-07
3.60889944517e-07
3.19688343837e-07
2.75108999552e-07
1.76391783849e-07
2.45651667708e-07
2.86181033404e-07
3.42165543701e-07
2.75435815048e-07
2.94209292201e-07
3.6796453433e-07
4.45249671286e-07
1.58004894989e-07
1.67004737728e-07
1.38307065688e-07
1.46176409896e-07
1.037735048e-07
7.95823952709e-08
6.6941644896e-08
7.90523238287e-08
8.4377228942e-08
7.94175001477e-08
8.31781901987e-08
1.04816886194e-07
1.06256140731e-07
1.00276609539e-07
9.04562631868e-08
7.28315664146e-08
8.69179250906e-08
7.87917382339e-08
4.42245196138e-08
5.02698322968e-08
5.98412123375e-08
5.22867605275e-08
2.6014404423e-08
1.97877706214e-08
2.41373788151e-08
3.43123539359e-08
3.89335142667e-08
2.55307394045e-08
2.86082838051e-08
3.26085083699e-08
3.24707191884e-08
3.61258883148e-08
3.88348410034e-08
3.82628543009e-08
2.48695736574e-09
1.5023419106e-09
2.00605232127e-08
5.90498123246e-09
7.71744815414e-09
1.06461783798e-08
1.20843516145e-08
1.39319021937e-08
1.67616152111e-08
1.16048961427e-08
4.73891508812e-09
2.04054781294e-08
1.77356093534e-08
3.14273123816e-08
2.86175965189e-08
2.64668345767e-08
1.86100399299e-08
1.85858431437e-08
2.20590140335e-08
2.06695616588e-08
1.87640376806e-08
1.52893239715e-08
1.58470129762e-08
1.8611083092e-08
2.95045593804e-08
2.55794790072e-08
9.54816424537e-09
6.39315200363e-09
6.67388836903e-09
9.25669184498e-09
1.06301012263e-08
3.50752364417e-08
1.55073738489e-08
7.56181953096e-09
8.91585913432e-09
5.04858407926e-09
8.22096957939e-09
3.35272898611e-09
3.09024294973e-09
2.74103635275e-09
2.06479734421e-09
1.56742690979e-09
1.07498034224e-09
8.22728805916e-10
1.16679856263e-09
1.40047237557e-09
1.79506116915e-09
1.38642159142e-09
1.06358026206e-09
4.75034130781e-10
1.04153163039e-09
9.80271151058e-10
8.64908993731e-10
6.41622591169e-10
6.8561616523e-10
7.40883177031e-10
9.84380105207e-10
1.34447662933e-09
1.73275531631e-09
2.33636088115e-09
2.71068535743e-09
2.75950496204e-09
2.08000019708e-09
1.63743886505e-09
1.08181732947e-09
9.36768329574e-10
4.99125222403e-10
5.31418406502e-10
6.03029860768e-10
3.29605347876e-10
1.98192352807e-10
1.39662332393e-10
1.64682365661e-10
1.89007375723e-10
1.32620197463e-10
8.99854003811e-11
4.5062142906e-11
1.70595922805e-10
1.0595064201e-10
4.37671753006e-11
9.58957503683e-11
1.11319127527e-11
1.38622346935e-10
7.07615840922e-11
1.90394505717e-12
3.38825745239e-11
1.80907025471e-10
1.53563309985e-10
3.80728136518e-11
3.66318905765e-11
9.65505939088e-12
2.15127748948e-11
7.33306609879e-11
9.24363106891e-11
1.41497597667e-10
2.5652656388e-11
5.51137635529e-11
6.55205140143e-11
7.34800935376e-11
1.37629005414e-12
7.61209151268e-11
5.00384914059e-11
7.84673617749e-11
2.38368783045e-11
4.65790836457e-11
1.00133834557e-10
3.49841926262e-11
1.89229056036e-11
6.88325361986e-11
1.57336796369e-11
9.7931086851e-11
5.16699204256e-11
6.31265310858e-11
1.06870268191e-10
3.50706727548e-11
5.59716314963e-11
5.28396354449e-12
1.05990259625e-10
7.51413306577e-11
2.94482327412e-11
1.06333329641e-10
3.82842361979e-11
1.95250381141e-10
1.99506548088e-10
8.12246325754e-11
2.52353735131e-11
3.60096660823e-11
1.26652618948e-11
8.17899289962e-12
3.34887673148e-13
8.73284985992e-12
2.72463863971e-11
5.41304702451e-11
1.38023086016e-11
1.11819731946e-10
9.00415145222e-11
3.89624381369e-11
9.29859411691e-11
1.52636281392e-10
1.00333180653e-10
1.15208537155e-11
1.93391302972e-11
9.93472110133e-12
4.8417120313e-11
2.11153247665e-11
1.01455580048e-12
1.29775155899e-10
2.38248101803e-11
4.80814207893e-11
8.60714423345e-11
2.66402726268e-11
4.22692922331e-11
5.32757574168e-11
3.19887671907e-11
9.37572609827e-11
1.64617763865e-12
3.30360384881e-11
1.31028556061e-10
4.5722497316e-11
2.32641468589e-11
4.6503281087e-11
6.05695493761e-12
1.00881004245e-10
7.01430580285e-12
6.10818784441e-11
2.08965754422e-11
9.25134926999e-11
2.02447857089e-11
7.46440124988e-11
7.96310170581e-12
4.7555297894e-11
2.37626376909e-11
4.56860979603e-11
7.69061501982e-11
4.617766447e-11
4.19497887816e-11
9.30731672288e-12
2.92213170328e-11
5.88989877703e-11
3.61275002969e-11
3.24313069455e-11
1.8034877064e-11
1.6714493678e-11
1.62522904856e-11
