0.395751350661
0.197061020494
0.0312215968226
0.0460062742815
0.0157084122437
0.0205963764705
0.0184694944492
0.0218055348615
0.0220825504783
0.0150484692755
0.0122377178159
0.00992681811579
0.00974807965271
0.00956238776367
0.0088073048521
0.00790305365708
0.00813190174331
0.00968035414284
0.0117735774399
0.0111636105381
0.00905210590002
0.0086143230883
0.00761782941502
0.00704782981795
0.00673121524855
0.00668597159327
0.00640286385535
0.00730971701683
0.00806254270514
0.00866252089549
0.00838218555807
0.00614396650915
0.00562877895991
0.0043256684418
0.00398583729522
0.00349776670833
0.00376806938357
0.0037460425192
0.00337644742014
0.00307906641881
0.00297859461732
0.00334982648827
0.00338801836298
0.00316966326822
0.00292543373536
0.00315923725337
0.0032628761531
0.00299220386126
0.00265045051814
0.00269057362539
0.00278620475044
0.0026235412758
0.00239666591999
0.00238856403838
0.00274941569332
0.00293814249781
0.00300142070999
0.00251008041791
0.00292390296067
0.00344763137254
0.00257871247719
0.00239399720323
0.00233136634641
0.00212474833986
0.00296959524508
0.00303671677256
0.00262731704381
0.00237635598739
0.00239958623389
0.00277184837324
0.00286956276213
0.00268131925121
0.00256964926365
0.00275265389349
0.0027718932049
0.00254468422654
0.00235817725047
0.00237020693078
0.00238599500333
0.00220425181925
0.00200719166778
0.00190839055661
0.00201889746844
0.00299792732526
0.00257743960596
0.00146004997794
0.00291957869976
0.000906304832901
0.00167257974165
0.00138852366159
0.00172251319069
0.00141389963931
0.00145593281089
0.00148850489694
0.00158925466265
0.00154831110048
0.00154294333986
0.00178925847796
0.00197416125366
0.0020094032497
0.00197526268971
0.00198150002413
0.00271670015827
0.00598717895895
0.00371907406616
0.001338878684
0.0028027043829
0.0012379344645
0.00158363401719
0.00132711000939
0.00215289398983
0.0016403405687
0.00182084357655
0.00177295054561
0.00192063717862
0.00189726625478
0.00175034079444
0.00191466673526
0.00215541991309
0.00194366819069
0.00177318859595
0.00178357241442
0.00193891099369
0.00299427186648
0.00276604949405
0.00164897850331
0.00252456589195
0.00150623880561
0.00176928346222
0.00122350198263
0.00126527226824
0.00123549421863
0.00110569989454
0.000976918032554
0.000969888997284
0.0010769139195
0.00120884789206
0.00103490543457
0.00109958877532
0.00108133311239
0.00113698329823
0.00107097835794
0.00098063605519
0.000956167309801
0.000978929287881
0.00090119609402
0.000775570022296
0.000710094593093
0.000713996886229
0.000738013282928
0.000589050834134
0.000529397392274
0.000531663023738
0.000552660988489
0.000616847003098
0.000606003686753
0.000585038950775
0.000572857180181
0.000616301573873
0.000647013884036
0.000617691101134
0.000630267506535
0.000575127511589
0.000583437829179
0.00051462924927
0.000406639218521
0.000409525488276
0.000403804427167
0.000423554893065
0.000442890469863
0.000444778679204
0.000505260895764
0.000558440814648
0.00057447496325
0.00055841427393
0.000533284358078
0.000550785466927
0.000530468010937
0.000479749252238
0.000440886398522
0.000410267443609
0.000441473629428
0.000461666519222
0.000401566353533
0.000361825027556
0.000344306018491
0.000366297133784
0.00039583081347
0.000359545823397
0.000324672508692
0.000311951220145
0.00033323021829
0.00032741339592
0.000301630124946
0.000304651912076
0.000296769157889
0.000269548388665
0.000231005382735
0.0001945884376
0.000192178914112
0.000177468926529
0.000154992940021
0.000142471024157
0.000125210869474
0.000114695665015
0.00011461215838
0.000108424755092
0.000108240865472
0.000127935778189
0.000123562534053
0.000103669093007
9.04922164545e-05
9.1520778563e-05
9.70068446982e-05
9.39999872705e-05
9.31331114399e-05
9.10076101068e-05
0.000101491829041
0.000113903182963
0.000124787498718
0.000139693169232
0.000148122010976
0.00016142447641
0.000157320809211
0.000135761943673
0.000122370968107
0.000107107321128
9.0072847726e-05
8.02708421209e-05
7.14296025444e-05
7.2030001257e-05
6.48349302774e-05
4.91052811972e-05
4.46718163825e-05
3.94034093898e-05
4.09070905018e-05
4.02001484384e-05
2.87578254488e-05
2.48762003422e-05
2.34955862337e-05
2.36309160744e-05
2.50839115169e-05
2.31149775892e-05
2.26034403202e-05
2.06752455753e-05
2.18921422228e-05
2.27288867981e-05
1.64433618748e-05
1.41840966148e-05
1.36532330423e-05
1.32626475837e-05
1.4137412898e-05
1.25982977378e-05
1.12202292622e-05
1.07290548378e-05
1.05373829179e-05
1.07308912826e-05
1.12995553557e-05
1.14268735142e-05
1.23909046854e-05
1.34142926228e-05
1.2006707178e-05
1.06403351948e-05
1.01498697135e-05
1.00261336478e-05
9.47360519871e-06
8.69508324222e-06
8.28741982862e-06
8.10443882824e-06
7.01157970137e-06
6.04052008462e-06
5.54055553886e-06
5.5040254177e-06
5.7128392645e-06
4.99889240741e-06
4.72745854549e-06
4.78668028806e-06
4.88214496452e-06
5.50560921581e-06
5.72903370575e-06
5.40896984083e-06
5.2003413356e-06
5.22959957187e-06
5.31999564239e-06
5.12026078326e-06
4.95281138833e-06
5.04622939971e-06
5.12602191457e-06
5.13218309566e-06
5.06895976014e-06
4.96758807018e-06
4.78507331645e-06
4.37984910402e-06
3.92023452747e-06
3.66709235605e-06
3.5932085821e-06
3.40807208597e-06
3.12494369464e-06
2.9623470873e-06
2.96691788734e-06
2.92839734068e-06
2.72895754576e-06
2.54609580394e-06
2.57218512339e-06
2.58024431812e-06
2.7941275367e-06
2.75372974309e-06
2.45328317477e-06
2.68685328571e-06
2.66618435005e-06
2.59572862935e-06
3.35817029615e-06
3.07015113506e-06
2.61203193734e-06
2.49978858523e-06
2.40693841559e-06
2.685170634e-06
2.46923953192e-06
2.30319057668e-06
2.15831139891e-06
2.1992697084e-06
2.24702033682e-06
2.04588483461e-06
1.85841824314e-06
1.70086312327e-06
1.71075705941e-06
1.39144059783e-06
1.10973604442e-06
1.013358028e-06
9.66055496054e-07
9.76083007726e-07
9.99813124803e-07
1.02680446799e-06
1.07222489778e-06
1.06615128172e-06
1.02883336931e-06
9.7879276826e-07
9.78911150772e-07
1.00237638332e-06
8.5839434621e-07
7.19829226746e-07
6.29609479402e-07
6.20260765175e-07
4.91817363213e-07
4.25066967349e-07
