0.0776179427387
0.0185280367949
0.0119069523177
0.00991264840108
0.00977274767787
0.00743808334747
0.00713634189275
0.00952727139688
0.0072722034319
0.00513774078023
0.00570883810831
0.00602022328648
0.00508167775306
0.00417386435544
0.00370209613715
0.00327489753439
0.00366452408017
0.00370151491701
0.00356039025978
0.00421009755022
0.00360241525159
0.0045092336294
0.00350120739833
0.00230108960202
0.00258527161255
0.00390093136643
0.00374015761656
0.00256005309433
0.00218182863073
0.00224186761247
0.00266332432675
0.00206184449215
0.00175400464586
0.00186517713897
0.00201036739119
0.00181365745948
0.00131735920833
0.00141441247847
0.00134887308841
0.00166208068128
0.00151930179922
0.00130848542103
0.00144670085779
0.00169075506884
0.00178919628494
0.00134290247076
0.00125684527978
0.00130323236174
0.00123635218452
0.00124027585216
0.00127292097187
0.00102619748813
0.00102911779485
0.00114445674776
0.00103835764971
0.00126319865817
0.00184486264696
0.00185590013715
0.00113089577261
0.000684171284883
0.000750385442027
0.00102779193997
0.0013246133611
0.00130742349362
0.000939341747209
0.000945132604971
0.00093525588686
0.00102002786954
0.00126034220326
0.00106926725816
0.00148616617338
0.00166333937731
0.00123470644459
0.000931073505817
0.00095766848996
0.000989837861226
0.00101967610971
0.000843154549478
0.000910873236431
0.000964260246492
0.000738821129636
0.000689256078054
0.000569943781904
0.000957242556881
0.000948058092221
0.000481995142678
0.000522622971742
0.000656945314107
0.000723234018579
0.000712494684153
0.000655190840269
0.000552904051493
0.000617573808458
0.000532426014903
0.000841357558461
0.00102005672213
0.000882848948495
0.000605574786107
0.000622586871032
0.000725212774501
0.000989301603882
0.00114605233223
0.000836955810208
0.00136160908953
0.000781006984285
0.000667146550125
0.000548067913472
0.000562225848448
0.000816483834348
0.000880654634176
0.000738045781611
0.000693616350106
0.000645430960674
0.000544293175875
0.000760702566872
0.000838026976003
0.00077790342616
0.0006201980043
0.000627955549962
0.00071800660403
0.000863869654108
0.000813663381921
0.000865629097438
0.000858184464987
0.000886655277475
0.000761674502365
0.000635563261336
0.000556956135753
0.000453700801872
0.000516450543137
0.000434469573292
0.000345758582983
0.000350344023373
0.000368755300895
0.000426939967215
0.000384536494224
0.000363374807388
0.000412743516389
0.000491160374037
0.000512521230329
0.000382145183124
0.000363707070891
0.000372213649884
0.000427192715114
0.00030102445116
0.000345347601013
0.000400179946298
0.000442628872527
0.000294533113146
0.000184352035412
0.000182504386384
0.000238321876784
0.000292148386432
0.000267889023747
0.000230738182721
0.000226792196811
0.000237264134615
0.000253251715773
0.000257884119106
0.000247374891927
0.000305378553356
0.000307241619007
0.000233614027482
0.00017056448584
0.000158232209648
0.000185822228242
0.000165945865398
0.0001495654452
0.000151213695144
0.000150494867452
0.000183573378549
0.000205385820354
0.000207650300296
0.000201599935584
0.000211848492217
0.00017427722722
0.000201062848415
0.000202101045827
0.000194974252851
0.000192150337278
0.000197368707009
0.000146160451475
0.000160191305593
0.00013883456964
0.000161557052598
0.000159000076156
0.00018242194034
0.000153117756323
0.000141258656871
0.000132518734575
0.00014600365216
0.000154602887673
0.000148258066456
0.000135570514088
0.00011499099318
0.000110178861371
9.29351707669e-05
8.27710498228e-05
6.96613448222e-05
5.75852807105e-05
6.48600733854e-05
5.55406810779e-05
4.71227074953e-05
3.00294623394e-05
3.63288555833e-05
4.71667928191e-05
5.83459778008e-05
5.33725476265e-05
3.72895254598e-05
4.75541543072e-05
4.46325399616e-05
3.93304692514e-05
3.73787598055e-05
3.12721534187e-05
2.9466134307e-05
3.43211867902e-05
4.13213855967e-05
4.95870829604e-05
5.93764638377e-05
6.52576282699e-05
8.44660389852e-05
8.06710367154e-05
5.30521599006e-05
5.10256331656e-05
4.51423088489e-05
4.26825849759e-05
3.65388509944e-05
2.5938305867e-05
2.83878202856e-05
2.77210264821e-05
2.55661774713e-05
1.73433106759e-05
1.56884631431e-05
1.73258060555e-05
2.30519504039e-05
1.78471282221e-05
1.07702374226e-05
9.97639475467e-06
9.71612474891e-06
1.23381105924e-05
1.00585576611e-05
1.1509152455e-05
1.3091523317e-05
1.21122623788e-05
1.24921303351e-05
7.90426827419e-06
5.43472502864e-06
4.74108235496e-06
6.28513362301e-06
6.65812397874e-06
5.28760398997e-06
5.34609950604e-06
4.61093257779e-06
3.83229424688e-06
3.7718793265e-06
4.55823777008e-06
5.38898788096e-06
5.00435063887e-06
6.14992227253e-06
5.07881929767e-06
4.50645915211e-06
3.90559499315e-06
3.7476964282e-06
3.7160721603e-06
4.41614496988e-06
3.80130073475e-06
3.78356639058e-06
4.07079652371e-06
2.40486747801e-06
2.36514393398e-06
2.33504246539e-06
2.60111705204e-06
2.36113178656e-06
1.88335757675e-06
2.218793607e-06
2.57898083432e-06
3.15990354438e-06
2.58804628637e-06
2.36534648219e-06
2.42601818563e-06
2.41726856181e-06
2.0989071139e-06
2.19621820297e-06
2.09425039464e-06
2.02325269313e-06
1.80533299501e-06
2.45619964172e-06
2.1208812707e-06
1.85419618798e-06
2.14226936366e-06
1.96870965113e-06
1.83693054433e-06
1.55684895041e-06
1.3921542476e-06
1.24034278251e-06
1.2670009432e-06
1.2435499298e-06
1.22493362796e-06
1.05076890091e-06
1.22474905214e-06
1.13141748751e-06
9.49380222158e-07
1.07327028923e-06
1.53568854825e-06
1.58947627285e-06
9.45072956571e-07
9.06957222797e-07
1.19744137111e-06
1.40481085076e-06
1.63158743924e-06
1.35781054515e-06
9.31468406293e-07
8.99017655168e-07
1.05711233419e-06
1.29986266364e-06
1.16060230529e-06
9.09381958104e-07
7.76841696676e-07
8.3077432786e-07
9.44230060179e-07
9.09570520051e-07
6.9806222784e-07
7.65928127257e-07
8.75865618259e-07
6.67864756433e-07
4.59731242559e-07
2.98178022045e-07
3.66302494421e-07
3.31400527048e-07
4.02252698947e-07
4.90044723288e-07
4.41879681237e-07
3.97894143488e-07
3.81253559676e-07
3.78246415391e-07
3.93046207889e-07
4.95683994597e-07
5.72951179102e-07
5.13474727505e-07
3.3895041606e-07
2.89234432679e-07
2.52444776896e-07
1.64856058663e-07
1.78106625987e-07
1.74362785882e-07
