filename="pos" stride="1"> positions
0.113039954971
0.0514687620003
0.0172185520568
0.0640451028138
0.0276936674224
0.0240419070194
0.0268296190108
0.0302358558513
0.0200292858895
0.0155357434213
0.0175559229688
0.019264205999
0.0221054863481
0.0220233970062
0.0199939435599
0.0168616157045
0.0155092338242
0.0164826430273
0.0186280531592
0.0204374075733
0.0219104039041
0.0198890668745
0.0159653063945
0.0143340686469
0.0167480447072
0.0226504965733
0.0282340676834
0.0248931699484
0.0150983674822
0.0106735304215
0.0110101018231
0.0139795165899
0.0162705798459
0.0129507687938
0.0140440716332
0.0132126521287
0.00942178956677
0.00635287616435
0.00565324923818
0.00880814127134
0.0119617378002
0.012534317032
0.0116471275862
0.0117488243038
0.0115932902163
0.0109708580918
0.0106571171822
0.010615188902
0.010815376489
0.0104303906021
0.00983964372735
0.00921746206721
0.00987146066549
0.0109518217243
0.0107776932655
0.0113345229189
0.0155089235111
0.0202700641173
0.018369593595
0.00990637424355
0.00541066778291
0.00774334888642
0.0165398218971
0.0261224301788
0.0263728474121
0.0167126395991
0.0114305988973
0.0119432005277
0.015010834051
0.017864967722
0.0201958390369
0.0233251290017
0.0252091330717
0.0224774820575
0.0170480131908
0.0133880564313
0.0125704383332
0.0132597890473
0.0141297116513
0.0144433536401
0.0128984205387
0.0119985649333
0.00529935042792
0.0218977098511
0.014269939622
0.00174088383625
0.00988953109325
0.00583905080133
0.0128623596665
0.00789608568768
0.00720006002306
0.00558153403581
0.0059265595866
0.00670978847495
0.00906838915218
0.0124451803221
0.01538180244
0.0155468820919
0.0145565207621
0.0164095732726
0.0219539111437
0.0278756001339
0.0196176354622
0.0406349863927
0.0235603503189
0.00310586140479
0.0134836848415
0.0164883628627
0.024422907319
0.014975099021
0.0171118434171
0.0111459453634
0.0089968578648
0.00731064358172
0.00903233580822
0.0132765573205
0.0170239037837
0.0155240790099
0.0110849302642
0.00947316242194
0.00970784510777
0.0174666058704
0.0139260481115
0.0315540211456
0.00669308400212
0.0132121910088
0.0224958562748
0.0123249904521
0.0150082727021
0.00953983110155
0.00914592101829
0.00544116766398
0.00227286397722
0.00352665137444
0.0021888517034
0.00698955172909
0.00333318485141
0.00886634459415
0.00480427195022
0.00720615758867
0.00666623981688
0.00562244664975
0.00446705692611
0.00364429963994
0.00358552535128
0.00287188970246
0.00316752213233
0.00406637746276
0.003200336392
0.0023384530603
0.00196920526871
0.00165713258172
0.00182673287527
0.00244906570474
0.00302938391529
0.00421905854735
0.00380193281918
0.00413860876232
0.0035208231589
0.00324900753556
0.0040480072932
0.00265474380557
0.00285559989636
0.0021961895296
0.00207583368278
0.00296599892552
0.00195263631678
0.00184297692973
0.00179810861681
0.00227381236348
0.00322120909051
0.00358648666513
0.00334231841871
0.00374365577765
0.00492805888292
0.0053800335656
0.0040178561959
0.00256522204146
0.00199420373851
0.00250077999527
0.00277813895746
0.00240029912267
0.00244363146496
0.00246184799967
0.00199728439448
0.0024264106911
0.00270581225475
0.00214628026705
0.0023902878856
0.00212442281344
0.00243531345768
0.00249665244041
0.00296718507758
0.00331050771497
0.0029611921576
0.00219309814742
0.00139252840168
0.00151951030757
0.00151420400941
0.00136373818752
0.00115535359916
0.00102642456821
0.000816311685327
0.000559223677858
0.000308093603504
0.000338125916549
0.000562911047236
0.000990680970176
0.00100277977977
0.000556330006068
0.000318928861796
0.000342663925203
0.000404894432695
0.000387432614016
0.000218987698549
0.000205961442914
0.000239235069259
0.000352799249269
0.000550421488992
0.000818585232746
0.00108933066692
0.00121415995184
0.00106425139895
0.000727730985883
0.000501321283092
0.000390853600415
0.000345391604567
0.000339076552919
0.000360771114956
0.000350595660684
0.000250409095491
0.000131291337087
8.63506436422e-05
0.000124234812052
0.000179658175899
0.000160259989094
0.000111412732743
5.4954010098e-05
4.84504433391e-05
7.25136827988e-05
8.68515219778e-05
0.000104712237789
0.000106705384258
0.000122207795251
0.000135400021383
0.000130649860393
8.6243080343e-05
4.9744921732e-05
4.07944662673e-05
5.49159195415e-05
6.00730438229e-05
6.59600135009e-05
4.73812962909e-05
2.77490533218e-05
3.41692799815e-05
4.40133868516e-05
4.98381909093e-05
7.16611763156e-05
0.000107440022133
0.000117079831795
8.33165236038e-05
4.58386648212e-05
3.84084150102e-05
3.87467456369e-05
4.44742004255e-05
5.49861674664e-05
6.58162832075e-05
6.70679121315e-05
4.83904004511e-05
2.95344245265e-05
2.51293417319e-05
2.40161695375e-05
2.25977496235e-05
2.15803098058e-05
1.85267578496e-05
1.9226378388e-05
2.47960128608e-05
3.05773948135e-05
2.95508551327e-05
2.76877285899e-05
2.63093284261e-05
2.71568456451e-05
2.65310385128e-05
2.67660996114e-05
2.23827303909e-05
2.04621023094e-05
2.49791865681e-05
3.14515077555e-05
3.25391317926e-05
2.74457270706e-05
2.03037700706e-05
2.24547287555e-05
2.26561663172e-05
1.85824464065e-05
1.41895974384e-05
1.35021531271e-05
1.29987505222e-05
1.27809192172e-05
1.20018705516e-05
1.2837040348e-05
1.48414900227e-05
1.38228925231e-05
1.27399643652e-05
1.53100465443e-05
1.7714692512e-05
1.44961510706e-05
9.43689330235e-06
8.41520881778e-06
1.2933892144e-05
2.05790878116e-05
2.7543921756e-05
2.32253426056e-05
1.30579438835e-05
9.86587479601e-06
1.35951667386e-05
1.69460853032e-05
1.52446575341e-05
1.15519930297e-05
1.18839903522e-05
1.41682128103e-05
1.38479116183e-05
1.06905407791e-05
9.58909448046e-06
1.14130057243e-05
1.24392243617e-05
9.15128779888e-06
4.97341501293e-06
3.2084601076e-06
2.94060589257e-06
3.11814065679e-06
3.65152269932e-06
4.5055353759e-06
5.27396151462e-06
5.09342037081e-06
5.09485943123e-06
5.64424823057e-06
7.05747255658e-06
7.1347416899e-06
5.18360022994e-06
3.23837793381e-06
2.50063755836e-06
2.28700652194e-06
1.54598025581e-06
1.00580181361e-06
8.27089591704e-07
