# column   1     --> step : The current simulation time step.
# column   2     --> potential : The physical system potential energy.
    0.00000000e+00    -3.97561015e-01   
    1.00000000e+00    -4.28432909e-01   
    2.00000000e+00    -4.39237631e-01   
    3.00000000e+00    -4.42113739e-01   
    4.00000000e+00    -4.47351737e-01   
    5.00000000e+00    -4.48757873e-01   
    6.00000000e+00    -4.50315566e-01   
    7.00000000e+00    -4.51567586e-01   
    8.00000000e+00    -4.52645311e-01   
    9.00000000e+00    -4.53418104e-01   
    1.00000000e+01    -4.54095214e-01   
    1.10000000e+01    -4.54801370e-01   
    1.20000000e+01    -4.55427628e-01   
    1.30000000e+01    -4.55984650e-01   
    1.40000000e+01    -4.56442923e-01   
    1.50000000e+01    -4.56817740e-01   
    1.60000000e+01    -4.57132009e-01   
    1.70000000e+01    -4.57428983e-01   
    1.80000000e+01    -4.57743215e-01   
    1.90000000e+01    -4.58088233e-01   
    2.00000000e+01    -4.58471576e-01   
    2.10000000e+01    -4.58877754e-01   
    2.20000000e+01    -4.59245446e-01   
    2.30000000e+01    -4.59522584e-01   
    2.40000000e+01    -4.59766785e-01   
    2.50000000e+01    -4.60022727e-01   
    2.60000000e+01    -4.60336467e-01   
    2.70000000e+01    -4.60687260e-01   
    2.80000000e+01    -4.60976433e-01   
    2.90000000e+01    -4.61170249e-01   
    3.00000000e+01    -4.61325622e-01   
    3.10000000e+01    -4.61482183e-01   
    3.20000000e+01    -4.61634616e-01   
    3.30000000e+01    -4.61752430e-01   
    3.40000000e+01    -4.61836753e-01   
    3.50000000e+01    -4.61930933e-01   
    3.60000000e+01    -4.62035135e-01   
    3.70000000e+01    -4.62117633e-01   
    3.80000000e+01    -4.62176213e-01   
    3.90000000e+01    -4.62233347e-01   
    4.00000000e+01    -4.62297261e-01   
    4.10000000e+01    -4.62365809e-01   
    4.20000000e+01    -4.62428927e-01   
    4.30000000e+01    -4.62486782e-01   
    4.40000000e+01    -4.62547682e-01   
    4.50000000e+01    -4.62614670e-01   
    4.60000000e+01    -4.62678371e-01   
    4.70000000e+01    -4.62730870e-01   
    4.80000000e+01    -4.62783055e-01   
    4.90000000e+01    -4.62833068e-01   
    5.00000000e+01    -4.62877021e-01   
    5.10000000e+01    -4.62913571e-01   
    5.20000000e+01    -4.62949629e-01   
    5.30000000e+01    -4.62990274e-01   
    5.40000000e+01    -4.63031516e-01   
    5.50000000e+01    -4.63069511e-01   
    5.60000000e+01    -4.63109142e-01   
    5.70000000e+01    -4.63167826e-01   
    5.80000000e+01    -4.63240042e-01   
    5.90000000e+01    -4.63303122e-01   
    6.00000000e+01    -4.63340332e-01   
    6.10000000e+01    -4.63362949e-01   
    6.20000000e+01    -4.63393558e-01   
    6.30000000e+01    -4.63443295e-01   
    6.40000000e+01    -4.63503439e-01   
    6.50000000e+01    -4.63553114e-01   
    6.60000000e+01    -4.63585941e-01   
    6.70000000e+01    -4.63618739e-01   
    6.80000000e+01    -4.63658304e-01   
    6.90000000e+01    -4.63702933e-01   
    7.00000000e+01    -4.63748793e-01   
    7.10000000e+01    -4.63793455e-01   
    7.20000000e+01    -4.63842165e-01   
    7.30000000e+01    -4.63891504e-01   
    7.40000000e+01    -4.63937798e-01   
    7.50000000e+01    -4.63978617e-01   
    7.60000000e+01    -4.64015687e-01   
    7.70000000e+01    -4.64055008e-01   
    7.80000000e+01    -4.64091730e-01   
    7.90000000e+01    -4.64125237e-01   
    8.00000000e+01    -4.64153680e-01   
    8.10000000e+01    -4.64177763e-01   
    8.20000000e+01    -4.64199269e-01   
    8.30000000e+01    -4.64217942e-01   
    8.40000000e+01    -4.64233887e-01   
    8.50000000e+01    -4.64249818e-01   
    8.60000000e+01    -4.64264618e-01   
    8.70000000e+01    -4.64286095e-01   
    8.80000000e+01    -4.64295226e-01   
    8.90000000e+01    -4.64316534e-01   
    9.00000000e+01    -4.64331705e-01   
    9.10000000e+01    -4.64344480e-01   
    9.20000000e+01    -4.64356568e-01   
    9.30000000e+01    -4.64374110e-01   
    9.40000000e+01    -4.64389873e-01   
    9.50000000e+01    -4.64404304e-01   
    9.60000000e+01    -4.64421666e-01   
    9.70000000e+01    -4.64442732e-01   
    9.80000000e+01    -4.64463051e-01   
    9.90000000e+01    -4.64482112e-01   
    1.00000000e+02    -4.64506293e-01   
    1.01000000e+02    -4.64542036e-01   
    1.02000000e+02    -4.64580773e-01   
    1.03000000e+02    -4.64614018e-01   
    1.04000000e+02    -4.64621797e-01   
    1.05000000e+02    -4.64654106e-01   
    1.06000000e+02    -4.64672299e-01   
    1.07000000e+02    -4.64704062e-01   
    1.08000000e+02    -4.64721625e-01   
    1.09000000e+02    -4.64744654e-01   
    1.10000000e+02    -4.64764537e-01   
    1.11000000e+02    -4.64799072e-01   
    1.12000000e+02    -4.64826218e-01   
    1.13000000e+02    -4.64852169e-01   
    1.14000000e+02    -4.64870093e-01   
    1.15000000e+02    -4.64889314e-01   
    1.16000000e+02    -4.64916459e-01   
    1.17000000e+02    -4.64945330e-01   
    1.18000000e+02    -4.64970905e-01   
    1.19000000e+02    -4.64992914e-01   
    1.20000000e+02    -4.65007025e-01   
    1.21000000e+02    -4.65026677e-01   
    1.22000000e+02    -4.65049572e-01   
    1.23000000e+02    -4.65076945e-01   
    1.24000000e+02    -4.65098980e-01   
    1.25000000e+02    -4.65122516e-01   
    1.26000000e+02    -4.65151954e-01   
    1.27000000e+02    -4.65187574e-01   
    1.28000000e+02    -4.65200214e-01   
    1.29000000e+02    -4.65213574e-01   
    1.30000000e+02    -4.65224639e-01   
    1.31000000e+02    -4.65236333e-01   
    1.32000000e+02    -4.65244635e-01   
    1.33000000e+02    -4.65251002e-01   
    1.34000000e+02    -4.65256357e-01   
    1.35000000e+02    -4.65262681e-01   
    1.36000000e+02    -4.65269431e-01   
    1.37000000e+02    -4.65275785e-01   
    1.38000000e+02    -4.65282439e-01   
    1.39000000e+02    -4.65290824e-01   
    1.40000000e+02    -4.65299325e-01   
    1.41000000e+02    -4.65307347e-01   
    1.42000000e+02    -4.65314583e-01   
    1.43000000e+02    -4.65320410e-01   
    1.44000000e+02    -4.65327363e-01   
    1.45000000e+02    -4.65333667e-01   
    1.46000000e+02    -4.65337205e-01   
    1.47000000e+02    -4.65341226e-01   
    1.48000000e+02    -4.65346013e-01   
    1.49000000e+02    -4.65350196e-01   
    1.50000000e+02    -4.65352278e-01   
    1.51000000e+02    -4.65353861e-01   
    1.52000000e+02    -4.65355792e-01   
    1.53000000e+02    -4.65358537e-01   
    1.54000000e+02    -4.65361651e-01   
    1.55000000e+02    -4.65363694e-01   
    1.56000000e+02    -4.65365982e-01   
    1.57000000e+02    -4.65368591e-01   
    1.58000000e+02    -4.65371189e-01   
    1.59000000e+02    -4.65374079e-01   
    1.60000000e+02    -4.65377186e-01   
    1.61000000e+02    -4.65380247e-01   
    1.62000000e+02    -4.65380446e-01   
    1.63000000e+02    -4.65380566e-01   
    1.64000000e+02    -4.65382171e-01   
    1.65000000e+02    -4.65382643e-01   
    1.66000000e+02    -4.65383260e-01   
    1.67000000e+02    -4.65384112e-01   
    1.68000000e+02    -4.65385079e-01   
    1.69000000e+02    -4.65386193e-01   
    1.70000000e+02    -4.65387534e-01   
    1.71000000e+02    -4.65388463e-01   
    1.72000000e+02    -4.65388842e-01   
    1.73000000e+02    -4.65390474e-01   
    1.74000000e+02    -4.65391893e-01   
    1.75000000e+02    -4.65394407e-01   
    1.76000000e+02    -4.65396697e-01   
    1.77000000e+02    -4.65398814e-01   
    1.78000000e+02    -4.65400303e-01   
    1.79000000e+02    -4.65401790e-01   
    1.80000000e+02    -4.65403554e-01   
    1.81000000e+02    -4.65405208e-01   
    1.82000000e+02    -4.65406709e-01   
    1.83000000e+02    -4.65407932e-01   
    1.84000000e+02    -4.65409200e-01   
    1.85000000e+02    -4.65410689e-01   
    1.86000000e+02    -4.65413049e-01   
    1.87000000e+02    -4.65415096e-01   
    1.88000000e+02    -4.65415859e-01   
    1.89000000e+02    -4.65416371e-01   
    1.90000000e+02    -4.65416905e-01   
    1.91000000e+02    -4.65417645e-01   
    1.92000000e+02    -4.65418496e-01   
    1.93000000e+02    -4.65421302e-01   
    1.94000000e+02    -4.65422542e-01   
    1.95000000e+02    -4.65423147e-01   
    1.96000000e+02    -4.65423861e-01   
    1.97000000e+02    -4.65424265e-01   
    1.98000000e+02    -4.65424922e-01   
    1.99000000e+02    -4.65425190e-01   
    2.00000000e+02    -4.65425438e-01   
    2.01000000e+02    -4.65425657e-01   
    2.02000000e+02    -4.65425822e-01   
    2.03000000e+02    -4.65425947e-01   
    2.04000000e+02    -4.65426033e-01   
    2.05000000e+02    -4.65426099e-01   
    2.06000000e+02    -4.65426193e-01   
    2.07000000e+02    -4.65426305e-01   
    2.08000000e+02    -4.65426448e-01   
    2.09000000e+02    -4.65426559e-01   
    2.10000000e+02    -4.65426644e-01   
    2.11000000e+02    -4.65426682e-01   
    2.12000000e+02    -4.65426766e-01   
    2.13000000e+02    -4.65426844e-01   
    2.14000000e+02    -4.65426913e-01   
    2.15000000e+02    -4.65426965e-01   
    2.16000000e+02    -4.65427019e-01   
    2.17000000e+02    -4.65427079e-01   
    2.18000000e+02    -4.65427157e-01   
    2.19000000e+02    -4.65427265e-01   
    2.20000000e+02    -4.65427404e-01   
    2.21000000e+02    -4.65427591e-01   
    2.22000000e+02    -4.65427807e-01   
    2.23000000e+02    -4.65428028e-01   
    2.24000000e+02    -4.65428195e-01   
    2.25000000e+02    -4.65428326e-01   
    2.26000000e+02    -4.65428412e-01   
    2.27000000e+02    -4.65428487e-01   
    2.28000000e+02    -4.65428527e-01   
    2.29000000e+02    -4.65428569e-01   
    2.30000000e+02    -4.65428618e-01   
    2.31000000e+02    -4.65428644e-01   
    2.32000000e+02    -4.65428660e-01   
    2.33000000e+02    -4.65428671e-01   
    2.34000000e+02    -4.65428684e-01   
    2.35000000e+02    -4.65428699e-01   
    2.36000000e+02    -4.65428710e-01   
    2.37000000e+02    -4.65428717e-01   
    2.38000000e+02    -4.65428721e-01   
    2.39000000e+02    -4.65428734e-01   
    2.40000000e+02    -4.65428726e-01   
    2.41000000e+02    -4.65428729e-01   
    2.42000000e+02    -4.65428737e-01   
    2.43000000e+02    -4.65428736e-01   
    2.44000000e+02    -4.65428747e-01   
    2.45000000e+02    -4.65428753e-01   
    2.46000000e+02    -4.65428753e-01   
    2.47000000e+02    -4.65428756e-01   
    2.48000000e+02    -4.65428770e-01   
    2.49000000e+02    -4.65428758e-01   
    2.50000000e+02    -4.65428761e-01   
    2.51000000e+02    -4.65428764e-01   
    2.52000000e+02    -4.65428763e-01   
    2.53000000e+02    -4.65428762e-01   
    2.54000000e+02    -4.65428767e-01   
    2.55000000e+02    -4.65428760e-01   
    2.56000000e+02    -4.65428771e-01   
    2.57000000e+02    -4.65428769e-01   
    2.58000000e+02    -4.65428774e-01   
    2.59000000e+02    -4.65428768e-01   
    2.60000000e+02    -4.65428774e-01   
    2.61000000e+02    -4.65428774e-01   
    2.62000000e+02    -4.65428768e-01   
    2.63000000e+02    -4.65428772e-01   
    2.64000000e+02    -4.65428778e-01   
    2.65000000e+02    -4.65428780e-01   
    2.66000000e+02    -4.65428784e-01   
    2.67000000e+02    -4.65428776e-01   
    2.68000000e+02    -4.65428779e-01   
    2.69000000e+02    -4.65428777e-01   
    2.70000000e+02    -4.65428783e-01   
    2.71000000e+02    -4.65428782e-01   
    2.72000000e+02    -4.65428774e-01   
    2.73000000e+02    -4.65428778e-01   
    2.74000000e+02    -4.65428773e-01   
    2.75000000e+02    -4.65428781e-01   
    2.76000000e+02    -4.65428784e-01   
    2.77000000e+02    -4.65428780e-01   
    2.78000000e+02    -4.65428780e-01   
    2.79000000e+02    -4.65428789e-01   
    2.80000000e+02    -4.65428783e-01   
    2.81000000e+02    -4.65428780e-01   
    2.82000000e+02    -4.65428772e-01   
    2.83000000e+02    -4.65428775e-01   
    2.84000000e+02    -4.65428790e-01   
    2.85000000e+02    -4.65428774e-01   
    2.86000000e+02    -4.65428781e-01   
    2.87000000e+02    -4.65428779e-01   
    2.88000000e+02    -4.65428782e-01   
    2.89000000e+02    -4.65428781e-01   
    2.90000000e+02    -4.65428781e-01   
    2.91000000e+02    -4.65428781e-01   
    2.92000000e+02    -4.65428781e-01   
    2.93000000e+02    -4.65428779e-01   
    2.94000000e+02    -4.65428774e-01   
    2.95000000e+02    -4.65428773e-01   
    2.96000000e+02    -4.65428782e-01   
    2.97000000e+02    -4.65428775e-01   
    2.98000000e+02    -4.65428778e-01   
    2.99000000e+02    -4.65428771e-01   
    3.00000000e+02    -4.65428783e-01   
    3.01000000e+02    -4.65428775e-01   
    3.02000000e+02    -4.65428776e-01   
    3.03000000e+02    -4.65428774e-01   
    3.04000000e+02    -4.65428775e-01   
    3.05000000e+02    -4.65428771e-01   
    3.06000000e+02    -4.65428769e-01   
    3.07000000e+02    -4.65428769e-01   
    3.08000000e+02    -4.65428780e-01   
    3.09000000e+02    -4.65428782e-01   
    3.10000000e+02    -4.65428778e-01   
    3.11000000e+02    -4.65428771e-01   
    3.12000000e+02    -4.65428773e-01   
    3.13000000e+02    -4.65428776e-01   
    3.14000000e+02    -4.65428781e-01   
    3.15000000e+02    -4.65428778e-01   
    3.16000000e+02    -4.65428771e-01   
    3.17000000e+02    -4.65428770e-01   
    3.18000000e+02    -4.65428768e-01   
    3.19000000e+02    -4.65428778e-01   
    3.20000000e+02    -4.65428775e-01   
    3.21000000e+02    -4.65428773e-01   
    3.22000000e+02    -4.65428769e-01   
    3.23000000e+02    -4.65428769e-01   
    3.24000000e+02    -4.65428778e-01   
    3.25000000e+02    -4.65428777e-01   
    3.26000000e+02    -4.65428772e-01   
    3.27000000e+02    -4.65428770e-01   
    3.28000000e+02    -4.65428778e-01   
    3.29000000e+02    -4.65428776e-01   
    3.30000000e+02    -4.65428770e-01   
    3.31000000e+02    -4.65428771e-01   
    3.32000000e+02    -4.65428775e-01   
    3.33000000e+02    -4.65428773e-01   
    3.34000000e+02    -4.65428769e-01   
    3.35000000e+02    -4.65428775e-01   
    3.36000000e+02    -4.65428772e-01   
    3.37000000e+02    -4.65428775e-01   
    3.38000000e+02    -4.65428776e-01   
    3.39000000e+02    -4.65428773e-01   
    3.40000000e+02    -4.65428769e-01   
    3.41000000e+02    -4.65428772e-01   
    3.42000000e+02    -4.65428774e-01   
    3.43000000e+02    -4.65428773e-01   
    3.44000000e+02    -4.65428771e-01   
