0.0493436949344
0.0165164578669
0.0171123136563
0.0121813065953
0.0114486540078
0.0116591500674
0.00693866417528
0.00937104978172
0.00667449408537
0.00760916933214
0.00933279615909
0.00596394427211
0.00323959952552
0.00469874393659
0.00494270014711
0.00926723194995
0.00702127874866
0.0027163346132
0.00452838601813
0.00688240372578
0.00930062595337
0.00461633922249
0.00280867332521
0.00298103801708
0.00246375074448
0.00470108639217
0.0048223380302
0.00170630975753
0.00159871988918
0.0018905291355
0.00382132309829
0.00247681157009
0.00198661668571
0.00192620098661
0.00258736851692
0.00231534109618
0.0033181279871
0.00193231726904
0.0010558598731
0.00113764313416
0.00192127923976
0.00354837606759
0.0023347317999
0.00176128544629
0.00156763403463
0.00141089521795
0.00372016727157
0.00265548474838
0.00128138041652
0.00120562216709
0.00185192406326
0.00317828955293
0.00207496222416
0.00158888996007
0.00168395161775
0.00115457099221
0.00364783556251
0.00257946450297
0.00116923983785
0.00192932868177
0.00127107494974
0.00240008015957
0.00235443125072
0.000890103090507
0.000657040339607
0.00107267503542
0.00231184796242
0.00157188435364
0.00104376654752
0.00109301358385
0.00217041873283
0.0014876246467
0.00101478708056
0.000996619482029
0.00077793886941
0.0014506846266
0.00279551943383
0.000980578644278
0.00088392314273
0.00295573498903
0.00204552482031
0.00118754024357
0.00201162710527
0.00199303262707
0.000831251404496
0.00164581426883
0.00285641705284
0.00104525123957
0.00130458229943
0.00304619104211
0.00143249807536
0.00104126264877
0.00219930438653
0.00161272480309
0.00102975724292
0.0020832637887
0.00193470622422
0.00140534540829
0.00121960988146
0.0021411735651
0.00104733578338
0.000728632803516
0.00169031168924
0.000692204620466
0.000650320343889
0.00110133650498
0.00110918800991
0.00100848137963
0.000922389022854
0.000521384043512
0.000545956447557
0.000545956617587
