0.316837761304
0.147269455244
0.0867804008111
0.0737305651439
0.0563768231621
0.0572174416703
0.0485777942362
0.0404708012654
0.0350264019929
0.0352048684913
0.0354144270397
0.0308533678835
0.0262216472624
0.0250407337554
0.0257242728185
0.0317419100317
0.0327518592711
0.0243881794499
0.0231900687612
0.0259402576935
0.0241887809601
0.025011433621
0.02209613963
0.0173673479353
0.0161018409494
0.0153456030243
0.0160179892203
0.0151181187948
0.0117165251792
0.0111959328108
0.0124618806034
0.0129871267673
0.0115438462989
0.0112918015761
0.0119128395043
0.0105759033479
0.0103241036006
0.0118637550063
0.0104845298164
0.00723120752415
0.0089416021217
0.0109936660279
0.0120964257966
0.0118472478325
0.00900812185865
0.00834309154765
0.00992372315111
0.0105076214094
0.00906830645732
0.00863469621952
0.00919558050842
0.00950408643423
0.00957359712123
0.00997285831187
0.00993636790853
0.0088481073833
0.0105229244762
0.0117663390863
0.00917637591885
0.00830286615278
0.00839707918114
0.0075738862799
0.00817733485494
0.0076323091821
0.00559995452321
0.00601309948373
0.00677253221967
0.00616180955573
0.00571121587257
0.00581801263009
0.0060289427611
0.00567214094649
0.00563157008784
0.00577112994837
0.0053556036473
0.00592171631685
0.00840882387568
0.00821334290136
0.007305656054
0.00879253034634
0.00981873094728
0.00623712009102
0.00766892528009
0.00794189385865
0.00609474370173
0.00691997952475
0.00837253254502
0.00968405027199
0.00696667039376
0.00832647012758
0.00837365378128
0.00727873036272
0.00704496650866
0.00725875466387
0.00687773888584
0.00707345712802
0.0077026339642
0.00788857862634
0.00755118223671
0.007312526711
0.00678260546499
0.0057322630246
0.00525841329923
0.00472832932795
0.0041717380915
0.00397941674994
0.00438763443271
0.00456902556713
0.00478243979592
0.00279223639726
0.00252034941368
4.53535886895e-10
