0.090489120329
0.0693976544887
0.0778309596958
0.0345357776761
0.035439764064
0.0293688642439
0.0221770955648
0.0271180064216
0.0303455317118
0.027577425815
0.0204855138218
0.0223199948107
0.0219893945352
0.0223096899147
0.023247416837
0.0280683785143
0.0224846919117
0.0208873882845
0.0255906686546
0.0437571361822
0.0148293477041
0.0284004340963
0.026316457597
0.0135324355502
0.0258254234275
0.0108973947601
0.0127247540941
0.017280539421
0.0112409271318
0.0119880745867
0.01341882053
0.0110013428686
0.0112710643746
0.0113058653798
0.0183098077832
0.0123721527122
0.0069749031987
0.0181577396677
0.0175302384491
0.00883077588987
0.0117099862525
0.0116272402917
0.0176100658478
0.0239034363717
0.0167176524975
0.00870384179837
0.0160946194426
0.0117547576335
0.0157021344856
0.0239759132887
0.0173047895807
0.0161695340086
0.0124599825359
0.0191567559924
0.0297760329239
0.0168089496646
0.0215984472639
0.0239485768195
0.0175618947081
0.0216525756273
0.0210775314
0.0115518662511
0.0107162696785
0.0115486539661
0.00798316262071
0.00906595004928
0.00932661173481
0.00544572854824
0.00851275889838
0.0099013742512
0.00937864288878
0.00599017920782
0.00803310156605
0.013817011137
0.0131029442734
0.0109504380775
0.0145718393982
0.0342944270272
0.0183681178749
0.0195156803372
0.018490032777
0.0188645540734
0.013825722055
0.00948689564473
0.00910132539802
0.0114691606044
0.0168899961741
0.0215138505892
0.0211821284569
0.0181542474504
0.0176971039803
0.0261385782516
0.0147212473569
0.0136761342836
0.0233001924032
0.0171682892871
0.0156257693734
0.0231874394926
0.0232958372768
0.0148648205626
0.0126281279787
0.0138341374422
0.00811017033598
0.0051662927865
0.00589322463965
0.00644218649113
0.00372606215665
0.00598158988707
0.0100165569087
0.00270380750626
0.000732571412627
1.29094956947e-10
