0.000411431927947
0.000109733431502
7.06787341832e-05
3.97619776964e-05
2.61265698365e-05
1.70368056784e-05
1.37349938101e-05
1.28050431283e-05
1.34886187444e-05
1.10446019938e-05
6.3951173164e-06
5.80136642931e-06
5.10479090559e-06
5.33531852516e-06
5.57951628437e-06
6.82902578731e-06
5.42320345336e-06
5.2247518288e-06
4.98488493799e-06
7.71662579101e-06
2.42293765682e-06
4.69252022696e-06
4.38569116109e-06
1.96958854015e-06
3.33501451035e-06
1.24938885004e-06
1.35952652744e-06
1.80018570821e-06
1.20247118873e-06
1.17444895759e-06
1.04792839474e-06
8.43254497918e-07
9.12613415099e-07
9.20218024788e-07
1.48432620915e-06
9.7355332738e-07
4.6616319387e-07
1.08934892119e-06
9.87319340561e-07
4.45497580727e-07
6.50008533008e-07
6.05940117607e-07
8.82083468907e-07
1.12666970911e-06
7.18867783656e-07
4.49866999318e-07
7.26116845235e-07
5.38666334196e-07
6.76934139186e-07
8.94124504173e-07
5.9829277034e-07
5.38674789106e-07
4.47983106833e-07
6.97874596908e-07
1.03660423539e-06
5.70385650937e-07
7.19327919758e-07
7.70190881044e-07
5.82254715854e-07
6.83403076612e-07
7.10573179385e-07
3.58450479088e-07
3.38971432899e-07
3.81211787382e-07
2.26675766558e-07
3.48545964372e-07
3.50915552366e-07
1.72279153535e-07
2.61702999807e-07
2.64959066433e-07
2.10993941187e-07
1.86579661048e-07
2.01843076884e-07
2.84450119647e-07
2.88171961879e-07
2.17309998292e-07
2.97025900619e-07
6.90283316592e-07
4.2721590694e-07
4.68144872448e-07
4.77590158549e-07
3.08429224192e-07
4.27448997214e-07
2.65808848138e-07
2.30263654627e-07
3.19229505809e-07
3.17501122701e-07
5.46503395262e-07
3.94103283251e-07
3.32835080472e-07
3.50772173084e-07
5.31513942726e-07
2.62881596419e-07
2.38707469133e-07
3.79364963202e-07
3.0169170448e-07
2.77123499159e-07
4.20607635266e-07
4.02748340198e-07
2.76893629015e-07
2.54623287277e-07
2.89009536166e-07
1.58877450505e-07
1.12125020769e-07
1.22926504919e-07
1.23150072613e-07
8.94419095641e-08
1.35856056134e-07
2.13555005672e-07
8.67810569308e-08
6.30507180743e-08
1.9229486059e-12
