# column   1     --> step : The current simulation time step.
# column   2     --> potential : The physical system potential energy.
    0.00000000e+00    -3.97561015e-01   
    1.00000000e+00    -4.30475569e-01   
    2.00000000e+00    -4.39254244e-01   
    3.00000000e+00    -4.44908542e-01   
    4.00000000e+00    -4.48089501e-01   
    5.00000000e+00    -4.50179626e-01   
    6.00000000e+00    -4.51542571e-01   
    7.00000000e+00    -4.52641370e-01   
    8.00000000e+00    -4.53665774e-01   
    9.00000000e+00    -4.54744863e-01   
    1.00000000e+01    -4.55628431e-01   
    1.10000000e+01    -4.56140041e-01   
    1.20000000e+01    -4.56604150e-01   
    1.30000000e+01    -4.57012533e-01   
    1.40000000e+01    -4.57439359e-01   
    1.50000000e+01    -4.57885720e-01   
    1.60000000e+01    -4.58432042e-01   
    1.70000000e+01    -4.58865898e-01   
    1.80000000e+01    -4.59283878e-01   
    1.90000000e+01    -4.59682669e-01   
    2.00000000e+01    -4.60299999e-01   
    2.10000000e+01    -4.60493834e-01   
    2.20000000e+01    -4.60869236e-01   
    2.30000000e+01    -4.61220091e-01   
    2.40000000e+01    -4.61377658e-01   
    2.50000000e+01    -4.61644459e-01   
    2.60000000e+01    -4.61744411e-01   
    2.70000000e+01    -4.61853173e-01   
    2.80000000e+01    -4.61997188e-01   
    2.90000000e+01    -4.62093385e-01   
    3.00000000e+01    -4.62187341e-01   
    3.10000000e+01    -4.62271175e-01   
    3.20000000e+01    -4.62338636e-01   
    3.30000000e+01    -4.62411645e-01   
    3.40000000e+01    -4.62485262e-01   
    3.50000000e+01    -4.62604008e-01   
    3.60000000e+01    -4.62681893e-01   
    3.70000000e+01    -4.62719186e-01   
    3.80000000e+01    -4.62806334e-01   
    3.90000000e+01    -4.62885319e-01   
    4.00000000e+01    -4.62920959e-01   
    4.10000000e+01    -4.62972960e-01   
    4.20000000e+01    -4.63021435e-01   
    4.30000000e+01    -4.63092002e-01   
    4.40000000e+01    -4.63182135e-01   
    4.50000000e+01    -4.63239645e-01   
    4.60000000e+01    -4.63275634e-01   
    4.70000000e+01    -4.63333723e-01   
    4.80000000e+01    -4.63376817e-01   
    4.90000000e+01    -4.63430971e-01   
    5.00000000e+01    -4.63502501e-01   
    5.10000000e+01    -4.63550365e-01   
    5.20000000e+01    -4.63593459e-01   
    5.30000000e+01    -4.63629297e-01   
    5.40000000e+01    -4.63685127e-01   
    5.50000000e+01    -4.63768056e-01   
    5.60000000e+01    -4.63813686e-01   
    5.70000000e+01    -4.63871233e-01   
    5.80000000e+01    -4.63932848e-01   
    5.90000000e+01    -4.63979428e-01   
    6.00000000e+01    -4.64034101e-01   
    6.10000000e+01    -4.64090946e-01   
    6.20000000e+01    -4.64119623e-01   
    6.30000000e+01    -4.64146740e-01   
    6.40000000e+01    -4.64177237e-01   
    6.50000000e+01    -4.64195371e-01   
    6.60000000e+01    -4.64223255e-01   
    6.70000000e+01    -4.64251328e-01   
    6.80000000e+01    -4.64265110e-01   
    6.90000000e+01    -4.64286047e-01   
    7.00000000e+01    -4.64307243e-01   
    7.10000000e+01    -4.64324123e-01   
    7.20000000e+01    -4.64339049e-01   
    7.30000000e+01    -4.64355197e-01   
    7.40000000e+01    -4.64377953e-01   
    7.50000000e+01    -4.64401007e-01   
    7.60000000e+01    -4.64418391e-01   
    7.70000000e+01    -4.64442153e-01   
    7.80000000e+01    -4.64497376e-01   
    7.90000000e+01    -4.64531553e-01   
    8.00000000e+01    -4.64569005e-01   
    8.10000000e+01    -4.64607212e-01   
    8.20000000e+01    -4.64631886e-01   
    8.30000000e+01    -4.64666082e-01   
    8.40000000e+01    -4.64687347e-01   
    8.50000000e+01    -4.64705768e-01   
    8.60000000e+01    -4.64731307e-01   
    8.70000000e+01    -4.64756707e-01   
    8.80000000e+01    -4.64800427e-01   
    8.90000000e+01    -4.64831955e-01   
    9.00000000e+01    -4.64858582e-01   
    9.10000000e+01    -4.64886644e-01   
    9.20000000e+01    -4.64929165e-01   
    9.30000000e+01    -4.64950195e-01   
    9.40000000e+01    -4.64969292e-01   
    9.50000000e+01    -4.64999641e-01   
    9.60000000e+01    -4.65023777e-01   
    9.70000000e+01    -4.65045946e-01   
    9.80000000e+01    -4.65079595e-01   
    9.90000000e+01    -4.65111815e-01   
    1.00000000e+02    -4.65133966e-01   
    1.01000000e+02    -4.65154336e-01   
    1.02000000e+02    -4.65177457e-01   
    1.03000000e+02    -4.65190167e-01   
    1.04000000e+02    -4.65199137e-01   
    1.05000000e+02    -4.65208971e-01   
    1.06000000e+02    -4.65218823e-01   
    1.07000000e+02    -4.65225979e-01   
    1.08000000e+02    -4.65236847e-01   
    1.09000000e+02    -4.65253932e-01   
    1.10000000e+02    -4.65260874e-01   
    1.11000000e+02    -4.65265918e-01   
