# column   1     --> step : The current simulation time step.
# column   2     --> time{picosecond} : The elapsed simulation time.
# column   3     --> potential{atomic_unit} : The physical system potential energy.
    0.00000000e+00     0.00000000e+00    -2.20155242e+00   
    1.00000000e+00     0.00000000e+00    -2.69955578e+00   
    2.00000000e+00     0.00000000e+00    -3.30036213e+00   
    3.00000000e+00     0.00000000e+00    -3.50326147e+00   
    4.00000000e+00     0.00000000e+00    -3.57781550e+00   
    5.00000000e+00     0.00000000e+00    -3.75987262e+00   
    6.00000000e+00     0.00000000e+00    -3.79143075e+00   
    7.00000000e+00     0.00000000e+00    -3.84160907e+00   
    8.00000000e+00     0.00000000e+00    -3.88133999e+00   
    9.00000000e+00     0.00000000e+00    -3.96814058e+00   
    1.00000000e+01     0.00000000e+00    -4.01559090e+00   
    1.10000000e+01     0.00000000e+00    -4.03626770e+00   
    1.20000000e+01     0.00000000e+00    -4.05180728e+00   
    1.30000000e+01     0.00000000e+00    -4.07674450e+00   
    1.40000000e+01     0.00000000e+00    -4.10396923e+00   
    1.50000000e+01     0.00000000e+00    -4.13208691e+00   
    1.60000000e+01     0.00000000e+00    -4.15393100e+00   
    1.70000000e+01     0.00000000e+00    -4.16554571e+00   
    1.80000000e+01     0.00000000e+00    -4.17646083e+00   
    1.90000000e+01     0.00000000e+00    -4.19012362e+00   
    2.00000000e+01     0.00000000e+00    -4.20261284e+00   
    2.10000000e+01     0.00000000e+00    -4.21520320e+00   
    2.20000000e+01     0.00000000e+00    -4.22590890e+00   
    2.30000000e+01     0.00000000e+00    -4.23514946e+00   
    2.40000000e+01     0.00000000e+00    -4.24546978e+00   
    2.50000000e+01     0.00000000e+00    -4.25792858e+00   
    2.60000000e+01     0.00000000e+00    -4.26688110e+00   
    2.70000000e+01     0.00000000e+00    -4.27235953e+00   
    2.80000000e+01     0.00000000e+00    -4.27712948e+00   
    2.90000000e+01     0.00000000e+00    -4.28398072e+00   
    3.00000000e+01     0.00000000e+00    -4.29372197e+00   
    3.10000000e+01     0.00000000e+00    -4.30364951e+00   
    3.20000000e+01     0.00000000e+00    -4.30963657e+00   
    3.30000000e+01     0.00000000e+00    -4.31303460e+00   
    3.40000000e+01     0.00000000e+00    -4.31608269e+00   
    3.50000000e+01     0.00000000e+00    -4.32368126e+00   
    3.60000000e+01     0.00000000e+00    -4.33233571e+00   
    3.70000000e+01     0.00000000e+00    -4.33912710e+00   
    3.80000000e+01     0.00000000e+00    -4.34318957e+00   
    3.90000000e+01     0.00000000e+00    -4.34644461e+00   
    4.00000000e+01     0.00000000e+00    -4.35060372e+00   
    4.10000000e+01     0.00000000e+00    -4.35530953e+00   
    4.20000000e+01     0.00000000e+00    -4.35924242e+00   
    4.30000000e+01     0.00000000e+00    -4.36235471e+00   
    4.40000000e+01     0.00000000e+00    -4.36567886e+00   
    4.50000000e+01     0.00000000e+00    -4.37033014e+00   
    4.60000000e+01     0.00000000e+00    -4.37573308e+00   
    4.70000000e+01     0.00000000e+00    -4.37976128e+00   
    4.80000000e+01     0.00000000e+00    -4.38224633e+00   
    4.90000000e+01     0.00000000e+00    -4.38440220e+00   
    5.00000000e+01     0.00000000e+00    -4.38779000e+00   
    5.10000000e+01     0.00000000e+00    -4.39337153e+00   
    5.20000000e+01     0.00000000e+00    -4.39857128e+00   
    5.30000000e+01     0.00000000e+00    -4.40181501e+00   
    5.40000000e+01     0.00000000e+00    -4.40370621e+00   
    5.50000000e+01     0.00000000e+00    -4.40566989e+00   
    5.60000000e+01     0.00000000e+00    -4.40888965e+00   
    5.70000000e+01     0.00000000e+00    -4.41319511e+00   
    5.80000000e+01     0.00000000e+00    -4.41707475e+00   
    5.90000000e+01     0.00000000e+00    -4.41977491e+00   
    6.00000000e+01     0.00000000e+00    -4.42180088e+00   
    6.10000000e+01     0.00000000e+00    -4.42432931e+00   
    6.20000000e+01     0.00000000e+00    -4.42707046e+00   
    6.30000000e+01     0.00000000e+00    -4.42929856e+00   
    6.40000000e+01     0.00000000e+00    -4.43082254e+00   
    6.50000000e+01     0.00000000e+00    -4.43264929e+00   
    6.60000000e+01     0.00000000e+00    -4.43561940e+00   
    6.70000000e+01     0.00000000e+00    -4.43940538e+00   
    6.80000000e+01     0.00000000e+00    -4.44223961e+00   
    6.90000000e+01     0.00000000e+00    -4.44369140e+00   
    7.00000000e+01     0.00000000e+00    -4.44491994e+00   
    7.10000000e+01     0.00000000e+00    -4.44684721e+00   
    7.20000000e+01     0.00000000e+00    -4.44980757e+00   
    7.30000000e+01     0.00000000e+00    -4.45278167e+00   
    7.40000000e+01     0.00000000e+00    -4.45469626e+00   
    7.50000000e+01     0.00000000e+00    -4.45587648e+00   
    7.60000000e+01     0.00000000e+00    -4.45714712e+00   
    7.70000000e+01     0.00000000e+00    -4.45921676e+00   
    7.80000000e+01     0.00000000e+00    -4.46170727e+00   
    7.90000000e+01     0.00000000e+00    -4.46383988e+00   
    8.00000000e+01     0.00000000e+00    -4.46529691e+00   
    8.10000000e+01     0.00000000e+00    -4.46677095e+00   
    8.20000000e+01     0.00000000e+00    -4.46878192e+00   
    8.30000000e+01     0.00000000e+00    -4.47102728e+00   
    8.40000000e+01     0.00000000e+00    -4.47254391e+00   
    8.50000000e+01     0.00000000e+00    -4.47360650e+00   
    8.60000000e+01     0.00000000e+00    -4.47494366e+00   
    8.70000000e+01     0.00000000e+00    -4.47704006e+00   
    8.80000000e+01     0.00000000e+00    -4.47931813e+00   
    8.90000000e+01     0.00000000e+00    -4.48077596e+00   
    9.00000000e+01     0.00000000e+00    -4.48152344e+00   
    9.10000000e+01     0.00000000e+00    -4.48230422e+00   
    9.20000000e+01     0.00000000e+00    -4.48357776e+00   
    9.30000000e+01     0.00000000e+00    -4.48539730e+00   
    9.40000000e+01     0.00000000e+00    -4.48696316e+00   
    9.50000000e+01     0.00000000e+00    -4.48790363e+00   
    9.60000000e+01     0.00000000e+00    -4.48853692e+00   
    9.70000000e+01     0.00000000e+00    -4.48949405e+00   
    9.80000000e+01     0.00000000e+00    -4.49092921e+00   
    9.90000000e+01     0.00000000e+00    -4.49207985e+00   
    1.00000000e+02     0.00000000e+00    -4.49287509e+00   
    1.01000000e+02     0.00000000e+00    -4.49357151e+00   
    1.02000000e+02     0.00000000e+00    -4.49464513e+00   
    1.03000000e+02     0.00000000e+00    -4.49598198e+00   
    1.04000000e+02     0.00000000e+00    -4.49704133e+00   
    1.05000000e+02     0.00000000e+00    -4.49769621e+00   
    1.06000000e+02     0.00000000e+00    -4.49823688e+00   
    1.07000000e+02     0.00000000e+00    -4.49912569e+00   
    1.08000000e+02     0.00000000e+00    -4.50029104e+00   
    1.09000000e+02     0.00000000e+00    -4.50154843e+00   
    1.10000000e+02     0.00000000e+00    -4.50240122e+00   
    1.11000000e+02     0.00000000e+00    -4.50300945e+00   
    1.12000000e+02     0.00000000e+00    -4.50359326e+00   
    1.13000000e+02     0.00000000e+00    -4.50453196e+00   
    1.14000000e+02     0.00000000e+00    -4.50558575e+00   
    1.15000000e+02     0.00000000e+00    -4.50649254e+00   
    1.16000000e+02     0.00000000e+00    -4.50707856e+00   
    1.17000000e+02     0.00000000e+00    -4.50767996e+00   
    1.18000000e+02     0.00000000e+00    -4.50845464e+00   
    1.19000000e+02     0.00000000e+00    -4.50936847e+00   
    1.20000000e+02     0.00000000e+00    -4.51010868e+00   
    1.21000000e+02     0.00000000e+00    -4.51061486e+00   
    1.22000000e+02     0.00000000e+00    -4.51112030e+00   
    1.23000000e+02     0.00000000e+00    -4.51185524e+00   
    1.24000000e+02     0.00000000e+00    -4.51288218e+00   
    1.25000000e+02     0.00000000e+00    -4.51388063e+00   
    1.26000000e+02     0.00000000e+00    -4.51449016e+00   
    1.27000000e+02     0.00000000e+00    -4.51491606e+00   
    1.28000000e+02     0.00000000e+00    -4.51545282e+00   
    1.29000000e+02     0.00000000e+00    -4.51624860e+00   
    1.30000000e+02     0.00000000e+00    -4.51713763e+00   
    1.31000000e+02     0.00000000e+00    -4.51780275e+00   
    1.32000000e+02     0.00000000e+00    -4.51817703e+00   
    1.33000000e+02     0.00000000e+00    -4.51857188e+00   
    1.34000000e+02     0.00000000e+00    -4.51913920e+00   
    1.35000000e+02     0.00000000e+00    -4.51975667e+00   
    1.36000000e+02     0.00000000e+00    -4.52020243e+00   
    1.37000000e+02     0.00000000e+00    -4.52051243e+00   
    1.38000000e+02     0.00000000e+00    -4.52091209e+00   
    1.39000000e+02     0.00000000e+00    -4.52152631e+00   
    1.40000000e+02     0.00000000e+00    -4.52226820e+00   
    1.41000000e+02     0.00000000e+00    -4.52270652e+00   
    1.42000000e+02     0.00000000e+00    -4.52298332e+00   
    1.43000000e+02     0.00000000e+00    -4.52327032e+00   
    1.44000000e+02     0.00000000e+00    -4.52373293e+00   
    1.45000000e+02     0.00000000e+00    -4.52439196e+00   
    1.46000000e+02     0.00000000e+00    -4.52496774e+00   
    1.47000000e+02     0.00000000e+00    -4.52530349e+00   
    1.48000000e+02     0.00000000e+00    -4.52554162e+00   
    1.49000000e+02     0.00000000e+00    -4.52587458e+00   
    1.50000000e+02     0.00000000e+00    -4.52646302e+00   
    1.51000000e+02     0.00000000e+00    -4.52697835e+00   
    1.52000000e+02     0.00000000e+00    -4.52737870e+00   
    1.53000000e+02     0.00000000e+00    -4.52768712e+00   
    1.54000000e+02     0.00000000e+00    -4.52804829e+00   
    1.55000000e+02     0.00000000e+00    -4.52849343e+00   
    1.56000000e+02     0.00000000e+00    -4.52895062e+00   
    1.57000000e+02     0.00000000e+00    -4.52923784e+00   
    1.58000000e+02     0.00000000e+00    -4.52951486e+00   
    1.59000000e+02     0.00000000e+00    -4.52986149e+00   
    1.60000000e+02     0.00000000e+00    -4.53041946e+00   
    1.61000000e+02     0.00000000e+00    -4.53096421e+00   
    1.62000000e+02     0.00000000e+00    -4.53133049e+00   
    1.63000000e+02     0.00000000e+00    -4.53159389e+00   
    1.64000000e+02     0.00000000e+00    -4.53184702e+00   
    1.65000000e+02     0.00000000e+00    -4.53233680e+00   
    1.66000000e+02     0.00000000e+00    -4.53297673e+00   
    1.67000000e+02     0.00000000e+00    -4.53352249e+00   
    1.68000000e+02     0.00000000e+00    -4.53385295e+00   
    1.69000000e+02     0.00000000e+00    -4.53406882e+00   
    1.70000000e+02     0.00000000e+00    -4.53435385e+00   
    1.71000000e+02     0.00000000e+00    -4.53476703e+00   
    1.72000000e+02     0.00000000e+00    -4.53518621e+00   
    1.73000000e+02     0.00000000e+00    -4.53552068e+00   
    1.74000000e+02     0.00000000e+00    -4.53578802e+00   
    1.75000000e+02     0.00000000e+00    -4.53614990e+00   
    1.76000000e+02     0.00000000e+00    -4.53664685e+00   
    1.77000000e+02     0.00000000e+00    -4.53703378e+00   
    1.78000000e+02     0.00000000e+00    -4.53729693e+00   
    1.79000000e+02     0.00000000e+00    -4.53749356e+00   
    1.80000000e+02     0.00000000e+00    -4.53781490e+00   
    1.81000000e+02     0.00000000e+00    -4.53831818e+00   
    1.82000000e+02     0.00000000e+00    -4.53881131e+00   
    1.83000000e+02     0.00000000e+00    -4.53912170e+00   
    1.84000000e+02     0.00000000e+00    -4.53932652e+00   
    1.85000000e+02     0.00000000e+00    -4.53951548e+00   
    1.86000000e+02     0.00000000e+00    -4.53981542e+00   
    1.87000000e+02     0.00000000e+00    -4.54026316e+00   
    1.88000000e+02     0.00000000e+00    -4.54066862e+00   
    1.89000000e+02     0.00000000e+00    -4.54090491e+00   
    1.90000000e+02     0.00000000e+00    -4.54109394e+00   
    1.91000000e+02     0.00000000e+00    -4.54134624e+00   
    1.92000000e+02     0.00000000e+00    -4.54162761e+00   
    1.93000000e+02     0.00000000e+00    -4.54188721e+00   
    1.94000000e+02     0.00000000e+00    -4.54211233e+00   
    1.95000000e+02     0.00000000e+00    -4.54236147e+00   
    1.96000000e+02     0.00000000e+00    -4.54261257e+00   
    1.97000000e+02     0.00000000e+00    -4.54284448e+00   
    1.98000000e+02     0.00000000e+00    -4.54315166e+00   
    1.99000000e+02     0.00000000e+00    -4.54335763e+00   
    2.00000000e+02     0.00000000e+00    -4.54354817e+00   
    2.01000000e+02     0.00000000e+00    -4.54377120e+00   
    2.02000000e+02     0.00000000e+00    -4.54404009e+00   
    2.03000000e+02     0.00000000e+00    -4.54438071e+00   
    2.04000000e+02     0.00000000e+00    -4.54478874e+00   
    2.05000000e+02     0.00000000e+00    -4.54506926e+00   
    2.06000000e+02     0.00000000e+00    -4.54524544e+00   
    2.07000000e+02     0.00000000e+00    -4.54541560e+00   
    2.08000000e+02     0.00000000e+00    -4.54561068e+00   
    2.09000000e+02     0.00000000e+00    -4.54587829e+00   
    2.10000000e+02     0.00000000e+00    -4.54621272e+00   
    2.11000000e+02     0.00000000e+00    -4.54651362e+00   
    2.12000000e+02     0.00000000e+00    -4.54671814e+00   
    2.13000000e+02     0.00000000e+00    -4.54688098e+00   
    2.14000000e+02     0.00000000e+00    -4.54705453e+00   
    2.15000000e+02     0.00000000e+00    -4.54726893e+00   
    2.16000000e+02     0.00000000e+00    -4.54747778e+00   
    2.17000000e+02     0.00000000e+00    -4.54766953e+00   
    2.18000000e+02     0.00000000e+00    -4.54780239e+00   
    2.19000000e+02     0.00000000e+00    -4.54795859e+00   
    2.20000000e+02     0.00000000e+00    -4.54813066e+00   
    2.21000000e+02     0.00000000e+00    -4.54831889e+00   
    2.22000000e+02     0.00000000e+00    -4.54845357e+00   
    2.23000000e+02     0.00000000e+00    -4.54857431e+00   
    2.24000000e+02     0.00000000e+00    -4.54872068e+00   
    2.25000000e+02     0.00000000e+00    -4.54889349e+00   
    2.26000000e+02     0.00000000e+00    -4.54917311e+00   
    2.27000000e+02     0.00000000e+00    -4.54934518e+00   
    2.28000000e+02     0.00000000e+00    -4.54947028e+00   
    2.29000000e+02     0.00000000e+00    -4.54956051e+00   
    2.30000000e+02     0.00000000e+00    -4.54968185e+00   
    2.31000000e+02     0.00000000e+00    -4.54986823e+00   
    2.32000000e+02     0.00000000e+00    -4.55008801e+00   
    2.33000000e+02     0.00000000e+00    -4.55021680e+00   
    2.34000000e+02     0.00000000e+00    -4.55030086e+00   
    2.35000000e+02     0.00000000e+00    -4.55039043e+00   
    2.36000000e+02     0.00000000e+00    -4.55050916e+00   
    2.37000000e+02     0.00000000e+00    -4.55062151e+00   
    2.38000000e+02     0.00000000e+00    -4.55075152e+00   
    2.39000000e+02     0.00000000e+00    -4.55083823e+00   
    2.40000000e+02     0.00000000e+00    -4.55094280e+00   
    2.41000000e+02     0.00000000e+00    -4.55108365e+00   
    2.42000000e+02     0.00000000e+00    -4.55122748e+00   
    2.43000000e+02     0.00000000e+00    -4.55129910e+00   
    2.44000000e+02     0.00000000e+00    -4.55137792e+00   
    2.45000000e+02     0.00000000e+00    -4.55146192e+00   
    2.46000000e+02     0.00000000e+00    -4.55159304e+00   
    2.47000000e+02     0.00000000e+00    -4.55176038e+00   
    2.48000000e+02     0.00000000e+00    -4.55189371e+00   
    2.49000000e+02     0.00000000e+00    -4.55197952e+00   
    2.50000000e+02     0.00000000e+00    -4.55205350e+00   
    2.51000000e+02     0.00000000e+00    -4.55216410e+00   
    2.52000000e+02     0.00000000e+00    -4.55229456e+00   
    2.53000000e+02     0.00000000e+00    -4.55242216e+00   
    2.54000000e+02     0.00000000e+00    -4.55252499e+00   
    2.55000000e+02     0.00000000e+00    -4.55258000e+00   
    2.56000000e+02     0.00000000e+00    -4.55266782e+00   
    2.57000000e+02     0.00000000e+00    -4.55278880e+00   
    2.58000000e+02     0.00000000e+00    -4.55292167e+00   
    2.59000000e+02     0.00000000e+00    -4.55299090e+00   
    2.60000000e+02     0.00000000e+00    -4.55306487e+00   
    2.61000000e+02     0.00000000e+00    -4.55318121e+00   
    2.62000000e+02     0.00000000e+00    -4.55327720e+00   
    2.63000000e+02     0.00000000e+00    -4.55342568e+00   
    2.64000000e+02     0.00000000e+00    -4.55351503e+00   
    2.65000000e+02     0.00000000e+00    -4.55358044e+00   
    2.66000000e+02     0.00000000e+00    -4.55366264e+00   
    2.67000000e+02     0.00000000e+00    -4.55377911e+00   
    2.68000000e+02     0.00000000e+00    -4.55393654e+00   
    2.69000000e+02     0.00000000e+00    -4.55403998e+00   
    2.70000000e+02     0.00000000e+00    -4.55412484e+00   
    2.71000000e+02     0.00000000e+00    -4.55421875e+00   
    2.72000000e+02     0.00000000e+00    -4.55438533e+00   
    2.73000000e+02     0.00000000e+00    -4.55460703e+00   
    2.74000000e+02     0.00000000e+00    -4.55481701e+00   
    2.75000000e+02     0.00000000e+00    -4.55494789e+00   
    2.76000000e+02     0.00000000e+00    -4.55511193e+00   
    2.77000000e+02     0.00000000e+00    -4.55537785e+00   
    2.78000000e+02     0.00000000e+00    -4.55570128e+00   
    2.79000000e+02     0.00000000e+00    -4.55606190e+00   
    2.80000000e+02     0.00000000e+00    -4.55633383e+00   
    2.81000000e+02     0.00000000e+00    -4.55652613e+00   
    2.82000000e+02     0.00000000e+00    -4.55677579e+00   
    2.83000000e+02     0.00000000e+00    -4.55740423e+00   
    2.84000000e+02     0.00000000e+00    -4.55777256e+00   
    2.85000000e+02     0.00000000e+00    -4.55814754e+00   
    2.86000000e+02     0.00000000e+00    -4.55845389e+00   
    2.87000000e+02     0.00000000e+00    -4.55882219e+00   
    2.88000000e+02     0.00000000e+00    -4.55925984e+00   
    2.89000000e+02     0.00000000e+00    -4.55968850e+00   
    2.90000000e+02     0.00000000e+00    -4.56000643e+00   
    2.91000000e+02     0.00000000e+00    -4.56024280e+00   
    2.92000000e+02     0.00000000e+00    -4.56059670e+00   
    2.93000000e+02     0.00000000e+00    -4.56126816e+00   
    2.94000000e+02     0.00000000e+00    -4.56178553e+00   
    2.95000000e+02     0.00000000e+00    -4.56212448e+00   
    2.96000000e+02     0.00000000e+00    -4.56232115e+00   
    2.97000000e+02     0.00000000e+00    -4.56258030e+00   
    2.98000000e+02     0.00000000e+00    -4.56301608e+00   
    2.99000000e+02     0.00000000e+00    -4.56354421e+00   
    3.00000000e+02     0.00000000e+00    -4.56395288e+00   
    3.01000000e+02     0.00000000e+00    -4.56427217e+00   
    3.02000000e+02     0.00000000e+00    -4.56451455e+00   
    3.03000000e+02     0.00000000e+00    -4.56483097e+00   
    3.04000000e+02     0.00000000e+00    -4.56525854e+00   
    3.05000000e+02     0.00000000e+00    -4.56566340e+00   
    3.06000000e+02     0.00000000e+00    -4.56595608e+00   
    3.07000000e+02     0.00000000e+00    -4.56619125e+00   
    3.08000000e+02     0.00000000e+00    -4.56646625e+00   
    3.09000000e+02     0.00000000e+00    -4.56682339e+00   
    3.10000000e+02     0.00000000e+00    -4.56716236e+00   
    3.11000000e+02     0.00000000e+00    -4.56736909e+00   
    3.12000000e+02     0.00000000e+00    -4.56752597e+00   
    3.13000000e+02     0.00000000e+00    -4.56774473e+00   
    3.14000000e+02     0.00000000e+00    -4.56807331e+00   
    3.15000000e+02     0.00000000e+00    -4.56834408e+00   
    3.16000000e+02     0.00000000e+00    -4.56854738e+00   
    3.17000000e+02     0.00000000e+00    -4.56867618e+00   
    3.18000000e+02     0.00000000e+00    -4.56879767e+00   
    3.19000000e+02     0.00000000e+00    -4.56893000e+00   
    3.20000000e+02     0.00000000e+00    -4.56908360e+00   
    3.21000000e+02     0.00000000e+00    -4.56925231e+00   
    3.22000000e+02     0.00000000e+00    -4.56939611e+00   
    3.23000000e+02     0.00000000e+00    -4.56953652e+00   
    3.24000000e+02     0.00000000e+00    -4.56961943e+00   
    3.25000000e+02     0.00000000e+00    -4.56971669e+00   
    3.26000000e+02     0.00000000e+00    -4.56979639e+00   
    3.27000000e+02     0.00000000e+00    -4.56992959e+00   
    3.28000000e+02     0.00000000e+00    -4.57006580e+00   
    3.29000000e+02     0.00000000e+00    -4.57018080e+00   
    3.30000000e+02     0.00000000e+00    -4.57028112e+00   
    3.31000000e+02     0.00000000e+00    -4.57035922e+00   
    3.32000000e+02     0.00000000e+00    -4.57046655e+00   
    3.33000000e+02     0.00000000e+00    -4.57060187e+00   
    3.34000000e+02     0.00000000e+00    -4.57070089e+00   
    3.35000000e+02     0.00000000e+00    -4.57073830e+00   
    3.36000000e+02     0.00000000e+00    -4.57079162e+00   
    3.37000000e+02     0.00000000e+00    -4.57091156e+00   
    3.38000000e+02     0.00000000e+00    -4.57102869e+00   
    3.39000000e+02     0.00000000e+00    -4.57112803e+00   
    3.40000000e+02     0.00000000e+00    -4.57120271e+00   
    3.41000000e+02     0.00000000e+00    -4.57125064e+00   
    3.42000000e+02     0.00000000e+00    -4.57134359e+00   
    3.43000000e+02     0.00000000e+00    -4.57148762e+00   
    3.44000000e+02     0.00000000e+00    -4.57156333e+00   
    3.45000000e+02     0.00000000e+00    -4.57159509e+00   
    3.46000000e+02     0.00000000e+00    -4.57165886e+00   
    3.47000000e+02     0.00000000e+00    -4.57171616e+00   
    3.48000000e+02     0.00000000e+00    -4.57179331e+00   
    3.49000000e+02     0.00000000e+00    -4.57188116e+00   
    3.50000000e+02     0.00000000e+00    -4.57193872e+00   
    3.51000000e+02     0.00000000e+00    -4.57197132e+00   
    3.52000000e+02     0.00000000e+00    -4.57202001e+00   
    3.53000000e+02     0.00000000e+00    -4.57209345e+00   
    3.54000000e+02     0.00000000e+00    -4.57215057e+00   
    3.55000000e+02     0.00000000e+00    -4.57219177e+00   
    3.56000000e+02     0.00000000e+00    -4.57221309e+00   
    3.57000000e+02     0.00000000e+00    -4.57225280e+00   
    3.58000000e+02     0.00000000e+00    -4.57230862e+00   
    3.59000000e+02     0.00000000e+00    -4.57238409e+00   
    3.60000000e+02     0.00000000e+00    -4.57244004e+00   
    3.61000000e+02     0.00000000e+00    -4.57245525e+00   
    3.62000000e+02     0.00000000e+00    -4.57249043e+00   
    3.63000000e+02     0.00000000e+00    -4.57256126e+00   
    3.64000000e+02     0.00000000e+00    -4.57263923e+00   
    3.65000000e+02     0.00000000e+00    -4.57268816e+00   
    3.66000000e+02     0.00000000e+00    -4.57271974e+00   
    3.67000000e+02     0.00000000e+00    -4.57276566e+00   
    3.68000000e+02     0.00000000e+00    -4.57280036e+00   
    3.69000000e+02     0.00000000e+00    -4.57290030e+00   
    3.70000000e+02     0.00000000e+00    -4.57297601e+00   
    3.71000000e+02     0.00000000e+00    -4.57300131e+00   
    3.72000000e+02     0.00000000e+00    -4.57302877e+00   
    3.73000000e+02     0.00000000e+00    -4.57307448e+00   
    3.74000000e+02     0.00000000e+00    -4.57315247e+00   
    3.75000000e+02     0.00000000e+00    -4.57318824e+00   
    3.76000000e+02     0.00000000e+00    -4.57323173e+00   
    3.77000000e+02     0.00000000e+00    -4.57325286e+00   
    3.78000000e+02     0.00000000e+00    -4.57326506e+00   
    3.79000000e+02     0.00000000e+00    -4.57333539e+00   
    3.80000000e+02     0.00000000e+00    -4.57340182e+00   
    3.81000000e+02     0.00000000e+00    -4.57346137e+00   
    3.82000000e+02     0.00000000e+00    -4.57349170e+00   
    3.83000000e+02     0.00000000e+00    -4.57354044e+00   
    3.84000000e+02     0.00000000e+00    -4.57359541e+00   
    3.85000000e+02     0.00000000e+00    -4.57367012e+00   
    3.86000000e+02     0.00000000e+00    -4.57371369e+00   
    3.87000000e+02     0.00000000e+00    -4.57375983e+00   
    3.88000000e+02     0.00000000e+00    -4.57380063e+00   
    3.89000000e+02     0.00000000e+00    -4.57388632e+00   
    3.90000000e+02     0.00000000e+00    -4.57397486e+00   
    3.91000000e+02     0.00000000e+00    -4.57407383e+00   
    3.92000000e+02     0.00000000e+00    -4.57411965e+00   
    3.93000000e+02     0.00000000e+00    -4.57415481e+00   
    3.94000000e+02     0.00000000e+00    -4.57419835e+00   
    3.95000000e+02     0.00000000e+00    -4.57432008e+00   
    3.96000000e+02     0.00000000e+00    -4.57449042e+00   
    3.97000000e+02     0.00000000e+00    -4.57458948e+00   
    3.98000000e+02     0.00000000e+00    -4.57466447e+00   
    3.99000000e+02     0.00000000e+00    -4.57469425e+00   
    4.00000000e+02     0.00000000e+00    -4.57480753e+00   
    4.01000000e+02     0.00000000e+00    -4.57495423e+00   
    4.02000000e+02     0.00000000e+00    -4.57505168e+00   
    4.03000000e+02     0.00000000e+00    -4.57512656e+00   
    4.04000000e+02     0.00000000e+00    -4.57522954e+00   
    4.05000000e+02     0.00000000e+00    -4.57533944e+00   
    4.06000000e+02     0.00000000e+00    -4.57547334e+00   
    4.07000000e+02     0.00000000e+00    -4.57560230e+00   
    4.08000000e+02     0.00000000e+00    -4.57565921e+00   
    4.09000000e+02     0.00000000e+00    -4.57573564e+00   
    4.10000000e+02     0.00000000e+00    -4.57586229e+00   
    4.11000000e+02     0.00000000e+00    -4.57603355e+00   
    4.12000000e+02     0.00000000e+00    -4.57614782e+00   
    4.13000000e+02     0.00000000e+00    -4.57623725e+00   
    4.14000000e+02     0.00000000e+00    -4.57631233e+00   
    4.15000000e+02     0.00000000e+00    -4.57640238e+00   
    4.16000000e+02     0.00000000e+00    -4.57655837e+00   
    4.17000000e+02     0.00000000e+00    -4.57674323e+00   
    4.18000000e+02     0.00000000e+00    -4.57680847e+00   
    4.19000000e+02     0.00000000e+00    -4.57689749e+00   
    4.20000000e+02     0.00000000e+00    -4.57695414e+00   
    4.21000000e+02     0.00000000e+00    -4.57703873e+00   
    4.22000000e+02     0.00000000e+00    -4.57717682e+00   
    4.23000000e+02     0.00000000e+00    -4.57725247e+00   
    4.24000000e+02     0.00000000e+00    -4.57733055e+00   
    4.25000000e+02     0.00000000e+00    -4.57739209e+00   
    4.26000000e+02     0.00000000e+00    -4.57749315e+00   
    4.27000000e+02     0.00000000e+00    -4.57759017e+00   
    4.28000000e+02     0.00000000e+00    -4.57765388e+00   
    4.29000000e+02     0.00000000e+00    -4.57768544e+00   
    4.30000000e+02     0.00000000e+00    -4.57773403e+00   
    4.31000000e+02     0.00000000e+00    -4.57779489e+00   
    4.32000000e+02     0.00000000e+00    -4.57790242e+00   
    4.33000000e+02     0.00000000e+00    -4.57800534e+00   
    4.34000000e+02     0.00000000e+00    -4.57808099e+00   
    4.35000000e+02     0.00000000e+00    -4.57813626e+00   
    4.36000000e+02     0.00000000e+00    -4.57816354e+00   
    4.37000000e+02     0.00000000e+00    -4.57822234e+00   
    4.38000000e+02     0.00000000e+00    -4.57828846e+00   
    4.39000000e+02     0.00000000e+00    -4.57841019e+00   
    4.40000000e+02     0.00000000e+00    -4.57851773e+00   
    4.41000000e+02     0.00000000e+00    -4.57857909e+00   
    4.42000000e+02     0.00000000e+00    -4.57862791e+00   
    4.43000000e+02     0.00000000e+00    -4.57869909e+00   
    4.44000000e+02     0.00000000e+00    -4.57877465e+00   
    4.45000000e+02     0.00000000e+00    -4.57884174e+00   
    4.46000000e+02     0.00000000e+00    -4.57889523e+00   
    4.47000000e+02     0.00000000e+00    -4.57895014e+00   
    4.48000000e+02     0.00000000e+00    -4.57901077e+00   
    4.49000000e+02     0.00000000e+00    -4.57909265e+00   
    4.50000000e+02     0.00000000e+00    -4.57916483e+00   
    4.51000000e+02     0.00000000e+00    -4.57922178e+00   
    4.52000000e+02     0.00000000e+00    -4.57924127e+00   
    4.53000000e+02     0.00000000e+00    -4.57933468e+00   
    4.54000000e+02     0.00000000e+00    -4.57941899e+00   
    4.55000000e+02     0.00000000e+00    -4.57950460e+00   
    4.56000000e+02     0.00000000e+00    -4.57955860e+00   
    4.57000000e+02     0.00000000e+00    -4.57958927e+00   
    4.58000000e+02     0.00000000e+00    -4.57962804e+00   
    4.59000000e+02     0.00000000e+00    -4.57969672e+00   
    4.60000000e+02     0.00000000e+00    -4.57977736e+00   
    4.61000000e+02     0.00000000e+00    -4.57984143e+00   
    4.62000000e+02     0.00000000e+00    -4.57990756e+00   
    4.63000000e+02     0.00000000e+00    -4.57994911e+00   
    4.64000000e+02     0.00000000e+00    -4.57998377e+00   
    4.65000000e+02     0.00000000e+00    -4.58005047e+00   
    4.66000000e+02     0.00000000e+00    -4.58009594e+00   
    4.67000000e+02     0.00000000e+00    -4.58017237e+00   
    4.68000000e+02     0.00000000e+00    -4.58019825e+00   
    4.69000000e+02     0.00000000e+00    -4.58024986e+00   
    4.70000000e+02     0.00000000e+00    -4.58035020e+00   
    4.71000000e+02     0.00000000e+00    -4.58039852e+00   
    4.72000000e+02     0.00000000e+00    -4.58045359e+00   
    4.73000000e+02     0.00000000e+00    -4.58048331e+00   
    4.74000000e+02     0.00000000e+00    -4.58053422e+00   
    4.75000000e+02     0.00000000e+00    -4.58059270e+00   
    4.76000000e+02     0.00000000e+00    -4.58067428e+00   
    4.77000000e+02     0.00000000e+00    -4.58076743e+00   
    4.78000000e+02     0.00000000e+00    -4.58080561e+00   
    4.79000000e+02     0.00000000e+00    -4.58084282e+00   
    4.80000000e+02     0.00000000e+00    -4.58089004e+00   
    4.81000000e+02     0.00000000e+00    -4.58094197e+00   
    4.82000000e+02     0.00000000e+00    -4.58098663e+00   
    4.83000000e+02     0.00000000e+00    -4.58103552e+00   
    4.84000000e+02     0.00000000e+00    -4.58106625e+00   
    4.85000000e+02     0.00000000e+00    -4.58113821e+00   
    4.86000000e+02     0.00000000e+00    -4.58121711e+00   
    4.87000000e+02     0.00000000e+00    -4.58125792e+00   
    4.88000000e+02     0.00000000e+00    -4.58127771e+00   
    4.89000000e+02     0.00000000e+00    -4.58130968e+00   
    4.90000000e+02     0.00000000e+00    -4.58135602e+00   
    4.91000000e+02     0.00000000e+00    -4.58139962e+00   
    4.92000000e+02     0.00000000e+00    -4.58147245e+00   
    4.93000000e+02     0.00000000e+00    -4.58151491e+00   
    4.94000000e+02     0.00000000e+00    -4.58151727e+00   
    4.95000000e+02     0.00000000e+00    -4.58155619e+00   
    4.96000000e+02     0.00000000e+00    -4.58162211e+00   
    4.97000000e+02     0.00000000e+00    -4.58165654e+00   
    4.98000000e+02     0.00000000e+00    -4.58167566e+00   
    4.99000000e+02     0.00000000e+00    -4.58170693e+00   
    5.00000000e+02     0.00000000e+00    -4.58176687e+00   
    5.01000000e+02     0.00000000e+00    -4.58182932e+00   
    5.02000000e+02     0.00000000e+00    -4.58186261e+00   
    5.03000000e+02     0.00000000e+00    -4.58190484e+00   
    5.04000000e+02     0.00000000e+00    -4.58192717e+00   
    5.05000000e+02     0.00000000e+00    -4.58195876e+00   
    5.06000000e+02     0.00000000e+00    -4.58200911e+00   
    5.07000000e+02     0.00000000e+00    -4.58204650e+00   
    5.08000000e+02     0.00000000e+00    -4.58213321e+00   
    5.09000000e+02     0.00000000e+00    -4.58216870e+00   
    5.10000000e+02     0.00000000e+00    -4.58220439e+00   
    5.11000000e+02     0.00000000e+00    -4.58224610e+00   
    5.12000000e+02     0.00000000e+00    -4.58226470e+00   
    5.13000000e+02     0.00000000e+00    -4.58230336e+00   
    5.14000000e+02     0.00000000e+00    -4.58233554e+00   
    5.15000000e+02     0.00000000e+00    -4.58242417e+00   
    5.16000000e+02     0.00000000e+00    -4.58243283e+00   
    5.17000000e+02     0.00000000e+00    -4.58246488e+00   
    5.18000000e+02     0.00000000e+00    -4.58250113e+00   
    5.19000000e+02     0.00000000e+00    -4.58253708e+00   
    5.20000000e+02     0.00000000e+00    -4.58257202e+00   
    5.21000000e+02     0.00000000e+00    -4.58259822e+00   
    5.22000000e+02     0.00000000e+00    -4.58262265e+00   
    5.23000000e+02     0.00000000e+00    -4.58265851e+00   
    5.24000000e+02     0.00000000e+00    -4.58271110e+00   
    5.25000000e+02     0.00000000e+00    -4.58278753e+00   
    5.26000000e+02     0.00000000e+00    -4.58285997e+00   
    5.27000000e+02     0.00000000e+00    -4.58288440e+00   
    5.28000000e+02     0.00000000e+00    -4.58291260e+00   
    5.29000000e+02     0.00000000e+00    -4.58293620e+00   
    5.30000000e+02     0.00000000e+00    -4.58299238e+00   
    5.31000000e+02     0.00000000e+00    -4.58305409e+00   
    5.32000000e+02     0.00000000e+00    -4.58310798e+00   
    5.33000000e+02     0.00000000e+00    -4.58313530e+00   
    5.34000000e+02     0.00000000e+00    -4.58316400e+00   
    5.35000000e+02     0.00000000e+00    -4.58322970e+00   
    5.36000000e+02     0.00000000e+00    -4.58328599e+00   
    5.37000000e+02     0.00000000e+00    -4.58335216e+00   
    5.38000000e+02     0.00000000e+00    -4.58340735e+00   
    5.39000000e+02     0.00000000e+00    -4.58343823e+00   
    5.40000000e+02     0.00000000e+00    -4.58351246e+00   
    5.41000000e+02     0.00000000e+00    -4.58358411e+00   
    5.42000000e+02     0.00000000e+00    -4.58364523e+00   
    5.43000000e+02     0.00000000e+00    -4.58368846e+00   
    5.44000000e+02     0.00000000e+00    -4.58374334e+00   
    5.45000000e+02     0.00000000e+00    -4.58380261e+00   
    5.46000000e+02     0.00000000e+00    -4.58397634e+00   
    5.47000000e+02     0.00000000e+00    -4.58409399e+00   
    5.48000000e+02     0.00000000e+00    -4.58419460e+00   
    5.49000000e+02     0.00000000e+00    -4.58422311e+00   
    5.50000000e+02     0.00000000e+00    -4.58431416e+00   
    5.51000000e+02     0.00000000e+00    -4.58438118e+00   
    5.52000000e+02     0.00000000e+00    -4.58454058e+00   
    5.53000000e+02     0.00000000e+00    -4.58480953e+00   
    5.54000000e+02     0.00000000e+00    -4.58498565e+00   
    5.55000000e+02     0.00000000e+00    -4.58511879e+00   
    5.56000000e+02     0.00000000e+00    -4.58530367e+00   
    5.57000000e+02     0.00000000e+00    -4.58545543e+00   
    5.58000000e+02     0.00000000e+00    -4.58563289e+00   
    5.59000000e+02     0.00000000e+00    -4.58572989e+00   
    5.60000000e+02     0.00000000e+00    -4.58585120e+00   
    5.61000000e+02     0.00000000e+00    -4.58597047e+00   
    5.62000000e+02     0.00000000e+00    -4.58611936e+00   
    5.63000000e+02     0.00000000e+00    -4.58626827e+00   
    5.64000000e+02     0.00000000e+00    -4.58639387e+00   
    5.65000000e+02     0.00000000e+00    -4.58658101e+00   
    5.66000000e+02     0.00000000e+00    -4.58669564e+00   
    5.67000000e+02     0.00000000e+00    -4.58681915e+00   
    5.68000000e+02     0.00000000e+00    -4.58699051e+00   
    5.69000000e+02     0.00000000e+00    -4.58716133e+00   
    5.70000000e+02     0.00000000e+00    -4.58728746e+00   
    5.71000000e+02     0.00000000e+00    -4.58743591e+00   
    5.72000000e+02     0.00000000e+00    -4.58752189e+00   
    5.73000000e+02     0.00000000e+00    -4.58768945e+00   
    5.74000000e+02     0.00000000e+00    -4.58784853e+00   
    5.75000000e+02     0.00000000e+00    -4.58801531e+00   
    5.76000000e+02     0.00000000e+00    -4.58814226e+00   
    5.77000000e+02     0.00000000e+00    -4.58825911e+00   
    5.78000000e+02     0.00000000e+00    -4.58842185e+00   
    5.79000000e+02     0.00000000e+00    -4.58860653e+00   
    5.80000000e+02     0.00000000e+00    -4.58878749e+00   
    5.81000000e+02     0.00000000e+00    -4.58888873e+00   
    5.82000000e+02     0.00000000e+00    -4.58899085e+00   
    5.83000000e+02     0.00000000e+00    -4.58909396e+00   
    5.84000000e+02     0.00000000e+00    -4.58924713e+00   
    5.85000000e+02     0.00000000e+00    -4.58945325e+00   
    5.86000000e+02     0.00000000e+00    -4.58962907e+00   
    5.87000000e+02     0.00000000e+00    -4.58974145e+00   
    5.88000000e+02     0.00000000e+00    -4.58982303e+00   
    5.89000000e+02     0.00000000e+00    -4.58993198e+00   
    5.90000000e+02     0.00000000e+00    -4.59006773e+00   
    5.91000000e+02     0.00000000e+00    -4.59018550e+00   
    5.92000000e+02     0.00000000e+00    -4.59026598e+00   
    5.93000000e+02     0.00000000e+00    -4.59030611e+00   
    5.94000000e+02     0.00000000e+00    -4.59039930e+00   
    5.95000000e+02     0.00000000e+00    -4.59049250e+00   
    5.96000000e+02     0.00000000e+00    -4.59057457e+00   
    5.97000000e+02     0.00000000e+00    -4.59062810e+00   
    5.98000000e+02     0.00000000e+00    -4.59065523e+00   
    5.99000000e+02     0.00000000e+00    -4.59070523e+00   
    6.00000000e+02     0.00000000e+00    -4.59076750e+00   
    6.01000000e+02     0.00000000e+00    -4.59083957e+00   
    6.02000000e+02     0.00000000e+00    -4.59089006e+00   
    6.03000000e+02     0.00000000e+00    -4.59092919e+00   
    6.04000000e+02     0.00000000e+00    -4.59097712e+00   
    6.05000000e+02     0.00000000e+00    -4.59102979e+00   
    6.06000000e+02     0.00000000e+00    -4.59109065e+00   
    6.07000000e+02     0.00000000e+00    -4.59114561e+00   
    6.08000000e+02     0.00000000e+00    -4.59117958e+00   
    6.09000000e+02     0.00000000e+00    -4.59120651e+00   
    6.10000000e+02     0.00000000e+00    -4.59125316e+00   
    6.11000000e+02     0.00000000e+00    -4.59130442e+00   
    6.12000000e+02     0.00000000e+00    -4.59134334e+00   
    6.13000000e+02     0.00000000e+00    -4.59139997e+00   
    6.14000000e+02     0.00000000e+00    -4.59143858e+00   
    6.15000000e+02     0.00000000e+00    -4.59145771e+00   
    6.16000000e+02     0.00000000e+00    -4.59149995e+00   
    6.17000000e+02     0.00000000e+00    -4.59153792e+00   
    6.18000000e+02     0.00000000e+00    -4.59158021e+00   
    6.19000000e+02     0.00000000e+00    -4.59160254e+00   
    6.20000000e+02     0.00000000e+00    -4.59163650e+00   
    6.21000000e+02     0.00000000e+00    -4.59165187e+00   
    6.22000000e+02     0.00000000e+00    -4.59169923e+00   
    6.23000000e+02     0.00000000e+00    -4.59173868e+00   
    6.24000000e+02     0.00000000e+00    -4.59176537e+00   
    6.25000000e+02     0.00000000e+00    -4.59178212e+00   
    6.26000000e+02     0.00000000e+00    -4.59180853e+00   
    6.27000000e+02     0.00000000e+00    -4.59182925e+00   
    6.28000000e+02     0.00000000e+00    -4.59187639e+00   
    6.29000000e+02     0.00000000e+00    -4.59188321e+00   
    6.30000000e+02     0.00000000e+00    -4.59188237e+00   
    6.31000000e+02     0.00000000e+00    -4.59192062e+00   
    6.32000000e+02     0.00000000e+00    -4.59195977e+00   
    6.33000000e+02     0.00000000e+00    -4.59199200e+00   
    6.34000000e+02     0.00000000e+00    -4.59200449e+00   
    6.35000000e+02     0.00000000e+00    -4.59202641e+00   
    6.36000000e+02     0.00000000e+00    -4.59204484e+00   
    6.37000000e+02     0.00000000e+00    -4.59209849e+00   
    6.38000000e+02     0.00000000e+00    -4.59212894e+00   
    6.39000000e+02     0.00000000e+00    -4.59214491e+00   
    6.40000000e+02     0.00000000e+00    -4.59215963e+00   
    6.41000000e+02     0.00000000e+00    -4.59216735e+00   
    6.42000000e+02     0.00000000e+00    -4.59219423e+00   
    6.43000000e+02     0.00000000e+00    -4.59223325e+00   
    6.44000000e+02     0.00000000e+00    -4.59225971e+00   
    6.45000000e+02     0.00000000e+00    -4.59226488e+00   
    6.46000000e+02     0.00000000e+00    -4.59228404e+00   
    6.47000000e+02     0.00000000e+00    -4.59229903e+00   
    6.48000000e+02     0.00000000e+00    -4.59230902e+00   
    6.49000000e+02     0.00000000e+00    -4.59232419e+00   
    6.50000000e+02     0.00000000e+00    -4.59233108e+00   
    6.51000000e+02     0.00000000e+00    -4.59234031e+00   
    6.52000000e+02     0.00000000e+00    -4.59234843e+00   
    6.53000000e+02     0.00000000e+00    -4.59236961e+00   
    6.54000000e+02     0.00000000e+00    -4.59237478e+00   
    6.55000000e+02     0.00000000e+00    -4.59238406e+00   
    6.56000000e+02     0.00000000e+00    -4.59239403e+00   
    6.57000000e+02     0.00000000e+00    -4.59240109e+00   
    6.58000000e+02     0.00000000e+00    -4.59241625e+00   
    6.59000000e+02     0.00000000e+00    -4.59244932e+00   
    6.60000000e+02     0.00000000e+00    -4.59246599e+00   
    6.61000000e+02     0.00000000e+00    -4.59247068e+00   
    6.62000000e+02     0.00000000e+00    -4.59246210e+00   
    6.63000000e+02     0.00000000e+00    -4.59247038e+00   
    6.64000000e+02     0.00000000e+00    -4.59247728e+00   
    6.65000000e+02     0.00000000e+00    -4.59249604e+00   
    6.66000000e+02     0.00000000e+00    -4.59250589e+00   
    6.67000000e+02     0.00000000e+00    -4.59250113e+00   
    6.68000000e+02     0.00000000e+00    -4.59251890e+00   
    6.69000000e+02     0.00000000e+00    -4.59251964e+00   
    6.70000000e+02     0.00000000e+00    -4.59252002e+00   
    6.71000000e+02     0.00000000e+00    -4.59253399e+00   
    6.72000000e+02     0.00000000e+00    -4.59254954e+00   
    6.73000000e+02     0.00000000e+00    -4.59256312e+00   
    6.74000000e+02     0.00000000e+00    -4.59257321e+00   
    6.75000000e+02     0.00000000e+00    -4.59257409e+00   
    6.76000000e+02     0.00000000e+00    -4.59259213e+00   
    6.77000000e+02     0.00000000e+00    -4.59260147e+00   
    6.78000000e+02     0.00000000e+00    -4.59260125e+00   
    6.79000000e+02     0.00000000e+00    -4.59260915e+00   
    6.80000000e+02     0.00000000e+00    -4.59261958e+00   
    6.81000000e+02     0.00000000e+00    -4.59261802e+00   
    6.82000000e+02     0.00000000e+00    -4.59261577e+00   
    6.83000000e+02     0.00000000e+00    -4.59262281e+00   
    6.84000000e+02     0.00000000e+00    -4.59262881e+00   
    6.85000000e+02     0.00000000e+00    -4.59263675e+00   
    6.86000000e+02     0.00000000e+00    -4.59263621e+00   
    6.87000000e+02     0.00000000e+00    -4.59264046e+00   
    6.88000000e+02     0.00000000e+00    -4.59264240e+00   
    6.89000000e+02     0.00000000e+00    -4.59263229e+00   
    6.90000000e+02     0.00000000e+00    -4.59264307e+00   
    6.91000000e+02     0.00000000e+00    -4.59262905e+00   
    6.92000000e+02     0.00000000e+00    -4.59262031e+00   
    6.93000000e+02     0.00000000e+00    -4.59262850e+00   
    6.94000000e+02     0.00000000e+00    -4.59264867e+00   
    6.95000000e+02     0.00000000e+00    -4.59267045e+00   
    6.96000000e+02     0.00000000e+00    -4.59267641e+00   
    6.97000000e+02     0.00000000e+00    -4.59267309e+00   
    6.98000000e+02     0.00000000e+00    -4.59267695e+00   
    6.99000000e+02     0.00000000e+00    -4.59268233e+00   
    7.00000000e+02     0.00000000e+00    -4.59268506e+00   
    7.01000000e+02     0.00000000e+00    -4.59266073e+00   
    7.02000000e+02     0.00000000e+00    -4.59266710e+00   
    7.03000000e+02     0.00000000e+00    -4.59268014e+00   
    7.04000000e+02     0.00000000e+00    -4.59268223e+00   
    7.05000000e+02     0.00000000e+00    -4.59269409e+00   
    7.06000000e+02     0.00000000e+00    -4.59270388e+00   
    7.07000000e+02     0.00000000e+00    -4.59269796e+00   
    7.08000000e+02     0.00000000e+00    -4.59270284e+00   
    7.09000000e+02     0.00000000e+00    -4.59270977e+00   
    7.10000000e+02     0.00000000e+00    -4.59271717e+00   
    7.11000000e+02     0.00000000e+00    -4.59272125e+00   
    7.12000000e+02     0.00000000e+00    -4.59273817e+00   
    7.13000000e+02     0.00000000e+00    -4.59273578e+00   
    7.14000000e+02     0.00000000e+00    -4.59273511e+00   
    7.15000000e+02     0.00000000e+00    -4.59273918e+00   
    7.16000000e+02     0.00000000e+00    -4.59274678e+00   
    7.17000000e+02     0.00000000e+00    -4.59275329e+00   
    7.18000000e+02     0.00000000e+00    -4.59274755e+00   
    7.19000000e+02     0.00000000e+00    -4.59274516e+00   
    7.20000000e+02     0.00000000e+00    -4.59274908e+00   
    7.21000000e+02     0.00000000e+00    -4.59277018e+00   
    7.22000000e+02     0.00000000e+00    -4.59276807e+00   
    7.23000000e+02     0.00000000e+00    -4.59276373e+00   
    7.24000000e+02     0.00000000e+00    -4.59276832e+00   
    7.25000000e+02     0.00000000e+00    -4.59276970e+00   
    7.26000000e+02     0.00000000e+00    -4.59277534e+00   
    7.27000000e+02     0.00000000e+00    -4.59277246e+00   
    7.28000000e+02     0.00000000e+00    -4.59276555e+00   
    7.29000000e+02     0.00000000e+00    -4.59276796e+00   
    7.30000000e+02     0.00000000e+00    -4.59276844e+00   
    7.31000000e+02     0.00000000e+00    -4.59277838e+00   
    7.32000000e+02     0.00000000e+00    -4.59276676e+00   
    7.33000000e+02     0.00000000e+00    -4.59276983e+00   
    7.34000000e+02     0.00000000e+00    -4.59276910e+00   
    7.35000000e+02     0.00000000e+00    -4.59277113e+00   
    7.36000000e+02     0.00000000e+00    -4.59277807e+00   
    7.37000000e+02     0.00000000e+00    -4.59276486e+00   
    7.38000000e+02     0.00000000e+00    -4.59275898e+00   
    7.39000000e+02     0.00000000e+00    -4.59276196e+00   
    7.40000000e+02     0.00000000e+00    -4.59276401e+00   
    7.41000000e+02     0.00000000e+00    -4.59276295e+00   
    7.42000000e+02     0.00000000e+00    -4.59275165e+00   
    7.43000000e+02     0.00000000e+00    -4.59274360e+00   
    7.44000000e+02     0.00000000e+00    -4.59275023e+00   
    7.45000000e+02     0.00000000e+00    -4.59275225e+00   
    7.46000000e+02     0.00000000e+00    -4.59276506e+00   
    7.47000000e+02     0.00000000e+00    -4.59275900e+00   
    7.48000000e+02     0.00000000e+00    -4.59276822e+00   
    7.49000000e+02     0.00000000e+00    -4.59276068e+00   
    7.50000000e+02     0.00000000e+00    -4.59276356e+00   
    7.51000000e+02     0.00000000e+00    -4.59274691e+00   
    7.52000000e+02     0.00000000e+00    -4.59274583e+00   
    7.53000000e+02     0.00000000e+00    -4.59274070e+00   
    7.54000000e+02     0.00000000e+00    -4.59274214e+00   
    7.55000000e+02     0.00000000e+00    -4.59274153e+00   
    7.56000000e+02     0.00000000e+00    -4.59274722e+00   
    7.57000000e+02     0.00000000e+00    -4.59275080e+00   
    7.58000000e+02     0.00000000e+00    -4.59275319e+00   
    7.59000000e+02     0.00000000e+00    -4.59275547e+00   
    7.60000000e+02     0.00000000e+00    -4.59275206e+00   
    7.61000000e+02     0.00000000e+00    -4.59274897e+00   
    7.62000000e+02     0.00000000e+00    -4.59275536e+00   
    7.63000000e+02     0.00000000e+00    -4.59275504e+00   
    7.64000000e+02     0.00000000e+00    -4.59275596e+00   
    7.65000000e+02     0.00000000e+00    -4.59275667e+00   
    7.66000000e+02     0.00000000e+00    -4.59276311e+00   
    7.67000000e+02     0.00000000e+00    -4.59275921e+00   
    7.68000000e+02     0.00000000e+00    -4.59276141e+00   
    7.69000000e+02     0.00000000e+00    -4.59275607e+00   
    7.70000000e+02     0.00000000e+00    -4.59275889e+00   
    7.71000000e+02     0.00000000e+00    -4.59275814e+00   
    7.72000000e+02     0.00000000e+00    -4.59275809e+00   
    7.73000000e+02     0.00000000e+00    -4.59276608e+00   
    7.74000000e+02     0.00000000e+00    -4.59276170e+00   
    7.75000000e+02     0.00000000e+00    -4.59275979e+00   
    7.76000000e+02     0.00000000e+00    -4.59275661e+00   
    7.77000000e+02     0.00000000e+00    -4.59274446e+00   
    7.78000000e+02     0.00000000e+00    -4.59275321e+00   
    7.79000000e+02     0.00000000e+00    -4.59275045e+00   
    7.80000000e+02     0.00000000e+00    -4.59274863e+00   
    7.81000000e+02     0.00000000e+00    -4.59274901e+00   
    7.82000000e+02     0.00000000e+00    -4.59274815e+00   
    7.83000000e+02     0.00000000e+00    -4.59275454e+00   
    7.84000000e+02     0.00000000e+00    -4.59274778e+00   
    7.85000000e+02     0.00000000e+00    -4.59274560e+00   
    7.86000000e+02     0.00000000e+00    -4.59274682e+00   
    7.87000000e+02     0.00000000e+00    -4.59275047e+00   
    7.88000000e+02     0.00000000e+00    -4.59274540e+00   
    7.89000000e+02     0.00000000e+00    -4.59275072e+00   
    7.90000000e+02     0.00000000e+00    -4.59275593e+00   
    7.91000000e+02     0.00000000e+00    -4.59275752e+00   
    7.92000000e+02     0.00000000e+00    -4.59276142e+00   
    7.93000000e+02     0.00000000e+00    -4.59275967e+00   
    7.94000000e+02     0.00000000e+00    -4.59275356e+00   
    7.95000000e+02     0.00000000e+00    -4.59275650e+00   
    7.96000000e+02     0.00000000e+00    -4.59275745e+00   
    7.97000000e+02     0.00000000e+00    -4.59275428e+00   
    7.98000000e+02     0.00000000e+00    -4.59275560e+00   
    7.99000000e+02     0.00000000e+00    -4.59275740e+00   
    8.00000000e+02     0.00000000e+00    -4.59275114e+00   
    8.01000000e+02     0.00000000e+00    -4.59275137e+00   
    8.02000000e+02     0.00000000e+00    -4.59274456e+00   
    8.03000000e+02     0.00000000e+00    -4.59274937e+00   
    8.04000000e+02     0.00000000e+00    -4.59273555e+00   
    8.05000000e+02     0.00000000e+00    -4.59274181e+00   
    8.06000000e+02     0.00000000e+00    -4.59273068e+00   
    8.07000000e+02     0.00000000e+00    -4.59273775e+00   
    8.08000000e+02     0.00000000e+00    -4.59273553e+00   
    8.09000000e+02     0.00000000e+00    -4.59272758e+00   
    8.10000000e+02     0.00000000e+00    -4.59272924e+00   
    8.11000000e+02     0.00000000e+00    -4.59272619e+00   
    8.12000000e+02     0.00000000e+00    -4.59272860e+00   
    8.13000000e+02     0.00000000e+00    -4.59273108e+00   
    8.14000000e+02     0.00000000e+00    -4.59273336e+00   
    8.15000000e+02     0.00000000e+00    -4.59273732e+00   
    8.16000000e+02     0.00000000e+00    -4.59274675e+00   
    8.17000000e+02     0.00000000e+00    -4.59274456e+00   
    8.18000000e+02     0.00000000e+00    -4.59274244e+00   
    8.19000000e+02     0.00000000e+00    -4.59274596e+00   
    8.20000000e+02     0.00000000e+00    -4.59274187e+00   
    8.21000000e+02     0.00000000e+00    -4.59274417e+00   
    8.22000000e+02     0.00000000e+00    -4.59274462e+00   
    8.23000000e+02     0.00000000e+00    -4.59275197e+00   
    8.24000000e+02     0.00000000e+00    -4.59275234e+00   
    8.25000000e+02     0.00000000e+00    -4.59274552e+00   
    8.26000000e+02     0.00000000e+00    -4.59274946e+00   
    8.27000000e+02     0.00000000e+00    -4.59274603e+00   
    8.28000000e+02     0.00000000e+00    -4.59274732e+00   
    8.29000000e+02     0.00000000e+00    -4.59274786e+00   
    8.30000000e+02     0.00000000e+00    -4.59274104e+00   
    8.31000000e+02     0.00000000e+00    -4.59274963e+00   
    8.32000000e+02     0.00000000e+00    -4.59274889e+00   
    8.33000000e+02     0.00000000e+00    -4.59274198e+00   
    8.34000000e+02     0.00000000e+00    -4.59274688e+00   
    8.35000000e+02     0.00000000e+00    -4.59274149e+00   
    8.36000000e+02     0.00000000e+00    -4.59274426e+00   
    8.37000000e+02     0.00000000e+00    -4.59275262e+00   
    8.38000000e+02     0.00000000e+00    -4.59275734e+00   
    8.39000000e+02     0.00000000e+00    -4.59275264e+00   
    8.40000000e+02     0.00000000e+00    -4.59275369e+00   
    8.41000000e+02     0.00000000e+00    -4.59275276e+00   
    8.42000000e+02     0.00000000e+00    -4.59275959e+00   
    8.43000000e+02     0.00000000e+00    -4.59275992e+00   
    8.44000000e+02     0.00000000e+00    -4.59276030e+00   
    8.45000000e+02     0.00000000e+00    -4.59275593e+00   
    8.46000000e+02     0.00000000e+00    -4.59276336e+00   
    8.47000000e+02     0.00000000e+00    -4.59276155e+00   
    8.48000000e+02     0.00000000e+00    -4.59275610e+00   
    8.49000000e+02     0.00000000e+00    -4.59275746e+00   
    8.50000000e+02     0.00000000e+00    -4.59275330e+00   
    8.51000000e+02     0.00000000e+00    -4.59274323e+00   
    8.52000000e+02     0.00000000e+00    -4.59275101e+00   
    8.53000000e+02     0.00000000e+00    -4.59275674e+00   
    8.54000000e+02     0.00000000e+00    -4.59275457e+00   
    8.55000000e+02     0.00000000e+00    -4.59275028e+00   
    8.56000000e+02     0.00000000e+00    -4.59275096e+00   
    8.57000000e+02     0.00000000e+00    -4.59275036e+00   
    8.58000000e+02     0.00000000e+00    -4.59275155e+00   
    8.59000000e+02     0.00000000e+00    -4.59275368e+00   
    8.60000000e+02     0.00000000e+00    -4.59275366e+00   
    8.61000000e+02     0.00000000e+00    -4.59275971e+00   
    8.62000000e+02     0.00000000e+00    -4.59276889e+00   
    8.63000000e+02     0.00000000e+00    -4.59277280e+00   
    8.64000000e+02     0.00000000e+00    -4.59277084e+00   
    8.65000000e+02     0.00000000e+00    -4.59277735e+00   
    8.66000000e+02     0.00000000e+00    -4.59276422e+00   
    8.67000000e+02     0.00000000e+00    -4.59277504e+00   
    8.68000000e+02     0.00000000e+00    -4.59276929e+00   
    8.69000000e+02     0.00000000e+00    -4.59276987e+00   
    8.70000000e+02     0.00000000e+00    -4.59276431e+00   
    8.71000000e+02     0.00000000e+00    -4.59277905e+00   
    8.72000000e+02     0.00000000e+00    -4.59278560e+00   
    8.73000000e+02     0.00000000e+00    -4.59278523e+00   
    8.74000000e+02     0.00000000e+00    -4.59278425e+00   
    8.75000000e+02     0.00000000e+00    -4.59278814e+00   
    8.76000000e+02     0.00000000e+00    -4.59277862e+00   
    8.77000000e+02     0.00000000e+00    -4.59277728e+00   
    8.78000000e+02     0.00000000e+00    -4.59276214e+00   
    8.79000000e+02     0.00000000e+00    -4.59276036e+00   
    8.80000000e+02     0.00000000e+00    -4.59277245e+00   
    8.81000000e+02     0.00000000e+00    -4.59276128e+00   
    8.82000000e+02     0.00000000e+00    -4.59275635e+00   
    8.83000000e+02     0.00000000e+00    -4.59274902e+00   
    8.84000000e+02     0.00000000e+00    -4.59273591e+00   
    8.85000000e+02     0.00000000e+00    -4.59274613e+00   
    8.86000000e+02     0.00000000e+00    -4.59275445e+00   
    8.87000000e+02     0.00000000e+00    -4.59275636e+00   
    8.88000000e+02     0.00000000e+00    -4.59275269e+00   
    8.89000000e+02     0.00000000e+00    -4.59274612e+00   
    8.90000000e+02     0.00000000e+00    -4.59273057e+00   
    8.91000000e+02     0.00000000e+00    -4.59274239e+00   
    8.92000000e+02     0.00000000e+00    -4.59275459e+00   
    8.93000000e+02     0.00000000e+00    -4.59276704e+00   
    8.94000000e+02     0.00000000e+00    -4.59278499e+00   
    8.95000000e+02     0.00000000e+00    -4.59278360e+00   
    8.96000000e+02     0.00000000e+00    -4.59276619e+00   
    8.97000000e+02     0.00000000e+00    -4.59277476e+00   
    8.98000000e+02     0.00000000e+00    -4.59278070e+00   
    8.99000000e+02     0.00000000e+00    -4.59278811e+00   
    9.00000000e+02     0.00000000e+00    -4.59276574e+00   
    9.01000000e+02     0.00000000e+00    -4.59276530e+00   
    9.02000000e+02     0.00000000e+00    -4.59277602e+00   
    9.03000000e+02     0.00000000e+00    -4.59276681e+00   
    9.04000000e+02     0.00000000e+00    -4.59274727e+00   
    9.05000000e+02     0.00000000e+00    -4.59278124e+00   
    9.06000000e+02     0.00000000e+00    -4.59278905e+00   
    9.07000000e+02     0.00000000e+00    -4.59280463e+00   
    9.08000000e+02     0.00000000e+00    -4.59281153e+00   
    9.09000000e+02     0.00000000e+00    -4.59282341e+00   
    9.10000000e+02     0.00000000e+00    -4.59283589e+00   
    9.11000000e+02     0.00000000e+00    -4.59287659e+00   
    9.12000000e+02     0.00000000e+00    -4.59286936e+00   
    9.13000000e+02     0.00000000e+00    -4.59288487e+00   
    9.14000000e+02     0.00000000e+00    -4.59287904e+00   
    9.15000000e+02     0.00000000e+00    -4.59288870e+00   
    9.16000000e+02     0.00000000e+00    -4.59291840e+00   
    9.17000000e+02     0.00000000e+00    -4.59292332e+00   
    9.18000000e+02     0.00000000e+00    -4.59294030e+00   
    9.19000000e+02     0.00000000e+00    -4.59294554e+00   
    9.20000000e+02     0.00000000e+00    -4.59294499e+00   
    9.21000000e+02     0.00000000e+00    -4.59294696e+00   
    9.22000000e+02     0.00000000e+00    -4.59296650e+00   
    9.23000000e+02     0.00000000e+00    -4.59296011e+00   
    9.24000000e+02     0.00000000e+00    -4.59297773e+00   
    9.25000000e+02     0.00000000e+00    -4.59297419e+00   
    9.26000000e+02     0.00000000e+00    -4.59299634e+00   
    9.27000000e+02     0.00000000e+00    -4.59300174e+00   
    9.28000000e+02     0.00000000e+00    -4.59301525e+00   
    9.29000000e+02     0.00000000e+00    -4.59301961e+00   
    9.30000000e+02     0.00000000e+00    -4.59301423e+00   
    9.31000000e+02     0.00000000e+00    -4.59303101e+00   
    9.32000000e+02     0.00000000e+00    -4.59304298e+00   
    9.33000000e+02     0.00000000e+00    -4.59304926e+00   
    9.34000000e+02     0.00000000e+00    -4.59305697e+00   
    9.35000000e+02     0.00000000e+00    -4.59306547e+00   
    9.36000000e+02     0.00000000e+00    -4.59306920e+00   
    9.37000000e+02     0.00000000e+00    -4.59309953e+00   
    9.38000000e+02     0.00000000e+00    -4.59309519e+00   
    9.39000000e+02     0.00000000e+00    -4.59309939e+00   
    9.40000000e+02     0.00000000e+00    -4.59309372e+00   
    9.41000000e+02     0.00000000e+00    -4.59309584e+00   
    9.42000000e+02     0.00000000e+00    -4.59313301e+00   
    9.43000000e+02     0.00000000e+00    -4.59315590e+00   
    9.44000000e+02     0.00000000e+00    -4.59316104e+00   
    9.45000000e+02     0.00000000e+00    -4.59316194e+00   
    9.46000000e+02     0.00000000e+00    -4.59318543e+00   
    9.47000000e+02     0.00000000e+00    -4.59321649e+00   
    9.48000000e+02     0.00000000e+00    -4.59324844e+00   
    9.49000000e+02     0.00000000e+00    -4.59329272e+00   
    9.50000000e+02     0.00000000e+00    -4.59330611e+00   
    9.51000000e+02     0.00000000e+00    -4.59332842e+00   
    9.52000000e+02     0.00000000e+00    -4.59333398e+00   
    9.53000000e+02     0.00000000e+00    -4.59341243e+00   
    9.54000000e+02     0.00000000e+00    -4.59345719e+00   
    9.55000000e+02     0.00000000e+00    -4.59350509e+00   
    9.56000000e+02     0.00000000e+00    -4.59356051e+00   
    9.57000000e+02     0.00000000e+00    -4.59358775e+00   
    9.58000000e+02     0.00000000e+00    -4.59363712e+00   
    9.59000000e+02     0.00000000e+00    -4.59368072e+00   
    9.60000000e+02     0.00000000e+00    -4.59373224e+00   
    9.61000000e+02     0.00000000e+00    -4.59387973e+00   
    9.62000000e+02     0.00000000e+00    -4.59389878e+00   
    9.63000000e+02     0.00000000e+00    -4.59397325e+00   
    9.64000000e+02     0.00000000e+00    -4.59405653e+00   
    9.65000000e+02     0.00000000e+00    -4.59410707e+00   
    9.66000000e+02     0.00000000e+00    -4.59420410e+00   
    9.67000000e+02     0.00000000e+00    -4.59424821e+00   
    9.68000000e+02     0.00000000e+00    -4.59431174e+00   
    9.69000000e+02     0.00000000e+00    -4.59443556e+00   
    9.70000000e+02     0.00000000e+00    -4.59452357e+00   
    9.71000000e+02     0.00000000e+00    -4.59463525e+00   
    9.72000000e+02     0.00000000e+00    -4.59467632e+00   
    9.73000000e+02     0.00000000e+00    -4.59475141e+00   
    9.74000000e+02     0.00000000e+00    -4.59480610e+00   
    9.75000000e+02     0.00000000e+00    -4.59491712e+00   
    9.76000000e+02     0.00000000e+00    -4.59504984e+00   
    9.77000000e+02     0.00000000e+00    -4.59514962e+00   
    9.78000000e+02     0.00000000e+00    -4.59522838e+00   
    9.79000000e+02     0.00000000e+00    -4.59531461e+00   
    9.80000000e+02     0.00000000e+00    -4.59535761e+00   
    9.81000000e+02     0.00000000e+00    -4.59543872e+00   
    9.82000000e+02     0.00000000e+00    -4.59554613e+00   
    9.83000000e+02     0.00000000e+00    -4.59560966e+00   
    9.84000000e+02     0.00000000e+00    -4.59565693e+00   
    9.85000000e+02     0.00000000e+00    -4.59574808e+00   
    9.86000000e+02     0.00000000e+00    -4.59582884e+00   
    9.87000000e+02     0.00000000e+00    -4.59595226e+00   
    9.88000000e+02     0.00000000e+00    -4.59602758e+00   
    9.89000000e+02     0.00000000e+00    -4.59607155e+00   
    9.90000000e+02     0.00000000e+00    -4.59615098e+00   
    9.91000000e+02     0.00000000e+00    -4.59624713e+00   
    9.92000000e+02     0.00000000e+00    -4.59634843e+00   
    9.93000000e+02     0.00000000e+00    -4.59642045e+00   
    9.94000000e+02     0.00000000e+00    -4.59649007e+00   
    9.95000000e+02     0.00000000e+00    -4.59654829e+00   
    9.96000000e+02     0.00000000e+00    -4.59661041e+00   
    9.97000000e+02     0.00000000e+00    -4.59665751e+00   
    9.98000000e+02     0.00000000e+00    -4.59672368e+00   
    9.99000000e+02     0.00000000e+00    -4.59684343e+00   
    1.00000000e+03     0.00000000e+00    -4.59694364e+00   
