0.00158505389136
5.92454858389e-06
5.91036688436e-06
5.9104488114e-06
5.91047292124e-06
5.7894091293e-06
5.78949050383e-06
5.78951398142e-06
5.66818803432e-06
5.66826882437e-06
5.66820204333e-06
4.82799700564e-06
4.82807258893e-06
4.8280898439e-06
4.70297326587e-06
4.70304788311e-06
4.70306415099e-06
4.45249348045e-06
4.4525659484e-06
4.45249968199e-06
4.32518726233e-06
4.3252585228e-06
4.32527142445e-06
4.19707138111e-06
4.19714133511e-06
4.19715294422e-06
4.07344975598e-06
4.0735183544e-06
4.07338979082e-06
4.06778286092e-06
4.06785139955e-06
4.06786161409e-06
3.93750075764e-06
3.93745224883e-06
2.15969828922e-06
2.15278261987e-06
2.15280178809e-06
2.15279987121e-06
2.15260369854e-06
2.12056137843e-06
2.12057999253e-06
2.12036819733e-06
2.0897256672e-06
2.08974379162e-06
2.08953109322e-06
2.03085252253e-06
2.03086979357e-06
2.03067437643e-06
2.00327248605e-06
2.0032894249e-06
2.00309277441e-06
1.39078976238e-06
1.3908109029e-06
1.39055812926e-06
1.36516573059e-06
1.36518600242e-06
1.36493593428e-06
9.83117379991e-07
9.82921755454e-07
7.89233179787e-07
7.89248327801e-07
7.89042139524e-07
7.66867371102e-07
7.66652111904e-07
7.66643717804e-07
7.23105635405e-07
7.23120397975e-07
7.22910033238e-07
6.80621503459e-07
6.80636163598e-07
6.80423893947e-07
6.38841053223e-07
6.38855668327e-07
6.38642079777e-07
5.35546367673e-07
5.35319494171e-07
4.94786054263e-07
4.94563546967e-07
4.53995355202e-07
4.54009940811e-07
4.53794007976e-07
3.92849644585e-07
3.92864230175e-07
3.92648315628e-07
2.50099854317e-07
2.50114439869e-07
2.49898595339e-07
2.09282043309e-07
2.09296628877e-07
2.0908073544e-07
1.48131862786e-07
1.47901425499e-07
1.07324107936e-07
1.07338693532e-07
1.07122869268e-07
6.65045653377e-08
6.6519152059e-08
6.62867668338e-08
2.57429568425e-08
2.57575533057e-08
2.55433592847e-08
5.54004478608e-08
5.72446727492e-08
5.7552550066e-08
5.78153062921e-08
5.78580452851e-08
5.80902438011e-08
2.90323957964e-07
3.02096660703e-07
3.04069356888e-07
3.04126376453e-07
3.04122066215e-07
3.04155947044e-07
3.04120237772e-07
3.62499238725e-07
3.73111507106e-07
4.12970925152e-07
4.19744556775e-07
4.39482637172e-07
4.42737180887e-07
4.4326531187e-07
4.4335032625e-07
4.43381124273e-07
4.43344429517e-07
1.63182215992e-06
1.65971495487e-06
1.66423209774e-06
1.66496308908e-06
1.6660834602e-06
1.6660674589e-06
1.7566113406e-06
1.77129917332e-06
1.77752364037e-06
1.77755011972e-06
1.77755736301e-06
1.77762885884e-06
1.77755309693e-06
1.77764632344e-06
1.77755639582e-06
1.91467831643e-06
2.83871020329e-06
2.87652655502e-06
2.88264704123e-06
2.88523984291e-06
2.88743654866e-06
2.88734008562e-06
2.88749118282e-06
2.8876033518e-06
2.95753078962e-06
2.96885065355e-06
2.98880181682e-06
2.99203039953e-06
2.99476576757e-06
2.99592450997e-06
2.99600802444e-06
2.99606289827e-06
3.63197757136e-06
3.6448915521e-06
3.64593636477e-06
3.64637895632e-06
3.64664876548e-06
3.646861291e-06
4.47283675388e-06
4.50636845205e-06
4.50704669168e-06
4.50733399897e-06
4.50734950474e-06
4.50767100625e-06
4.50761683537e-06
4.67304268218e-06
4.69983582179e-06
4.71118620873e-06
4.72080266296e-06
4.72089994717e-06
4.72094264447e-06
4.7213365126e-06
4.72129384847e-06
4.78580183687e-06
4.79624068844e-06
4.81223995365e-06
4.82702435303e-06
4.82762240965e-06
4.8276126815e-06
4.82793546238e-06
4.91838129871e-06
4.93300123992e-06
4.93418404604e-06
4.93426884098e-06
4.93456215814e-06
4.93457983095e-06
4.98897519315e-06
4.99777733324e-06
5.03743440681e-06
5.04064292884e-06
5.04074028059e-06
5.04067484619e-06
5.04106459025e-06
5.04104129272e-06
5.04104473396e-06
5.17895857268e-06
5.20129577981e-06
5.23546593233e-06
5.24837951204e-06
5.25046901141e-06
5.2536714415e-06
5.25366199633e-06
5.25398720191e-06
5.25398092062e-06
5.25396992054e-06
5.25405165905e-06
5.25398328295e-06
5.4213543276e-06
5.44845920259e-06
5.45994144488e-06
5.46480547792e-06
5.46559249974e-06
5.46625927637e-06
5.46643474177e-06
5.46676065734e-06
5.67019751632e-06
5.67843302593e-06
5.67876616222e-06
5.67880015694e-06
5.67917294191e-06
5.67938165671e-06
5.77910964284e-06
5.7831441549e-06
5.78485320986e-06
5.78488428661e-06
5.78495527716e-06
5.78487875603e-06
5.78497791607e-06
5.78487752956e-06
5.78498293741e-06
5.78487725741e-06
5.78498405133e-06
5.78487719708e-06
5.78538338708e-06
5.78535811206e-06
5.85989255815e-06
5.99310215904e-06
5.99579891291e-06
5.99694127939e-06
5.99712611826e-06
5.99704871278e-06
5.99763605796e-06
5.99762379022e-06
6.06885848463e-06
6.18494612814e-06
6.20374897071e-06
6.20679138634e-06
6.20808017801e-06
6.20862611958e-06
6.209088649e-06
6.20905605919e-06
6.20960533957e-06
6.20958679716e-06
6.27784510198e-06
6.28889019332e-06
6.31437377013e-06
6.31488919713e-06
6.31500005275e-06
6.31533468345e-06
6.31551071504e-06
6.49980679431e-06
6.51472756711e-06
6.5242012746e-06
6.52573416413e-06
6.52638350747e-06
6.52665857387e-06
6.52666750637e-06
6.52718439673e-06
6.52729577895e-06
6.66998565467e-06
6.69309324637e-06
6.72996576836e-06
6.73593202793e-06
6.73689739328e-06
6.73771526434e-06
6.73806172043e-06
6.73824755719e-06
6.73869741628e-06
6.73878030544e-06
7.11777774032e-06
7.14848155456e-06
7.15344963042e-06
7.16106385511e-06
7.16110998718e-06
7.16179312369e-06
7.16179580526e-06
7.19944135658e-06
7.58334011842e-06
7.5834377581e-06
7.58341245625e-06
7.58401959173e-06
7.58416876757e-06
7.64020071764e-06
7.64926714106e-06
7.6831410363e-06
7.68862204213e-06
7.68884375417e-06
7.68882961317e-06
7.6895189304e-06
7.68952241694e-06
7.83425308547e-06
7.89561185514e-06
7.898093939e-06
7.89914536796e-06
7.89959076076e-06
7.89967130136e-06
7.9001697032e-06
7.90038082988e-06
7.90036214579e-06
7.90044685018e-06
7.9003585685e-06
7.90046149364e-06
7.90036133443e-06
7.99134930817e-06
7.99871069121e-06
8.00494738043e-06
8.00496535277e-06
8.00552490469e-06
8.00576193467e-06
8.0057541902e-06
8.07823926919e-06
8.08995020221e-06
8.10789879011e-06
8.10935087259e-06
8.10996598492e-06
8.11022655054e-06
8.11051770135e-06
8.11112975373e-06
8.11112059997e-06
8.17294257384e-06
8.18294584682e-06
8.21558726608e-06
8.21564407879e-06
8.21637622194e-06
8.21638646729e-06
8.21646367127e-06
8.21640298618e-06
9.78583600699e-06
9.7937868723e-06
9.7950733521e-06
9.79528150892e-06
9.79534922989e-06
9.7961315452e-06
9.79625812641e-06
9.79634350929e-06
9.87190543314e-06
9.88413185078e-06
9.89966288562e-06
9.90029113172e-06
9.90028412949e-06
9.90103020783e-06
9.90123761111e-06
9.90126351029e-06
9.90122496941e-06
1.01936618732e-05
1.02055005578e-05
1.02105155206e-05
1.02147642713e-05
1.0215108003e-05
1.021514489e-05
1.02152154895e-05
1.02151651938e-05
1.02158684693e-05
1.02161663816e-05
1.02163100711e-05
1.02693493448e-05
1.03163908951e-05
1.03182937858e-05
1.03199059415e-05
1.03200363678e-05
1.03200381263e-05
1.03208491343e-05
1.03209803582e-05
1.03210727487e-05
1.03211288221e-05
1.03210647039e-05
1.0523088763e-05
1.05271770944e-05
1.05289089409e-05
1.05296425631e-05
1.05298445498e-05
1.05306654858e-05
1.0530798316e-05
1.0530893128e-05
1.07279215626e-05
1.07358961124e-05
1.07392741918e-05
1.07395474842e-05
1.07395544331e-05
1.07404041178e-05
1.07405415998e-05
1.07406435021e-05
1.07809699571e-05
1.08748425779e-05
1.09146530592e-05
1.09345079539e-05
1.09481536332e-05
1.09487056139e-05
1.09491732595e-05
1.09491400685e-05
1.09500508967e-05
1.09501982718e-05
1.09503152992e-05
1.11173356189e-05
1.11443779645e-05
1.11558333491e-05
1.11576868733e-05
1.11584720391e-05
1.11588046405e-05
1.1158749563e-05
1.11598064398e-05
1.11599774459e-05
1.11599410064e-05
1.12041805929e-05
1.12314059669e-05
1.12626885921e-05
1.12633212999e-05
1.12634804085e-05
1.12646693604e-05
1.12647528405e-05
1.24949339762e-05
1.25198542361e-05
1.25203582606e-05
1.25205717687e-05
1.25204972165e-05
1.25216005546e-05
1.25217790785e-05
1.25219436053e-05
1.2586723834e-05
1.25972055875e-05
1.26226120831e-05
1.26246675185e-05
1.2625000095e-05
1.26251727462e-05
1.26264226676e-05
1.26265237883e-05
1.26264575267e-05
1.3039759674e-05
1.30418517446e-05
1.30427379603e-05
1.30434887741e-05
1.30435010919e-05
1.30449634445e-05
1.30449726002e-05
1.31055364347e-05
1.31153359414e-05
1.31432831464e-05
1.31478051147e-05
1.31479029297e-05
1.3147876621e-05
1.31479641041e-05
1.3147873306e-05
1.31494179943e-05
1.31494337986e-05
1.32060822047e-05
1.32152297699e-05
1.32500900751e-05
1.32515002098e-05
1.32520975524e-05
1.32523505909e-05
1.3252629211e-05
1.32536536727e-05
1.3253819434e-05
1.32539643068e-05
1.32540069726e-05
1.32539997323e-05
1.34146086488e-05
1.34406131265e-05
1.34570691904e-05
1.34597318426e-05
1.34608597604e-05
1.34613375543e-05
1.3461539951e-05
1.34615164701e-05
1.34625485141e-05
1.34629856952e-05
1.3463061686e-05
1.36385338703e-05
1.36669433376e-05
1.36692417187e-05
1.36702153288e-05
1.36703728623e-05
1.367050506e-05
1.36705510922e-05
1.36704954022e-05
1.36715470955e-05
1.36719925998e-05
1.36720720923e-05
1.37153817187e-05
1.37337280641e-05
1.37492713754e-05
1.37706054901e-05
1.377405743e-05
1.37746159659e-05
1.37748525655e-05
1.37749437628e-05
1.37764149714e-05
1.37765339947e-05
1.37765255953e-05
1.38729385324e-05
1.38768339444e-05
1.3878484068e-05
1.38791830719e-05
1.38794791748e-05
1.38794953405e-05
1.3881005204e-05
1.38811273546e-05
1.38810378693e-05
1.39698057012e-05
1.3976987234e-05
1.39830715316e-05
1.39835637621e-05
1.39837722741e-05
1.39838396519e-05
1.39839026799e-05
1.3983864285e-05
1.39852563125e-05
1.39854815471e-05
1.39854676971e-05
1.40859237376e-05
1.41709281398e-05
1.41846991517e-05
1.41905326547e-05
1.41914765358e-05
1.41922762049e-05
1.419261495e-05
1.41927926403e-05
1.41940657455e-05
1.41942717384e-05
1.41944781643e-05
1.42422679864e-05
1.42763552523e-05
1.43341620719e-05
1.43948072712e-05
1.43997135984e-05
1.44005074593e-05
1.4401180029e-05
1.4401464934e-05
1.44015969881e-05
1.44016431167e-05
1.44015873332e-05
1.44032972211e-05
1.44033262485e-05
1.44746496129e-05
1.45878095603e-05
1.4606136299e-05
1.46091016325e-05
1.46103577683e-05
1.46104593918e-05
1.46104361457e-05
1.46121269767e-05
1.46121544411e-05
1.46789470226e-05
1.46897543549e-05
1.47063179531e-05
1.47133344169e-05
1.47144697054e-05
1.47146533989e-05
1.47148255791e-05
1.4716074479e-05
1.47162765552e-05
1.47164769252e-05
1.47165051801e-05
1.4716464537e-05
1.47165558895e-05
1.47164741161e-05
1.50177178923e-05
1.50238150477e-05
1.50263978458e-05
1.5027491937e-05
1.50279554013e-05
1.5028042344e-05
1.50294832861e-05
1.50297164353e-05
1.50298045951e-05
1.50906110064e-05
1.51004497408e-05
1.51277413094e-05
1.51321571881e-05
1.51322550279e-05
1.51322955857e-05
1.51341006096e-05
1.51341372617e-05
1.52743039472e-05
1.52970005183e-05
1.53314745714e-05
1.53370526059e-05
1.53394155004e-05
1.53404164386e-05
1.53408404431e-05
1.53410902521e-05
1.53426837861e-05
1.53428127058e-05
1.53428125316e-05
1.55172119302e-05
1.55454475925e-05
1.55477319105e-05
1.55496672163e-05
1.55497143535e-05
1.55508634976e-05
1.5551350283e-05
1.55515564888e-05
1.55515344229e-05
1.5606242115e-05
1.56150940426e-05
1.56390181524e-05
1.5653709343e-05
1.56538579112e-05
1.5653976169e-05
1.56556473675e-05
1.56557825703e-05
1.56557876914e-05
1.57220875389e-05
1.57327965695e-05
1.57492095041e-05
1.57576984907e-05
1.57580418777e-05
1.57583327997e-05
1.57582704209e-05
1.57597738063e-05
1.57600170593e-05
1.57602804403e-05
1.93949511559e-05
1.94041561522e-05
1.94080554533e-05
1.94086863734e-05
1.94089536355e-05
1.94090703548e-05
1.94107322263e-05
1.94114362061e-05
1.9411624726e-05
1.95703641054e-05
1.95960656211e-05
1.96133414819e-05
1.96161367769e-05
1.96165890651e-05
1.96172822531e-05
1.96172846923e-05
1.96194873719e-05
1.96196655726e-05
1.9619828984e-05
1.97753316372e-05
1.98005094242e-05
1.98187381534e-05
1.98216876257e-05
1.98241864595e-05
1.98252449823e-05
1.9825416255e-05
1.98253790746e-05
1.98276962392e-05
1.98278837019e-05
1.98279328078e-05
1.9915715923e-05
1.9922817751e-05
1.99288345185e-05
1.99293212852e-05
1.99294177447e-05
1.99318998266e-05
1.99319977009e-05
1.99319294406e-05
2.00028167201e-05
2.00327960609e-05
2.00334024065e-05
2.0033549514e-05
2.00354346827e-05
2.00357397095e-05
2.00359981323e-05
2.00361073452e-05
2.01366468374e-05
2.01371552028e-05
2.01373705499e-05
2.01375908459e-05
2.01400132232e-05
2.01401110984e-05
2.01400842876e-05
2.02050406404e-05
2.02897339538e-05
2.03034544195e-05
2.03244827487e-05
2.03400699771e-05
2.03425920452e-05
2.03447287757e-05
2.03456339094e-05
2.03456706017e-05
2.03474335205e-05
2.03481803051e-05
2.03483869047e-05
2.05032928763e-05
2.052837409e-05
2.05532298207e-05
2.05537325389e-05
2.05537041079e-05
2.05563019853e-05
2.05563998627e-05
2.05563315696e-05
2.07116138883e-05
2.07367559899e-05
2.07546303793e-05
2.07575225183e-05
2.07599727778e-05
2.07610107247e-05
2.0761450406e-05
2.07618229099e-05
2.07617733991e-05
2.07636983736e-05
2.07645138061e-05
2.07645359806e-05
2.09473040641e-05
2.09620987809e-05
2.09683659274e-05
2.09693799733e-05
2.09698095298e-05
2.09697692393e-05
2.09698608373e-05
2.09697664591e-05
2.0971865191e-05
2.09722047729e-05
2.09724924713e-05
2.09726264372e-05
2.10649105437e-05
2.10723765086e-05
2.10735845276e-05
2.10737799891e-05
2.10737529886e-05
2.10763974094e-05
2.10764952892e-05
2.10765355205e-05
2.11492225835e-05
2.11609648397e-05
2.11749162141e-05
2.1177173595e-05
2.1177538847e-05
2.11778482935e-05
2.11777885581e-05
2.11778852546e-05
2.11777865552e-05
2.11778934526e-05
2.11777881039e-05
2.11803616779e-05
2.11805698842e-05
2.11806364931e-05
2.12155833232e-05
2.13607420058e-05
2.138424603e-05
2.13851967886e-05
2.13855995363e-05
2.13858309345e-05
2.13883352742e-05
2.13885378794e-05
2.13887386005e-05
2.14337078298e-05
2.14617985492e-05
2.14883239599e-05
2.14893969362e-05
2.14895705474e-05
2.14899193459e-05
2.14919538089e-05
2.14922829918e-05
2.14925618804e-05
2.14925702175e-05
2.14926490901e-05
2.14925866911e-05
2.15441743895e-05
2.15866935153e-05
2.15935544609e-05
2.1593831992e-05
2.15938397309e-05
2.15961485375e-05
2.15965221102e-05
2.15967287992e-05
2.16443363326e-05
2.16776580548e-05
2.1689083242e-05
2.16939230314e-05
2.16959731994e-05
2.16977101297e-05
2.16977408203e-05
2.17005004644e-05
2.17005983465e-05
2.17006385513e-05
2.22884977622e-05
2.23123079056e-05
2.23161604707e-05
2.23194244166e-05
2.23208070464e-05
2.23213927379e-05
2.23216408408e-05
2.23216360796e-05
2.23237000689e-05
2.23245743891e-05
2.23246060163e-05
2.23685769953e-05
2.23948075329e-05
2.24226390344e-05
2.2424890652e-05
2.24252549715e-05
2.24255636279e-05
2.24255845128e-05
2.24281522506e-05
2.24285677193e-05
2.24285250984e-05
2.25245711335e-05
2.25284515811e-05
2.25290794507e-05
2.25296113905e-05
2.25295875917e-05
2.25323364773e-05
2.25325588669e-05
2.25325432227e-05
2.25326284091e-05
2.25325563589e-05
2.26289471237e-05
2.26328462226e-05
2.26334771101e-05
2.2633469317e-05
2.26354740306e-05
2.2636323241e-05
2.26364606464e-05
2.26364672033e-05
2.273700489e-05
2.27375126573e-05
2.2737484938e-05
2.27401089043e-05
2.27405334712e-05
2.27404923083e-05
2.28155301614e-05
2.29161802371e-05
2.29324825241e-05
2.29430291859e-05
2.29447356722e-05
2.29450117875e-05
2.29453250816e-05
2.29453241781e-05
2.29453081544e-05
2.29453934674e-05
2.29453212429e-05
2.29484863075e-05
2.29484743265e-05
2.30306917889e-05
2.30439948848e-05
2.30461473716e-05
2.30479709879e-05
2.30487434843e-05
2.3049070719e-05
2.30492380656e-05
2.30512728551e-05
2.30521348058e-05
2.30522742723e-05
2.30523781496e-05
2.32318828088e-05
2.32464134679e-05
2.32525687566e-05
2.3255176179e-05
2.32562807012e-05
2.32567485842e-05
2.32571449812e-05
2.32570992198e-05
2.32591476626e-05
2.32600153972e-05
2.32601557996e-05
2.32602611026e-05
2.3323567363e-05
2.34016536654e-05
2.341430503e-05
2.34403065964e-05
2.34606348111e-05
2.34639239872e-05
2.34644561871e-05
2.34649070739e-05
2.34649881642e-05
2.34672872899e-05
2.34676592962e-05
2.34679744652e-05
2.34681315908e-05
2.35889912402e-05
2.364023213e-05
2.36485230911e-05
2.36688929174e-05
2.36721888264e-05
2.36727221156e-05
2.36728381036e-05
2.36755574085e-05
2.36759974015e-05
2.36759586958e-05
2.3850488411e-05
2.38787447451e-05
2.38798877387e-05
2.38803719185e-05
2.38805770204e-05
2.38805539775e-05
2.38833288244e-05
2.38837778041e-05
2.38838580883e-05
2.42741389683e-05
2.42899435528e-05
2.42925007893e-05
2.4294667315e-05
2.42955850701e-05
2.42959738372e-05
2.42961932644e-05
2.42986106713e-05
2.4299001816e-05
2.42993331991e-05
2.42995040284e-05
2.43326107205e-05
2.43531857044e-05
2.43775318749e-05
2.43878450851e-05
2.43982723922e-05
2.43999595666e-05
2.43999861163e-05
2.44026667075e-05
2.44031004363e-05
2.44033579707e-05
2.44776476096e-05
2.44897846535e-05
2.44999684538e-05
2.45016162277e-05
2.45030122444e-05
2.45036036065e-05
2.45038541114e-05
2.45039563928e-05
2.45065111023e-05
2.45069244629e-05
2.45072746677e-05
2.4507313086e-05
2.4595092542e-05
2.46021940637e-05
2.46052023171e-05
2.46077509506e-05
2.46077388895e-05
2.46078232145e-05
2.46077525398e-05
2.46110534639e-05
2.46111513564e-05
2.46111243578e-05
2.46112125793e-05
2.46111359225e-05
2.52196521361e-05
2.5225813544e-05
2.5231033574e-05
2.5231029174e-05
2.52344010705e-05
2.52344989646e-05
2.52345390425e-05
2.53252710137e-05
2.53326113989e-05
2.53337990982e-05
2.53348053333e-05
2.53348581654e-05
2.53380555858e-05
2.53383142623e-05
2.5338423456e-05
2.54003802824e-05
2.54103862195e-05
2.54310632014e-05
2.54344088087e-05
2.54372432532e-05
2.54384439432e-05
2.54386382188e-05
2.54388259865e-05
2.54410113384e-05
2.54419370683e-05
2.54423292136e-05
2.54422826995e-05
2.55033157211e-05
2.55131910846e-05
2.55405210423e-05
2.55416265629e-05
2.55425631752e-05
2.55426047347e-05
2.55455809223e-05
2.55460624796e-05
2.55461565025e-05
2.56366998955e-05
2.56440155707e-05
2.5645199272e-05
2.564620212e-05
2.56463643841e-05
2.56465030826e-05
2.56494966574e-05
2.56499810281e-05
2.56500762388e-05
2.58219397021e-05
2.58497645784e-05
2.58520156596e-05
2.58539228063e-05
2.58540770976e-05
2.58542035698e-05
2.58570500582e-05
2.58575106297e-05
2.58577908529e-05
2.59466111339e-05
2.59537968584e-05
2.59568407808e-05
2.59573332979e-05
