# column   1     --> step : The current simulation time step.
# column   2     --> time{picosecond} : The elapsed simulation time.
# column   3     --> potential{atomic_unit} : The physical system potential energy.
    0.00000000e+00     0.00000000e+00    -2.20155242e+00   
    1.00000000e+00     0.00000000e+00    -3.27443645e+00   
    2.00000000e+00     0.00000000e+00    -3.47639206e+00   
    3.00000000e+00     0.00000000e+00    -3.57235887e+00   
    4.00000000e+00     0.00000000e+00    -3.63966453e+00   
    5.00000000e+00     0.00000000e+00    -3.68727119e+00   
    6.00000000e+00     0.00000000e+00    -3.72428606e+00   
    7.00000000e+00     0.00000000e+00    -3.75447508e+00   
    8.00000000e+00     0.00000000e+00    -3.77999385e+00   
    9.00000000e+00     0.00000000e+00    -3.80232124e+00   
    1.00000000e+01     0.00000000e+00    -3.82212995e+00   
    1.10000000e+01     0.00000000e+00    -3.84025410e+00   
    1.20000000e+01     0.00000000e+00    -3.85666584e+00   
    1.30000000e+01     0.00000000e+00    -3.87198169e+00   
    1.40000000e+01     0.00000000e+00    -3.88605211e+00   
    1.50000000e+01     0.00000000e+00    -3.89931212e+00   
    1.60000000e+01     0.00000000e+00    -3.91161788e+00   
    1.70000000e+01     0.00000000e+00    -3.92339623e+00   
    1.80000000e+01     0.00000000e+00    -3.93432647e+00   
    1.90000000e+01     0.00000000e+00    -3.94485322e+00   
    2.00000000e+01     0.00000000e+00    -3.95465147e+00   
    2.10000000e+01     0.00000000e+00    -3.96416905e+00   
    2.20000000e+01     0.00000000e+00    -3.97309484e+00   
    2.30000000e+01     0.00000000e+00    -3.98174565e+00   
    2.40000000e+01     0.00000000e+00    -3.98987273e+00   
    2.50000000e+01     0.00000000e+00    -3.99781676e+00   
    2.60000000e+01     0.00000000e+00    -4.00528961e+00   
    2.70000000e+01     0.00000000e+00    -4.01258626e+00   
    2.80000000e+01     0.00000000e+00    -4.01945828e+00   
    2.90000000e+01     0.00000000e+00    -4.02617336e+00   
    3.00000000e+01     0.00000000e+00    -4.03251711e+00   
    3.10000000e+01     0.00000000e+00    -4.03876819e+00   
    3.20000000e+01     0.00000000e+00    -4.04468883e+00   
    3.30000000e+01     0.00000000e+00    -4.05048547e+00   
    3.40000000e+01     0.00000000e+00    -4.05602397e+00   
    3.50000000e+01     0.00000000e+00    -4.06147258e+00   
    3.60000000e+01     0.00000000e+00    -4.06672110e+00   
    3.70000000e+01     0.00000000e+00    -4.07188211e+00   
    3.80000000e+01     0.00000000e+00    -4.07680612e+00   
    3.90000000e+01     0.00000000e+00    -4.08165540e+00   
    4.00000000e+01     0.00000000e+00    -4.08630162e+00   
    4.10000000e+01     0.00000000e+00    -4.09085337e+00   
    4.20000000e+01     0.00000000e+00    -4.09522837e+00   
    4.30000000e+01     0.00000000e+00    -4.09956214e+00   
    4.40000000e+01     0.00000000e+00    -4.10374078e+00   
    4.50000000e+01     0.00000000e+00    -4.10782936e+00   
    4.60000000e+01     0.00000000e+00    -4.11177418e+00   
    4.70000000e+01     0.00000000e+00    -4.11569717e+00   
    4.80000000e+01     0.00000000e+00    -4.11952196e+00   
    4.90000000e+01     0.00000000e+00    -4.12326591e+00   
    5.00000000e+01     0.00000000e+00    -4.12685803e+00   
    5.10000000e+01     0.00000000e+00    -4.13041599e+00   
    5.20000000e+01     0.00000000e+00    -4.13388410e+00   
    5.30000000e+01     0.00000000e+00    -4.13732707e+00   
    5.40000000e+01     0.00000000e+00    -4.14061239e+00   
    5.50000000e+01     0.00000000e+00    -4.14390890e+00   
    5.60000000e+01     0.00000000e+00    -4.14702479e+00   
    5.70000000e+01     0.00000000e+00    -4.15011889e+00   
    5.80000000e+01     0.00000000e+00    -4.15311075e+00   
    5.90000000e+01     0.00000000e+00    -4.15606232e+00   
    6.00000000e+01     0.00000000e+00    -4.15892178e+00   
    6.10000000e+01     0.00000000e+00    -4.16173731e+00   
    6.20000000e+01     0.00000000e+00    -4.16447250e+00   
    6.30000000e+01     0.00000000e+00    -4.16715610e+00   
    6.40000000e+01     0.00000000e+00    -4.16979731e+00   
    6.50000000e+01     0.00000000e+00    -4.17244934e+00   
    6.60000000e+01     0.00000000e+00    -4.17501454e+00   
    6.70000000e+01     0.00000000e+00    -4.17752977e+00   
    6.80000000e+01     0.00000000e+00    -4.17999664e+00   
    6.90000000e+01     0.00000000e+00    -4.18244953e+00   
    7.00000000e+01     0.00000000e+00    -4.18483459e+00   
    7.10000000e+01     0.00000000e+00    -4.18721236e+00   
    7.20000000e+01     0.00000000e+00    -4.18949868e+00   
    7.30000000e+01     0.00000000e+00    -4.19171857e+00   
    7.40000000e+01     0.00000000e+00    -4.19394129e+00   
    7.50000000e+01     0.00000000e+00    -4.19613520e+00   
    7.60000000e+01     0.00000000e+00    -4.19829084e+00   
    7.70000000e+01     0.00000000e+00    -4.20045297e+00   
    7.80000000e+01     0.00000000e+00    -4.20255106e+00   
    7.90000000e+01     0.00000000e+00    -4.20461975e+00   
    8.00000000e+01     0.00000000e+00    -4.20668307e+00   
    8.10000000e+01     0.00000000e+00    -4.20863728e+00   
    8.20000000e+01     0.00000000e+00    -4.21054528e+00   
    8.30000000e+01     0.00000000e+00    -4.21242479e+00   
    8.40000000e+01     0.00000000e+00    -4.21429958e+00   
    8.50000000e+01     0.00000000e+00    -4.21608859e+00   
    8.60000000e+01     0.00000000e+00    -4.21786570e+00   
    8.70000000e+01     0.00000000e+00    -4.21960059e+00   
    8.80000000e+01     0.00000000e+00    -4.22128497e+00   
    8.90000000e+01     0.00000000e+00    -4.22294694e+00   
    9.00000000e+01     0.00000000e+00    -4.22458438e+00   
    9.10000000e+01     0.00000000e+00    -4.22620632e+00   
    9.20000000e+01     0.00000000e+00    -4.22779927e+00   
    9.30000000e+01     0.00000000e+00    -4.22936807e+00   
    9.40000000e+01     0.00000000e+00    -4.23090902e+00   
    9.50000000e+01     0.00000000e+00    -4.23243908e+00   
    9.60000000e+01     0.00000000e+00    -4.23392430e+00   
    9.70000000e+01     0.00000000e+00    -4.23540224e+00   
    9.80000000e+01     0.00000000e+00    -4.23686107e+00   
    9.90000000e+01     0.00000000e+00    -4.23831637e+00   
    1.00000000e+02     0.00000000e+00    -4.23975235e+00   
    1.01000000e+02     0.00000000e+00    -4.24116839e+00   
    1.02000000e+02     0.00000000e+00    -4.24255824e+00   
    1.03000000e+02     0.00000000e+00    -4.24394225e+00   
    1.04000000e+02     0.00000000e+00    -4.24528775e+00   
    1.05000000e+02     0.00000000e+00    -4.24662036e+00   
    1.06000000e+02     0.00000000e+00    -4.24794991e+00   
    1.07000000e+02     0.00000000e+00    -4.24925846e+00   
    1.08000000e+02     0.00000000e+00    -4.25055791e+00   
    1.09000000e+02     0.00000000e+00    -4.25182008e+00   
    1.10000000e+02     0.00000000e+00    -4.25310147e+00   
    1.11000000e+02     0.00000000e+00    -4.25435371e+00   
    1.12000000e+02     0.00000000e+00    -4.25562009e+00   
    1.13000000e+02     0.00000000e+00    -4.25685300e+00   
    1.14000000e+02     0.00000000e+00    -4.25807826e+00   
    1.15000000e+02     0.00000000e+00    -4.25927896e+00   
    1.16000000e+02     0.00000000e+00    -4.26047674e+00   
    1.17000000e+02     0.00000000e+00    -4.26167635e+00   
    1.18000000e+02     0.00000000e+00    -4.26284168e+00   
    1.19000000e+02     0.00000000e+00    -4.26400165e+00   
    1.20000000e+02     0.00000000e+00    -4.26513818e+00   
    1.21000000e+02     0.00000000e+00    -4.26624813e+00   
    1.22000000e+02     0.00000000e+00    -4.26734781e+00   
    1.23000000e+02     0.00000000e+00    -4.26842606e+00   
    1.24000000e+02     0.00000000e+00    -4.26952158e+00   
    1.25000000e+02     0.00000000e+00    -4.27059414e+00   
    1.26000000e+02     0.00000000e+00    -4.27170310e+00   
    1.27000000e+02     0.00000000e+00    -4.27277073e+00   
    1.28000000e+02     0.00000000e+00    -4.27383079e+00   
    1.29000000e+02     0.00000000e+00    -4.27488842e+00   
    1.30000000e+02     0.00000000e+00    -4.27592722e+00   
    1.31000000e+02     0.00000000e+00    -4.27698380e+00   
    1.32000000e+02     0.00000000e+00    -4.27802243e+00   
    1.33000000e+02     0.00000000e+00    -4.27916331e+00   
    1.34000000e+02     0.00000000e+00    -4.28027080e+00   
    1.35000000e+02     0.00000000e+00    -4.28137396e+00   
    1.36000000e+02     0.00000000e+00    -4.28246284e+00   
    1.37000000e+02     0.00000000e+00    -4.28353252e+00   
    1.38000000e+02     0.00000000e+00    -4.28459850e+00   
    1.39000000e+02     0.00000000e+00    -4.28565154e+00   
    1.40000000e+02     0.00000000e+00    -4.28663994e+00   
    1.41000000e+02     0.00000000e+00    -4.28762579e+00   
    1.42000000e+02     0.00000000e+00    -4.28861030e+00   
    1.43000000e+02     0.00000000e+00    -4.28959027e+00   
    1.44000000e+02     0.00000000e+00    -4.29056224e+00   
    1.45000000e+02     0.00000000e+00    -4.29151370e+00   
    1.46000000e+02     0.00000000e+00    -4.29248656e+00   
    1.47000000e+02     0.00000000e+00    -4.29345923e+00   
    1.48000000e+02     0.00000000e+00    -4.29439375e+00   
    1.49000000e+02     0.00000000e+00    -4.29529578e+00   
    1.50000000e+02     0.00000000e+00    -4.29619687e+00   
    1.51000000e+02     0.00000000e+00    -4.29707485e+00   
    1.52000000e+02     0.00000000e+00    -4.29795159e+00   
    1.53000000e+02     0.00000000e+00    -4.29882946e+00   
    1.54000000e+02     0.00000000e+00    -4.29976921e+00   
    1.55000000e+02     0.00000000e+00    -4.30069224e+00   
    1.56000000e+02     0.00000000e+00    -4.30160395e+00   
    1.57000000e+02     0.00000000e+00    -4.30246367e+00   
    1.58000000e+02     0.00000000e+00    -4.30331307e+00   
    1.59000000e+02     0.00000000e+00    -4.30420205e+00   
    1.60000000e+02     0.00000000e+00    -4.30507281e+00   
    1.61000000e+02     0.00000000e+00    -4.30591834e+00   
    1.62000000e+02     0.00000000e+00    -4.30677566e+00   
    1.63000000e+02     0.00000000e+00    -4.30760174e+00   
    1.64000000e+02     0.00000000e+00    -4.30844878e+00   
    1.65000000e+02     0.00000000e+00    -4.30925504e+00   
    1.66000000e+02     0.00000000e+00    -4.31006628e+00   
    1.67000000e+02     0.00000000e+00    -4.31082856e+00   
    1.68000000e+02     0.00000000e+00    -4.31159692e+00   
    1.69000000e+02     0.00000000e+00    -4.31238605e+00   
    1.70000000e+02     0.00000000e+00    -4.31317382e+00   
    1.71000000e+02     0.00000000e+00    -4.31390127e+00   
    1.72000000e+02     0.00000000e+00    -4.31464156e+00   
    1.73000000e+02     0.00000000e+00    -4.31537168e+00   
    1.74000000e+02     0.00000000e+00    -4.31607111e+00   
    1.75000000e+02     0.00000000e+00    -4.31673687e+00   
    1.76000000e+02     0.00000000e+00    -4.31737308e+00   
    1.77000000e+02     0.00000000e+00    -4.31803902e+00   
    1.78000000e+02     0.00000000e+00    -4.31867120e+00   
    1.79000000e+02     0.00000000e+00    -4.31932536e+00   
    1.80000000e+02     0.00000000e+00    -4.31998103e+00   
    1.81000000e+02     0.00000000e+00    -4.32062782e+00   
    1.82000000e+02     0.00000000e+00    -4.32126864e+00   
    1.83000000e+02     0.00000000e+00    -4.32190351e+00   
    1.84000000e+02     0.00000000e+00    -4.32250940e+00   
    1.85000000e+02     0.00000000e+00    -4.32311019e+00   
    1.86000000e+02     0.00000000e+00    -4.32369507e+00   
    1.87000000e+02     0.00000000e+00    -4.32427263e+00   
    1.88000000e+02     0.00000000e+00    -4.32485796e+00   
    1.89000000e+02     0.00000000e+00    -4.32544201e+00   
    1.90000000e+02     0.00000000e+00    -4.32602536e+00   
    1.91000000e+02     0.00000000e+00    -4.32659715e+00   
    1.92000000e+02     0.00000000e+00    -4.32716997e+00   
    1.93000000e+02     0.00000000e+00    -4.32772565e+00   
    1.94000000e+02     0.00000000e+00    -4.32827631e+00   
    1.95000000e+02     0.00000000e+00    -4.32881551e+00   
    1.96000000e+02     0.00000000e+00    -4.32935716e+00   
    1.97000000e+02     0.00000000e+00    -4.32989199e+00   
    1.98000000e+02     0.00000000e+00    -4.33043376e+00   
    1.99000000e+02     0.00000000e+00    -4.33097263e+00   
    2.00000000e+02     0.00000000e+00    -4.33151994e+00   
    2.01000000e+02     0.00000000e+00    -4.33205560e+00   
    2.02000000e+02     0.00000000e+00    -4.33257681e+00   
    2.03000000e+02     0.00000000e+00    -4.33307724e+00   
    2.04000000e+02     0.00000000e+00    -4.33360880e+00   
    2.05000000e+02     0.00000000e+00    -4.33411241e+00   
    2.06000000e+02     0.00000000e+00    -4.33463853e+00   
    2.07000000e+02     0.00000000e+00    -4.33512404e+00   
    2.08000000e+02     0.00000000e+00    -4.33560564e+00   
    2.09000000e+02     0.00000000e+00    -4.33609112e+00   
    2.10000000e+02     0.00000000e+00    -4.33659158e+00   
    2.11000000e+02     0.00000000e+00    -4.33706739e+00   
    2.12000000e+02     0.00000000e+00    -4.33756549e+00   
    2.13000000e+02     0.00000000e+00    -4.33802148e+00   
    2.14000000e+02     0.00000000e+00    -4.33852189e+00   
    2.15000000e+02     0.00000000e+00    -4.33901726e+00   
    2.16000000e+02     0.00000000e+00    -4.33950314e+00   
    2.17000000e+02     0.00000000e+00    -4.33997053e+00   
    2.18000000e+02     0.00000000e+00    -4.34046286e+00   
    2.19000000e+02     0.00000000e+00    -4.34095233e+00   
    2.20000000e+02     0.00000000e+00    -4.34143955e+00   
    2.21000000e+02     0.00000000e+00    -4.34190488e+00   
    2.22000000e+02     0.00000000e+00    -4.34237990e+00   
    2.23000000e+02     0.00000000e+00    -4.34284937e+00   
    2.24000000e+02     0.00000000e+00    -4.34332681e+00   
    2.25000000e+02     0.00000000e+00    -4.34376521e+00   
    2.26000000e+02     0.00000000e+00    -4.34422248e+00   
    2.27000000e+02     0.00000000e+00    -4.34467637e+00   
    2.28000000e+02     0.00000000e+00    -4.34514360e+00   
    2.29000000e+02     0.00000000e+00    -4.34559817e+00   
    2.30000000e+02     0.00000000e+00    -4.34605837e+00   
    2.31000000e+02     0.00000000e+00    -4.34650570e+00   
    2.32000000e+02     0.00000000e+00    -4.34695868e+00   
    2.33000000e+02     0.00000000e+00    -4.34739062e+00   
    2.34000000e+02     0.00000000e+00    -4.34784091e+00   
    2.35000000e+02     0.00000000e+00    -4.34828891e+00   
    2.36000000e+02     0.00000000e+00    -4.34872660e+00   
    2.37000000e+02     0.00000000e+00    -4.34914766e+00   
    2.38000000e+02     0.00000000e+00    -4.34957550e+00   
    2.39000000e+02     0.00000000e+00    -4.34998211e+00   
    2.40000000e+02     0.00000000e+00    -4.35039896e+00   
    2.41000000e+02     0.00000000e+00    -4.35080737e+00   
    2.42000000e+02     0.00000000e+00    -4.35123628e+00   
    2.43000000e+02     0.00000000e+00    -4.35163415e+00   
    2.44000000e+02     0.00000000e+00    -4.35204624e+00   
    2.45000000e+02     0.00000000e+00    -4.35244464e+00   
    2.46000000e+02     0.00000000e+00    -4.35285826e+00   
    2.47000000e+02     0.00000000e+00    -4.35325662e+00   
    2.48000000e+02     0.00000000e+00    -4.35364885e+00   
    2.49000000e+02     0.00000000e+00    -4.35404382e+00   
    2.50000000e+02     0.00000000e+00    -4.35442502e+00   
    2.51000000e+02     0.00000000e+00    -4.35481173e+00   
    2.52000000e+02     0.00000000e+00    -4.35520229e+00   
    2.53000000e+02     0.00000000e+00    -4.35558911e+00   
    2.54000000e+02     0.00000000e+00    -4.35595873e+00   
    2.55000000e+02     0.00000000e+00    -4.35632266e+00   
    2.56000000e+02     0.00000000e+00    -4.35670940e+00   
    2.57000000e+02     0.00000000e+00    -4.35708344e+00   
    2.58000000e+02     0.00000000e+00    -4.35745339e+00   
    2.59000000e+02     0.00000000e+00    -4.35783201e+00   
    2.60000000e+02     0.00000000e+00    -4.35820159e+00   
    2.61000000e+02     0.00000000e+00    -4.35858564e+00   
    2.62000000e+02     0.00000000e+00    -4.35896768e+00   
    2.63000000e+02     0.00000000e+00    -4.35935097e+00   
    2.64000000e+02     0.00000000e+00    -4.35972942e+00   
    2.65000000e+02     0.00000000e+00    -4.36010618e+00   
    2.66000000e+02     0.00000000e+00    -4.36048504e+00   
    2.67000000e+02     0.00000000e+00    -4.36085216e+00   
    2.68000000e+02     0.00000000e+00    -4.36122257e+00   
    2.69000000e+02     0.00000000e+00    -4.36158615e+00   
    2.70000000e+02     0.00000000e+00    -4.36194004e+00   
    2.71000000e+02     0.00000000e+00    -4.36229575e+00   
    2.72000000e+02     0.00000000e+00    -4.36265866e+00   
    2.73000000e+02     0.00000000e+00    -4.36302695e+00   
    2.74000000e+02     0.00000000e+00    -4.36338982e+00   
    2.75000000e+02     0.00000000e+00    -4.36375596e+00   
    2.76000000e+02     0.00000000e+00    -4.36411549e+00   
    2.77000000e+02     0.00000000e+00    -4.36446594e+00   
    2.78000000e+02     0.00000000e+00    -4.36480822e+00   
    2.79000000e+02     0.00000000e+00    -4.36517772e+00   
    2.80000000e+02     0.00000000e+00    -4.36554546e+00   
    2.81000000e+02     0.00000000e+00    -4.36591505e+00   
    2.82000000e+02     0.00000000e+00    -4.36627961e+00   
    2.83000000e+02     0.00000000e+00    -4.36663151e+00   
    2.84000000e+02     0.00000000e+00    -4.36700032e+00   
    2.85000000e+02     0.00000000e+00    -4.36735950e+00   
    2.86000000e+02     0.00000000e+00    -4.36773163e+00   
    2.87000000e+02     0.00000000e+00    -4.36810814e+00   
    2.88000000e+02     0.00000000e+00    -4.36846718e+00   
    2.89000000e+02     0.00000000e+00    -4.36884107e+00   
    2.90000000e+02     0.00000000e+00    -4.36922212e+00   
    2.91000000e+02     0.00000000e+00    -4.36958122e+00   
    2.92000000e+02     0.00000000e+00    -4.36995605e+00   
    2.93000000e+02     0.00000000e+00    -4.37029744e+00   
    2.94000000e+02     0.00000000e+00    -4.37065111e+00   
    2.95000000e+02     0.00000000e+00    -4.37099542e+00   
    2.96000000e+02     0.00000000e+00    -4.37134400e+00   
    2.97000000e+02     0.00000000e+00    -4.37167951e+00   
    2.98000000e+02     0.00000000e+00    -4.37204360e+00   
    2.99000000e+02     0.00000000e+00    -4.37237858e+00   
    3.00000000e+02     0.00000000e+00    -4.37272539e+00   
    3.01000000e+02     0.00000000e+00    -4.37306912e+00   
    3.02000000e+02     0.00000000e+00    -4.37342960e+00   
    3.03000000e+02     0.00000000e+00    -4.37379579e+00   
    3.04000000e+02     0.00000000e+00    -4.37417912e+00   
    3.05000000e+02     0.00000000e+00    -4.37455396e+00   
    3.06000000e+02     0.00000000e+00    -4.37495252e+00   
    3.07000000e+02     0.00000000e+00    -4.37533399e+00   
    3.08000000e+02     0.00000000e+00    -4.37574570e+00   
    3.09000000e+02     0.00000000e+00    -4.37612200e+00   
    3.10000000e+02     0.00000000e+00    -4.37650767e+00   
    3.11000000e+02     0.00000000e+00    -4.37688636e+00   
    3.12000000e+02     0.00000000e+00    -4.37727623e+00   
    3.13000000e+02     0.00000000e+00    -4.37767836e+00   
    3.14000000e+02     0.00000000e+00    -4.37805703e+00   
    3.15000000e+02     0.00000000e+00    -4.37843206e+00   
    3.16000000e+02     0.00000000e+00    -4.37890098e+00   
    3.17000000e+02     0.00000000e+00    -4.37934419e+00   
    3.18000000e+02     0.00000000e+00    -4.37992290e+00   
    3.19000000e+02     0.00000000e+00    -4.38045670e+00   
    3.20000000e+02     0.00000000e+00    -4.38099689e+00   
    3.21000000e+02     0.00000000e+00    -4.38152442e+00   
    3.22000000e+02     0.00000000e+00    -4.38208908e+00   
    3.23000000e+02     0.00000000e+00    -4.38259261e+00   
    3.24000000e+02     0.00000000e+00    -4.38376015e+00   
    3.25000000e+02     0.00000000e+00    -4.38476530e+00   
    3.26000000e+02     0.00000000e+00    -4.38573295e+00   
    3.27000000e+02     0.00000000e+00    -4.38662187e+00   
    3.28000000e+02     0.00000000e+00    -4.38745703e+00   
    3.29000000e+02     0.00000000e+00    -4.38823387e+00   
    3.30000000e+02     0.00000000e+00    -4.38884905e+00   
    3.31000000e+02     0.00000000e+00    -4.38944545e+00   
    3.32000000e+02     0.00000000e+00    -4.38994733e+00   
    3.33000000e+02     0.00000000e+00    -4.39041859e+00   
    3.34000000e+02     0.00000000e+00    -4.39086308e+00   
    3.35000000e+02     0.00000000e+00    -4.39127995e+00   
    3.36000000e+02     0.00000000e+00    -4.39184394e+00   
    3.37000000e+02     0.00000000e+00    -4.39240328e+00   
    3.38000000e+02     0.00000000e+00    -4.39296519e+00   
    3.39000000e+02     0.00000000e+00    -4.39348865e+00   
    3.40000000e+02     0.00000000e+00    -4.39399760e+00   
    3.41000000e+02     0.00000000e+00    -4.39452747e+00   
    3.42000000e+02     0.00000000e+00    -4.39507813e+00   
    3.43000000e+02     0.00000000e+00    -4.39559104e+00   
    3.44000000e+02     0.00000000e+00    -4.39615300e+00   
    3.45000000e+02     0.00000000e+00    -4.39668474e+00   
    3.46000000e+02     0.00000000e+00    -4.39725763e+00   
    3.47000000e+02     0.00000000e+00    -4.39783761e+00   
    3.48000000e+02     0.00000000e+00    -4.39841761e+00   
    3.49000000e+02     0.00000000e+00    -4.39896569e+00   
    3.50000000e+02     0.00000000e+00    -4.39957859e+00   
    3.51000000e+02     0.00000000e+00    -4.40009929e+00   
    3.52000000e+02     0.00000000e+00    -4.40061675e+00   
    3.53000000e+02     0.00000000e+00    -4.40112861e+00   
    3.54000000e+02     0.00000000e+00    -4.40167915e+00   
    3.55000000e+02     0.00000000e+00    -4.40217918e+00   
    3.56000000e+02     0.00000000e+00    -4.40269995e+00   
    3.57000000e+02     0.00000000e+00    -4.40318613e+00   
    3.58000000e+02     0.00000000e+00    -4.40368021e+00   
    3.59000000e+02     0.00000000e+00    -4.40415847e+00   
    3.60000000e+02     0.00000000e+00    -4.40458573e+00   
    3.61000000e+02     0.00000000e+00    -4.40502495e+00   
    3.62000000e+02     0.00000000e+00    -4.40542086e+00   
    3.63000000e+02     0.00000000e+00    -4.40578018e+00   
    3.64000000e+02     0.00000000e+00    -4.40611068e+00   
    3.65000000e+02     0.00000000e+00    -4.40643596e+00   
    3.66000000e+02     0.00000000e+00    -4.40672757e+00   
    3.67000000e+02     0.00000000e+00    -4.40701589e+00   
    3.68000000e+02     0.00000000e+00    -4.40735580e+00   
    3.69000000e+02     0.00000000e+00    -4.40767019e+00   
    3.70000000e+02     0.00000000e+00    -4.40799869e+00   
    3.71000000e+02     0.00000000e+00    -4.40831101e+00   
    3.72000000e+02     0.00000000e+00    -4.40866111e+00   
    3.73000000e+02     0.00000000e+00    -4.40897223e+00   
    3.74000000e+02     0.00000000e+00    -4.40926905e+00   
    3.75000000e+02     0.00000000e+00    -4.40956103e+00   
    3.76000000e+02     0.00000000e+00    -4.40984001e+00   
    3.77000000e+02     0.00000000e+00    -4.41008806e+00   
    3.78000000e+02     0.00000000e+00    -4.41036670e+00   
    3.79000000e+02     0.00000000e+00    -4.41063177e+00   
    3.80000000e+02     0.00000000e+00    -4.41095379e+00   
    3.81000000e+02     0.00000000e+00    -4.41125256e+00   
    3.82000000e+02     0.00000000e+00    -4.41157151e+00   
    3.83000000e+02     0.00000000e+00    -4.41186064e+00   
    3.84000000e+02     0.00000000e+00    -4.41216348e+00   
    3.85000000e+02     0.00000000e+00    -4.41245563e+00   
    3.86000000e+02     0.00000000e+00    -4.41274841e+00   
    3.87000000e+02     0.00000000e+00    -4.41303751e+00   
    3.88000000e+02     0.00000000e+00    -4.41328987e+00   
    3.89000000e+02     0.00000000e+00    -4.41353436e+00   
    3.90000000e+02     0.00000000e+00    -4.41379275e+00   
    3.91000000e+02     0.00000000e+00    -4.41403492e+00   
    3.92000000e+02     0.00000000e+00    -4.41429804e+00   
    3.93000000e+02     0.00000000e+00    -4.41454934e+00   
    3.94000000e+02     0.00000000e+00    -4.41482895e+00   
    3.95000000e+02     0.00000000e+00    -4.41505343e+00   
    3.96000000e+02     0.00000000e+00    -4.41529090e+00   
    3.97000000e+02     0.00000000e+00    -4.41553019e+00   
    3.98000000e+02     0.00000000e+00    -4.41575632e+00   
    3.99000000e+02     0.00000000e+00    -4.41599349e+00   
    4.00000000e+02     0.00000000e+00    -4.41621797e+00   
    4.01000000e+02     0.00000000e+00    -4.41642146e+00   
    4.02000000e+02     0.00000000e+00    -4.41663505e+00   
    4.03000000e+02     0.00000000e+00    -4.41682320e+00   
    4.04000000e+02     0.00000000e+00    -4.41722230e+00   
    4.05000000e+02     0.00000000e+00    -4.41763994e+00   
    4.06000000e+02     0.00000000e+00    -4.41809682e+00   
    4.07000000e+02     0.00000000e+00    -4.41854237e+00   
    4.08000000e+02     0.00000000e+00    -4.41911936e+00   
    4.09000000e+02     0.00000000e+00    -4.41961169e+00   
    4.10000000e+02     0.00000000e+00    -4.42003138e+00   
    4.11000000e+02     0.00000000e+00    -4.42038520e+00   
    4.12000000e+02     0.00000000e+00    -4.42076162e+00   
    4.13000000e+02     0.00000000e+00    -4.42109874e+00   
    4.14000000e+02     0.00000000e+00    -4.42150700e+00   
    4.15000000e+02     0.00000000e+00    -4.42191568e+00   
    4.16000000e+02     0.00000000e+00    -4.42231629e+00   
    4.17000000e+02     0.00000000e+00    -4.42271453e+00   
    4.18000000e+02     0.00000000e+00    -4.42306327e+00   
    4.19000000e+02     0.00000000e+00    -4.42342139e+00   
    4.20000000e+02     0.00000000e+00    -4.42372992e+00   
    4.21000000e+02     0.00000000e+00    -4.42403962e+00   
    4.22000000e+02     0.00000000e+00    -4.42428229e+00   
    4.23000000e+02     0.00000000e+00    -4.42452610e+00   
    4.24000000e+02     0.00000000e+00    -4.42475894e+00   
    4.25000000e+02     0.00000000e+00    -4.42502319e+00   
    4.26000000e+02     0.00000000e+00    -4.42526618e+00   
    4.27000000e+02     0.00000000e+00    -4.42551674e+00   
    4.28000000e+02     0.00000000e+00    -4.42579219e+00   
    4.29000000e+02     0.00000000e+00    -4.42603570e+00   
    4.30000000e+02     0.00000000e+00    -4.42628989e+00   
    4.31000000e+02     0.00000000e+00    -4.42654364e+00   
    4.32000000e+02     0.00000000e+00    -4.42679788e+00   
    4.33000000e+02     0.00000000e+00    -4.42703865e+00   
    4.34000000e+02     0.00000000e+00    -4.42728694e+00   
    4.35000000e+02     0.00000000e+00    -4.42751462e+00   
    4.36000000e+02     0.00000000e+00    -4.42775386e+00   
    4.37000000e+02     0.00000000e+00    -4.42800696e+00   
    4.38000000e+02     0.00000000e+00    -4.42822498e+00   
    4.39000000e+02     0.00000000e+00    -4.42845998e+00   
    4.40000000e+02     0.00000000e+00    -4.42870298e+00   
    4.41000000e+02     0.00000000e+00    -4.42891996e+00   
    4.42000000e+02     0.00000000e+00    -4.42912532e+00   
    4.43000000e+02     0.00000000e+00    -4.42933009e+00   
    4.44000000e+02     0.00000000e+00    -4.42953521e+00   
    4.45000000e+02     0.00000000e+00    -4.42976239e+00   
    4.46000000e+02     0.00000000e+00    -4.43001585e+00   
    4.47000000e+02     0.00000000e+00    -4.43024793e+00   
    4.48000000e+02     0.00000000e+00    -4.43047986e+00   
    4.49000000e+02     0.00000000e+00    -4.43069765e+00   
    4.50000000e+02     0.00000000e+00    -4.43089481e+00   
    4.51000000e+02     0.00000000e+00    -4.43109050e+00   
    4.52000000e+02     0.00000000e+00    -4.43169372e+00   
    4.53000000e+02     0.00000000e+00    -4.43224370e+00   
    4.54000000e+02     0.00000000e+00    -4.43280259e+00   
    4.55000000e+02     0.00000000e+00    -4.43335376e+00   
    4.56000000e+02     0.00000000e+00    -4.43388374e+00   
    4.57000000e+02     0.00000000e+00    -4.43436132e+00   
    4.58000000e+02     0.00000000e+00    -4.43476133e+00   
    4.59000000e+02     0.00000000e+00    -4.43511976e+00   
    4.60000000e+02     0.00000000e+00    -4.43539291e+00   
    4.61000000e+02     0.00000000e+00    -4.43567262e+00   
    4.62000000e+02     0.00000000e+00    -4.43595375e+00   
    4.63000000e+02     0.00000000e+00    -4.43623664e+00   
    4.64000000e+02     0.00000000e+00    -4.43658154e+00   
    4.65000000e+02     0.00000000e+00    -4.43689435e+00   
    4.66000000e+02     0.00000000e+00    -4.43728817e+00   
    4.67000000e+02     0.00000000e+00    -4.43767925e+00   
    4.68000000e+02     0.00000000e+00    -4.43812220e+00   
    4.69000000e+02     0.00000000e+00    -4.43855864e+00   
    4.70000000e+02     0.00000000e+00    -4.43896161e+00   
    4.71000000e+02     0.00000000e+00    -4.43942856e+00   
    4.72000000e+02     0.00000000e+00    -4.43980505e+00   
    4.73000000e+02     0.00000000e+00    -4.44019129e+00   
    4.74000000e+02     0.00000000e+00    -4.44050305e+00   
    4.75000000e+02     0.00000000e+00    -4.44077552e+00   
    4.76000000e+02     0.00000000e+00    -4.44100958e+00   
    4.77000000e+02     0.00000000e+00    -4.44127443e+00   
    4.78000000e+02     0.00000000e+00    -4.44153976e+00   
    4.79000000e+02     0.00000000e+00    -4.44179914e+00   
    4.80000000e+02     0.00000000e+00    -4.44209139e+00   
    4.81000000e+02     0.00000000e+00    -4.44238333e+00   
    4.82000000e+02     0.00000000e+00    -4.44266860e+00   
    4.83000000e+02     0.00000000e+00    -4.44294571e+00   
    4.84000000e+02     0.00000000e+00    -4.44322137e+00   
    4.85000000e+02     0.00000000e+00    -4.44348871e+00   
    4.86000000e+02     0.00000000e+00    -4.44376363e+00   
    4.87000000e+02     0.00000000e+00    -4.44399568e+00   
    4.88000000e+02     0.00000000e+00    -4.44424271e+00   
    4.89000000e+02     0.00000000e+00    -4.44448629e+00   
    4.90000000e+02     0.00000000e+00    -4.44475122e+00   
    4.91000000e+02     0.00000000e+00    -4.44499754e+00   
    4.92000000e+02     0.00000000e+00    -4.44528022e+00   
    4.93000000e+02     0.00000000e+00    -4.44556046e+00   
    4.94000000e+02     0.00000000e+00    -4.44584008e+00   
    4.95000000e+02     0.00000000e+00    -4.44610309e+00   
    4.96000000e+02     0.00000000e+00    -4.44626472e+00   
    4.97000000e+02     0.00000000e+00    -4.44643626e+00   
    4.98000000e+02     0.00000000e+00    -4.44660829e+00   
    4.99000000e+02     0.00000000e+00    -4.44680103e+00   
    5.00000000e+02     0.00000000e+00    -4.44694716e+00   
    5.01000000e+02     0.00000000e+00    -4.44707610e+00   
    5.02000000e+02     0.00000000e+00    -4.44722313e+00   
    5.03000000e+02     0.00000000e+00    -4.44735559e+00   
    5.04000000e+02     0.00000000e+00    -4.44750284e+00   
    5.05000000e+02     0.00000000e+00    -4.44762968e+00   
    5.06000000e+02     0.00000000e+00    -4.44775705e+00   
    5.07000000e+02     0.00000000e+00    -4.44789001e+00   
    5.08000000e+02     0.00000000e+00    -4.44803109e+00   
    5.09000000e+02     0.00000000e+00    -4.44817140e+00   
    5.10000000e+02     0.00000000e+00    -4.44830136e+00   
    5.11000000e+02     0.00000000e+00    -4.44843299e+00   
    5.12000000e+02     0.00000000e+00    -4.44856517e+00   
    5.13000000e+02     0.00000000e+00    -4.44870311e+00   
    5.14000000e+02     0.00000000e+00    -4.44882909e+00   
    5.15000000e+02     0.00000000e+00    -4.44894851e+00   
    5.16000000e+02     0.00000000e+00    -4.44907929e+00   
    5.17000000e+02     0.00000000e+00    -4.44921602e+00   
    5.18000000e+02     0.00000000e+00    -4.44935707e+00   
    5.19000000e+02     0.00000000e+00    -4.44948826e+00   
    5.20000000e+02     0.00000000e+00    -4.44961826e+00   
    5.21000000e+02     0.00000000e+00    -4.44975041e+00   
    5.22000000e+02     0.00000000e+00    -4.44987931e+00   
    5.23000000e+02     0.00000000e+00    -4.45000529e+00   
    5.24000000e+02     0.00000000e+00    -4.45014738e+00   
    5.25000000e+02     0.00000000e+00    -4.45027751e+00   
    5.26000000e+02     0.00000000e+00    -4.45041219e+00   
    5.27000000e+02     0.00000000e+00    -4.45054244e+00   
    5.28000000e+02     0.00000000e+00    -4.45066644e+00   
    5.29000000e+02     0.00000000e+00    -4.45079908e+00   
    5.30000000e+02     0.00000000e+00    -4.45092755e+00   
    5.31000000e+02     0.00000000e+00    -4.45106054e+00   
    5.32000000e+02     0.00000000e+00    -4.45119241e+00   
    5.33000000e+02     0.00000000e+00    -4.45132076e+00   
    5.34000000e+02     0.00000000e+00    -4.45144967e+00   
    5.35000000e+02     0.00000000e+00    -4.45155883e+00   
    5.36000000e+02     0.00000000e+00    -4.45168277e+00   
    5.37000000e+02     0.00000000e+00    -4.45180933e+00   
    5.38000000e+02     0.00000000e+00    -4.45194085e+00   
    5.39000000e+02     0.00000000e+00    -4.45206179e+00   
    5.40000000e+02     0.00000000e+00    -4.45219032e+00   
    5.41000000e+02     0.00000000e+00    -4.45231627e+00   
    5.42000000e+02     0.00000000e+00    -4.45245432e+00   
    5.43000000e+02     0.00000000e+00    -4.45257552e+00   
    5.44000000e+02     0.00000000e+00    -4.45270184e+00   
    5.45000000e+02     0.00000000e+00    -4.45282855e+00   
    5.46000000e+02     0.00000000e+00    -4.45295754e+00   
    5.47000000e+02     0.00000000e+00    -4.45308732e+00   
    5.48000000e+02     0.00000000e+00    -4.45320754e+00   
    5.49000000e+02     0.00000000e+00    -4.45333435e+00   
    5.50000000e+02     0.00000000e+00    -4.45345041e+00   
    5.51000000e+02     0.00000000e+00    -4.45357300e+00   
    5.52000000e+02     0.00000000e+00    -4.45369513e+00   
    5.53000000e+02     0.00000000e+00    -4.45382571e+00   
    5.54000000e+02     0.00000000e+00    -4.45395176e+00   
    5.55000000e+02     0.00000000e+00    -4.45408049e+00   
    5.56000000e+02     0.00000000e+00    -4.45421155e+00   
    5.57000000e+02     0.00000000e+00    -4.45433786e+00   
    5.58000000e+02     0.00000000e+00    -4.45446184e+00   
    5.59000000e+02     0.00000000e+00    -4.45458386e+00   
    5.60000000e+02     0.00000000e+00    -4.45470428e+00   
    5.61000000e+02     0.00000000e+00    -4.45482837e+00   
    5.62000000e+02     0.00000000e+00    -4.45494987e+00   
    5.63000000e+02     0.00000000e+00    -4.45508416e+00   
    5.64000000e+02     0.00000000e+00    -4.45521816e+00   
    5.65000000e+02     0.00000000e+00    -4.45542910e+00   
    5.66000000e+02     0.00000000e+00    -4.45565978e+00   
    5.67000000e+02     0.00000000e+00    -4.45592073e+00   
    5.68000000e+02     0.00000000e+00    -4.45616426e+00   
    5.69000000e+02     0.00000000e+00    -4.45637170e+00   
    5.70000000e+02     0.00000000e+00    -4.45661730e+00   
    5.71000000e+02     0.00000000e+00    -4.45685794e+00   
    5.72000000e+02     0.00000000e+00    -4.45711202e+00   
    5.73000000e+02     0.00000000e+00    -4.45784580e+00   
    5.74000000e+02     0.00000000e+00    -4.45857156e+00   
    5.75000000e+02     0.00000000e+00    -4.45917431e+00   
    5.76000000e+02     0.00000000e+00    -4.45978689e+00   
    5.77000000e+02     0.00000000e+00    -4.46011667e+00   
    5.78000000e+02     0.00000000e+00    -4.46044847e+00   
    5.79000000e+02     0.00000000e+00    -4.46068286e+00   
    5.80000000e+02     0.00000000e+00    -4.46088022e+00   
    5.81000000e+02     0.00000000e+00    -4.46108674e+00   
    5.82000000e+02     0.00000000e+00    -4.46131277e+00   
    5.83000000e+02     0.00000000e+00    -4.46152144e+00   
    5.84000000e+02     0.00000000e+00    -4.46172800e+00   
    5.85000000e+02     0.00000000e+00    -4.46190481e+00   
    5.86000000e+02     0.00000000e+00    -4.46208105e+00   
    5.87000000e+02     0.00000000e+00    -4.46225950e+00   
    5.88000000e+02     0.00000000e+00    -4.46243388e+00   
    5.89000000e+02     0.00000000e+00    -4.46261093e+00   
    5.90000000e+02     0.00000000e+00    -4.46278218e+00   
    5.91000000e+02     0.00000000e+00    -4.46294218e+00   
    5.92000000e+02     0.00000000e+00    -4.46310794e+00   
    5.93000000e+02     0.00000000e+00    -4.46326865e+00   
    5.94000000e+02     0.00000000e+00    -4.46342671e+00   
    5.95000000e+02     0.00000000e+00    -4.46358659e+00   
    5.96000000e+02     0.00000000e+00    -4.46375637e+00   
    5.97000000e+02     0.00000000e+00    -4.46392302e+00   
    5.98000000e+02     0.00000000e+00    -4.46410091e+00   
    5.99000000e+02     0.00000000e+00    -4.46426464e+00   
    6.00000000e+02     0.00000000e+00    -4.46443584e+00   
    6.01000000e+02     0.00000000e+00    -4.46459355e+00   
    6.02000000e+02     0.00000000e+00    -4.46475341e+00   
    6.03000000e+02     0.00000000e+00    -4.46491842e+00   
    6.04000000e+02     0.00000000e+00    -4.46508917e+00   
    6.05000000e+02     0.00000000e+00    -4.46526328e+00   
    6.06000000e+02     0.00000000e+00    -4.46544803e+00   
    6.07000000e+02     0.00000000e+00    -4.46563671e+00   
    6.08000000e+02     0.00000000e+00    -4.46582121e+00   
    6.09000000e+02     0.00000000e+00    -4.46600091e+00   
    6.10000000e+02     0.00000000e+00    -4.46618119e+00   
    6.11000000e+02     0.00000000e+00    -4.46635059e+00   
    6.12000000e+02     0.00000000e+00    -4.46653173e+00   
    6.13000000e+02     0.00000000e+00    -4.46674579e+00   
    6.14000000e+02     0.00000000e+00    -4.46692897e+00   
    6.15000000e+02     0.00000000e+00    -4.46715213e+00   
    6.16000000e+02     0.00000000e+00    -4.46741001e+00   
    6.17000000e+02     0.00000000e+00    -4.46756079e+00   
    6.18000000e+02     0.00000000e+00    -4.46771672e+00   
    6.19000000e+02     0.00000000e+00    -4.46787343e+00   
    6.20000000e+02     0.00000000e+00    -4.46800115e+00   
    6.21000000e+02     0.00000000e+00    -4.46814023e+00   
    6.22000000e+02     0.00000000e+00    -4.46828463e+00   
    6.23000000e+02     0.00000000e+00    -4.46840959e+00   
    6.24000000e+02     0.00000000e+00    -4.46852240e+00   
    6.25000000e+02     0.00000000e+00    -4.46863046e+00   
    6.26000000e+02     0.00000000e+00    -4.46873931e+00   
    6.27000000e+02     0.00000000e+00    -4.46885692e+00   
    6.28000000e+02     0.00000000e+00    -4.46897418e+00   
    6.29000000e+02     0.00000000e+00    -4.46908716e+00   
    6.30000000e+02     0.00000000e+00    -4.46920809e+00   
    6.31000000e+02     0.00000000e+00    -4.46932394e+00   
    6.32000000e+02     0.00000000e+00    -4.46943581e+00   
    6.33000000e+02     0.00000000e+00    -4.46957088e+00   
    6.34000000e+02     0.00000000e+00    -4.46970567e+00   
    6.35000000e+02     0.00000000e+00    -4.46982942e+00   
    6.36000000e+02     0.00000000e+00    -4.46995700e+00   
    6.37000000e+02     0.00000000e+00    -4.47006329e+00   
    6.38000000e+02     0.00000000e+00    -4.47018475e+00   
    6.39000000e+02     0.00000000e+00    -4.47029745e+00   
    6.40000000e+02     0.00000000e+00    -4.47040430e+00   
    6.41000000e+02     0.00000000e+00    -4.47050879e+00   
    6.42000000e+02     0.00000000e+00    -4.47061262e+00   
    6.43000000e+02     0.00000000e+00    -4.47071875e+00   
    6.44000000e+02     0.00000000e+00    -4.47082543e+00   
    6.45000000e+02     0.00000000e+00    -4.47092248e+00   
    6.46000000e+02     0.00000000e+00    -4.47101761e+00   
    6.47000000e+02     0.00000000e+00    -4.47110906e+00   
    6.48000000e+02     0.00000000e+00    -4.47120015e+00   
    6.49000000e+02     0.00000000e+00    -4.47128482e+00   
    6.50000000e+02     0.00000000e+00    -4.47137652e+00   
    6.51000000e+02     0.00000000e+00    -4.47145938e+00   
    6.52000000e+02     0.00000000e+00    -4.47155209e+00   
    6.53000000e+02     0.00000000e+00    -4.47165120e+00   
    6.54000000e+02     0.00000000e+00    -4.47175034e+00   
    6.55000000e+02     0.00000000e+00    -4.47184364e+00   
    6.56000000e+02     0.00000000e+00    -4.47193719e+00   
    6.57000000e+02     0.00000000e+00    -4.47203090e+00   
    6.58000000e+02     0.00000000e+00    -4.47211659e+00   
    6.59000000e+02     0.00000000e+00    -4.47219959e+00   
    6.60000000e+02     0.00000000e+00    -4.47229375e+00   
    6.61000000e+02     0.00000000e+00    -4.47239113e+00   
    6.62000000e+02     0.00000000e+00    -4.47247895e+00   
    6.63000000e+02     0.00000000e+00    -4.47256826e+00   
    6.64000000e+02     0.00000000e+00    -4.47265724e+00   
    6.65000000e+02     0.00000000e+00    -4.47274392e+00   
    6.66000000e+02     0.00000000e+00    -4.47283468e+00   
    6.67000000e+02     0.00000000e+00    -4.47292764e+00   
    6.68000000e+02     0.00000000e+00    -4.47302106e+00   
    6.69000000e+02     0.00000000e+00    -4.47311571e+00   
    6.70000000e+02     0.00000000e+00    -4.47322215e+00   
    6.71000000e+02     0.00000000e+00    -4.47330936e+00   
    6.72000000e+02     0.00000000e+00    -4.47340215e+00   
    6.73000000e+02     0.00000000e+00    -4.47349124e+00   
    6.74000000e+02     0.00000000e+00    -4.47358250e+00   
    6.75000000e+02     0.00000000e+00    -4.47367637e+00   
    6.76000000e+02     0.00000000e+00    -4.47376296e+00   
    6.77000000e+02     0.00000000e+00    -4.47385100e+00   
    6.78000000e+02     0.00000000e+00    -4.47394126e+00   
    6.79000000e+02     0.00000000e+00    -4.47403073e+00   
    6.80000000e+02     0.00000000e+00    -4.47412513e+00   
    6.81000000e+02     0.00000000e+00    -4.47422707e+00   
    6.82000000e+02     0.00000000e+00    -4.47432239e+00   
    6.83000000e+02     0.00000000e+00    -4.47441560e+00   
    6.84000000e+02     0.00000000e+00    -4.47450538e+00   
    6.85000000e+02     0.00000000e+00    -4.47458649e+00   
    6.86000000e+02     0.00000000e+00    -4.47466561e+00   
    6.87000000e+02     0.00000000e+00    -4.47473931e+00   
    6.88000000e+02     0.00000000e+00    -4.47481819e+00   
    6.89000000e+02     0.00000000e+00    -4.47490290e+00   
    6.90000000e+02     0.00000000e+00    -4.47499706e+00   
    6.91000000e+02     0.00000000e+00    -4.47509050e+00   
    6.92000000e+02     0.00000000e+00    -4.47519296e+00   
    6.93000000e+02     0.00000000e+00    -4.47526909e+00   
    6.94000000e+02     0.00000000e+00    -4.47535867e+00   
    6.95000000e+02     0.00000000e+00    -4.47543299e+00   
    6.96000000e+02     0.00000000e+00    -4.47551472e+00   
    6.97000000e+02     0.00000000e+00    -4.47558927e+00   
    6.98000000e+02     0.00000000e+00    -4.47568095e+00   
    6.99000000e+02     0.00000000e+00    -4.47576521e+00   
    7.00000000e+02     0.00000000e+00    -4.47585535e+00   
    7.01000000e+02     0.00000000e+00    -4.47593065e+00   
    7.02000000e+02     0.00000000e+00    -4.47601405e+00   
    7.03000000e+02     0.00000000e+00    -4.47609839e+00   
    7.04000000e+02     0.00000000e+00    -4.47618490e+00   
    7.05000000e+02     0.00000000e+00    -4.47627701e+00   
    7.06000000e+02     0.00000000e+00    -4.47636330e+00   
    7.07000000e+02     0.00000000e+00    -4.47644719e+00   
    7.08000000e+02     0.00000000e+00    -4.47654351e+00   
    7.09000000e+02     0.00000000e+00    -4.47662892e+00   
    7.10000000e+02     0.00000000e+00    -4.47671795e+00   
    7.11000000e+02     0.00000000e+00    -4.47680679e+00   
    7.12000000e+02     0.00000000e+00    -4.47690091e+00   
    7.13000000e+02     0.00000000e+00    -4.47698961e+00   
    7.14000000e+02     0.00000000e+00    -4.47705864e+00   
    7.15000000e+02     0.00000000e+00    -4.47712286e+00   
    7.16000000e+02     0.00000000e+00    -4.47719792e+00   
    7.17000000e+02     0.00000000e+00    -4.47728161e+00   
    7.18000000e+02     0.00000000e+00    -4.47735410e+00   
    7.19000000e+02     0.00000000e+00    -4.47744219e+00   
    7.20000000e+02     0.00000000e+00    -4.47751218e+00   
    7.21000000e+02     0.00000000e+00    -4.47759635e+00   
    7.22000000e+02     0.00000000e+00    -4.47768238e+00   
    7.23000000e+02     0.00000000e+00    -4.47776014e+00   
    7.24000000e+02     0.00000000e+00    -4.47784055e+00   
    7.25000000e+02     0.00000000e+00    -4.47792155e+00   
    7.26000000e+02     0.00000000e+00    -4.47800080e+00   
    7.27000000e+02     0.00000000e+00    -4.47807399e+00   
    7.28000000e+02     0.00000000e+00    -4.47814745e+00   
    7.29000000e+02     0.00000000e+00    -4.47822717e+00   
    7.30000000e+02     0.00000000e+00    -4.47829827e+00   
    7.31000000e+02     0.00000000e+00    -4.47837643e+00   
    7.32000000e+02     0.00000000e+00    -4.47846094e+00   
    7.33000000e+02     0.00000000e+00    -4.47854336e+00   
    7.34000000e+02     0.00000000e+00    -4.47861204e+00   
    7.35000000e+02     0.00000000e+00    -4.47868893e+00   
    7.36000000e+02     0.00000000e+00    -4.47875921e+00   
    7.37000000e+02     0.00000000e+00    -4.47883671e+00   
    7.38000000e+02     0.00000000e+00    -4.47891390e+00   
    7.39000000e+02     0.00000000e+00    -4.47898356e+00   
    7.40000000e+02     0.00000000e+00    -4.47905171e+00   
    7.41000000e+02     0.00000000e+00    -4.47911746e+00   
    7.42000000e+02     0.00000000e+00    -4.47919705e+00   
    7.43000000e+02     0.00000000e+00    -4.47932933e+00   
    7.44000000e+02     0.00000000e+00    -4.47946037e+00   
    7.45000000e+02     0.00000000e+00    -4.47962842e+00   
    7.46000000e+02     0.00000000e+00    -4.47981026e+00   
    7.47000000e+02     0.00000000e+00    -4.47998354e+00   
    7.48000000e+02     0.00000000e+00    -4.48017105e+00   
    7.49000000e+02     0.00000000e+00    -4.48035313e+00   
    7.50000000e+02     0.00000000e+00    -4.48054224e+00   
    7.51000000e+02     0.00000000e+00    -4.48072188e+00   
    7.52000000e+02     0.00000000e+00    -4.48092756e+00   
    7.53000000e+02     0.00000000e+00    -4.48112580e+00   
    7.54000000e+02     0.00000000e+00    -4.48131724e+00   
    7.55000000e+02     0.00000000e+00    -4.48150259e+00   
    7.56000000e+02     0.00000000e+00    -4.48169419e+00   
    7.57000000e+02     0.00000000e+00    -4.48189160e+00   
    7.58000000e+02     0.00000000e+00    -4.48208225e+00   
    7.59000000e+02     0.00000000e+00    -4.48226086e+00   
    7.60000000e+02     0.00000000e+00    -4.48242821e+00   
    7.61000000e+02     0.00000000e+00    -4.48257135e+00   
    7.62000000e+02     0.00000000e+00    -4.48272527e+00   
    7.63000000e+02     0.00000000e+00    -4.48282162e+00   
    7.64000000e+02     0.00000000e+00    -4.48291973e+00   
    7.65000000e+02     0.00000000e+00    -4.48300750e+00   
    7.66000000e+02     0.00000000e+00    -4.48309654e+00   
    7.67000000e+02     0.00000000e+00    -4.48319271e+00   
    7.68000000e+02     0.00000000e+00    -4.48327156e+00   
    7.69000000e+02     0.00000000e+00    -4.48336206e+00   
    7.70000000e+02     0.00000000e+00    -4.48344098e+00   
    7.71000000e+02     0.00000000e+00    -4.48353090e+00   
    7.72000000e+02     0.00000000e+00    -4.48362001e+00   
    7.73000000e+02     0.00000000e+00    -4.48370252e+00   
    7.74000000e+02     0.00000000e+00    -4.48378641e+00   
    7.75000000e+02     0.00000000e+00    -4.48387244e+00   
    7.76000000e+02     0.00000000e+00    -4.48395513e+00   
    7.77000000e+02     0.00000000e+00    -4.48403119e+00   
    7.78000000e+02     0.00000000e+00    -4.48411452e+00   
    7.79000000e+02     0.00000000e+00    -4.48419235e+00   
    7.80000000e+02     0.00000000e+00    -4.48426127e+00   
    7.81000000e+02     0.00000000e+00    -4.48434381e+00   
    7.82000000e+02     0.00000000e+00    -4.48441148e+00   
    7.83000000e+02     0.00000000e+00    -4.48448223e+00   
    7.84000000e+02     0.00000000e+00    -4.48455424e+00   
    7.85000000e+02     0.00000000e+00    -4.48462769e+00   
    7.86000000e+02     0.00000000e+00    -4.48469394e+00   
    7.87000000e+02     0.00000000e+00    -4.48475666e+00   
    7.88000000e+02     0.00000000e+00    -4.48482248e+00   
    7.89000000e+02     0.00000000e+00    -4.48488980e+00   
    7.90000000e+02     0.00000000e+00    -4.48495833e+00   
    7.91000000e+02     0.00000000e+00    -4.48502853e+00   
    7.92000000e+02     0.00000000e+00    -4.48510209e+00   
    7.93000000e+02     0.00000000e+00    -4.48517367e+00   
    7.94000000e+02     0.00000000e+00    -4.48524074e+00   
    7.95000000e+02     0.00000000e+00    -4.48530332e+00   
    7.96000000e+02     0.00000000e+00    -4.48536854e+00   
    7.97000000e+02     0.00000000e+00    -4.48545288e+00   
    7.98000000e+02     0.00000000e+00    -4.48553637e+00   
    7.99000000e+02     0.00000000e+00    -4.48561043e+00   
    8.00000000e+02     0.00000000e+00    -4.48567970e+00   
    8.01000000e+02     0.00000000e+00    -4.48574689e+00   
    8.02000000e+02     0.00000000e+00    -4.48581772e+00   
    8.03000000e+02     0.00000000e+00    -4.48587377e+00   
    8.04000000e+02     0.00000000e+00    -4.48594439e+00   
    8.05000000e+02     0.00000000e+00    -4.48600756e+00   
    8.06000000e+02     0.00000000e+00    -4.48608110e+00   
    8.07000000e+02     0.00000000e+00    -4.48613987e+00   
    8.08000000e+02     0.00000000e+00    -4.48620335e+00   
    8.09000000e+02     0.00000000e+00    -4.48626154e+00   
    8.10000000e+02     0.00000000e+00    -4.48632541e+00   
    8.11000000e+02     0.00000000e+00    -4.48638755e+00   
    8.12000000e+02     0.00000000e+00    -4.48646361e+00   
    8.13000000e+02     0.00000000e+00    -4.48651314e+00   
    8.14000000e+02     0.00000000e+00    -4.48658618e+00   
    8.15000000e+02     0.00000000e+00    -4.48665225e+00   
    8.16000000e+02     0.00000000e+00    -4.48672655e+00   
    8.17000000e+02     0.00000000e+00    -4.48679022e+00   
    8.18000000e+02     0.00000000e+00    -4.48685999e+00   
    8.19000000e+02     0.00000000e+00    -4.48692349e+00   
    8.20000000e+02     0.00000000e+00    -4.48698601e+00   
    8.21000000e+02     0.00000000e+00    -4.48704949e+00   
    8.22000000e+02     0.00000000e+00    -4.48712604e+00   
    8.23000000e+02     0.00000000e+00    -4.48718805e+00   
    8.24000000e+02     0.00000000e+00    -4.48725956e+00   
    8.25000000e+02     0.00000000e+00    -4.48732439e+00   
    8.26000000e+02     0.00000000e+00    -4.48737994e+00   
    8.27000000e+02     0.00000000e+00    -4.48744417e+00   
    8.28000000e+02     0.00000000e+00    -4.48751260e+00   
    8.29000000e+02     0.00000000e+00    -4.48758224e+00   
    8.30000000e+02     0.00000000e+00    -4.48765411e+00   
    8.31000000e+02     0.00000000e+00    -4.48772106e+00   
    8.32000000e+02     0.00000000e+00    -4.48780119e+00   
    8.33000000e+02     0.00000000e+00    -4.48788525e+00   
    8.34000000e+02     0.00000000e+00    -4.48796559e+00   
    8.35000000e+02     0.00000000e+00    -4.48803768e+00   
    8.36000000e+02     0.00000000e+00    -4.48812153e+00   
    8.37000000e+02     0.00000000e+00    -4.48820383e+00   
    8.38000000e+02     0.00000000e+00    -4.48829057e+00   
    8.39000000e+02     0.00000000e+00    -4.48837128e+00   
    8.40000000e+02     0.00000000e+00    -4.48845004e+00   
    8.41000000e+02     0.00000000e+00    -4.48851182e+00   
    8.42000000e+02     0.00000000e+00    -4.48873849e+00   
    8.43000000e+02     0.00000000e+00    -4.48894303e+00   
    8.44000000e+02     0.00000000e+00    -4.48914780e+00   
    8.45000000e+02     0.00000000e+00    -4.48936032e+00   
    8.46000000e+02     0.00000000e+00    -4.48956889e+00   
    8.47000000e+02     0.00000000e+00    -4.48975935e+00   
    8.48000000e+02     0.00000000e+00    -4.48990470e+00   
    8.49000000e+02     0.00000000e+00    -4.49003968e+00   
    8.50000000e+02     0.00000000e+00    -4.49015407e+00   
    8.51000000e+02     0.00000000e+00    -4.49028135e+00   
    8.52000000e+02     0.00000000e+00    -4.49041460e+00   
    8.53000000e+02     0.00000000e+00    -4.49055125e+00   
    8.54000000e+02     0.00000000e+00    -4.49068195e+00   
    8.55000000e+02     0.00000000e+00    -4.49081653e+00   
    8.56000000e+02     0.00000000e+00    -4.49094241e+00   
    8.57000000e+02     0.00000000e+00    -4.49106013e+00   
    8.58000000e+02     0.00000000e+00    -4.49117484e+00   
    8.59000000e+02     0.00000000e+00    -4.49125521e+00   
    8.60000000e+02     0.00000000e+00    -4.49134792e+00   
    8.61000000e+02     0.00000000e+00    -4.49144085e+00   
    8.62000000e+02     0.00000000e+00    -4.49153990e+00   
    8.63000000e+02     0.00000000e+00    -4.49163579e+00   
    8.64000000e+02     0.00000000e+00    -4.49172092e+00   
    8.65000000e+02     0.00000000e+00    -4.49180449e+00   
    8.66000000e+02     0.00000000e+00    -4.49190574e+00   
    8.67000000e+02     0.00000000e+00    -4.49200017e+00   
    8.68000000e+02     0.00000000e+00    -4.49208239e+00   
    8.69000000e+02     0.00000000e+00    -4.49216698e+00   
    8.70000000e+02     0.00000000e+00    -4.49226062e+00   
    8.71000000e+02     0.00000000e+00    -4.49236887e+00   
    8.72000000e+02     0.00000000e+00    -4.49248099e+00   
    8.73000000e+02     0.00000000e+00    -4.49258220e+00   
    8.74000000e+02     0.00000000e+00    -4.49265847e+00   
    8.75000000e+02     0.00000000e+00    -4.49273088e+00   
    8.76000000e+02     0.00000000e+00    -4.49280322e+00   
    8.77000000e+02     0.00000000e+00    -4.49287956e+00   
    8.78000000e+02     0.00000000e+00    -4.49302844e+00   
    8.79000000e+02     0.00000000e+00    -4.49317521e+00   
    8.80000000e+02     0.00000000e+00    -4.49328583e+00   
    8.81000000e+02     0.00000000e+00    -4.49339895e+00   
    8.82000000e+02     0.00000000e+00    -4.49350191e+00   
    8.83000000e+02     0.00000000e+00    -4.49360906e+00   
    8.84000000e+02     0.00000000e+00    -4.49370814e+00   
    8.85000000e+02     0.00000000e+00    -4.49380366e+00   
    8.86000000e+02     0.00000000e+00    -4.49392181e+00   
    8.87000000e+02     0.00000000e+00    -4.49404238e+00   
    8.88000000e+02     0.00000000e+00    -4.49416162e+00   
    8.89000000e+02     0.00000000e+00    -4.49426561e+00   
    8.90000000e+02     0.00000000e+00    -4.49434519e+00   
    8.91000000e+02     0.00000000e+00    -4.49441762e+00   
    8.92000000e+02     0.00000000e+00    -4.49447891e+00   
    8.93000000e+02     0.00000000e+00    -4.49453838e+00   
    8.94000000e+02     0.00000000e+00    -4.49459395e+00   
    8.95000000e+02     0.00000000e+00    -4.49464820e+00   
    8.96000000e+02     0.00000000e+00    -4.49470444e+00   
    8.97000000e+02     0.00000000e+00    -4.49476178e+00   
    8.98000000e+02     0.00000000e+00    -4.49482552e+00   
    8.99000000e+02     0.00000000e+00    -4.49488628e+00   
    9.00000000e+02     0.00000000e+00    -4.49495369e+00   
    9.01000000e+02     0.00000000e+00    -4.49500945e+00   
    9.02000000e+02     0.00000000e+00    -4.49506461e+00   
    9.03000000e+02     0.00000000e+00    -4.49511714e+00   
    9.04000000e+02     0.00000000e+00    -4.49517382e+00   
    9.05000000e+02     0.00000000e+00    -4.49523257e+00   
    9.06000000e+02     0.00000000e+00    -4.49529416e+00   
    9.07000000e+02     0.00000000e+00    -4.49534908e+00   
    9.08000000e+02     0.00000000e+00    -4.49540503e+00   
    9.09000000e+02     0.00000000e+00    -4.49546963e+00   
    9.10000000e+02     0.00000000e+00    -4.49553108e+00   
    9.11000000e+02     0.00000000e+00    -4.49558028e+00   
    9.12000000e+02     0.00000000e+00    -4.49563792e+00   
    9.13000000e+02     0.00000000e+00    -4.49568648e+00   
    9.14000000e+02     0.00000000e+00    -4.49574277e+00   
    9.15000000e+02     0.00000000e+00    -4.49581163e+00   
    9.16000000e+02     0.00000000e+00    -4.49590379e+00   
    9.17000000e+02     0.00000000e+00    -4.49596778e+00   
    9.18000000e+02     0.00000000e+00    -4.49604273e+00   
    9.19000000e+02     0.00000000e+00    -4.49610004e+00   
    9.20000000e+02     0.00000000e+00    -4.49618706e+00   
    9.21000000e+02     0.00000000e+00    -4.49628782e+00   
    9.22000000e+02     0.00000000e+00    -4.49637697e+00   
    9.23000000e+02     0.00000000e+00    -4.49650201e+00   
    9.24000000e+02     0.00000000e+00    -4.49662351e+00   
    9.25000000e+02     0.00000000e+00    -4.49676916e+00   
    9.26000000e+02     0.00000000e+00    -4.49691299e+00   
    9.27000000e+02     0.00000000e+00    -4.49705942e+00   
    9.28000000e+02     0.00000000e+00    -4.49723740e+00   
    9.29000000e+02     0.00000000e+00    -4.49741394e+00   
    9.30000000e+02     0.00000000e+00    -4.49760093e+00   
    9.31000000e+02     0.00000000e+00    -4.49778511e+00   
    9.32000000e+02     0.00000000e+00    -4.49799353e+00   
    9.33000000e+02     0.00000000e+00    -4.49818328e+00   
    9.34000000e+02     0.00000000e+00    -4.49847082e+00   
    9.35000000e+02     0.00000000e+00    -4.49871040e+00   
    9.36000000e+02     0.00000000e+00    -4.49881551e+00   
    9.37000000e+02     0.00000000e+00    -4.49891695e+00   
    9.38000000e+02     0.00000000e+00    -4.49896536e+00   
    9.39000000e+02     0.00000000e+00    -4.49899963e+00   
    9.40000000e+02     0.00000000e+00    -4.49903969e+00   
    9.41000000e+02     0.00000000e+00    -4.49908138e+00   
    9.42000000e+02     0.00000000e+00    -4.49912320e+00   
    9.43000000e+02     0.00000000e+00    -4.49915432e+00   
    9.44000000e+02     0.00000000e+00    -4.49919858e+00   
    9.45000000e+02     0.00000000e+00    -4.49923897e+00   
    9.46000000e+02     0.00000000e+00    -4.49928000e+00   
    9.47000000e+02     0.00000000e+00    -4.49932037e+00   
    9.48000000e+02     0.00000000e+00    -4.49936562e+00   
    9.49000000e+02     0.00000000e+00    -4.49940345e+00   
    9.50000000e+02     0.00000000e+00    -4.49944246e+00   
    9.51000000e+02     0.00000000e+00    -4.49948272e+00   
    9.52000000e+02     0.00000000e+00    -4.49952401e+00   
    9.53000000e+02     0.00000000e+00    -4.49956690e+00   
    9.54000000e+02     0.00000000e+00    -4.49960726e+00   
    9.55000000e+02     0.00000000e+00    -4.49965747e+00   
    9.56000000e+02     0.00000000e+00    -4.49970736e+00   
    9.57000000e+02     0.00000000e+00    -4.49976207e+00   
    9.58000000e+02     0.00000000e+00    -4.49980620e+00   
    9.59000000e+02     0.00000000e+00    -4.49985611e+00   
    9.60000000e+02     0.00000000e+00    -4.49990238e+00   
    9.61000000e+02     0.00000000e+00    -4.49996183e+00   
    9.62000000e+02     0.00000000e+00    -4.50001258e+00   
    9.63000000e+02     0.00000000e+00    -4.50007191e+00   
    9.64000000e+02     0.00000000e+00    -4.50012974e+00   
    9.65000000e+02     0.00000000e+00    -4.50018593e+00   
    9.66000000e+02     0.00000000e+00    -4.50022956e+00   
    9.67000000e+02     0.00000000e+00    -4.50028706e+00   
    9.68000000e+02     0.00000000e+00    -4.50033431e+00   
    9.69000000e+02     0.00000000e+00    -4.50038194e+00   
    9.70000000e+02     0.00000000e+00    -4.50043016e+00   
    9.71000000e+02     0.00000000e+00    -4.50047299e+00   
    9.72000000e+02     0.00000000e+00    -4.50051331e+00   
    9.73000000e+02     0.00000000e+00    -4.50057254e+00   
    9.74000000e+02     0.00000000e+00    -4.50063077e+00   
    9.75000000e+02     0.00000000e+00    -4.50071080e+00   
    9.76000000e+02     0.00000000e+00    -4.50076194e+00   
    9.77000000e+02     0.00000000e+00    -4.50080576e+00   
    9.78000000e+02     0.00000000e+00    -4.50085152e+00   
    9.79000000e+02     0.00000000e+00    -4.50089334e+00   
    9.80000000e+02     0.00000000e+00    -4.50093422e+00   
    9.81000000e+02     0.00000000e+00    -4.50098459e+00   
    9.82000000e+02     0.00000000e+00    -4.50102998e+00   
    9.83000000e+02     0.00000000e+00    -4.50106685e+00   
    9.84000000e+02     0.00000000e+00    -4.50111065e+00   
    9.85000000e+02     0.00000000e+00    -4.50115211e+00   
    9.86000000e+02     0.00000000e+00    -4.50119117e+00   
    9.87000000e+02     0.00000000e+00    -4.50123175e+00   
    9.88000000e+02     0.00000000e+00    -4.50127839e+00   
    9.89000000e+02     0.00000000e+00    -4.50131442e+00   
    9.90000000e+02     0.00000000e+00    -4.50134966e+00   
    9.91000000e+02     0.00000000e+00    -4.50139163e+00   
    9.92000000e+02     0.00000000e+00    -4.50143902e+00   
    9.93000000e+02     0.00000000e+00    -4.50148057e+00   
    9.94000000e+02     0.00000000e+00    -4.50151984e+00   
    9.95000000e+02     0.00000000e+00    -4.50155634e+00   
    9.96000000e+02     0.00000000e+00    -4.50160708e+00   
    9.97000000e+02     0.00000000e+00    -4.50164333e+00   
    9.98000000e+02     0.00000000e+00    -4.50168525e+00   
    9.99000000e+02     0.00000000e+00    -4.50172141e+00   
    1.00000000e+03     0.00000000e+00    -4.50176308e+00   
