0.000947269058648
4.80846228911e-06
4.79745537285e-06
4.79751897293e-06
4.79752712129e-06
4.70338785734e-06
4.70345125507e-06
4.70345973413e-06
4.60876800027e-06
4.60883118189e-06
4.60876994391e-06
3.94142477704e-06
3.94148594691e-06
3.94149806264e-06
3.8399189591e-06
3.8399797391e-06
3.83999249152e-06
3.63443010158e-06
3.63448999557e-06
3.63443777068e-06
3.5287787136e-06
3.52883809853e-06
3.52885312829e-06
3.42152968194e-06
3.42158850686e-06
3.42160445074e-06
3.31707883851e-06
3.31713707216e-06
3.31704199793e-06
3.31228125167e-06
3.31233945898e-06
3.31235641127e-06
3.20102271894e-06
3.20099168241e-06
1.2672663221e-06
1.2592803139e-06
1.25930234868e-06
1.25930014512e-06
1.25925664933e-06
1.22214261627e-06
1.22216368244e-06
1.2221059248e-06
1.1871863111e-06
1.1872064631e-06
1.18715121217e-06
1.12108852935e-06
1.12110691755e-06
1.12107689573e-06
1.09175204021e-06
1.09176966547e-06
1.09174088948e-06
9.45759064031e-07
9.45777788824e-07
9.45586735359e-07
9.22859629704e-07
9.2287769169e-07
9.22687720148e-07
6.6542957091e-07
6.65348786841e-07
4.46220894365e-07
4.46226561087e-07
4.46056828e-07
4.37747308086e-07
4.37573669632e-07
4.37570228063e-07
4.19660827528e-07
4.19667845011e-07
4.19495906395e-07
3.99399487049e-07
3.99407106162e-07
3.99234185371e-07
3.77654502729e-07
3.77662533279e-07
3.77488940517e-07
3.20874365835e-07
3.20693008694e-07
2.96285554076e-07
2.96106835066e-07
2.71772060688e-07
2.71780813914e-07
2.71606041563e-07
2.35149572118e-07
2.35158320427e-07
2.34983555962e-07
1.4965709403e-07
1.49665824288e-07
1.49491089455e-07
1.25267728556e-07
1.25276475333e-07
1.25101713373e-07
8.87163008755e-08
8.85327864217e-08
6.42278889612e-08
6.42366249431e-08
6.40618809196e-08
3.98873605072e-08
3.98962262034e-08
3.9711437748e-08
1.52917310673e-08
1.53000363418e-08
1.51259976962e-08
2.96139064645e-08
3.14400088071e-08
3.17643038338e-08
3.20434996404e-08
3.20892956126e-08
3.21596404598e-08
2.29756310432e-07
2.40765896081e-07
2.42592502248e-07
2.4264522567e-07
2.42614058229e-07
2.42658964646e-07
2.42612367302e-07
2.9445938573e-07
3.03566548742e-07
3.370577588e-07
3.42655905093e-07
3.58833033113e-07
3.61482395755e-07
3.61911860256e-07
3.61981856398e-07
3.62006448442e-07
3.61977061534e-07
1.25242850258e-06
1.27240494558e-06
1.27563839083e-06
1.27616160337e-06
1.27696349893e-06
1.27698126883e-06
1.34173286997e-06
1.35222083698e-06
1.35666428953e-06
1.3566981676e-06
1.35671831451e-06
1.35675437224e-06
1.35671526928e-06
1.3567668386e-06
1.35671762405e-06
1.45446712034e-06
2.10955622077e-06
2.13618397871e-06
2.14049270521e-06
2.1423179287e-06
2.14386428907e-06
2.14379638512e-06
2.14391977239e-06
2.14401575309e-06
2.19323304363e-06
2.20119738283e-06
2.2152331142e-06
2.21750420366e-06
2.21942830967e-06
2.22024337692e-06
2.22031926724e-06
2.22037500778e-06
2.66717804064e-06
2.67623063151e-06
2.67696300533e-06
2.67727324394e-06
2.67748009184e-06
2.67764678152e-06
3.25619980239e-06
3.27963735815e-06
3.28011139223e-06
3.28031219624e-06
3.28034126768e-06
3.2805659708e-06
3.28054633796e-06
3.39611747078e-06
3.41483521697e-06
3.42276416469e-06
3.42948167084e-06
3.4295496268e-06
3.42959778687e-06
3.42987291598e-06
3.42986144222e-06
3.4749206134e-06
3.48221129626e-06
3.49338515903e-06
3.50371017681e-06
3.50412783188e-06
3.50413941937e-06
3.50438320948e-06
3.56747057099e-06
3.57767820942e-06
3.57850402305e-06
3.57858165197e-06
3.57878644048e-06
3.57881719953e-06
3.61679397351e-06
3.62293870052e-06
3.65062212882e-06
3.65286175259e-06
3.65292970603e-06
3.65290250087e-06
3.65319301304e-06
3.65315828809e-06
3.65317915287e-06
3.74940332591e-06
3.76499051054e-06
3.78883367994e-06
3.79784396494e-06
3.79930185652e-06
3.80153625508e-06
3.80154821553e-06
3.80179366076e-06
3.80177073447e-06
3.80178160319e-06
3.80182008986e-06
3.80179092637e-06
3.91852384438e-06
3.93742917536e-06
3.94543756141e-06
3.94882996089e-06
3.94937886207e-06
3.94984389871e-06
3.94998490062e-06
3.95023082561e-06
4.09206816707e-06
4.09780990483e-06
4.09804216254e-06
4.09808455797e-06
4.09834445832e-06
4.09850865893e-06
4.1680351548e-06
4.17084750227e-06
4.17203883083e-06
4.17207922062e-06
4.17210997856e-06
4.1720753654e-06
4.17212575938e-06
4.17207451046e-06
4.17212925959e-06
4.17207432075e-06
4.17213003607e-06
4.17207427869e-06
4.17242712745e-06
4.17242822901e-06
4.22438251253e-06
4.31718698411e-06
4.31906620388e-06
4.31986225364e-06
4.31999105707e-06
4.31995590727e-06
4.32036519427e-06
4.32037542778e-06
4.37001371595e-06
4.45086039698e-06
4.4639594381e-06
4.46607889853e-06
4.4669767157e-06
4.46735703702e-06
4.4676792504e-06
4.46767539506e-06
4.46805804223e-06
4.46806396523e-06
4.51561410881e-06
4.52330776442e-06
4.54105847472e-06
4.54141748828e-06
4.5415135783e-06
4.54174666077e-06
4.54188814059e-06
4.67021368113e-06
4.68060405097e-06
4.68720113883e-06
4.68826856774e-06
4.68872073776e-06
4.68891228004e-06
4.68893742798e-06
4.68929736441e-06
4.68939384537e-06
4.78871515391e-06
4.80480325959e-06
4.83047409618e-06
4.83462768922e-06
4.83529975384e-06
4.8358691358e-06
4.83611032991e-06
4.8362586822e-06
4.83657186302e-06
4.83664853783e-06
5.10043878233e-06
5.12180515161e-06
5.12526227822e-06
5.13056074674e-06
5.13061191601e-06
5.13108728386e-06
5.13110820946e-06
5.15730408905e-06
5.42437832393e-06
5.42444624044e-06
5.4244477894e-06
5.42487010282e-06
5.42499300708e-06
5.46396755981e-06
5.47027369462e-06
5.49383434158e-06
5.49764650502e-06
5.49780071015e-06
5.49781004181e-06
5.49828947595e-06
5.49831105943e-06
5.59893398585e-06
5.64160456939e-06
5.643330607e-06
5.64406176788e-06
5.64437149261e-06
5.64444670361e-06
5.64479329078e-06
5.6449401076e-06
5.64494630943e-06
5.64498601788e-06
5.64494382178e-06
5.6449962009e-06
5.64494574521e-06
5.70821769022e-06
5.71333639445e-06
5.7176730232e-06
5.71770474052e-06
5.71809381886e-06
5.71825863503e-06
5.71827246178e-06
5.76859715273e-06
5.77673972095e-06
5.78921918282e-06
5.79022878854e-06
5.79065646419e-06
5.79083763033e-06
5.79105929957e-06
5.79148484764e-06
5.79149771229e-06
5.83448097678e-06
5.84143572068e-06
5.86412932258e-06
5.86418807434e-06
5.86469707911e-06
5.86472344726e-06
5.8647578761e-06
5.8647349316e-06
6.95565623525e-06
6.96117850409e-06
6.96207202465e-06
6.96221659925e-06
6.96228309422e-06
6.96282644881e-06
6.96291436537e-06
6.96299311786e-06
7.01547409122e-06
7.02396557045e-06
7.03475209835e-06
7.0351884214e-06
7.03520302923e-06
7.03572118807e-06
7.03588469308e-06
7.03588321887e-06
7.03587591326e-06
7.2388940617e-06
7.24711492834e-06
7.25059733599e-06
7.25354767638e-06
7.25378636393e-06
7.25383148294e-06
7.25386100256e-06
7.2538455819e-06
7.25433393707e-06
7.25454080759e-06
7.25466008068e-06
7.29149045924e-06
7.32415521843e-06
7.32547652461e-06
7.32659595275e-06
7.32668651643e-06
7.32670725264e-06
7.32727038996e-06
7.32736150752e-06
7.32744516586e-06
7.32746459587e-06
7.32743957984e-06
7.46767758845e-06
7.47051612399e-06
7.471718546e-06
7.47222789996e-06
7.47238767531e-06
7.47295765131e-06
7.47304987529e-06
7.4731352295e-06
7.60989138744e-06
7.61542762854e-06
7.61777281455e-06
7.61796254392e-06
7.61798692415e-06
7.61857680575e-06
7.61867225067e-06
7.61876254111e-06
7.64675854501e-06
7.71188781499e-06
7.73952400051e-06
7.75330693024e-06
7.76277945345e-06
7.76316262417e-06
7.76348725156e-06
7.76348378669e-06
7.76411606011e-06
7.76421836404e-06
7.76431916692e-06
7.88022017554e-06
7.89899094238e-06
7.90694233155e-06
7.90822889097e-06
7.90877388616e-06
7.90900474962e-06
7.90898611364e-06
7.9097197075e-06
7.90983840536e-06
7.90983269622e-06
7.94053997406e-06
7.95943714954e-06
7.98115023074e-06
7.98158938473e-06
7.98171942282e-06
7.98254465856e-06
7.98262219382e-06
8.83638181105e-06
8.85367114387e-06
8.85402082681e-06
8.85416895472e-06
8.85413693174e-06
8.85490240746e-06
8.85502626407e-06
8.85516009913e-06
8.90010330914e-06
8.90737520611e-06
8.92500133075e-06
8.92642730902e-06
8.92665803708e-06
8.92679752249e-06
8.9276646673e-06
8.92773482071e-06
8.92770854767e-06
9.21439667085e-06
9.21584788317e-06
9.21646262647e-06
9.21698344515e-06
9.21701172478e-06
9.21802611827e-06
9.21805219379e-06
9.26006355215e-06
9.26686107697e-06
9.28624686419e-06
9.28938353882e-06
9.28945138834e-06
9.28945288099e-06
9.28949382211e-06
9.28945058157e-06
9.29052205766e-06
9.29055275139e-06
9.3297680246e-06
9.3361131357e-06
9.3602935291e-06
9.36127164213e-06
9.36168597725e-06
9.36186149252e-06
9.3620745005e-06
9.36278509862e-06
9.36290007571e-06
9.36302030182e-06
9.36303015825e-06
9.36304487399e-06
9.47440803063e-06
9.49244469805e-06
9.50385852221e-06
9.50570531392e-06
9.50648762706e-06
9.50681902029e-06
9.50695940063e-06
9.50696287619e-06
9.50767869207e-06
9.50798191669e-06
9.50805437402e-06
9.62971996047e-06
9.6494235313e-06
9.65101757784e-06
9.6516928266e-06
9.65180208421e-06
9.65191354432e-06
9.65192569575e-06
9.65190684617e-06
9.6526362497e-06
9.65294522986e-06
9.6530201254e-06
9.68305754125e-06
9.69578152491e-06
9.70656143229e-06
9.72135743004e-06
9.72375146619e-06
9.72413882927e-06
9.72430291888e-06
9.72438594743e-06
9.7254062793e-06
9.72548882591e-06
9.72550277003e-06
9.79228900603e-06
9.79499053105e-06
9.79613491479e-06
9.79661968356e-06
9.79682503493e-06
9.79685603259e-06
9.79790314369e-06
9.79798785681e-06
9.79794557315e-06
9.85950711188e-06
9.86448749007e-06
9.86870693038e-06
9.86904829013e-06
9.86919289234e-06
9.86925941093e-06
9.86928332817e-06
9.86927649387e-06
9.87024185924e-06
9.87039805843e-06
9.87040823498e-06
9.94007386543e-06
9.99898282958e-06
1.00085325164e-05
1.0012577822e-05
1.00132323657e-05
1.0013786904e-05
1.001402181e-05
1.00141648353e-05
1.00150476825e-05
1.00151905303e-05
1.00153534715e-05
1.00484937433e-05
1.00721315911e-05
1.01121778028e-05
1.01542312733e-05
1.01576334458e-05
1.01581839287e-05
1.01586503051e-05
1.01588478652e-05
1.01589592504e-05
1.01589714214e-05
1.01589525554e-05
1.0160138234e-05
1.01601781669e-05
1.02096354504e-05
1.02880621164e-05
1.0300769763e-05
1.0302825899e-05
1.03036968919e-05
1.03037673566e-05
1.03037710648e-05
1.03049434713e-05
1.03049823306e-05
1.03512956017e-05
1.03587891885e-05
1.03702740239e-05
1.03751390688e-05
1.0375926249e-05
1.03760536173e-05
1.03761928348e-05
1.03770587903e-05
1.03771989048e-05
1.03773576572e-05
1.03773574274e-05
1.03773490675e-05
1.03773925881e-05
1.03773557093e-05
1.05861493487e-05
1.05903766704e-05
1.05921673915e-05
1.05929259529e-05
1.05932472845e-05
1.05933274123e-05
1.05943264544e-05
1.05944881027e-05
1.05945690631e-05
1.06367276406e-05
1.06435489955e-05
1.06624706358e-05
1.06655322124e-05
1.06656000456e-05
1.0665648018e-05
1.06668994599e-05
1.06669447132e-05
1.07640836374e-05
1.07798189158e-05
1.08037192686e-05
1.08075864124e-05
1.08092245599e-05
1.08099184899e-05
1.08102124435e-05
1.08104054944e-05
1.08115102591e-05
1.08115996365e-05
1.08116193677e-05
1.0932486619e-05
1.09520610944e-05
1.09536446979e-05
1.09549863482e-05
1.09550388993e-05
1.09558355432e-05
1.0956173007e-05
1.0956315959e-05
1.09563205237e-05
1.09942465667e-05
1.10003830935e-05
1.10169682524e-05
1.10271527319e-05
1.10272557246e-05
1.1027357583e-05
1.10285161172e-05
1.10286098446e-05
1.10286332613e-05
1.10745150364e-05
1.1081938806e-05
1.10933166397e-05
1.10992013875e-05
1.10994394304e-05
1.10996411034e-05
1.10996177441e-05
1.11006599218e-05
1.11008285498e-05
1.11010310023e-05
1.36205645416e-05
1.3626941948e-05
1.3629643459e-05
1.36300805724e-05
1.36302657367e-05
1.36303666198e-05
1.3631517996e-05
1.36320057266e-05
1.36321563421e-05
1.37420935716e-05
1.3759899686e-05
1.37718684341e-05
1.37738050156e-05
1.3774118361e-05
1.37745986017e-05
1.37746203157e-05
1.37761463327e-05
1.37762697902e-05
1.37764030134e-05
1.38840948532e-05
1.39015376682e-05
1.3914166235e-05
1.39162095771e-05
1.39179407242e-05
1.39186740495e-05
1.39187927041e-05
1.39187869765e-05
1.39203922662e-05
1.39205221368e-05
1.39205761746e-05
1.3981390656e-05
1.39863106187e-05
1.39904788761e-05
1.3990816095e-05
1.39909029529e-05
1.39926224726e-05
1.39926902773e-05
1.39926630093e-05
1.40416914739e-05
1.40624601435e-05
1.40628801978e-05
1.4063002145e-05
1.40643081218e-05
1.40645194332e-05
1.40646984592e-05
1.40647941421e-05
1.41344441791e-05
1.41347963519e-05
1.41349455347e-05
1.41351181853e-05
1.41367963001e-05
1.41368641037e-05
1.41368655574e-05
1.41818643816e-05
1.42404953405e-05
1.42500000869e-05
1.42645672736e-05
1.42753651599e-05
1.42771122926e-05
1.42785924869e-05
1.42792195072e-05
1.42792649707e-05
1.42804862114e-05
1.42810035372e-05
1.42811666895e-05
1.43884354447e-05
1.4405809816e-05
1.44230279388e-05
1.4423376182e-05
1.44233765385e-05
1.44251761421e-05
1.44252439437e-05
1.44252166745e-05
1.45327434712e-05
1.45501595967e-05
1.45625412876e-05
1.45645446848e-05
1.45662419897e-05
1.45669609796e-05
1.45672655486e-05
1.45675235835e-05
1.45675093441e-05
1.45688427816e-05
1.45694076348e-05
1.45694430396e-05
1.46960066426e-05
1.47062547803e-05
1.47105959569e-05
1.47112983738e-05
1.47115959223e-05
1.47115880761e-05
1.47116314623e-05
1.47115861503e-05
1.47130399157e-05
1.47132751398e-05
1.47134744249e-05
1.47135872714e-05
1.47775112533e-05
1.47826827797e-05
1.47835195499e-05
1.47836549421e-05
1.47836563047e-05
1.47854880415e-05
1.47855558408e-05
1.4785603761e-05
1.48358721292e-05
1.48440056771e-05
1.48536694094e-05
1.48552330326e-05
1.48554860322e-05
1.48557003769e-05
1.48556790681e-05
1.48557259788e-05
1.48556776807e-05
1.48557316573e-05
1.48556787535e-05
1.48574613945e-05
1.4857605613e-05
1.48576718067e-05
1.48818784661e-05
1.49823848447e-05
1.49986650749e-05
1.49993236231e-05
1.49996025885e-05
1.49997829413e-05
1.50015175862e-05
1.50016579217e-05
1.50018170132e-05
1.50329651845e-05
1.50524222764e-05
1.50707950986e-05
1.50715382936e-05
1.5071658545e-05
1.50719202158e-05
1.50733293827e-05
1.50735573906e-05
1.50737505622e-05
1.50737764003e-05
1.50738109678e-05
1.50737878107e-05
1.51095199131e-05
1.51388900262e-05
1.51436421942e-05
1.51438344233e-05
1.51438598625e-05
1.51454590344e-05
1.51457177858e-05
1.51458810131e-05
1.51788558802e-05
1.52019357139e-05
1.52098491869e-05
1.52132013857e-05
1.52146213994e-05
1.52158244541e-05
1.52158657929e-05
1.52177772128e-05
1.52178450091e-05
1.5217892925e-05
1.56250202753e-05
1.5641510952e-05
1.56441791957e-05
1.56464397674e-05
1.56473973608e-05
1.56478030039e-05
1.56479748371e-05
1.56479916362e-05
1.56494211313e-05
1.56500266752e-05
1.56500686637e-05
1.56805224401e-05
1.56986893214e-05
1.57179649559e-05
1.57195243848e-05
1.57197767057e-05
1.57199904754e-05
1.57200250391e-05
1.57218034069e-05
1.57220911528e-05
1.57220817205e-05
1.57885207614e-05
1.57912082597e-05
1.5791643106e-05
1.57920115136e-05
1.57920151328e-05
1.57939189399e-05
1.57940729611e-05
1.57940822151e-05
1.57941211242e-05
1.57940913129e-05
1.58608490025e-05
1.58635493919e-05
1.5863986324e-05
1.58640010307e-05
1.58653894301e-05
1.58659775654e-05
1.58660727279e-05
1.58660973601e-05
1.59356457868e-05
1.59359974461e-05
1.59359983553e-05
1.59378156098e-05
1.59381096478e-05
1.59381012336e-05
1.59900694222e-05
1.60597346395e-05
1.60710247565e-05
1.60783288156e-05
1.60795106364e-05
1.6079701859e-05
1.60799389409e-05
1.6079918204e-05
1.60799272181e-05
1.607996619e-05
1.60799362825e-05
1.60821282364e-05
1.60821400374e-05
1.61390793996e-05
1.61482923374e-05
1.61497830209e-05
1.6151045948e-05
1.61515809325e-05
1.61518075556e-05
1.61519435633e-05
1.61533527362e-05
1.61539496713e-05
1.61540462575e-05
1.61541382971e-05
1.62784117772e-05
1.6288474664e-05
1.62927373677e-05
1.62945430773e-05
1.62953079881e-05
1.62956320094e-05
1.62959065248e-05
1.6295894952e-05
1.6297313553e-05
1.6297914482e-05
1.62980117144e-05
1.62981047446e-05
1.63419459833e-05
1.63959819907e-05
1.64047432772e-05
1.64227497844e-05
1.64368273708e-05
1.64391051696e-05
1.6439473725e-05
1.64397859701e-05
1.64398622489e-05
1.64414544241e-05
1.64417120434e-05
1.64419303021e-05
1.64420592234e-05
1.65257155719e-05
1.65612001535e-05
1.65669416627e-05
1.65810478012e-05
1.65833302199e-05
1.65836995229e-05
1.65837999717e-05
1.65856830915e-05
1.65859877868e-05
1.65859810971e-05
1.6706802324e-05
1.67263695316e-05
1.67271610405e-05
1.67274963291e-05
1.67276383596e-05
1.67276425343e-05
1.67295640816e-05
1.67298749945e-05
1.67299507088e-05
1.7000173819e-05
1.70111179252e-05
1.70128887173e-05
1.70143889562e-05
1.70150244676e-05
1.70152936744e-05
1.70154657598e-05
1.70171397244e-05
1.70174105776e-05
1.70176400481e-05
1.7017778468e-05
1.70407036191e-05
1.70549509904e-05
1.70718097312e-05
1.70789511993e-05
1.70861716685e-05
1.70873399644e-05
1.70873784911e-05
1.70892346858e-05
1.70895350243e-05
1.70897334848e-05
1.71411758486e-05
1.71494993649e-05
1.71565511527e-05
1.71576921553e-05
1.71586588283e-05
1.71590683174e-05
1.71592417797e-05
1.7159332749e-05
1.71611017598e-05
1.71613879916e-05
1.71616304912e-05
1.71616772252e-05
1.72224601442e-05
1.72273775628e-05
1.7229460614e-05
1.7231225403e-05
1.72312371977e-05
1.72312754418e-05
1.72312466498e-05
1.72335323589e-05
1.7233600144e-05
1.72336015821e-05
1.72336425375e-05
1.723360959e-05
1.76549307888e-05
1.7659197015e-05
1.76628114191e-05
1.7662828531e-05
1.76651632674e-05
1.76652310503e-05
1.76652789458e-05
1.77281026714e-05
1.77331851944e-05
1.77340075635e-05
1.77347042858e-05
1.77347610273e-05
1.77369749376e-05
1.77371540465e-05
1.77372497997e-05
1.77800681063e-05
1.77869962286e-05
1.78013129822e-05
1.78036294791e-05
1.78055920466e-05
1.78064234034e-05
1.78065579197e-05
1.78067080923e-05
1.78082212283e-05
1.78088622029e-05
1.78091337239e-05
1.78091216667e-05
1.7851380866e-05
1.78582185273e-05
1.78771416617e-05
1.78779071174e-05
1.78785556221e-05
1.78786045619e-05
1.78806652563e-05
1.78809986836e-05
1.78810839353e-05
1.79436946775e-05
1.79487599673e-05
1.79495795481e-05
1.79502739082e-05
1.79503862579e-05
1.79505024574e-05
1.79525751733e-05
1.79529105458e-05
1.79529966214e-05
1.807195211e-05
1.80912174635e-05
1.80927760613e-05
1.80940965264e-05
1.80942033542e-05
1.80943110907e-05
1.80962819348e-05
1.8096600824e-05
1.80968150008e-05
1.81583121128e-05
1.81632873122e-05
1.81653948398e-05
1.81657358449e-05
