# column   1     --> step : The current simulation time step.
# column   2     --> potential : The physical system potential energy.
    0.00000000e+00     1.95540933e-03   
    1.00000000e+00    -2.67625656e-05   
    2.00000000e+00    -3.54385366e-05   
    3.00000000e+00    -3.54385639e-05   
    4.00000000e+00    -3.54385638e-05   
    5.00000000e+00    -3.54382955e-05   
    6.00000000e+00    -3.54385290e-05   
    7.00000000e+00    -3.54385288e-05   
    8.00000000e+00    -3.54382606e-05   
    9.00000000e+00    -3.54384962e-05   
    1.00000000e+01    -3.54384960e-05   
    1.10000000e+01    -3.54382279e-05   
    1.20000000e+01    -3.54385369e-05   
    1.30000000e+01    -3.54385368e-05   
    1.40000000e+01    -3.54382685e-05   
    1.50000000e+01    -3.54385296e-05   
    1.60000000e+01    -3.54385294e-05   
    1.70000000e+01    -3.54382612e-05   
    1.80000000e+01    -3.54385240e-05   
    1.90000000e+01    -3.54385239e-05   
    2.00000000e+01    -3.54382558e-05   
    2.10000000e+01    -3.54385320e-05   
    2.20000000e+01    -3.54385318e-05   
    2.30000000e+01    -3.54382636e-05   
    2.40000000e+01    -3.54385459e-05   
    2.50000000e+01    -3.54385458e-05   
    2.60000000e+01    -3.54382775e-05   
    2.70000000e+01    -3.54385545e-05   
    2.80000000e+01    -3.54385543e-05   
    2.90000000e+01    -3.54383019e-05   
    3.00000000e+01    -3.54383146e-05   
    3.10000000e+01    -3.54383144e-05   
    3.20000000e+01    -3.54380461e-05   
    3.30000000e+01    -3.54383434e-05   
    3.40000000e+01    -3.54380753e-05   
    3.50000000e+01    -3.54384812e-05   
    3.60000000e+01    -3.54385181e-05   
    3.70000000e+01    -3.54385180e-05   
    3.80000000e+01    -3.54385180e-05   
    3.90000000e+01    -3.54382655e-05   
    4.00000000e+01    -3.54384376e-05   
    4.10000000e+01    -3.54384375e-05   
    4.20000000e+01    -3.54381851e-05   
    4.30000000e+01    -3.54383515e-05   
    4.40000000e+01    -3.54383514e-05   
    4.50000000e+01    -3.54380990e-05   
    4.60000000e+01    -3.54384377e-05   
    4.70000000e+01    -3.54384376e-05   
    4.80000000e+01    -3.54381851e-05   
    4.90000000e+01    -3.54383371e-05   
    5.00000000e+01    -3.54383370e-05   
    5.10000000e+01    -3.54380844e-05   
    5.20000000e+01    -3.54383623e-05   
    5.30000000e+01    -3.54383623e-05   
    5.40000000e+01    -3.54381096e-05   
    5.50000000e+01    -3.54384137e-05   
    5.60000000e+01    -3.54384137e-05   
    5.70000000e+01    -3.54381610e-05   
    5.80000000e+01    -3.54383993e-05   
    5.90000000e+01    -3.54381469e-05   
    6.00000000e+01    -3.54384120e-05   
    6.10000000e+01    -3.54384119e-05   
    6.20000000e+01    -3.54381594e-05   
    6.30000000e+01    -3.54382805e-05   
    6.40000000e+01    -3.54380279e-05   
    6.50000000e+01    -3.54380280e-05   
    6.60000000e+01    -3.54382789e-05   
    6.70000000e+01    -3.54382788e-05   
    6.80000000e+01    -3.54380262e-05   
    6.90000000e+01    -3.54382643e-05   
    7.00000000e+01    -3.54382642e-05   
    7.10000000e+01    -3.54380116e-05   
    7.20000000e+01    -3.54382409e-05   
    7.30000000e+01    -3.54382408e-05   
    7.40000000e+01    -3.54379882e-05   
    7.50000000e+01    -3.54383019e-05   
    7.60000000e+01    -3.54380494e-05   
    7.70000000e+01    -3.54382618e-05   
    7.80000000e+01    -3.54380092e-05   
    7.90000000e+01    -3.54382221e-05   
    8.00000000e+01    -3.54382221e-05   
    8.10000000e+01    -3.54379695e-05   
    8.20000000e+01    -3.54382972e-05   
    8.30000000e+01    -3.54382972e-05   
    8.40000000e+01    -3.54380446e-05   
    8.50000000e+01    -3.54382937e-05   
    8.60000000e+01    -3.54382936e-05   
    8.70000000e+01    -3.54380410e-05   
    8.80000000e+01    -3.54382546e-05   
    8.90000000e+01    -3.54382546e-05   
    9.00000000e+01    -3.54380020e-05   
    9.10000000e+01    -3.54383299e-05   
    9.20000000e+01    -3.54380774e-05   
    9.30000000e+01    -3.54382904e-05   
    9.40000000e+01    -3.54382903e-05   
    9.50000000e+01    -3.54380378e-05   
    9.60000000e+01    -3.54382515e-05   
    9.70000000e+01    -3.54382515e-05   
    9.80000000e+01    -3.54379989e-05   
    9.90000000e+01    -3.54382112e-05   
    1.00000000e+02    -3.54382112e-05   
    1.01000000e+02    -3.54379586e-05   
    1.02000000e+02    -3.54381396e-05   
    1.03000000e+02    -3.54381498e-05   
    1.04000000e+02    -3.54381515e-05   
    1.05000000e+02    -3.54381529e-05   
    1.06000000e+02    -3.54381532e-05   
    1.07000000e+02    -3.54379008e-05   
    1.08000000e+02    -3.54382045e-05   
    1.09000000e+02    -3.54382363e-05   
    1.10000000e+02    -3.54382415e-05   
    1.11000000e+02    -3.54382417e-05   
    1.12000000e+02    -3.54379734e-05   
    1.13000000e+02    -3.54381076e-05   
    1.14000000e+02    -3.54379734e-05   
    1.15000000e+02    -3.54381207e-05   
    1.16000000e+02    -3.54381452e-05   
    1.17000000e+02    -3.54382348e-05   
    1.18000000e+02    -3.54382494e-05   
    1.19000000e+02    -3.54382915e-05   
    1.20000000e+02    -3.54382983e-05   
    1.21000000e+02    -3.54382994e-05   
    1.22000000e+02    -3.54380314e-05   
    1.23000000e+02    -3.54381656e-05   
    1.24000000e+02    -3.54380314e-05   
    1.25000000e+02    -3.54381747e-05   
    1.26000000e+02    -3.54382197e-05   
    1.27000000e+02    -3.54382270e-05   
    1.28000000e+02    -3.54382281e-05   
    1.29000000e+02    -3.54382299e-05   
    1.30000000e+02    -3.54379617e-05   
    1.31000000e+02    -3.54381073e-05   
    1.32000000e+02    -3.54381308e-05   
    1.33000000e+02    -3.54381407e-05   
    1.34000000e+02    -3.54380067e-05   
    1.35000000e+02    -3.54378726e-05   
    1.36000000e+02    -3.54380068e-05   
    1.37000000e+02    -3.54378726e-05   
    1.38000000e+02    -3.54380068e-05   
    1.39000000e+02    -3.54378726e-05   
    1.40000000e+02    -3.54380758e-05   
    1.41000000e+02    -3.54381467e-05   
    1.42000000e+02    -3.54382048e-05   
    1.43000000e+02    -3.54382142e-05   
    1.44000000e+02    -3.54382182e-05   
    1.45000000e+02    -3.54382216e-05   
    1.46000000e+02    -3.54382214e-05   
    1.47000000e+02    -3.54380876e-05   
    1.48000000e+02    -3.54379536e-05   
    1.49000000e+02    -3.54380610e-05   
    1.50000000e+02    -3.54380783e-05   
    1.51000000e+02    -3.54381089e-05   
    1.52000000e+02    -3.54381138e-05   
    1.53000000e+02    -3.54381180e-05   
    1.54000000e+02    -3.54381198e-05   
    1.55000000e+02    -3.54379858e-05   
    1.56000000e+02    -3.54378518e-05   
    1.57000000e+02    -3.54382410e-05   
    1.58000000e+02    -3.54382605e-05   
    1.59000000e+02    -3.54382621e-05   
    1.60000000e+02    -3.54382628e-05   
    1.61000000e+02    -3.54381291e-05   
    1.62000000e+02    -3.54379953e-05   
    1.63000000e+02    -3.54381244e-05   
    1.64000000e+02    -3.54381746e-05   
    1.65000000e+02    -3.54381757e-05   
    1.66000000e+02    -3.54381761e-05   
    1.67000000e+02    -3.54380420e-05   
    1.68000000e+02    -3.54380425e-05   
    1.69000000e+02    -3.54379083e-05   
    1.70000000e+02    -3.54381404e-05   
    1.71000000e+02    -3.54381804e-05   
    1.72000000e+02    -3.54381974e-05   
    1.73000000e+02    -3.54382118e-05   
    1.74000000e+02    -3.54382119e-05   
    1.75000000e+02    -3.54380779e-05   
    1.76000000e+02    -3.54380785e-05   
    1.77000000e+02    -3.54379443e-05   
    1.78000000e+02    -3.54380407e-05   
    1.79000000e+02    -3.54380563e-05   
    1.80000000e+02    -3.54380802e-05   
    1.81000000e+02    -3.54381023e-05   
    1.82000000e+02    -3.54381032e-05   
    1.83000000e+02    -3.54379691e-05   
    1.84000000e+02    -3.54378355e-05   
    1.85000000e+02    -3.54382230e-05   
    1.86000000e+02    -3.54382449e-05   
    1.87000000e+02    -3.54382466e-05   
    1.88000000e+02    -3.54381126e-05   
    1.89000000e+02    -3.54381131e-05   
    1.90000000e+02    -3.54379790e-05   
    1.91000000e+02    -3.54380601e-05   
    1.92000000e+02    -3.54380733e-05   
    1.93000000e+02    -3.54381324e-05   
    1.94000000e+02    -3.54381372e-05   
    1.95000000e+02    -3.54381373e-05   
    1.96000000e+02    -3.54380031e-05   
    1.97000000e+02    -3.54378696e-05   
    1.98000000e+02    -3.54380037e-05   
    1.99000000e+02    -3.54378696e-05   
    2.00000000e+02    -3.54380594e-05   
    2.01000000e+02    -3.54380927e-05   
    2.02000000e+02    -3.54381436e-05   
    2.03000000e+02    -3.54381628e-05   
    2.04000000e+02    -3.54381659e-05   
    2.05000000e+02    -3.54381706e-05   
    2.06000000e+02    -3.54380365e-05   
    2.07000000e+02    -3.54379029e-05   
    2.08000000e+02    -3.54380370e-05   
    2.09000000e+02    -3.54379029e-05   
    2.10000000e+02    -3.54380371e-05   
    2.11000000e+02    -3.54379029e-05   
    2.12000000e+02    -3.54381362e-05   
    2.13000000e+02    -3.54381765e-05   
    2.14000000e+02    -3.54381936e-05   
    2.15000000e+02    -3.54382008e-05   
    2.16000000e+02    -3.54382020e-05   
    2.17000000e+02    -3.54382029e-05   
    2.18000000e+02    -3.54380691e-05   
    2.19000000e+02    -3.54379355e-05   
    2.20000000e+02    -3.54382220e-05   
    2.21000000e+02    -3.54382342e-05   
    2.22000000e+02    -3.54382347e-05   
    2.23000000e+02    -3.54381006e-05   
    2.24000000e+02    -3.54381012e-05   
    2.25000000e+02    -3.54379674e-05   
    2.26000000e+02    -3.54381153e-05   
    2.27000000e+02    -3.54381213e-05   
    2.28000000e+02    -3.54381238e-05   
    2.29000000e+02    -3.54379898e-05   
    2.30000000e+02    -3.54381240e-05   
    2.31000000e+02    -3.54379897e-05   
    2.32000000e+02    -3.54381240e-05   
    2.33000000e+02    -3.54379897e-05   
    2.34000000e+02    -3.54381240e-05   
    2.35000000e+02    -3.54379897e-05   
    2.36000000e+02    -3.54381240e-05   
    2.37000000e+02    -3.54379897e-05   
    2.38000000e+02    -3.54379905e-05   
    2.39000000e+02    -3.54378564e-05   
    2.40000000e+02    -3.54379668e-05   
    2.41000000e+02    -3.54381485e-05   
    2.42000000e+02    -3.54381525e-05   
    2.43000000e+02    -3.54381542e-05   
    2.44000000e+02    -3.54381544e-05   
    2.45000000e+02    -3.54380202e-05   
    2.46000000e+02    -3.54380211e-05   
    2.47000000e+02    -3.54378870e-05   
    2.48000000e+02    -3.54379924e-05   
    2.49000000e+02    -3.54381485e-05   
    2.50000000e+02    -3.54381763e-05   
    2.51000000e+02    -3.54381808e-05   
    2.52000000e+02    -3.54381827e-05   
    2.53000000e+02    -3.54381835e-05   
    2.54000000e+02    -3.54381842e-05   
    2.55000000e+02    -3.54380500e-05   
    2.56000000e+02    -3.54380508e-05   
    2.57000000e+02    -3.54379167e-05   
    2.58000000e+02    -3.54380176e-05   
    2.59000000e+02    -3.54380339e-05   
    2.60000000e+02    -3.54380716e-05   
    2.61000000e+02    -3.54380723e-05   
    2.62000000e+02    -3.54379384e-05   
    2.63000000e+02    -3.54379389e-05   
    2.64000000e+02    -3.54378051e-05   
    2.65000000e+02    -3.54380616e-05   
    2.66000000e+02    -3.54380837e-05   
    2.67000000e+02    -3.54380976e-05   
    2.68000000e+02    -3.54380999e-05   
    2.69000000e+02    -3.54381009e-05   
    2.70000000e+02    -3.54381013e-05   
    2.71000000e+02    -3.54379672e-05   
    2.72000000e+02    -3.54379679e-05   
    2.73000000e+02    -3.54378340e-05   
    2.74000000e+02    -3.54380289e-05   
    2.75000000e+02    -3.54380629e-05   
    2.76000000e+02    -3.54381173e-05   
    2.77000000e+02    -3.54381261e-05   
    2.78000000e+02    -3.54381275e-05   
    2.79000000e+02    -3.54381287e-05   
    2.80000000e+02    -3.54381292e-05   
    2.81000000e+02    -3.54379954e-05   
    2.82000000e+02    -3.54379961e-05   
    2.83000000e+02    -3.54378621e-05   
    2.84000000e+02    -3.54381211e-05   
    2.85000000e+02    -3.54381663e-05   
    2.86000000e+02    -3.54381736e-05   
    2.87000000e+02    -3.54381848e-05   
    2.88000000e+02    -3.54380507e-05   
    2.89000000e+02    -3.54380517e-05   
    2.90000000e+02    -3.54379176e-05   
    2.91000000e+02    -3.54379730e-05   
    2.92000000e+02    -3.54382379e-05   
    2.93000000e+02    -3.54382381e-05   
    2.94000000e+02    -3.54381040e-05   
    2.95000000e+02    -3.54381048e-05   
    2.96000000e+02    -3.54379710e-05   
    2.97000000e+02    -3.54380532e-05   
    2.98000000e+02    -3.54380665e-05   
    2.99000000e+02    -3.54381162e-05   
    3.00000000e+02    -3.54381243e-05   
    3.01000000e+02    -3.54381246e-05   
    3.02000000e+02    -3.54379905e-05   
    3.03000000e+02    -3.54379915e-05   
    3.04000000e+02    -3.54378574e-05   
    3.05000000e+02    -3.54380541e-05   
    3.06000000e+02    -3.54381441e-05   
    3.07000000e+02    -3.54381478e-05   
    3.08000000e+02    -3.54381493e-05   
    3.09000000e+02    -3.54381499e-05   
    3.10000000e+02    -3.54380160e-05   
    3.11000000e+02    -3.54380167e-05   
    3.12000000e+02    -3.54380170e-05   
    3.13000000e+02    -3.54378829e-05   
    3.14000000e+02    -3.54380171e-05   
    3.15000000e+02    -3.54378829e-05   
    3.16000000e+02    -3.54380171e-05   
    3.17000000e+02    -3.54378829e-05   
    3.18000000e+02    -3.54380163e-05   
    3.19000000e+02    -3.54380271e-05   
    3.20000000e+02    -3.54380362e-05   
    3.21000000e+02    -3.54379021e-05   
    3.22000000e+02    -3.54379030e-05   
    3.23000000e+02    -3.54379033e-05   
    3.24000000e+02    -3.54377692e-05   
    3.25000000e+02    -3.54381280e-05   
    3.26000000e+02    -3.54381451e-05   
    3.27000000e+02    -3.54381714e-05   
    3.28000000e+02    -3.54381736e-05   
    3.29000000e+02    -3.54381745e-05   
    3.30000000e+02    -3.54381748e-05   
    3.31000000e+02    -3.54380412e-05   
    3.32000000e+02    -3.54380421e-05   
    3.33000000e+02    -3.54379079e-05   
    3.34000000e+02    -3.54379985e-05   
    3.35000000e+02    -3.54380132e-05   
    3.36000000e+02    -3.54380610e-05   
    3.37000000e+02    -3.54379269e-05   
    3.38000000e+02    -3.54379280e-05   
    3.39000000e+02    -3.54377939e-05   
    3.40000000e+02    -3.54379281e-05   
    3.41000000e+02    -3.54377940e-05   
    3.42000000e+02    -3.54381036e-05   
    3.43000000e+02    -3.54381152e-05   
    3.44000000e+02    -3.54381171e-05   
    3.45000000e+02    -3.54381174e-05   
    3.46000000e+02    -3.54379834e-05   
    3.47000000e+02    -3.54379845e-05   
    3.48000000e+02    -3.54379847e-05   
    3.49000000e+02    -3.54378507e-05   
    3.50000000e+02    -3.54379608e-05   
    3.51000000e+02    -3.54379786e-05   
    3.52000000e+02    -3.54380012e-05   
    3.53000000e+02    -3.54380022e-05   
    3.54000000e+02    -3.54378680e-05   
    3.55000000e+02    -3.54378691e-05   
    3.56000000e+02    -3.54377353e-05   
    3.57000000e+02    -3.54378695e-05   
    3.58000000e+02    -3.54377353e-05   
    3.59000000e+02    -3.54381299e-05   
    3.60000000e+02    -3.54381471e-05   
    3.61000000e+02    -3.54381544e-05   
    3.62000000e+02    -3.54381606e-05   
    3.63000000e+02    -3.54381611e-05   
    3.64000000e+02    -3.54380270e-05   
    3.65000000e+02    -3.54381612e-05   
    3.66000000e+02    -3.54380271e-05   
    3.67000000e+02    -3.54380281e-05   
    3.68000000e+02    -3.54380285e-05   
    3.69000000e+02    -3.54378946e-05   
    3.70000000e+02    -3.54379718e-05   
    3.71000000e+02    -3.54380403e-05   
    3.72000000e+02    -3.54380430e-05   
    3.73000000e+02    -3.54380454e-05   
    3.74000000e+02    -3.54380456e-05   
    3.75000000e+02    -3.54379115e-05   
    3.76000000e+02    -3.54379126e-05   
    3.77000000e+02    -3.54379128e-05   
    3.78000000e+02    -3.54377789e-05   
    3.79000000e+02    -3.54379131e-05   
    3.80000000e+02    -3.54377789e-05   
    3.81000000e+02    -3.54380571e-05   
    3.82000000e+02    -3.54380630e-05   
    3.83000000e+02    -3.54380655e-05   
    3.84000000e+02    -3.54380666e-05   
    3.85000000e+02    -3.54379328e-05   
    3.86000000e+02    -3.54379340e-05   
    3.87000000e+02    -3.54379342e-05   
    3.88000000e+02    -3.54378002e-05   
    3.89000000e+02    -3.54380710e-05   
    3.90000000e+02    -3.54380826e-05   
    3.91000000e+02    -3.54380875e-05   
    3.92000000e+02    -3.54380879e-05   
    3.93000000e+02    -3.54379538e-05   
    3.94000000e+02    -3.54379551e-05   
    3.95000000e+02    -3.54379553e-05   
    3.96000000e+02    -3.54378213e-05   
    3.97000000e+02    -3.54378799e-05   
    3.98000000e+02    -3.54380006e-05   
    3.99000000e+02    -3.54380585e-05   
    4.00000000e+02    -3.54380873e-05   
    4.01000000e+02    -3.54381071e-05   
    4.02000000e+02    -3.54381079e-05   
    4.03000000e+02    -3.54381086e-05   
    4.04000000e+02    -3.54379745e-05   
    4.05000000e+02    -3.54379758e-05   
    4.06000000e+02    -3.54379760e-05   
    4.07000000e+02    -3.54378421e-05   
    4.08000000e+02    -3.54380690e-05   
    4.09000000e+02    -3.54381082e-05   
    4.10000000e+02    -3.54381249e-05   
    4.11000000e+02    -3.54381276e-05   
    4.12000000e+02    -3.54381287e-05   
    4.13000000e+02    -3.54381292e-05   
    4.14000000e+02    -3.54379950e-05   
    4.15000000e+02    -3.54379965e-05   
    4.16000000e+02    -3.54379968e-05   
    4.17000000e+02    -3.54378626e-05   
    4.18000000e+02    -3.54379269e-05   
    4.19000000e+02    -3.54379664e-05   
    4.20000000e+02    -3.54380118e-05   
    4.21000000e+02    -3.54380127e-05   
    4.22000000e+02    -3.54378788e-05   
    4.23000000e+02    -3.54378806e-05   
    4.24000000e+02    -3.54377466e-05   
    4.25000000e+02    -3.54380961e-05   
    4.26000000e+02    -3.54381322e-05   
    4.27000000e+02    -3.54381329e-05   
    4.28000000e+02    -3.54381332e-05   
    4.29000000e+02    -3.54379990e-05   
    4.30000000e+02    -3.54380006e-05   
    4.31000000e+02    -3.54380009e-05   
    4.32000000e+02    -3.54378670e-05   
    4.33000000e+02    -3.54379607e-05   
    4.34000000e+02    -3.54379759e-05   
    4.35000000e+02    -3.54380127e-05   
    4.36000000e+02    -3.54380156e-05   
    4.37000000e+02    -3.54380161e-05   
    4.38000000e+02    -3.54378823e-05   
    4.39000000e+02    -3.54378841e-05   
    4.40000000e+02    -3.54378842e-05   
    4.41000000e+02    -3.54377500e-05   
    4.42000000e+02    -3.54380484e-05   
    4.43000000e+02    -3.54380515e-05   
    4.44000000e+02    -3.54380527e-05   
    4.45000000e+02    -3.54380538e-05   
    4.46000000e+02    -3.54379197e-05   
    4.47000000e+02    -3.54379219e-05   
    4.48000000e+02    -3.54377878e-05   
    4.49000000e+02    -3.54378753e-05   
    4.50000000e+02    -3.54378895e-05   
    4.51000000e+02    -3.54379299e-05   
    4.52000000e+02    -3.54379364e-05   
    4.53000000e+02    -3.54379366e-05   
    4.54000000e+02    -3.54378024e-05   
    4.55000000e+02    -3.54379367e-05   
    4.56000000e+02    -3.54378024e-05   
    4.57000000e+02    -3.54378047e-05   
    4.58000000e+02    -3.54376706e-05   
    4.59000000e+02    -3.54380050e-05   
    4.60000000e+02    -3.54380182e-05   
    4.61000000e+02    -3.54380686e-05   
    4.62000000e+02    -3.54380706e-05   
    4.63000000e+02    -3.54380715e-05   
    4.64000000e+02    -3.54380719e-05   
    4.65000000e+02    -3.54379382e-05   
    4.66000000e+02    -3.54379397e-05   
    4.67000000e+02    -3.54379399e-05   
    4.68000000e+02    -3.54378060e-05   
    4.69000000e+02    -3.54379402e-05   
    4.70000000e+02    -3.54378060e-05   
    4.71000000e+02    -3.54380225e-05   
    4.72000000e+02    -3.54380600e-05   
    4.73000000e+02    -3.54380838e-05   
    4.74000000e+02    -3.54380877e-05   
    4.75000000e+02    -3.54380893e-05   
    4.76000000e+02    -3.54380900e-05   
    4.77000000e+02    -3.54380903e-05   
    4.78000000e+02    -3.54379561e-05   
    4.79000000e+02    -3.54379576e-05   
    4.80000000e+02    -3.54379583e-05   
    4.81000000e+02    -3.54378243e-05   
    4.82000000e+02    -3.54380621e-05   
    4.83000000e+02    -3.54381031e-05   
    4.84000000e+02    -3.54381064e-05   
    4.85000000e+02    -3.54381078e-05   
    4.86000000e+02    -3.54381080e-05   
    4.87000000e+02    -3.54379741e-05   
    4.88000000e+02    -3.54381083e-05   
    4.89000000e+02    -3.54379741e-05   
    4.90000000e+02    -3.54379756e-05   
    4.91000000e+02    -3.54379763e-05   
    4.92000000e+02    -3.54378423e-05   
    4.93000000e+02    -3.54379048e-05   
    4.94000000e+02    -3.54379313e-05   
    4.95000000e+02    -3.54379538e-05   
    4.96000000e+02    -3.54379846e-05   
    4.97000000e+02    -3.54379895e-05   
    4.98000000e+02    -3.54379904e-05   
    4.99000000e+02    -3.54379907e-05   
    5.00000000e+02    -3.54378567e-05   
    5.01000000e+02    -3.54378588e-05   
    5.02000000e+02    -3.54378590e-05   
    5.03000000e+02    -3.54377249e-05   
    5.04000000e+02    -3.54381166e-05   
    5.05000000e+02    -3.54381223e-05   
    5.06000000e+02    -3.54381246e-05   
    5.07000000e+02    -3.54381256e-05   
    5.08000000e+02    -3.54381261e-05   
    5.09000000e+02    -3.54379920e-05   
    5.10000000e+02    -3.54379942e-05   
    5.11000000e+02    -3.54379944e-05   
    5.12000000e+02    -3.54378601e-05   
    5.13000000e+02    -3.54379882e-05   
    5.14000000e+02    -3.54379986e-05   
    5.15000000e+02    -3.54380074e-05   
    5.16000000e+02    -3.54380081e-05   
    5.17000000e+02    -3.54380084e-05   
    5.18000000e+02    -3.54378744e-05   
    5.19000000e+02    -3.54380086e-05   
    5.20000000e+02    -3.54378744e-05   
    5.21000000e+02    -3.54378764e-05   
    5.22000000e+02    -3.54378768e-05   
    5.23000000e+02    -3.54377426e-05   
    5.24000000e+02    -3.54378876e-05   
    5.25000000e+02    -3.54379946e-05   
    5.26000000e+02    -3.54380145e-05   
    5.27000000e+02    -3.54380229e-05   
    5.28000000e+02    -3.54380242e-05   
    5.29000000e+02    -3.54380254e-05   
    5.30000000e+02    -3.54380259e-05   
    5.31000000e+02    -3.54378920e-05   
    5.32000000e+02    -3.54378939e-05   
    5.33000000e+02    -3.54378942e-05   
    5.34000000e+02    -3.54377604e-05   
    5.35000000e+02    -3.54378293e-05   
    5.36000000e+02    -3.54378785e-05   
    5.37000000e+02    -3.54379462e-05   
    5.38000000e+02    -3.54380336e-05   
    5.39000000e+02    -3.54380407e-05   
    5.40000000e+02    -3.54380419e-05   
    5.41000000e+02    -3.54380428e-05   
    5.42000000e+02    -3.54380432e-05   
    5.43000000e+02    -3.54379093e-05   
    5.44000000e+02    -3.54380435e-05   
    5.45000000e+02    -3.54379093e-05   
    5.46000000e+02    -3.54379118e-05   
    5.47000000e+02    -3.54377777e-05   
    5.48000000e+02    -3.54378806e-05   
    5.49000000e+02    -3.54380281e-05   
    5.50000000e+02    -3.54380545e-05   
    5.51000000e+02    -3.54380588e-05   
    5.52000000e+02    -3.54380606e-05   
    5.53000000e+02    -3.54380607e-05   
    5.54000000e+02    -3.54379266e-05   
    5.55000000e+02    -3.54379290e-05   
    5.56000000e+02    -3.54377950e-05   
    5.57000000e+02    -3.54378912e-05   
    5.58000000e+02    -3.54379068e-05   
    5.59000000e+02    -3.54379307e-05   
    5.60000000e+02    -3.54379408e-05   
    5.61000000e+02    -3.54379424e-05   
    5.62000000e+02    -3.54379427e-05   
    5.63000000e+02    -3.54378088e-05   
    5.64000000e+02    -3.54378106e-05   
    5.65000000e+02    -3.54378109e-05   
    5.66000000e+02    -3.54376771e-05   
    5.67000000e+02    -3.54378113e-05   
    5.68000000e+02    -3.54376771e-05   
    5.69000000e+02    -3.54378113e-05   
    5.70000000e+02    -3.54376771e-05   
    5.71000000e+02    -3.54380799e-05   
    5.72000000e+02    -3.54380887e-05   
    5.73000000e+02    -3.54380924e-05   
    5.74000000e+02    -3.54380940e-05   
    5.75000000e+02    -3.54380947e-05   
    5.76000000e+02    -3.54379607e-05   
    5.77000000e+02    -3.54379628e-05   
    5.78000000e+02    -3.54379631e-05   
    5.79000000e+02    -3.54378291e-05   
    5.80000000e+02    -3.54379167e-05   
    5.81000000e+02    -3.54379309e-05   
    5.82000000e+02    -3.54379702e-05   
    5.83000000e+02    -3.54379766e-05   
    5.84000000e+02    -3.54379767e-05   
    5.85000000e+02    -3.54378426e-05   
    5.86000000e+02    -3.54378452e-05   
    5.87000000e+02    -3.54377112e-05   
    5.88000000e+02    -3.54378974e-05   
    5.89000000e+02    -3.54379301e-05   
    5.90000000e+02    -3.54379797e-05   
    5.91000000e+02    -3.54379877e-05   
    5.92000000e+02    -3.54379911e-05   
    5.93000000e+02    -3.54379926e-05   
    5.94000000e+02    -3.54379932e-05   
    5.95000000e+02    -3.54378595e-05   
    5.96000000e+02    -3.54378617e-05   
    5.97000000e+02    -3.54378619e-05   
    5.98000000e+02    -3.54377278e-05   
    5.99000000e+02    -3.54379632e-05   
    6.00000000e+02    -3.54380039e-05   
    6.01000000e+02    -3.54380072e-05   
    6.02000000e+02    -3.54380100e-05   
    6.03000000e+02    -3.54378759e-05   
    6.04000000e+02    -3.54378776e-05   
    6.05000000e+02    -3.54378783e-05   
    6.06000000e+02    -3.54378786e-05   
    6.07000000e+02    -3.54377444e-05   
    6.08000000e+02    -3.54378232e-05   
    6.09000000e+02    -3.54378359e-05   
    6.10000000e+02    -3.54378703e-05   
    6.11000000e+02    -3.54378915e-05   
    6.12000000e+02    -3.54378917e-05   
    6.13000000e+02    -3.54377578e-05   
    6.14000000e+02    -3.54377602e-05   
    6.15000000e+02    -3.54377604e-05   
    6.16000000e+02    -3.54376263e-05   
    6.17000000e+02    -3.54379742e-05   
    6.18000000e+02    -3.54379896e-05   
    6.19000000e+02    -3.54380132e-05   
    6.20000000e+02    -3.54380254e-05   
    6.21000000e+02    -3.54380259e-05   
    6.22000000e+02    -3.54380264e-05   
    6.23000000e+02    -3.54378922e-05   
    6.24000000e+02    -3.54378943e-05   
    6.25000000e+02    -3.54378947e-05   
    6.26000000e+02    -3.54377609e-05   
    6.27000000e+02    -3.54379048e-05   
    6.28000000e+02    -3.54379180e-05   
    6.29000000e+02    -3.54379236e-05   
    6.30000000e+02    -3.54379245e-05   
    6.31000000e+02    -3.54379249e-05   
    6.32000000e+02    -3.54377909e-05   
    6.33000000e+02    -3.54377933e-05   
    6.34000000e+02    -3.54377943e-05   
    6.35000000e+02    -3.54376605e-05   
    6.36000000e+02    -3.54378720e-05   
    6.37000000e+02    -3.54379088e-05   
    6.38000000e+02    -3.54379335e-05   
    6.39000000e+02    -3.54379375e-05   
    6.40000000e+02    -3.54379381e-05   
    6.41000000e+02    -3.54379391e-05   
    6.42000000e+02    -3.54378050e-05   
    6.43000000e+02    -3.54378082e-05   
    6.44000000e+02    -3.54378084e-05   
    6.45000000e+02    -3.54376746e-05   
    6.46000000e+02    -3.54378814e-05   
    6.47000000e+02    -3.54379174e-05   
    6.48000000e+02    -3.54379435e-05   
    6.49000000e+02    -3.54379477e-05   
    6.50000000e+02    -3.54379513e-05   
    6.51000000e+02    -3.54379528e-05   
    6.52000000e+02    -3.54379530e-05   
    6.53000000e+02    -3.54378189e-05   
    6.54000000e+02    -3.54378222e-05   
    6.55000000e+02    -3.54378225e-05   
    6.56000000e+02    -3.54376884e-05   
    6.57000000e+02    -3.54378140e-05   
    6.58000000e+02    -3.54378241e-05   
    6.59000000e+02    -3.54378327e-05   
    6.60000000e+02    -3.54378334e-05   
    6.61000000e+02    -3.54376995e-05   
    6.62000000e+02    -3.54377030e-05   
    6.63000000e+02    -3.54377032e-05   
    6.64000000e+02    -3.54375690e-05   
    6.65000000e+02    -3.54379229e-05   
    6.66000000e+02    -3.54379658e-05   
    6.67000000e+02    -3.54379666e-05   
    6.68000000e+02    -3.54378327e-05   
    6.69000000e+02    -3.54378354e-05   
    6.70000000e+02    -3.54378359e-05   
    6.71000000e+02    -3.54378362e-05   
    6.72000000e+02    -3.54377023e-05   
    6.73000000e+02    -3.54378460e-05   
    6.74000000e+02    -3.54378468e-05   
    6.75000000e+02    -3.54378471e-05   
    6.76000000e+02    -3.54377133e-05   
    6.77000000e+02    -3.54377168e-05   
    6.78000000e+02    -3.54377169e-05   
    6.79000000e+02    -3.54375828e-05   
    6.80000000e+02    -3.54376756e-05   
    6.81000000e+02    -3.54377810e-05   
    6.82000000e+02    -3.54378007e-05   
    6.83000000e+02    -3.54378307e-05   
    6.84000000e+02    -3.54378530e-05   
    6.85000000e+02    -3.54378566e-05   
    6.86000000e+02    -3.54378597e-05   
    6.87000000e+02    -3.54378610e-05   
    6.88000000e+02    -3.54377269e-05   
    6.89000000e+02    -3.54377294e-05   
    6.90000000e+02    -3.54377305e-05   
    6.91000000e+02    -3.54375967e-05   
    6.92000000e+02    -3.54378024e-05   
    6.93000000e+02    -3.54378383e-05   
    6.94000000e+02    -3.54378738e-05   
    6.95000000e+02    -3.54378745e-05   
    6.96000000e+02    -3.54377404e-05   
    6.97000000e+02    -3.54377441e-05   
    6.98000000e+02    -3.54377442e-05   
    6.99000000e+02    -3.54376100e-05   
    7.00000000e+02    -3.54378162e-05   
    7.01000000e+02    -3.54378522e-05   
    7.02000000e+02    -3.54378777e-05   
    7.03000000e+02    -3.54378818e-05   
    7.04000000e+02    -3.54378853e-05   
    7.05000000e+02    -3.54378868e-05   
    7.06000000e+02    -3.54378874e-05   
    7.07000000e+02    -3.54378880e-05   
    7.08000000e+02    -3.54377538e-05   
    7.09000000e+02    -3.54377566e-05   
    7.10000000e+02    -3.54377577e-05   
    7.11000000e+02    -3.54376236e-05   
    7.12000000e+02    -3.54378691e-05   
    7.13000000e+02    -3.54378902e-05   
    7.14000000e+02    -3.54378992e-05   
    7.15000000e+02    -3.54379006e-05   
    7.16000000e+02    -3.54379012e-05   
    7.17000000e+02    -3.54377671e-05   
    7.18000000e+02    -3.54379013e-05   
    7.19000000e+02    -3.54377671e-05   
    7.20000000e+02    -3.54377701e-05   
    7.21000000e+02    -3.54377705e-05   
    7.22000000e+02    -3.54377710e-05   
    7.23000000e+02    -3.54376370e-05   
    7.24000000e+02    -3.54377688e-05   
    7.25000000e+02    -3.54377795e-05   
    7.26000000e+02    -3.54377812e-05   
    7.27000000e+02    -3.54377815e-05   
    7.28000000e+02    -3.54376474e-05   
    7.29000000e+02    -3.54376511e-05   
    7.30000000e+02    -3.54376513e-05   
    7.31000000e+02    -3.54375172e-05   
    7.32000000e+02    -3.54378736e-05   
    7.33000000e+02    -3.54378904e-05   
    7.34000000e+02    -3.54379103e-05   
    7.35000000e+02    -3.54379135e-05   
    7.36000000e+02    -3.54379140e-05   
    7.37000000e+02    -3.54379145e-05   
    7.38000000e+02    -3.54377803e-05   
    7.39000000e+02    -3.54379145e-05   
    7.40000000e+02    -3.54377803e-05   
    7.41000000e+02    -3.54379145e-05   
    7.42000000e+02    -3.54377803e-05   
    7.43000000e+02    -3.54377839e-05   
    7.44000000e+02    -3.54377842e-05   
    7.45000000e+02    -3.54376502e-05   
    7.46000000e+02    -3.54377001e-05   
    7.47000000e+02    -3.54378917e-05   
    7.48000000e+02    -3.54379253e-05   
    7.49000000e+02    -3.54379266e-05   
    7.50000000e+02    -3.54379272e-05   
    7.51000000e+02    -3.54377934e-05   
    7.52000000e+02    -3.54377970e-05   
    7.53000000e+02    -3.54377973e-05   
    7.54000000e+02    -3.54376635e-05   
    7.55000000e+02    -3.54377277e-05   
    7.56000000e+02    -3.54377678e-05   
    7.57000000e+02    -3.54378056e-05   
    7.58000000e+02    -3.54378072e-05   
    7.59000000e+02    -3.54378074e-05   
    7.60000000e+02    -3.54376738e-05   
    7.61000000e+02    -3.54376767e-05   
    7.62000000e+02    -3.54376772e-05   
    7.63000000e+02    -3.54376776e-05   
    7.64000000e+02    -3.54375435e-05   
    7.65000000e+02    -3.54376777e-05   
    7.66000000e+02    -3.54375435e-05   
    7.67000000e+02    -3.54376172e-05   
    7.68000000e+02    -3.54379304e-05   
    7.69000000e+02    -3.54379402e-05   
    7.70000000e+02    -3.54379406e-05   
    7.71000000e+02    -3.54378065e-05   
    7.72000000e+02    -3.54378098e-05   
    7.73000000e+02    -3.54378103e-05   
    7.74000000e+02    -3.54376765e-05   
    7.75000000e+02    -3.54377444e-05   
    7.76000000e+02    -3.54377920e-05   
    7.77000000e+02    -3.54378083e-05   
    7.78000000e+02    -3.54378152e-05   
    7.79000000e+02    -3.54378181e-05   
    7.80000000e+02    -3.54378206e-05   
    7.81000000e+02    -3.54376865e-05   
    7.82000000e+02    -3.54376905e-05   
    7.83000000e+02    -3.54376906e-05   
    7.84000000e+02    -3.54375566e-05   
    7.85000000e+02    -3.54378119e-05   
    7.86000000e+02    -3.54378458e-05   
    7.87000000e+02    -3.54378513e-05   
    7.88000000e+02    -3.54378560e-05   
    7.89000000e+02    -3.54378579e-05   
    7.90000000e+02    -3.54378588e-05   
    7.91000000e+02    -3.54378591e-05   
    7.92000000e+02    -3.54377250e-05   
    7.93000000e+02    -3.54377280e-05   
    7.94000000e+02    -3.54377292e-05   
    7.95000000e+02    -3.54375951e-05   
    7.96000000e+02    -3.54376578e-05   
    7.97000000e+02    -3.54376952e-05   
    7.98000000e+02    -3.54377349e-05   
    7.99000000e+02    -3.54377381e-05   
    8.00000000e+02    -3.54377387e-05   
    8.01000000e+02    -3.54377391e-05   
    8.02000000e+02    -3.54376050e-05   
    8.03000000e+02    -3.54376087e-05   
    8.04000000e+02    -3.54376093e-05   
    8.05000000e+02    -3.54374751e-05   
    8.06000000e+02    -3.54378646e-05   
    8.07000000e+02    -3.54378701e-05   
    8.08000000e+02    -3.54378710e-05   
    8.09000000e+02    -3.54378718e-05   
    8.10000000e+02    -3.54377376e-05   
    8.11000000e+02    -3.54377416e-05   
    8.12000000e+02    -3.54377419e-05   
    8.13000000e+02    -3.54376077e-05   
    8.14000000e+02    -3.54377420e-05   
    8.15000000e+02    -3.54376078e-05   
    8.16000000e+02    -3.54377452e-05   
    8.17000000e+02    -3.54377507e-05   
    8.18000000e+02    -3.54377516e-05   
    8.19000000e+02    -3.54376175e-05   
    8.20000000e+02    -3.54376204e-05   
    8.21000000e+02    -3.54376216e-05   
    8.22000000e+02    -3.54376218e-05   
    8.23000000e+02    -3.54374877e-05   
    8.24000000e+02    -3.54378835e-05   
    8.25000000e+02    -3.54378843e-05   
    8.26000000e+02    -3.54377501e-05   
    8.27000000e+02    -3.54377538e-05   
    8.28000000e+02    -3.54377545e-05   
    8.29000000e+02    -3.54376203e-05   
    8.30000000e+02    -3.54377272e-05   
    8.31000000e+02    -3.54378550e-05   
    8.32000000e+02    -3.54378782e-05   
    8.33000000e+02    -3.54378933e-05   
    8.34000000e+02    -3.54378957e-05   
    8.35000000e+02    -3.54378961e-05   
    8.36000000e+02    -3.54377624e-05   
    8.37000000e+02    -3.54378965e-05   
    8.38000000e+02    -3.54377624e-05   
    8.39000000e+02    -3.54378966e-05   
    8.40000000e+02    -3.54377624e-05   
    8.41000000e+02    -3.54377669e-05   
    8.42000000e+02    -3.54376328e-05   
    8.43000000e+02    -3.54377500e-05   
    8.44000000e+02    -3.54377689e-05   
    8.45000000e+02    -3.54377720e-05   
    8.46000000e+02    -3.54377746e-05   
    8.47000000e+02    -3.54377757e-05   
    8.48000000e+02    -3.54377761e-05   
    8.49000000e+02    -3.54376423e-05   
    8.50000000e+02    -3.54376452e-05   
    8.51000000e+02    -3.54376464e-05   
    8.52000000e+02    -3.54376466e-05   
    8.53000000e+02    -3.54375126e-05   
    8.54000000e+02    -3.54377527e-05   
    8.55000000e+02    -3.54377734e-05   
    8.56000000e+02    -3.54377822e-05   
    8.57000000e+02    -3.54377859e-05   
    8.58000000e+02    -3.54377875e-05   
    8.59000000e+02    -3.54377881e-05   
    8.60000000e+02    -3.54377887e-05   
    8.61000000e+02    -3.54376545e-05   
    8.62000000e+02    -3.54376574e-05   
    8.63000000e+02    -3.54376587e-05   
    8.64000000e+02    -3.54376589e-05   
    8.65000000e+02    -3.54375249e-05   
    8.66000000e+02    -3.54376151e-05   
    8.67000000e+02    -3.54377106e-05   
    8.68000000e+02    -3.54377286e-05   
    8.69000000e+02    -3.54377657e-05   
    8.70000000e+02    -3.54377946e-05   
    8.71000000e+02    -3.54377993e-05   
    8.72000000e+02    -3.54378001e-05   
    8.73000000e+02    -3.54378007e-05   
    8.74000000e+02    -3.54376667e-05   
    8.75000000e+02    -3.54376700e-05   
    8.76000000e+02    -3.54376705e-05   
    8.77000000e+02    -3.54376710e-05   
    8.78000000e+02    -3.54375371e-05   
    8.79000000e+02    -3.54376935e-05   
    8.80000000e+02    -3.54377665e-05   
    8.81000000e+02    -3.54377783e-05   
    8.82000000e+02    -3.54378073e-05   
    8.83000000e+02    -3.54378120e-05   
    8.84000000e+02    -3.54378127e-05   
    8.85000000e+02    -3.54376788e-05   
    8.86000000e+02    -3.54376827e-05   
    8.87000000e+02    -3.54376833e-05   
    8.88000000e+02    -3.54375491e-05   
    8.89000000e+02    -3.54377819e-05   
    8.90000000e+02    -3.54378222e-05   
    8.91000000e+02    -3.54378238e-05   
    8.92000000e+02    -3.54378245e-05   
    8.93000000e+02    -3.54378248e-05   
    8.94000000e+02    -3.54376906e-05   
    8.95000000e+02    -3.54376946e-05   
    8.96000000e+02    -3.54376952e-05   
    8.97000000e+02    -3.54375612e-05   
    8.98000000e+02    -3.54378171e-05   
    8.99000000e+02    -3.54378396e-05   
    9.00000000e+02    -3.54378432e-05   
    9.01000000e+02    -3.54378463e-05   
    9.02000000e+02    -3.54378476e-05   
    9.03000000e+02    -3.54378482e-05   
    9.04000000e+02    -3.54377144e-05   
    9.05000000e+02    -3.54377178e-05   
    9.06000000e+02    -3.54377184e-05   
    9.07000000e+02    -3.54377188e-05   
    9.08000000e+02    -3.54375850e-05   
    9.09000000e+02    -3.54376321e-05   
    9.10000000e+02    -3.54376614e-05   
    9.11000000e+02    -3.54376960e-05   
    9.12000000e+02    -3.54377107e-05   
    9.13000000e+02    -3.54377255e-05   
    9.14000000e+02    -3.54377279e-05   
    9.15000000e+02    -3.54375938e-05   
    9.16000000e+02    -3.54375976e-05   
    9.17000000e+02    -3.54375983e-05   
    9.18000000e+02    -3.54374645e-05   
    9.19000000e+02    -3.54375702e-05   
    9.20000000e+02    -3.54378400e-05   
    9.21000000e+02    -3.54378545e-05   
    9.22000000e+02    -3.54378568e-05   
    9.23000000e+02    -3.54378588e-05   
    9.24000000e+02    -3.54378597e-05   
    9.25000000e+02    -3.54378600e-05   
    9.26000000e+02    -3.54377261e-05   
    9.27000000e+02    -3.54377297e-05   
    9.28000000e+02    -3.54377303e-05   
    9.29000000e+02    -3.54377308e-05   
    9.30000000e+02    -3.54375967e-05   
    9.31000000e+02    -3.54377216e-05   
    9.32000000e+02    -3.54377317e-05   
    9.33000000e+02    -3.54377360e-05   
    9.34000000e+02    -3.54377396e-05   
    9.35000000e+02    -3.54376055e-05   
    9.36000000e+02    -3.54377397e-05   
    9.37000000e+02    -3.54376055e-05   
    9.38000000e+02    -3.54376102e-05   
    9.39000000e+02    -3.54376103e-05   
    9.40000000e+02    -3.54374762e-05   
    9.41000000e+02    -3.54376104e-05   
    9.42000000e+02    -3.54374762e-05   
    9.43000000e+02    -3.54377580e-05   
    9.44000000e+02    -3.54377668e-05   
    9.45000000e+02    -3.54377742e-05   
    9.46000000e+02    -3.54376401e-05   
    9.47000000e+02    -3.54376449e-05   
    9.48000000e+02    -3.54376450e-05   
    9.49000000e+02    -3.54375109e-05   
    9.50000000e+02    -3.54376399e-05   
    9.51000000e+02    -3.54376503e-05   
    9.52000000e+02    -3.54376520e-05   
    9.53000000e+02    -3.54376534e-05   
    9.54000000e+02    -3.54375194e-05   
    9.55000000e+02    -3.54375240e-05   
    9.56000000e+02    -3.54375243e-05   
    9.57000000e+02    -3.54373904e-05   
    9.58000000e+02    -3.54377310e-05   
    9.59000000e+02    -3.54377452e-05   
    9.60000000e+02    -3.54377746e-05   
    9.61000000e+02    -3.54377793e-05   
    9.62000000e+02    -3.54377833e-05   
    9.63000000e+02    -3.54377850e-05   
    9.64000000e+02    -3.54377853e-05   
    9.65000000e+02    -3.54376515e-05   
    9.66000000e+02    -3.54376546e-05   
    9.67000000e+02    -3.54376559e-05   
    9.68000000e+02    -3.54376565e-05   
    9.69000000e+02    -3.54375223e-05   
    9.70000000e+02    -3.54376090e-05   
    9.71000000e+02    -3.54376230e-05   
    9.72000000e+02    -3.54376619e-05   
    9.73000000e+02    -3.54376634e-05   
    9.74000000e+02    -3.54376648e-05   
    9.75000000e+02    -3.54375307e-05   
    9.76000000e+02    -3.54375349e-05   
    9.77000000e+02    -3.54375356e-05   
    9.78000000e+02    -3.54374017e-05   
    9.79000000e+02    -3.54377828e-05   
    9.80000000e+02    -3.54377932e-05   
    9.81000000e+02    -3.54377949e-05   
    9.82000000e+02    -3.54377963e-05   
    9.83000000e+02    -3.54377966e-05   
    9.84000000e+02    -3.54376627e-05   
    9.85000000e+02    -3.54376669e-05   
    9.86000000e+02    -3.54376676e-05   
    9.87000000e+02    -3.54375336e-05   
    9.88000000e+02    -3.54377621e-05   
    9.89000000e+02    -3.54378016e-05   
    9.90000000e+02    -3.54378048e-05   
    9.91000000e+02    -3.54378075e-05   
    9.92000000e+02    -3.54378077e-05   
    9.93000000e+02    -3.54376738e-05   
    9.94000000e+02    -3.54376778e-05   
    9.95000000e+02    -3.54376785e-05   
    9.96000000e+02    -3.54375448e-05   
    9.97000000e+02    -3.54376709e-05   
    9.98000000e+02    -3.54376811e-05   
    9.99000000e+02    -3.54376855e-05   
    1.00000000e+03    -3.54376862e-05   
