0.0429296563665
0.00644037242577
1.40411329091e-08
8.11701816872e-11
1.32520286411e-10
1.20144423327e-07
8.12412359608e-11
1.32636304717e-10
1.21341517348e-07
8.13093758989e-11
2.22921028858e-10
8.59672178555e-07
8.16368500578e-11
1.33282287984e-10
1.35564181866e-07
8.16487571997e-11
1.33301661376e-10
2.76287515491e-07
8.16268441728e-11
2.23791610243e-10
1.4399595076e-07
8.15867234882e-11
1.33200492303e-10
1.47444536538e-07
8.15218309524e-11
1.33094590904e-10
1.44852189091e-07
8.14316808428e-11
1.3294744472e-10
6.65705965353e-09
8.14271844396e-11
1.32940006226e-10
1.55742518895e-07
2.02137778738e-10
2.73552377435e-06
2.10695226405e-08
5.84954723548e-11
5.84972348339e-12
1.15466664008e-10
9.85142133009e-08
5.76329817203e-11
1.58010174389e-10
9.55209989439e-08
5.68106256482e-11
1.55755769393e-10
1.85897805788e-07
5.52028561751e-11
9.01262814379e-11
8.80198214592e-08
5.44984335438e-11
8.89760348732e-11
2.4089042841e-06
6.80016043475e-11
1.11021636329e-10
8.30541724284e-08
6.7600591791e-11
1.10366826789e-10
1.99455117333e-06
1.65167185484e-10
5.69008512266e-07
5.65385516182e-11
9.23054965796e-11
8.29877424557e-08
1.22102772337e-10
3.19673176818e-11
1.66164806581e-07
5.80357983893e-11
9.47504297244e-11
1.66171673754e-07
5.86815041004e-11
9.58046975086e-11
1.66179241479e-07
5.9115601303e-11
9.65134638875e-11
4.15452429348e-07
1.42049483287e-10
1.66082275266e-07
1.24496191134e-10
1.66130983414e-07
5.98623373094e-11
9.77327108131e-11
2.4929267739e-07
5.98574523281e-11
9.77247172074e-11
5.81723823556e-07
5.98390226259e-11
9.76945191411e-11
1.66186296724e-07
5.98558980158e-11
9.77222747167e-11
2.49236010053e-07
1.57104995679e-10
1.66132372748e-07
5.98447957856e-11
9.77040670591e-11
1.66143870883e-07
5.99769123255e-11
1.64435576266e-10
1.66138086621e-07
5.94015947541e-11
9.69782032456e-11
3.245087421e-07
5.92461946169e-09
9.84947914895e-10
8.38558486538e-10
1.36252134575e-10
2.0896727404e-10
5.88377290792e-07
1.70110117798e-08
2.77193001885e-09
7.97819588172e-11
1.2227935331e-10
1.6776913192e-11
1.42146711068e-11
7.84741696624e-08
1.29290037426e-08
4.71085885023e-08
7.64640535611e-09
2.19988937344e-08
3.56013142577e-09
5.76028724719e-10
2.44008507844e-10
4.21056522981e-11
3.56724233486e-11
1.19530223396e-06
2.27256183732e-08
3.67295051318e-09
5.94188948044e-10
9.10641659302e-10
1.47338349854e-10
7.3530608477e-08
1.18564380258e-08
5.01975462586e-09
1.01494895821e-10
8.59887022697e-11
2.25123669706e-11
1.907252134e-11
4.99332519777e-12
7.65279506432e-12
1.10524612559e-07
7.36467390017e-07
2.91435954536e-08
4.71227896981e-09
1.99593290506e-09
1.69090257074e-09
7.42480105176e-11
1.96136787367e-10
1.66170632809e-10
5.38161930158e-08
8.69692423633e-09
1.53235496514e-08
2.47855581892e-09
2.09975081766e-09
8.89427378969e-10
1.43909550943e-10
1.2192290233e-10
4.88172901159e-07
9.78373698723e-09
7.91393520161e-10
3.35235311733e-10
2.84014353702e-10
2.40621619851e-10
6.2601600137e-07
2.51077064278e-08
5.07663369675e-10
2.1504838188e-10
9.1095728183e-11
2.40643491245e-10
3.89368259857e-11
1.23889994361e-07
2.00173991133e-08
8.47763437228e-09
7.18169981817e-09
7.26461529821e-11
1.11339173992e-10
2.94119451016e-10
4.75893768836e-11
4.81694313742e-08
7.78993428097e-09
1.19380485913e-08
1.10297734418e-08
4.46111828034e-10
7.21820797578e-11
3.20206278159e-10
6.73860053313e-08
1.08954563427e-08
8.81363204641e-10
1.4260628789e-10
2.1856282062e-10
9.25844956257e-11
4.05312632762e-08
6.55542529981e-09
2.95318269561e-08
2.38847862322e-09
7.24681703534e-11
3.06979996978e-11
3.69526020894e-10
9.67433771981e-11
8.19619372372e-11
1.02737404084e-07
1.66067839341e-08
2.53989652504e-08
9.59601469119e-09
1.55253081224e-09
2.37941184811e-09
7.23596182972e-11
3.20993870373e-10
8.40375130595e-11
7.11973813239e-11
1.86398119162e-11
2.85677037581e-11
1.24426435544e-07
2.01101570119e-08
8.51731556117e-09
3.60772811625e-09
5.83724568681e-10
4.94536911422e-10
2.09488315583e-10
3.21067950004e-10
1.5095437933e-07
6.09853650912e-09
2.46678844018e-10
1.04494607411e-10
2.76038442104e-10
2.33863026167e-10
7.38436883724e-08
2.98529098663e-09
1.26456002614e-09
1.02304054117e-10
2.67836725021e-11
2.26913488e-11
5.94070626025e-12
5.0330156709e-12
1.31768207456e-12
1.11635700684e-12
2.92266211233e-13
2.47593612279e-13
3.74536526793e-10
6.06011074655e-11
5.51477305072e-08
9.85872375542e-08
1.99247990329e-09
8.44015649037e-10
1.36563746422e-10
2.20964635478e-11
4.33947475176e-10
7.02139457687e-11
5.26291716457e-08
8.58051559111e-08
1.38750095302e-08
2.24480646571e-09
9.50900441721e-10
4.02805233612e-10
3.4126110271e-10
5.52170670298e-11
4.05268263393e-10
6.55736021038e-11
5.03612462982e-08
8.1457984108e-09
1.87928928669e-08
3.80045828141e-10
1.60989610531e-10
2.46737436038e-10
2.09038966692e-10
1.35962155909e-07
1.09896544365e-08
6.97711900755e-09
1.12887113546e-09
4.78194039921e-10
2.02565630936e-10
8.58080689836e-11
3.80651968279e-10
1.61246377361e-10
1.05156099856e-07
1.70032837393e-08
2.71284429088e-08
4.38874833697e-09
7.10095496292e-10
6.01599978167e-10
2.54840912262e-10
2.15904363832e-10
3.30901181456e-10
1.40171693697e-10
2.79071232595e-07
2.25409701043e-08
3.64675327436e-09
5.5889893269e-09
1.13032222471e-10
5.01420169274e-10
8.11312683702e-11
2.76315476194e-08
2.8202556393e-07
7.15301984311e-11
6.06013295101e-11
4.44785541731e-10
1.88413756819e-10
4.10484938262e-08
6.64044248755e-09
2.48089138122e-08
4.01368162317e-09
1.62353672173e-10
6.87740558947e-11
5.04770031329e-10
8.16733070064e-11
1.06058369115e-07
4.49040674366e-08
1.81602756444e-09
7.69275171342e-10
3.25869053963e-10
1.38040148756e-10
3.64653696128e-10
1.5446950663e-10
6.54342968698e-11
1.71309771924e-11
1.45135153895e-11
3.79969666842e-12
5.82350834222e-12
6.65701517799e-08
5.38399676231e-09
4.56128397552e-09
9.22497217504e-11
4.09227512987e-10
1.73351250021e-10
7.34327043617e-11
5.29308924191e-08
8.56224725843e-09
1.31222041011e-08
1.06154683654e-09
4.49676337833e-10
1.9048557176e-10
2.91942456321e-10
4.47439030271e-10
7.23970189354e-11
4.51944601881e-08
7.31116520103e-09
2.38559088456e-08
1.20607426823e-10
5.35024607951e-10
8.65685995111e-11
2.26640373135e-11
3.47353118491e-11
1.14833500056e-06
5.78202262458e-09
9.35533567281e-10
1.51372067658e-10
1.28244387332e-10
5.68902494558e-10
9.20501869173e-11
1.4107823243e-10
5.49485884987e-08
8.88931429854e-09
1.12915970046e-08
4.56738452614e-10
7.39017319562e-11
5.42403996717e-10
2.29765637072e-10
6.01535626865e-11
5.09627756662e-11
2.12752097689e-07
8.60031298955e-09
3.64305745293e-09
3.0864143602e-09
2.49693876686e-10
1.05771946757e-10
2.76915296249e-11
4.24406343402e-11
5.10875355908e-10
2.16409945519e-10
1.83345380544e-10
3.85287921567e-08
3.41674994409e-08
1.381965542e-09
1.17081525031e-09
9.47206202362e-11
8.024861331e-11
5.88987442152e-10
9.53000178772e-11
1.46059053741e-10
3.82388565257e-11
3.23963911253e-11
1.4679261956e-07
2.96767581343e-09
1.25711710486e-09
5.32521471364e-10
2.25579374624e-10
5.95901147871e-10
9.6418664719e-11
1.47773529524e-10
1.43093572894e-07
5.78592783407e-09
2.45091960616e-09
1.98282237851e-10
8.39936314945e-11
6.16474080117e-10
9.97474325359e-11
1.52875212489e-10
2.92580968758e-08
6.81774370015e-08
2.88749858052e-08
1.43997424124e-08
9.89609195978e-09
4.0029485282e-10
3.3913488684e-10
5.48731338146e-11
6.60530380392e-10
1.06875869266e-10
1.6380044543e-10
1.21197752931e-07
1.96039276479e-08
8.30393925844e-09
1.34357705517e-09
5.69146438312e-10
2.41093950359e-10
3.9009795394e-11
7.6610313926e-10
1.23957843989e-10
5.25093857284e-11
3.20680822313e-08
1.97331419122e-08
2.26725838381e-08
4.58536431047e-10
1.94238930495e-10
8.61658855378e-10
1.39419031875e-10
8.92726793392e-07
1.80190887905e-08
3.6442997231e-10
1.54374887873e-10
2.49783665973e-11
7.9775887285e-10
1.29079885669e-10
1.97830918314e-10
4.68386438107e-08
7.57791318584e-09
1.8367606075e-08
1.48591418336e-09
2.40425221398e-10
2.03691424838e-10
9.03590785528e-10
7.31018856559e-11
3.09664516251e-11
2.99087598368e-07
1.51138429549e-09
6.40230771176e-10
5.42411546234e-10
8.77639350083e-11
1.05645034387e-09
8.54684517604e-11
4.37531613717e-08
7.07880998263e-09
2.01877311812e-08
3.26631664771e-09
7.06534969419e-11
5.98585903067e-11
1.56712143262e-11
1.32768240846e-11
1.11575716721e-09
9.02664609725e-11
4.08359220883e-08
6.60681823139e-09
2.51774381899e-08
1.01840011424e-09
4.31400387635e-10
1.82743972732e-10
2.80077600001e-10
7.39865696486e-10
1.19712614821e-10
1.83474319071e-10
4.8034284883e-11
7.3618361407e-11
1.16066513428e-07
1.87758026349e-08
1.18811855077e-08
1.92237407937e-09
8.14327882903e-10
3.44954315112e-10
1.46124889966e-10
6.18994855373e-11
7.45109168809e-10
3.15632880943e-10
1.33704144978e-10
1.26761020292e-07
2.05055545738e-08
1.6588731222e-09
7.02707836364e-10
1.13700382443e-10
1.74259856545e-10
4.56219090283e-11
3.86514292794e-11
7.59064935907e-10
3.21544638138e-10
1.36208419543e-10
3.12589014534e-08
1.3240743682e-08
1.12174738248e-08
1.53963043703e-08
2.49110641837e-09
4.03067704213e-10
1.70742114891e-10
1.44654996315e-10
1.06169960323e-09
8.58931398229e-11
7.2769831827e-11
6.94939675389e-08
2.81072373709e-09
1.19063583992e-09
5.04360386788e-10
2.1365030578e-10
9.05037017551e-11
1.08943035149e-09
8.81365952443e-11
1.42608008735e-11
6.40495620985e-08
5.18114286197e-09
4.38949551707e-09
3.55114965211e-10
1.50429044221e-10
1.27445512477e-10
3.33657407259e-11
5.11370112921e-11
1.00426619798e-09
1.62493407618e-10
6.8833286293e-11
7.2472913018e-08
6.1392426573e-08
9.93243405578e-09
4.20737637785e-09
6.80763001526e-10
5.76750994186e-10
2.44315415121e-10
2.06987246787e-10
9.18211215395e-10
1.48569462288e-10
2.27701010824e-10
3.44677545949e-08
2.45834207852e-08
4.17630813682e-08
4.37312323714e-08
3.53767695693e-09
5.72404845745e-10
4.84948706192e-10
2.05427397315e-10
1.74040837297e-10
4.55645660091e-11
3.86028570221e-11
1.23289602139e-09
9.97431859329e-11
5.14268169993e-08
8.16601308795e-08
1.32111015877e-08
2.13755606271e-09
9.05480190827e-10
7.32547772442e-11
6.20624385217e-11
1.21882884341e-09
9.86051240659e-11
4.81470738972e-08
7.78976493032e-09
1.19386323882e-08
5.0571906246e-09
8.18264109248e-10
1.32397745545e-10
2.02915934056e-10
9.00150287642e-10
1.45647174876e-10
2.23222301754e-10
5.84404469262e-11
4.95114088617e-11
1.29622701461e-11
1.98663030471e-11
2.17271198907e-07
4.39289637999e-09
1.86084837817e-09
7.88265827611e-10
3.339143545e-10
1.41448311397e-10
1.03816354124e-09
1.67978131405e-10
1.42313341667e-10
4.3809457867e-08
7.08805004968e-09
1.96612327807e-08
3.18116037679e-09
7.04825642295e-11
1.08023229251e-10
1.30031921342e-09
1.05197836553e-10
1.01049180995e-07
1.634758863e-08
2.48298561295e-08
4.01740879452e-09
1.70179166592e-09
7.20888709838e-10
3.05373032417e-10
2.5871607634e-10
1.14768383686e-09
9.28494225949e-11
7.86632980976e-11
1.25679143606e-07
2.03315434905e-08
1.64480856713e-09
1.39350092576e-09
1.1273637579e-10
8.27431581585e-10
3.50505222069e-10
1.48476342332e-10
6.28955776349e-11
3.93917585634e-08
6.37336311504e-09
1.72251144875e-08
1.05772271913e-08
1.0696285524e-10
1.63933866482e-10
1.20319673669e-09
9.73404967741e-11
8.24682128142e-11
4.76505516156e-08
7.70944848238e-09
1.18155568801e-08
6.11105301085e-09
2.47195180991e-10
2.09427031272e-10
3.38859912352e-11
1.08224879058e-09
1.75111272704e-10
2.68379637958e-10
2.62035083042e-06
6.60502026684e-09
2.79791366464e-09
4.52710716137e-10
1.91771251656e-10
1.62471161524e-10
1.19246068575e-09
5.05133865292e-10
2.13978015862e-10
1.13976042659e-07
1.84396443809e-08
1.23943949132e-08
2.00543165407e-09
3.24485049941e-10
4.97313398795e-10
8.04669664234e-11
1.58026883246e-09
1.27846247477e-10
1.95940208503e-10
1.11636333497e-07
1.80611908762e-08
1.30760737654e-08
2.11572742659e-09
1.79246952003e-09
7.59300997077e-10
1.22857390927e-10
5.20432169582e-11
1.66215247122e-09
1.34470753976e-10
1.13925438527e-10
6.29686386505e-08
5.09397285464e-09
4.3156628271e-09
3.49143075562e-10
1.47899331671e-10
1.78032392995e-09
7.0202149649e-11
2.97381286263e-11
5.07621520651e-08
2.15020658778e-08
4.34879868227e-10
1.84217974208e-10
1.35207166296e-09
2.18769516391e-10
1.85344517512e-10
1.57026405767e-10
7.21083397021e-08
3.64581573264e-10
1.54439169786e-10
2.36697147993e-10
1.73724414021e-09
7.01925878532e-11
5.94681248689e-11
4.65843728731e-08
6.08104940014e-08
9.83878156724e-09
1.50790187559e-08
1.11771469719e-08
1.8084824055e-09
1.53216841992e-09
6.49036074885e-10
1.05016176311e-10
1.26412150192e-09
5.35489874665e-10
2.26837049144e-10
1.11151088694e-07
1.79828126556e-08
1.78208430235e-08
3.60428520363e-10
5.83185444381e-11
1.86257483048e-09
7.01739777398e-11
2.97261937288e-11
1.1140519858e-07
1.80239525527e-08
1.28136388305e-08
2.07326754376e-09
1.75649733647e-09
7.4406308892e-10
3.15189985223e-10
2.67033201107e-10
4.32068686385e-11
1.3799387466e-09
5.84550755023e-10
9.45822586917e-11
1.31093096933e-07
1.06044452525e-08
4.49207501751e-09
7.26830262643e-10
3.07890060669e-10
4.98176500052e-11
1.30424421263e-11
1.10497444528e-11
1.50429355084e-09
2.43399495004e-10
2.06211339671e-10
1.74705000466e-10
6.61457480317e-08
5.35100690147e-09
8.65807245343e-10
1.40090453127e-10
5.9343266412e-11
1.89530156847e-09
7.01518704238e-11
1.07516440195e-10
5.20127586834e-08
8.41543107422e-09
9.99858497386e-09
1.61779166452e-09
2.6176384671e-10
2.21769838604e-10
3.58831020453e-11
9.39433253411e-12
7.95896681893e-12
2.08369432819e-12
3.19354265255e-12
1.84439617745e-09
1.49214557377e-10
1.26416571655e-10
2.50452309031e-08
1.04102074933e-07
1.68425896008e-08
6.81287734561e-10
2.8859796497e-10
2.44504014257e-10
1.79454263949e-09
1.45181339173e-10
2.22508331205e-10
3.22237152517e-08
2.01284771073e-08
1.90065191363e-08
7.68818064767e-10
1.24397298018e-10
3.28612984046e-10
1.45775121141e-09
2.35868824472e-10
1.99831248771e-10
8.46498704465e-11
2.21616475171e-11
3.39654415704e-11
3.69640404535e-08
3.03819076009e-08
4.91574991823e-09
1.98845481747e-10
8.42323016892e-11
1.65421541742e-09
2.67657326858e-10
2.26762886246e-10
3.41098516238e-08
2.38736588554e-08
8.1855176387e-09
3.46741842183e-09
1.46881801166e-09
1.24440115157e-09
1.00674066306e-10
1.97711169658e-09
7.01263908054e-11
1.07477318712e-10
4.21698301584e-07
1.70524696169e-08
2.75911209158e-09
2.33755244328e-09
9.90201365347e-10
4.19455720158e-10
1.7768424232e-10
7.52682360883e-11
1.47817237617e-09
6.26163176864e-10
1.01315289491e-10
3.14907806498e-08
1.87851015021e-08
1.99313370253e-08
1.61245503061e-09
2.6090038463e-10
2.21038326531e-10
9.36333094392e-11
1.83883802629e-09
2.97529834103e-10
4.81413242603e-11
6.86981593001e-08
2.77874266652e-09
4.49609086073e-10
3.80914855214e-10
6.16333095671e-11
1.96844154865e-09
1.5925002983e-10
6.74593991778e-11
1.76611225644e-11
2.7067847963e-11
6.90240978957e-08
2.79194138642e-09
4.51744683327e-10
7.30937949056e-11
1.43546925735e-09
6.08073910668e-10
9.83883807759e-11
8.33559887781e-11
7.19062443061e-08
3.63562610572e-10
5.88256526823e-11
1.87876848801e-09
3.03990721484e-10
4.91867241381e-11
5.37272916434e-08
7.21366338607e-08
1.16713170656e-08
7.55061768665e-09
1.22170899786e-09
1.97676500169e-10
3.0296368192e-10
7.93170112923e-11
6.7198371867e-11
1.75927883372e-11
2.6963140054e-11
2.26593570296e-09
7.0079261838e-11
5.88611266117e-08
9.52353028383e-09
1.54092913429e-09
1.30549468458e-09
5.53015910842e-10
2.34261221532e-10
1.9846925492e-10
1.45666929907e-09
6.17054379815e-10
9.98414406705e-11
1.53019361071e-10
1.28577824804e-07
1.04011960433e-08
4.40598532658e-09
1.86639961819e-09
7.90618515101e-10
3.34911209876e-10
2.83741266593e-10
4.5910289459e-11
1.46627904263e-09
6.21125137434e-10
1.00500108235e-10
1.54028859112e-10
4.53146851292e-08
5.59662625549e-08
9.05515815108e-09
1.86103786687e-08
1.45495311077e-08
2.35414000793e-09
3.80907236308e-10
3.22709692302e-10
1.36701983067e-10
1.64553626281e-09
2.66253047387e-10
2.2557312962e-10
1.911086428e-10
8.65757493751e-08
3.66718142658e-08
5.93347619648e-09
1.45777239863e-08
2.35870198373e-09
3.81645395842e-10
1.61667526588e-10
1.94605659365e-09
3.14878165208e-10
5.09483566447e-11
1.24974924395e-07
2.02196200616e-08
8.17889783677e-10
3.46463482903e-10
1.46764253528e-10
6.21703383219e-11
1.98559270415e-09
3.21275228643e-10
1.36094344128e-10
2.79576602577e-07
1.13070112301e-08
1.82949946859e-09
1.54997499557e-09
6.56579304814e-10
2.78131323528e-10
2.35636579693e-10
1.72945931187e-09
2.79832088057e-10
2.37077510401e-10
2.00855262977e-10
2.36851483704e-08
1.47194902794e-08
1.74172473388e-08
7.37798178108e-09
7.45956789394e-09
1.20697767059e-09
9.76464742397e-11
1.91765325841e-09
3.10282438631e-10
2.62875485268e-10
5.3145598769e-08
8.59884619064e-09
7.2849848376e-09
1.17872983596e-09
9.98635202309e-10
4.23028390095e-10
1.79197642836e-10
1.51818668748e-10
1.82750198308e-09
2.95695690156e-10
2.50517329103e-10
1.06120820464e-10
6.27926422525e-08
5.07982911291e-09
2.15184327301e-09
1.82306840457e-09
7.00235702755e-11
1.8332432794e-11
2.80966777622e-11
2.36119099273e-09
7.00235425199e-11
5.93249060987e-11
1.55314788808e-11
2.38039310485e-11
4.35812632954e-07
4.40605396612e-09
3.73285892474e-09
7.54980244988e-11
2.41125040767e-09
7.00042940283e-11
1.07290232254e-10
6.48825576738e-08
5.24890414466e-09
8.49287862259e-10
7.19527840087e-10
1.16421997043e-10
2.28637861421e-09
1.84971662986e-10
1.56710505683e-10
4.42198700989e-08
7.15470307999e-09
1.47849200799e-08
2.39222924803e-09
2.0267262868e-09
8.58534021653e-10
1.38913644476e-10
2.12902320773e-10
1.5626012706e-09
6.6192790138e-10
2.80397038921e-10
4.53691806346e-11
4.36406609183e-08
7.06102427916e-09
1.95412156873e-08
7.90449636301e-10
6.69679367515e-10
1.08356351669e-10
2.12798099974e-09
3.44314132761e-10
1.45853787381e-10
6.46551062133e-08
5.23048493406e-09
8.46307648961e-10
7.17003026396e-10
1.16013476603e-10
1.77804923562e-10
2.14030805579e-09
3.4630867618e-10
1.46698680981e-10
1.22950242917e-07
1.98922976841e-08
1.60930216375e-09
1.36342143131e-09
1.10303030598e-10
1.69053021581e-10
2.0349584795e-09
3.2926281146e-10
2.78955844535e-10
6.3497673064e-08
5.13688168391e-09
2.17601159314e-09
3.52085638422e-10
