0.000660723963621
2.89199032599e-06
9.09729658774e-12
5.25875616743e-14
8.94222064244e-11
7.78318856418e-11
5.25783098158e-14
8.94221786688e-11
7.85403096703e-11
5.25875616743e-14
8.93638827104e-11
1.03001186356e-10
5.24025245036e-14
8.94224562245e-11
8.70271501551e-11
5.23562652109e-14
8.94225764987e-11
8.7624070789e-11
5.21804798986e-14
8.93649744297e-11
9.2065027454e-11
5.20787071959e-14
8.94229928323e-11
9.41257863323e-11
5.19676871522e-14
8.94232333784e-11
9.2320008664e-11
5.18104055571e-14
8.41506456915e-11
4.23586147395e-12
5.18011536985e-14
8.9423409166e-11
9.90870489974e-11
8.93796941366e-11
1.35320998421e-10
1.22806296721e-11
3.40745927387e-14
3.41393580072e-15
8.41679651707e-11
5.73839099e-11
3.34732219337e-14
8.41434662493e-11
5.54721984538e-11
3.28996067043e-14
8.41450390675e-11
1.12911582498e-10
3.17708822214e-14
8.4183360261e-11
5.06663114964e-11
3.12805314601e-14
8.41841559231e-11
9.26372456279e-11
9.69594774839e-15
8.42194054996e-11
1.01354549898e-10
1.07321559047e-14
8.42177216614e-11
7.94340761719e-11
8.4136222044e-11
8.83715191546e-11
2.74965213178e-14
8.41903361646e-11
4.03661715824e-11
8.41776796199e-11
1.50712775593e-14
8.3636131357e-11
2.58681964738e-14
8.41930099495e-11
7.93415483392e-11
2.51187936734e-14
8.41942126933e-11
7.64298220547e-11
2.46099437125e-14
8.41950823658e-11
1.04562076592e-10
8.41792246803e-11
7.07970410224e-11
8.41860247963e-11
7.09691903475e-11
2.36847578587e-14
8.41965534113e-11
1.09258143995e-10
2.36940097172e-14
8.41965626632e-11
8.30359263133e-11
2.37217630341e-14
8.41965349098e-11
7.12031790927e-11
2.36847578587e-14
8.41965534113e-11
1.09324970167e-10
8.41732017226e-11
7.09968163948e-11
2.3703259317e-14
8.41965349076e-11
7.12568676233e-11
2.35367258633e-14
8.41707314764e-11
7.07677403887e-11
2.4239869371e-14
8.41956467292e-11
6.03514989064e-11
3.37973153063e-12
5.65112746546e-13
4.81605473636e-13
7.83262321286e-14
8.41151000532e-11
1.01217890702e-10
1.06112428979e-11
1.73423305068e-12
4.99322782738e-14
8.94314860385e-11
4.47435124704e-11
4.47451222938e-11
4.9116838054e-11
8.18116834405e-12
2.98573189985e-11
4.87175093606e-12
1.40272602132e-11
2.27497640409e-12
3.68214702164e-13
8.93520403337e-11
4.47271089275e-11
4.47312167526e-11
4.77764288476e-11
1.49930801891e-11
2.42394056939e-12
3.92140008345e-13
6.01009955417e-13
8.94108266384e-11
4.85274854381e-11
7.83194770747e-12
3.31631929446e-12
4.46869281058e-11
4.46971976711e-11
4.47391270917e-11
4.47413845452e-11
4.47506919149e-11
4.47489340617e-11
6.7746444348e-11
2.36368414375e-11
1.93699307285e-11
3.13242010907e-12
1.32680897428e-12
1.12403599973e-12
4.93586630444e-14
4.46236453957e-11
4.4643573899e-11
3.57740117979e-11
5.7827351464e-12
1.01892471443e-11
1.6482092745e-12
1.39632743483e-12
5.91462039664e-13
4.46583028578e-11
4.4672939298e-11
1.29731460575e-10
6.51689784313e-12
5.27170876939e-13
2.2331210051e-13
4.45648128317e-11
4.45937156356e-11
4.30318724583e-11
1.67464645847e-11
3.38627258558e-13
1.43431556147e-13
4.46932656289e-11
1.60510487009e-13
4.47280618689e-11
7.73595320244e-11
1.33544373363e-11
5.6559939408e-12
4.79143555434e-12
4.84704846247e-14
4.46797486636e-11
1.96231910567e-13
4.47222887092e-11
3.21370323541e-11
5.19763838767e-12
7.96541501197e-12
7.35951082338e-12
2.97669283067e-13
4.47058296528e-11
4.45403324141e-11
1.29197341553e-10
7.2706559785e-12
5.88149872049e-13
4.46588579693e-11
1.45855543084e-13
4.46922571763e-11
2.70469375678e-11
4.37479662685e-12
1.97081231498e-11
1.59403039316e-12
4.83687141807e-14
4.47335204632e-11
4.45074050518e-11
4.46894446113e-11
4.46993163444e-11
6.32893524395e-11
1.10843274098e-11
1.69529660605e-11
6.40523716694e-12
1.03630988159e-12
1.58825723343e-12
4.47057278824e-11
4.45397680507e-11
4.46979285656e-11
4.47064957866e-11
4.47415788319e-11
4.47349637531e-11
7.77770498762e-11
1.34250290147e-11
5.68608098251e-12
2.40851772346e-12
3.89688265832e-13
3.30152556137e-13
4.46141159836e-11
4.45396292728e-11
9.54972077684e-11
4.07188153999e-12
1.64701578927e-13
4.46842450668e-11
1.84306264911e-13
4.45978604682e-11
4.93026893793e-11
1.99334058961e-12
8.4438008298e-13
4.46857253642e-11
4.4736147991e-11
4.47388865411e-11
4.47500720381e-11
4.47506734089e-11
4.4753152907e-11
4.47532916849e-11
4.47538375445e-11
4.47538653001e-11
2.50086976862e-13
4.47135642066e-11
3.68224601201e-11
6.05556411538e-11
1.33054672513e-12
5.6363244918e-13
9.11955673557e-14
4.47392566177e-11
2.89786699592e-13
4.47071341649e-11
3.51444413597e-11
5.20265566852e-11
9.26628177717e-12
1.4991895958e-12
6.35066044439e-13
2.69007027573e-13
2.27910274203e-13
4.47171539277e-11
2.70653856134e-13
4.47102335375e-11
3.36329190364e-11
5.44027761841e-12
1.25510614859e-11
2.53824727711e-13
4.46464974863e-11
1.64794097512e-13
4.46144027913e-11
8.55268410844e-11
7.34010042417e-12
4.66011468102e-12
7.53989429576e-13
3.19392646915e-13
1.35299172491e-13
4.46966795647e-11
2.54241061345e-13
4.46462939454e-11
6.49592480704e-11
1.1357136949e-11
1.81201249706e-11
2.93146975065e-12
4.74315011367e-13
4.01835953835e-13
1.70224938474e-13
4.46098046176e-11
2.21026891451e-13
4.46603845259e-11
8.63281445163e-11
1.50571678087e-11
2.43603275075e-12
3.73344857046e-12
4.46785089168e-11
3.34954272977e-13
4.46998159448e-11
1.84576790113e-11
8.8315480652e-11
4.77765952343e-14
4.47135457028e-11
2.97132675271e-13
4.46281695545e-11
2.74208791682e-11
4.43597916511e-12
1.65728164608e-11
2.68124399591e-12
1.0845953313e-13
4.47080778544e-11
3.37202474602e-13
4.46994551245e-11
6.55734049168e-11
2.99965687168e-11
1.21314989666e-12
5.13903711794e-13
2.1767771866e-13
4.46618000603e-11
2.43592172168e-13
1.03195225621e-13
4.47103260561e-11
4.47425872868e-11
4.47443358881e-11
4.47514968243e-11
4.4750146053e-11
4.4469278145e-11
3.59665059689e-12
3.04706246671e-12
4.46923867024e-11
2.73373902544e-13
1.15814760668e-13
4.47049414744e-11
1.19593533488e-10
5.7197762513e-12
8.76591353442e-12
7.09117917923e-13
3.00407833194e-13
1.27250055563e-13
4.45590026623e-11
2.98890528394e-13
4.47056723712e-11
3.01903303811e-11
4.88400039451e-12
1.59360943314e-11
4.46734481479e-11
3.57399279533e-13
4.46961799644e-11
4.47388772893e-11
4.47308189227e-11
1.03222907137e-10
3.86152204143e-12
6.24777980003e-13
1.01104305592e-13
4.46683873813e-11
3.79946056532e-13
6.14693458713e-14
4.46598201626e-11
3.66963480409e-11
5.93658429526e-12
7.54086574542e-12
3.05024510605e-13
4.47046731705e-11
3.62219497831e-13
4.46005805146e-11
4.4713860266e-11
4.47199849964e-11
1.31522129961e-10
5.74310018442e-12
2.43274834097e-12
2.06104568588e-12
1.66736987805e-13
4.46834031477e-11
4.47355373683e-11
4.47256748871e-11
3.41134512222e-13
1.44514023596e-13
4.46315927422e-11
2.57281407008e-11
2.28155447393e-11
9.22826589269e-13
7.8181902006e-13
6.32457027107e-14
4.47004358193e-11
3.93305740262e-13
6.36435326279e-14
4.46564802416e-11
4.47284782003e-11
4.47323824846e-11
9.27419211509e-11
1.98156297369e-12
8.39402583086e-13
3.55567413801e-13
4.46034023315e-11
3.97885410239e-13
6.43929309108e-14
4.46553607667e-11
9.02664847392e-11
3.8631133611e-12
1.63641315487e-12
1.32394091169e-13
4.46979378197e-11
4.11605916451e-13
6.66041273602e-14
4.46519468309e-11
1.95345675445e-11
4.02453423144e-11
1.92780042666e-11
9.61373530651e-12
6.60692767631e-12
2.67249174451e-13
2.26411470861e-13
4.47173667182e-11
4.40989816911e-13
7.13503307905e-14
4.46446656205e-11
7.563757619e-11
1.3087308436e-11
5.54358386407e-12
8.96949143196e-13
3.79955308391e-13
1.6094532436e-13
4.4727969348e-11
5.11433465565e-13
8.27486182512e-14
4.47189487882e-11
2.14077449999e-11
1.31731749306e-11
1.51352812481e-11
3.06097726195e-13
4.46243670406e-11
5.75206521953e-13
4.46609581389e-11
1.16511054907e-10
1.20230394402e-11
2.43166586675e-13
1.03010188451e-13
4.47373692363e-11
5.3229640431e-13
8.61255488765e-14
4.46220355745e-11
3.1251786812e-11
5.05610346026e-12
1.22550667892e-11
9.91410614357e-13
1.60427220282e-13
4.46181127865e-11
6.02878830842e-13
4.87757959564e-14
4.47333539297e-11
9.94707513085e-11
1.00822123906e-12
4.27093527645e-13
3.61840171631e-13
4.46954675713e-11
7.04751040692e-13
4.46970033798e-11
2.91866425505e-11
4.72205587168e-12
1.34664773365e-11
2.17883109468e-12
4.71289651366e-14
4.47141100662e-11
4.47435772334e-11
4.47451685531e-11
7.44274980369e-13
4.46938207427e-11
1.11474648653e-10
4.40701159828e-12
1.67941579155e-11
6.79308429711e-13
2.87751292972e-13
1.21893229469e-13
4.45671813075e-11
4.93521869693e-13
7.98527865287e-14
4.46316112459e-11
4.472195564e-11
4.47048952151e-11
7.21424554842e-11
1.25229913493e-11
7.92438302161e-12
1.28215950724e-12
5.43130332918e-13
2.30084458701e-13
9.74590733275e-14
4.47127407911e-11
4.96972812928e-13
2.10516777892e-13
4.46648439195e-11
7.92672374137e-11
1.3675282525e-11
1.10631869063e-12
4.68643622083e-13
7.58189762059e-14
4.46378099911e-11
4.47236024731e-11
4.47282561579e-11
5.06233921066e-13
2.14430316313e-13
4.46631970909e-11
2.08463329968e-11
8.83006591701e-12
7.48071016572e-12
1.02674068407e-11
1.66125439278e-12
2.68784982968e-13
1.13871870375e-13
4.46575812128e-11
7.08026198615e-13
5.72782539534e-14
4.47054965859e-11
1.30577135919e-10
1.87430618443e-12
7.93957456204e-13
3.36342049499e-13
1.42460113259e-13
4.46936542092e-11
7.26474404541e-13
5.87678031781e-14
4.47445116711e-11
4.27093989424e-11
3.45483811373e-12
2.92694559408e-12
2.36801308e-13
1.00308645757e-13
4.46690442633e-11
4.473176261e-11
4.47199109815e-11
6.69658743514e-13
1.08348510827e-13
4.47081148619e-11
4.83236392479e-11
3.56608615747e-11
6.62239678378e-12
2.80523739952e-12
4.53896159572e-13
3.84534978367e-13
1.62897466512e-13
4.46160218642e-11
6.12204704249e-13
9.90596448547e-14
4.46022180936e-11
2.29806534e-11
1.63901755282e-11
2.25706480551e-11
2.91548254135e-11
2.35848367248e-12
3.81602141469e-13
3.23315434935e-13
1.36946003311e-13
4.46379857764e-11
4.47236487301e-11
4.47282931631e-11
8.21944328283e-13
4.46875109752e-11
3.42840278036e-11
4.9163846745e-11
8.80665871716e-12
1.42490642585e-12
6.03600475808e-13
4.88313071077e-14
4.47126482726e-11
8.12470425139e-13
4.4688288129e-11
3.20943720367e-11
5.19252210764e-12
7.95801352514e-12
3.37098852431e-12
5.45443297552e-13
8.82442222231e-14
4.46187511648e-11
6.00010754695e-13
9.70890012447e-14
4.46052249476e-11
4.47150630054e-11
4.47210119504e-11
4.47453628421e-11
4.47407554165e-11
1.34265731481e-10
2.92775050351e-12
1.24018382731e-12
5.25366764524e-13
2.22544196251e-13
4.46597646514e-11
6.91900209182e-13
1.11947483799e-13
4.46591817843e-11
2.9197023138e-11
4.72380447069e-12
1.31029995881e-11
2.12003553366e-12
4.69809354e-14
4.46820338727e-11
8.66584543472e-13
4.46839027503e-11
6.20663678194e-11
1.08937391307e-11
1.65458935525e-11
2.67707140996e-12
1.13400950324e-12
4.80384228309e-13
2.03476118062e-13
4.4581604955e-11
7.64767844773e-13
6.1876427647e-14
4.47016015535e-11
7.8469977044e-11
1.35468574812e-11
1.09591960163e-12
9.28488726695e-13
4.46789067445e-11
5.51327477324e-13
2.33526150078e-13
9.89393706937e-14
4.47121209166e-11
2.62459209436e-11
4.24639008897e-12
1.14764951715e-11
7.04716809268e-12
7.12670640636e-14
4.4644813648e-11
8.01645750649e-13
6.48555260964e-14
4.46990943021e-11
1.15981968897e-10
5.1362800641e-12
7.87184171923e-12
4.07131717662e-12
1.64692327068e-13
1.39518019985e-13
4.47313925357e-11
7.21015808003e-13
1.16665929395e-13
4.45751841629e-11
4.79657681236e-11
4.39147772779e-12
1.86026186317e-12
3.00990700282e-13
1.27509107602e-13
4.46460256415e-11
7.92847233179e-13
3.35842451397e-13
4.46117660116e-11
7.05018234819e-11
1.2258675014e-11
8.23969559891e-12
1.33318350482e-12
2.1571632465e-13
3.30605897205e-13
4.47005005823e-11
1.05053924002e-12
8.49968198761e-14
4.46237471684e-11
6.89373435249e-11
1.20056366943e-11
8.69180614978e-12
1.40635644948e-12
1.1914635425e-12
5.04707364407e-13
8.16569012024e-14
4.4719420633e-11
1.10481988955e-12
8.93914526819e-14
4.46782961218e-11
4.18542404443e-11
3.38579149571e-12
2.86848310223e-12
2.32064358687e-13
4.46557030855e-11
1.18331265513e-12
4.66663722097e-14
4.47342513622e-11
1.17974134501e-10
1.42909196688e-11
2.89018795333e-13
4.46315927444e-11
8.98614477733e-13
1.45402202015e-13
1.23188491923e-13
4.4649670876e-11
4.79231540654e-11
2.42287662372e-13
1.02640114109e-13
4.45967039859e-11
1.15454862693e-12
4.66293647755e-14
4.47144801405e-11
3.09584011394e-11
3.51379558068e-11
6.53807534732e-12
1.00201971919e-11
7.42728993452e-12
1.20173310548e-12
1.0181207277e-12
4.31293869162e-13
4.46842543187e-11
8.4001320575e-13
3.5583571544e-13
4.4603300561e-11
6.85829418475e-11
1.19483769441e-11
1.1840565041e-11
2.39475097377e-13
4.47152850522e-11
1.23752854391e-12
4.66293647755e-14
4.47342883697e-11
6.87425826598e-11
1.19742081331e-11
8.51262541224e-12
1.37735187522e-12
1.16689985808e-12
4.94308277668e-13
2.09406554868e-13
1.77395128842e-13
4.47253140669e-11
9.16738866351e-13
3.88337494486e-13
4.46911747111e-11
8.1811109823e-11
7.04409647564e-12
2.98387227741e-12
4.82808217505e-13
2.04512323959e-13
4.47209101822e-11
4.47453350865e-11
4.47466581023e-11
9.99237684422e-13
1.61676221185e-13
1.36964507028e-13
4.46379302653e-11
4.39359085228e-11
3.55420307217e-12
5.75076995934e-13
9.30551909219e-14
4.47146189184e-11
1.25888183115e-12
4.66016091999e-14
4.46826259916e-11
1.18781673686e-10
5.58933430229e-12
6.64078022444e-12
1.07448304766e-12
1.73870170739e-13
1.47289581157e-13
4.47301990459e-11
4.4747786829e-11
4.47487490223e-11
4.47526533066e-11
4.47519131579e-11
1.22499227559e-12
9.91059041474e-14
4.46700712218e-11
1.66340175005e-11
6.38633654762e-11
1.11849783744e-11
4.52443617782e-13
1.91642988732e-13
4.45916339674e-11
1.19173184414e-12
9.64136155714e-14
4.46062519039e-11
2.13989002231e-11
1.33664925057e-11
1.26212275788e-11
5.10545287145e-13
8.25913389148e-14
4.45358082575e-11
9.68003412254e-13
1.56624706423e-13
1.32699402501e-13
4.46978267974e-11
4.47393121289e-11
4.47314665528e-11
2.45451981223e-11
1.04409134125e-10
3.26407405155e-12
1.32033268686e-13
4.46980950991e-11
1.09839909972e-12
1.77737447608e-13
4.46034393389e-11
2.26485394476e-11
1.58514490822e-11
5.43489303674e-12
2.30222312523e-12
9.75238365631e-13
8.26227936527e-13
4.4687177906e-11
1.31271839373e-12
4.65646040245e-14
4.4682681505e-11
8.5096148586e-11
1.13179275748e-11
1.83124803479e-12
1.55144409057e-12
6.57205741922e-13
2.78388409872e-13
1.17924184415e-13
4.47040717997e-11
9.81076288369e-13
4.15584215623e-13
4.46867893302e-11
2.09001880631e-11
1.24672674076e-11
1.32277793975e-11
1.07014392826e-12
1.73139271655e-13
1.46688210352e-13
4.46918408427e-11
1.22035709446e-12
1.97453155895e-13
4.47220389067e-11
1.29825875787e-10
1.84402484918e-12
2.98372426574e-13
2.52779267696e-13
4.47131293692e-11
1.3062976039e-12
1.0567472371e-13
4.47092620923e-11
4.47423189829e-11
4.47360832302e-11
4.58040344658e-11
1.85267533691e-12
2.99769454955e-13
4.47055428452e-11
9.52552810754e-13
4.03501288371e-13
6.52811115892e-14
4.46987149759e-11
1.31948677629e-10
2.41223696382e-13
4.47149982446e-11
1.24663237271e-12
2.01709010822e-13
4.47213912789e-11
3.56488156572e-11
4.25882366075e-11
7.74339817391e-12
5.00946484363e-12
8.10546038563e-13
1.31145088008e-13
4.4553025964e-11
4.47014072644e-11
4.47094563814e-11
4.47423559903e-11
4.47361294895e-11
1.50332517657e-12
4.47075412466e-11
3.90500485025e-11
6.31800139956e-12
1.02226556032e-12
8.66075691253e-13
3.66863930818e-13
1.55412712954e-13
4.46223223822e-11
9.66347329576e-13
4.09357714826e-13
6.62340530187e-14
4.4652464935e-11
8.0020588465e-11
6.8993696593e-12
2.92258796871e-12
1.23802814427e-12
5.24423074953e-13
2.22155615934e-13
1.88210551473e-13
4.47235562138e-11
9.72610837807e-13
4.12003746368e-13
6.66596385114e-14
4.46518450605e-11
3.00573256673e-11
3.18480320625e-11
6.00588996305e-12
1.23432832581e-11
9.6497990511e-12
1.56133432508e-12
2.5263123796e-13
2.14041738254e-13
4.46633543725e-11
1.09137694135e-12
1.7658096529e-13
1.49611797651e-13
4.46272628746e-11
5.21444161089e-11
2.43195915608e-11
3.93483376624e-12
9.66722955033e-12
1.56417464791e-12
2.5307532717e-13
4.46468027976e-11
1.2905231851e-12
2.08805186321e-13
4.47202255424e-11
7.75983594895e-11
1.34069323772e-11
5.42306917508e-13
2.29723636218e-13
9.73202954494e-14
4.47127963023e-11
1.31656716914e-12
2.13014781956e-13
4.46637707062e-11
8.52957111634e-11
7.49531885035e-12
1.21274281488e-12
1.02746510482e-12
4.352351609e-13
1.84361778321e-13
4.4597823463e-11
1.14643474925e-12
1.85481250946e-13
1.57170566077e-13
4.46208975937e-11
1.57003107256e-11
9.75702808704e-12
1.15450977003e-11
4.8904859496e-12
4.94454455452e-12
8.00026675405e-13
4.46893150853e-11
1.27110353628e-12
2.05659554418e-13
4.45797915885e-11
3.52260705008e-11
8.99345928314e-11
4.82849849739e-12
7.81273160406e-13
6.61887182342e-13
2.80386813575e-13
1.18766101283e-13
4.46533901209e-11
1.21126251977e-12
1.95991362245e-13
1.66043098415e-13
4.46836807057e-11
4.16174021288e-11
3.36669566195e-12
1.4261461749e-12
1.20824641163e-12
4.47076245134e-11
4.47418841433e-11
4.47354170942e-11
1.56488703876e-12
4.64073201706e-14
4.47147114348e-11
4.4743734515e-11
4.47382574147e-11
9.39380291241e-11
2.91898899574e-12
2.47298466924e-12
4.47040162885e-11
1.5974350771e-12
4.63703127364e-14
4.46829498066e-11
4.29825415485e-11
3.4771350928e-12
5.62605492882e-13
4.7663722786e-13
4.4676862086e-11
1.51459394027e-12
1.22531607708e-13
4.4650179726e-11
1.13527765499e-10
4.73939385458e-12
9.7936654446e-12
1.58463050488e-12
1.34250937822e-12
5.68693215801e-13
9.20189805068e-14
4.46130150125e-11
1.0350793844e-12
4.38454807671e-13
1.85740302985e-13
4.4723981797e-11
2.89069588804e-11
4.67701782432e-12
1.29433957832e-11
5.23562652109e-13
4.43552581726e-13
4.46822374135e-11
1.40949282953e-12
2.28049052082e-13
4.46573961756e-11
1.2705854325e-10
3.46422875014e-12
5.60523824711e-13
4.74879374738e-13
7.68366806451e-14
4.46362649307e-11
1.41754194645e-12
2.29372067853e-13
4.46568688197e-11
7.6153543064e-11
1.31733137085e-11
1.06572153988e-12
9.02898085977e-13
7.30434186443e-14
4.46420843497e-11
1.34760715228e-12
2.18038541143e-13
4.45692907313e-11
4.20482981681e-11
3.40156591452e-12
1.44091214112e-12
2.33146826136e-13
