# column   1     --> step : The current simulation time step.
# column   2     --> time{picosecond} : The elapsed simulation time.
# column   3     --> potential{atomic_unit} : The physical system potential energy.
    0.00000000e+00     0.00000000e+00    -2.20155242e+00   
    1.00000000e+00     0.00000000e+00    -3.14841338e+00   
    2.00000000e+00     0.00000000e+00    -3.43985882e+00   
    3.00000000e+00     0.00000000e+00    -3.53649398e+00   
    4.00000000e+00     0.00000000e+00    -3.76517819e+00   
    5.00000000e+00     0.00000000e+00    -3.80305245e+00   
    6.00000000e+00     0.00000000e+00    -3.83784427e+00   
    7.00000000e+00     0.00000000e+00    -3.95277412e+00   
    8.00000000e+00     0.00000000e+00    -3.98292503e+00   
    9.00000000e+00     0.00000000e+00    -4.03653744e+00   
    1.00000000e+01     0.00000000e+00    -4.04716160e+00   
    1.10000000e+01     0.00000000e+00    -4.10438775e+00   
    1.20000000e+01     0.00000000e+00    -4.13254745e+00   
    1.30000000e+01     0.00000000e+00    -4.15367115e+00   
    1.40000000e+01     0.00000000e+00    -4.16735748e+00   
    1.50000000e+01     0.00000000e+00    -4.18976281e+00   
    1.60000000e+01     0.00000000e+00    -4.19090724e+00   
    1.70000000e+01     0.00000000e+00    -4.21589155e+00   
    1.80000000e+01     0.00000000e+00    -4.22692013e+00   
    1.90000000e+01     0.00000000e+00    -4.24627011e+00   
    2.00000000e+01     0.00000000e+00    -4.25640577e+00   
    2.10000000e+01     0.00000000e+00    -4.26693865e+00   
    2.20000000e+01     0.00000000e+00    -4.27517843e+00   
    2.30000000e+01     0.00000000e+00    -4.28497117e+00   
    2.40000000e+01     0.00000000e+00    -4.29384735e+00   
    2.50000000e+01     0.00000000e+00    -4.30331576e+00   
    2.60000000e+01     0.00000000e+00    -4.30948023e+00   
    2.70000000e+01     0.00000000e+00    -4.31804813e+00   
    2.80000000e+01     0.00000000e+00    -4.32318902e+00   
    2.90000000e+01     0.00000000e+00    -4.32865914e+00   
    3.00000000e+01     0.00000000e+00    -4.33814746e+00   
    3.10000000e+01     0.00000000e+00    -4.34465645e+00   
    3.20000000e+01     0.00000000e+00    -4.34939928e+00   
    3.30000000e+01     0.00000000e+00    -4.35431340e+00   
    3.40000000e+01     0.00000000e+00    -4.35961392e+00   
    3.50000000e+01     0.00000000e+00    -4.36530375e+00   
    3.60000000e+01     0.00000000e+00    -4.37060639e+00   
    3.70000000e+01     0.00000000e+00    -4.37600569e+00   
    3.80000000e+01     0.00000000e+00    -4.38227407e+00   
    3.90000000e+01     0.00000000e+00    -4.38537623e+00   
    4.00000000e+01     0.00000000e+00    -4.38962841e+00   
    4.10000000e+01     0.00000000e+00    -4.39325768e+00   
    4.20000000e+01     0.00000000e+00    -4.39699182e+00   
    4.30000000e+01     0.00000000e+00    -4.40006649e+00   
    4.40000000e+01     0.00000000e+00    -4.40461268e+00   
    4.50000000e+01     0.00000000e+00    -4.40789510e+00   
    4.60000000e+01     0.00000000e+00    -4.41154430e+00   
    4.70000000e+01     0.00000000e+00    -4.41549246e+00   
    4.80000000e+01     0.00000000e+00    -4.41974822e+00   
    4.90000000e+01     0.00000000e+00    -4.42399611e+00   
    5.00000000e+01     0.00000000e+00    -4.42677767e+00   
    5.10000000e+01     0.00000000e+00    -4.43010637e+00   
    5.20000000e+01     0.00000000e+00    -4.43553274e+00   
    5.30000000e+01     0.00000000e+00    -4.43879877e+00   
    5.40000000e+01     0.00000000e+00    -4.44087447e+00   
    5.50000000e+01     0.00000000e+00    -4.44243466e+00   
    5.60000000e+01     0.00000000e+00    -4.44515368e+00   
    5.70000000e+01     0.00000000e+00    -4.44803472e+00   
    5.80000000e+01     0.00000000e+00    -4.45143358e+00   
    5.90000000e+01     0.00000000e+00    -4.45382664e+00   
    6.00000000e+01     0.00000000e+00    -4.45614522e+00   
    6.10000000e+01     0.00000000e+00    -4.45755886e+00   
    6.20000000e+01     0.00000000e+00    -4.46073206e+00   
    6.30000000e+01     0.00000000e+00    -4.46281223e+00   
    6.40000000e+01     0.00000000e+00    -4.46473674e+00   
    6.50000000e+01     0.00000000e+00    -4.46665762e+00   
    6.60000000e+01     0.00000000e+00    -4.46920150e+00   
    6.70000000e+01     0.00000000e+00    -4.47167760e+00   
    6.80000000e+01     0.00000000e+00    -4.47406391e+00   
    6.90000000e+01     0.00000000e+00    -4.47535331e+00   
    7.00000000e+01     0.00000000e+00    -4.47847148e+00   
    7.10000000e+01     0.00000000e+00    -4.47988432e+00   
    7.20000000e+01     0.00000000e+00    -4.48134675e+00   
    7.30000000e+01     0.00000000e+00    -4.48320731e+00   
    7.40000000e+01     0.00000000e+00    -4.48557317e+00   
    7.50000000e+01     0.00000000e+00    -4.48696218e+00   
    7.60000000e+01     0.00000000e+00    -4.48808114e+00   
    7.70000000e+01     0.00000000e+00    -4.48866922e+00   
    7.80000000e+01     0.00000000e+00    -4.49037863e+00   
    7.90000000e+01     0.00000000e+00    -4.49150400e+00   
    8.00000000e+01     0.00000000e+00    -4.49271368e+00   
    8.10000000e+01     0.00000000e+00    -4.49454251e+00   
    8.20000000e+01     0.00000000e+00    -4.49665116e+00   
    8.30000000e+01     0.00000000e+00    -4.49783778e+00   
    8.40000000e+01     0.00000000e+00    -4.49878428e+00   
    8.50000000e+01     0.00000000e+00    -4.49957361e+00   
    8.60000000e+01     0.00000000e+00    -4.50091018e+00   
    8.70000000e+01     0.00000000e+00    -4.50252444e+00   
    8.80000000e+01     0.00000000e+00    -4.50396385e+00   
    8.90000000e+01     0.00000000e+00    -4.50469806e+00   
    9.00000000e+01     0.00000000e+00    -4.50543875e+00   
    9.10000000e+01     0.00000000e+00    -4.50622561e+00   
    9.20000000e+01     0.00000000e+00    -4.50727293e+00   
    9.30000000e+01     0.00000000e+00    -4.50874144e+00   
    9.40000000e+01     0.00000000e+00    -4.50977254e+00   
    9.50000000e+01     0.00000000e+00    -4.51082955e+00   
    9.60000000e+01     0.00000000e+00    -4.51204040e+00   
    9.70000000e+01     0.00000000e+00    -4.51313522e+00   
    9.80000000e+01     0.00000000e+00    -4.51449827e+00   
    9.90000000e+01     0.00000000e+00    -4.51547231e+00   
    1.00000000e+02     0.00000000e+00    -4.51603330e+00   
    1.01000000e+02     0.00000000e+00    -4.51665449e+00   
    1.02000000e+02     0.00000000e+00    -4.51711477e+00   
    1.03000000e+02     0.00000000e+00    -4.51786355e+00   
    1.04000000e+02     0.00000000e+00    -4.51853886e+00   
    1.05000000e+02     0.00000000e+00    -4.51905688e+00   
    1.06000000e+02     0.00000000e+00    -4.51918633e+00   
    1.07000000e+02     0.00000000e+00    -4.52034239e+00   
    1.08000000e+02     0.00000000e+00    -4.52068503e+00   
    1.09000000e+02     0.00000000e+00    -4.52136786e+00   
    1.10000000e+02     0.00000000e+00    -4.52205180e+00   
    1.11000000e+02     0.00000000e+00    -4.52309570e+00   
    1.12000000e+02     0.00000000e+00    -4.52402890e+00   
    1.13000000e+02     0.00000000e+00    -4.52441094e+00   
    1.14000000e+02     0.00000000e+00    -4.52483629e+00   
    1.15000000e+02     0.00000000e+00    -4.52524054e+00   
    1.16000000e+02     0.00000000e+00    -4.52567427e+00   
    1.17000000e+02     0.00000000e+00    -4.52629992e+00   
    1.18000000e+02     0.00000000e+00    -4.52719811e+00   
    1.19000000e+02     0.00000000e+00    -4.52787294e+00   
    1.20000000e+02     0.00000000e+00    -4.52832273e+00   
    1.21000000e+02     0.00000000e+00    -4.52869035e+00   
    1.22000000e+02     0.00000000e+00    -4.52909202e+00   
    1.23000000e+02     0.00000000e+00    -4.52995753e+00   
    1.24000000e+02     0.00000000e+00    -4.53041038e+00   
    1.25000000e+02     0.00000000e+00    -4.53085966e+00   
    1.26000000e+02     0.00000000e+00    -4.53188265e+00   
    1.27000000e+02     0.00000000e+00    -4.53217407e+00   
    1.28000000e+02     0.00000000e+00    -4.53260028e+00   
    1.29000000e+02     0.00000000e+00    -4.53304592e+00   
    1.30000000e+02     0.00000000e+00    -4.53343632e+00   
    1.31000000e+02     0.00000000e+00    -4.53394092e+00   
    1.32000000e+02     0.00000000e+00    -4.53461712e+00   
    1.33000000e+02     0.00000000e+00    -4.53504431e+00   
    1.34000000e+02     0.00000000e+00    -4.53548769e+00   
    1.35000000e+02     0.00000000e+00    -4.53602954e+00   
    1.36000000e+02     0.00000000e+00    -4.53678428e+00   
    1.37000000e+02     0.00000000e+00    -4.53745699e+00   
    1.38000000e+02     0.00000000e+00    -4.53791937e+00   
    1.39000000e+02     0.00000000e+00    -4.53828970e+00   
    1.40000000e+02     0.00000000e+00    -4.53856033e+00   
    1.41000000e+02     0.00000000e+00    -4.53907955e+00   
    1.42000000e+02     0.00000000e+00    -4.53933035e+00   
    1.43000000e+02     0.00000000e+00    -4.53958388e+00   
    1.44000000e+02     0.00000000e+00    -4.54005390e+00   
    1.45000000e+02     0.00000000e+00    -4.54017679e+00   
    1.46000000e+02     0.00000000e+00    -4.54043100e+00   
    1.47000000e+02     0.00000000e+00    -4.54078044e+00   
    1.48000000e+02     0.00000000e+00    -4.54105829e+00   
    1.49000000e+02     0.00000000e+00    -4.54164652e+00   
    1.50000000e+02     0.00000000e+00    -4.54227996e+00   
    1.51000000e+02     0.00000000e+00    -4.54268864e+00   
    1.52000000e+02     0.00000000e+00    -4.54297158e+00   
    1.53000000e+02     0.00000000e+00    -4.54318373e+00   
    1.54000000e+02     0.00000000e+00    -4.54344764e+00   
    1.55000000e+02     0.00000000e+00    -4.54372684e+00   
    1.56000000e+02     0.00000000e+00    -4.54416623e+00   
    1.57000000e+02     0.00000000e+00    -4.54432967e+00   
    1.58000000e+02     0.00000000e+00    -4.54485046e+00   
    1.59000000e+02     0.00000000e+00    -4.54515093e+00   
    1.60000000e+02     0.00000000e+00    -4.54544045e+00   
    1.61000000e+02     0.00000000e+00    -4.54573557e+00   
    1.62000000e+02     0.00000000e+00    -4.54587026e+00   
    1.63000000e+02     0.00000000e+00    -4.54607829e+00   
    1.64000000e+02     0.00000000e+00    -4.54637566e+00   
    1.65000000e+02     0.00000000e+00    -4.54658303e+00   
    1.66000000e+02     0.00000000e+00    -4.54689420e+00   
    1.67000000e+02     0.00000000e+00    -4.54739020e+00   
    1.68000000e+02     0.00000000e+00    -4.54765704e+00   
    1.69000000e+02     0.00000000e+00    -4.54788818e+00   
    1.70000000e+02     0.00000000e+00    -4.54803696e+00   
    1.71000000e+02     0.00000000e+00    -4.54827582e+00   
    1.72000000e+02     0.00000000e+00    -4.54848224e+00   
    1.73000000e+02     0.00000000e+00    -4.54868194e+00   
    1.74000000e+02     0.00000000e+00    -4.54881704e+00   
    1.75000000e+02     0.00000000e+00    -4.54901961e+00   
    1.76000000e+02     0.00000000e+00    -4.54922966e+00   
    1.77000000e+02     0.00000000e+00    -4.54956918e+00   
    1.78000000e+02     0.00000000e+00    -4.54976589e+00   
    1.79000000e+02     0.00000000e+00    -4.54984054e+00   
    1.80000000e+02     0.00000000e+00    -4.54998097e+00   
    1.81000000e+02     0.00000000e+00    -4.55015613e+00   
    1.82000000e+02     0.00000000e+00    -4.55038314e+00   
    1.83000000e+02     0.00000000e+00    -4.55058624e+00   
    1.84000000e+02     0.00000000e+00    -4.55079977e+00   
    1.85000000e+02     0.00000000e+00    -4.55094524e+00   
    1.86000000e+02     0.00000000e+00    -4.55123575e+00   
    1.87000000e+02     0.00000000e+00    -4.55126801e+00   
    1.88000000e+02     0.00000000e+00    -4.55144267e+00   
    1.89000000e+02     0.00000000e+00    -4.55153544e+00   
    1.90000000e+02     0.00000000e+00    -4.55165355e+00   
    1.91000000e+02     0.00000000e+00    -4.55186037e+00   
    1.92000000e+02     0.00000000e+00    -4.55203956e+00   
    1.93000000e+02     0.00000000e+00    -4.55223721e+00   
    1.94000000e+02     0.00000000e+00    -4.55233848e+00   
    1.95000000e+02     0.00000000e+00    -4.55246652e+00   
    1.96000000e+02     0.00000000e+00    -4.55268507e+00   
    1.97000000e+02     0.00000000e+00    -4.55293270e+00   
    1.98000000e+02     0.00000000e+00    -4.55308388e+00   
    1.99000000e+02     0.00000000e+00    -4.55332595e+00   
    2.00000000e+02     0.00000000e+00    -4.55337571e+00   
    2.01000000e+02     0.00000000e+00    -4.55352658e+00   
    2.02000000e+02     0.00000000e+00    -4.55362024e+00   
    2.03000000e+02     0.00000000e+00    -4.55383436e+00   
    2.04000000e+02     0.00000000e+00    -4.55399832e+00   
    2.05000000e+02     0.00000000e+00    -4.55416194e+00   
    2.06000000e+02     0.00000000e+00    -4.55425141e+00   
    2.07000000e+02     0.00000000e+00    -4.55453738e+00   
    2.08000000e+02     0.00000000e+00    -4.55482285e+00   
    2.09000000e+02     0.00000000e+00    -4.55513059e+00   
    2.10000000e+02     0.00000000e+00    -4.55542186e+00   
    2.11000000e+02     0.00000000e+00    -4.55555300e+00   
    2.12000000e+02     0.00000000e+00    -4.55579120e+00   
    2.13000000e+02     0.00000000e+00    -4.55606243e+00   
    2.14000000e+02     0.00000000e+00    -4.55645405e+00   
    2.15000000e+02     0.00000000e+00    -4.55704876e+00   
    2.16000000e+02     0.00000000e+00    -4.55729418e+00   
    2.17000000e+02     0.00000000e+00    -4.55774831e+00   
    2.18000000e+02     0.00000000e+00    -4.55808804e+00   
    2.19000000e+02     0.00000000e+00    -4.55845517e+00   
    2.20000000e+02     0.00000000e+00    -4.55901048e+00   
    2.21000000e+02     0.00000000e+00    -4.55934332e+00   
    2.22000000e+02     0.00000000e+00    -4.55981381e+00   
    2.23000000e+02     0.00000000e+00    -4.56027545e+00   
    2.24000000e+02     0.00000000e+00    -4.56123373e+00   
    2.25000000e+02     0.00000000e+00    -4.56172138e+00   
    2.26000000e+02     0.00000000e+00    -4.56233323e+00   
    2.27000000e+02     0.00000000e+00    -4.56286116e+00   
    2.28000000e+02     0.00000000e+00    -4.56333852e+00   
    2.29000000e+02     0.00000000e+00    -4.56382456e+00   
    2.30000000e+02     0.00000000e+00    -4.56441224e+00   
    2.31000000e+02     0.00000000e+00    -4.56498329e+00   
    2.32000000e+02     0.00000000e+00    -4.56555692e+00   
    2.33000000e+02     0.00000000e+00    -4.56603626e+00   
    2.34000000e+02     0.00000000e+00    -4.56661449e+00   
    2.35000000e+02     0.00000000e+00    -4.56694804e+00   
    2.36000000e+02     0.00000000e+00    -4.56735971e+00   
    2.37000000e+02     0.00000000e+00    -4.56764201e+00   
    2.38000000e+02     0.00000000e+00    -4.56798473e+00   
    2.39000000e+02     0.00000000e+00    -4.56806603e+00   
    2.40000000e+02     0.00000000e+00    -4.56858121e+00   
    2.41000000e+02     0.00000000e+00    -4.56887417e+00   
    2.42000000e+02     0.00000000e+00    -4.56919816e+00   
    2.43000000e+02     0.00000000e+00    -4.56949107e+00   
    2.44000000e+02     0.00000000e+00    -4.56976641e+00   
    2.45000000e+02     0.00000000e+00    -4.57004859e+00   
    2.46000000e+02     0.00000000e+00    -4.57020177e+00   
    2.47000000e+02     0.00000000e+00    -4.57039526e+00   
    2.48000000e+02     0.00000000e+00    -4.57065202e+00   
    2.49000000e+02     0.00000000e+00    -4.57090024e+00   
    2.50000000e+02     0.00000000e+00    -4.57113768e+00   
    2.51000000e+02     0.00000000e+00    -4.57131034e+00   
    2.52000000e+02     0.00000000e+00    -4.57141339e+00   
    2.53000000e+02     0.00000000e+00    -4.57160917e+00   
    2.54000000e+02     0.00000000e+00    -4.57168406e+00   
    2.55000000e+02     0.00000000e+00    -4.57177395e+00   
    2.56000000e+02     0.00000000e+00    -4.57191384e+00   
    2.57000000e+02     0.00000000e+00    -4.57203035e+00   
    2.58000000e+02     0.00000000e+00    -4.57215919e+00   
    2.59000000e+02     0.00000000e+00    -4.57230183e+00   
    2.60000000e+02     0.00000000e+00    -4.57258718e+00   
    2.61000000e+02     0.00000000e+00    -4.57269920e+00   
    2.62000000e+02     0.00000000e+00    -4.57279701e+00   
    2.63000000e+02     0.00000000e+00    -4.57283994e+00   
    2.64000000e+02     0.00000000e+00    -4.57292431e+00   
    2.65000000e+02     0.00000000e+00    -4.57303334e+00   
    2.66000000e+02     0.00000000e+00    -4.57310109e+00   
    2.67000000e+02     0.00000000e+00    -4.57323912e+00   
    2.68000000e+02     0.00000000e+00    -4.57335283e+00   
    2.69000000e+02     0.00000000e+00    -4.57340198e+00   
    2.70000000e+02     0.00000000e+00    -4.57355495e+00   
    2.71000000e+02     0.00000000e+00    -4.57362558e+00   
    2.72000000e+02     0.00000000e+00    -4.57370216e+00   
    2.73000000e+02     0.00000000e+00    -4.57381232e+00   
    2.74000000e+02     0.00000000e+00    -4.57395807e+00   
    2.75000000e+02     0.00000000e+00    -4.57402303e+00   
    2.76000000e+02     0.00000000e+00    -4.57409952e+00   
    2.77000000e+02     0.00000000e+00    -4.57418250e+00   
    2.78000000e+02     0.00000000e+00    -4.57424269e+00   
    2.79000000e+02     0.00000000e+00    -4.57432992e+00   
    2.80000000e+02     0.00000000e+00    -4.57437089e+00   
    2.81000000e+02     0.00000000e+00    -4.57444323e+00   
    2.82000000e+02     0.00000000e+00    -4.57457161e+00   
    2.83000000e+02     0.00000000e+00    -4.57460369e+00   
    2.84000000e+02     0.00000000e+00    -4.57461386e+00   
    2.85000000e+02     0.00000000e+00    -4.57468075e+00   
    2.86000000e+02     0.00000000e+00    -4.57474788e+00   
    2.87000000e+02     0.00000000e+00    -4.57479898e+00   
    2.88000000e+02     0.00000000e+00    -4.57483993e+00   
    2.89000000e+02     0.00000000e+00    -4.57487208e+00   
    2.90000000e+02     0.00000000e+00    -4.57489877e+00   
    2.91000000e+02     0.00000000e+00    -4.57492277e+00   
    2.92000000e+02     0.00000000e+00    -4.57496656e+00   
    2.93000000e+02     0.00000000e+00    -4.57499731e+00   
    2.94000000e+02     0.00000000e+00    -4.57505891e+00   
    2.95000000e+02     0.00000000e+00    -4.57509842e+00   
    2.96000000e+02     0.00000000e+00    -4.57514293e+00   
    2.97000000e+02     0.00000000e+00    -4.57521930e+00   
    2.98000000e+02     0.00000000e+00    -4.57529797e+00   
    2.99000000e+02     0.00000000e+00    -4.57536020e+00   
    3.00000000e+02     0.00000000e+00    -4.57542410e+00   
    3.01000000e+02     0.00000000e+00    -4.57544632e+00   
    3.02000000e+02     0.00000000e+00    -4.57548467e+00   
    3.03000000e+02     0.00000000e+00    -4.57564557e+00   
    3.04000000e+02     0.00000000e+00    -4.57568039e+00   
    3.05000000e+02     0.00000000e+00    -4.57577283e+00   
    3.06000000e+02     0.00000000e+00    -4.57588253e+00   
    3.07000000e+02     0.00000000e+00    -4.57591378e+00   
    3.08000000e+02     0.00000000e+00    -4.57595563e+00   
    3.09000000e+02     0.00000000e+00    -4.57602091e+00   
    3.10000000e+02     0.00000000e+00    -4.57606368e+00   
    3.11000000e+02     0.00000000e+00    -4.57613024e+00   
    3.12000000e+02     0.00000000e+00    -4.57618477e+00   
    3.13000000e+02     0.00000000e+00    -4.57625805e+00   
    3.14000000e+02     0.00000000e+00    -4.57633348e+00   
    3.15000000e+02     0.00000000e+00    -4.57637781e+00   
    3.16000000e+02     0.00000000e+00    -4.57645011e+00   
    3.17000000e+02     0.00000000e+00    -4.57650861e+00   
    3.18000000e+02     0.00000000e+00    -4.57655180e+00   
    3.19000000e+02     0.00000000e+00    -4.57666637e+00   
    3.20000000e+02     0.00000000e+00    -4.57672399e+00   
    3.21000000e+02     0.00000000e+00    -4.57679155e+00   
    3.22000000e+02     0.00000000e+00    -4.57688256e+00   
    3.23000000e+02     0.00000000e+00    -4.57695343e+00   
    3.24000000e+02     0.00000000e+00    -4.57703195e+00   
    3.25000000e+02     0.00000000e+00    -4.57713066e+00   
    3.26000000e+02     0.00000000e+00    -4.57723105e+00   
    3.27000000e+02     0.00000000e+00    -4.57738318e+00   
    3.28000000e+02     0.00000000e+00    -4.57757021e+00   
    3.29000000e+02     0.00000000e+00    -4.57766680e+00   
    3.30000000e+02     0.00000000e+00    -4.57778550e+00   
    3.31000000e+02     0.00000000e+00    -4.57786007e+00   
    3.32000000e+02     0.00000000e+00    -4.57796327e+00   
    3.33000000e+02     0.00000000e+00    -4.57805818e+00   
    3.34000000e+02     0.00000000e+00    -4.57815616e+00   
    3.35000000e+02     0.00000000e+00    -4.57828183e+00   
    3.36000000e+02     0.00000000e+00    -4.57836403e+00   
    3.37000000e+02     0.00000000e+00    -4.57852729e+00   
    3.38000000e+02     0.00000000e+00    -4.57867254e+00   
    3.39000000e+02     0.00000000e+00    -4.57883983e+00   
    3.40000000e+02     0.00000000e+00    -4.57892753e+00   
    3.41000000e+02     0.00000000e+00    -4.57904533e+00   
    3.42000000e+02     0.00000000e+00    -4.57940625e+00   
    3.43000000e+02     0.00000000e+00    -4.57958118e+00   
    3.44000000e+02     0.00000000e+00    -4.57977664e+00   
    3.45000000e+02     0.00000000e+00    -4.57993536e+00   
    3.46000000e+02     0.00000000e+00    -4.58000293e+00   
    3.47000000e+02     0.00000000e+00    -4.58009524e+00   
    3.48000000e+02     0.00000000e+00    -4.58035627e+00   
    3.49000000e+02     0.00000000e+00    -4.58056402e+00   
    3.50000000e+02     0.00000000e+00    -4.58068925e+00   
    3.51000000e+02     0.00000000e+00    -4.58086495e+00   
    3.52000000e+02     0.00000000e+00    -4.58096279e+00   
    3.53000000e+02     0.00000000e+00    -4.58109461e+00   
    3.54000000e+02     0.00000000e+00    -4.58122277e+00   
    3.55000000e+02     0.00000000e+00    -4.58135198e+00   
    3.56000000e+02     0.00000000e+00    -4.58141345e+00   
    3.57000000e+02     0.00000000e+00    -4.58166754e+00   
    3.58000000e+02     0.00000000e+00    -4.58179785e+00   
    3.59000000e+02     0.00000000e+00    -4.58195300e+00   
    3.60000000e+02     0.00000000e+00    -4.58213575e+00   
    3.61000000e+02     0.00000000e+00    -4.58220782e+00   
    3.62000000e+02     0.00000000e+00    -4.58231908e+00   
    3.63000000e+02     0.00000000e+00    -4.58239893e+00   
    3.64000000e+02     0.00000000e+00    -4.58251214e+00   
    3.65000000e+02     0.00000000e+00    -4.58267776e+00   
    3.66000000e+02     0.00000000e+00    -4.58288499e+00   
    3.67000000e+02     0.00000000e+00    -4.58303444e+00   
    3.68000000e+02     0.00000000e+00    -4.58318608e+00   
    3.69000000e+02     0.00000000e+00    -4.58337099e+00   
    3.70000000e+02     0.00000000e+00    -4.58366970e+00   
    3.71000000e+02     0.00000000e+00    -4.58389619e+00   
    3.72000000e+02     0.00000000e+00    -4.58400588e+00   
    3.73000000e+02     0.00000000e+00    -4.58411247e+00   
    3.74000000e+02     0.00000000e+00    -4.58433209e+00   
    3.75000000e+02     0.00000000e+00    -4.58454663e+00   
    3.76000000e+02     0.00000000e+00    -4.58478126e+00   
    3.77000000e+02     0.00000000e+00    -4.58498540e+00   
    3.78000000e+02     0.00000000e+00    -4.58524915e+00   
    3.79000000e+02     0.00000000e+00    -4.58559112e+00   
    3.80000000e+02     0.00000000e+00    -4.58588293e+00   
    3.81000000e+02     0.00000000e+00    -4.58618855e+00   
    3.82000000e+02     0.00000000e+00    -4.58648393e+00   
    3.83000000e+02     0.00000000e+00    -4.58677179e+00   
    3.84000000e+02     0.00000000e+00    -4.58701252e+00   
    3.85000000e+02     0.00000000e+00    -4.58720054e+00   
    3.86000000e+02     0.00000000e+00    -4.58735131e+00   
    3.87000000e+02     0.00000000e+00    -4.58750157e+00   
    3.88000000e+02     0.00000000e+00    -4.58769781e+00   
    3.89000000e+02     0.00000000e+00    -4.58788393e+00   
    3.90000000e+02     0.00000000e+00    -4.58807562e+00   
    3.91000000e+02     0.00000000e+00    -4.58831797e+00   
    3.92000000e+02     0.00000000e+00    -4.58870070e+00   
    3.93000000e+02     0.00000000e+00    -4.58893239e+00   
    3.94000000e+02     0.00000000e+00    -4.58910424e+00   
    3.95000000e+02     0.00000000e+00    -4.58937876e+00   
    3.96000000e+02     0.00000000e+00    -4.58944398e+00   
    3.97000000e+02     0.00000000e+00    -4.58970993e+00   
    3.98000000e+02     0.00000000e+00    -4.58984486e+00   
    3.99000000e+02     0.00000000e+00    -4.58994480e+00   
    4.00000000e+02     0.00000000e+00    -4.59009116e+00   
    4.01000000e+02     0.00000000e+00    -4.59018806e+00   
    4.02000000e+02     0.00000000e+00    -4.59043847e+00   
    4.03000000e+02     0.00000000e+00    -4.59049937e+00   
    4.04000000e+02     0.00000000e+00    -4.59061458e+00   
    4.05000000e+02     0.00000000e+00    -4.59081747e+00   
    4.06000000e+02     0.00000000e+00    -4.59098942e+00   
    4.07000000e+02     0.00000000e+00    -4.59106111e+00   
    4.08000000e+02     0.00000000e+00    -4.59113669e+00   
    4.09000000e+02     0.00000000e+00    -4.59122068e+00   
    4.10000000e+02     0.00000000e+00    -4.59131970e+00   
    4.11000000e+02     0.00000000e+00    -4.59144515e+00   
    4.12000000e+02     0.00000000e+00    -4.59152259e+00   
    4.13000000e+02     0.00000000e+00    -4.59158198e+00   
    4.14000000e+02     0.00000000e+00    -4.59164665e+00   
    4.15000000e+02     0.00000000e+00    -4.59172402e+00   
    4.16000000e+02     0.00000000e+00    -4.59181975e+00   
    4.17000000e+02     0.00000000e+00    -4.59192145e+00   
    4.18000000e+02     0.00000000e+00    -4.59198260e+00   
    4.19000000e+02     0.00000000e+00    -4.59208334e+00   
    4.20000000e+02     0.00000000e+00    -4.59213271e+00   
    4.21000000e+02     0.00000000e+00    -4.59217560e+00   
    4.22000000e+02     0.00000000e+00    -4.59223819e+00   
    4.23000000e+02     0.00000000e+00    -4.59229047e+00   
    4.24000000e+02     0.00000000e+00    -4.59236648e+00   
    4.25000000e+02     0.00000000e+00    -4.59238829e+00   
    4.26000000e+02     0.00000000e+00    -4.59243712e+00   
    4.27000000e+02     0.00000000e+00    -4.59248944e+00   
    4.28000000e+02     0.00000000e+00    -4.59252846e+00   
    4.29000000e+02     0.00000000e+00    -4.59261535e+00   
    4.30000000e+02     0.00000000e+00    -4.59269676e+00   
    4.31000000e+02     0.00000000e+00    -4.59271664e+00   
    4.32000000e+02     0.00000000e+00    -4.59275189e+00   
    4.33000000e+02     0.00000000e+00    -4.59277750e+00   
    4.34000000e+02     0.00000000e+00    -4.59281335e+00   
    4.35000000e+02     0.00000000e+00    -4.59289312e+00   
    4.36000000e+02     0.00000000e+00    -4.59292195e+00   
    4.37000000e+02     0.00000000e+00    -4.59294712e+00   
    4.38000000e+02     0.00000000e+00    -4.59297538e+00   
    4.39000000e+02     0.00000000e+00    -4.59298601e+00   
    4.40000000e+02     0.00000000e+00    -4.59302574e+00   
    4.41000000e+02     0.00000000e+00    -4.59305344e+00   
    4.42000000e+02     0.00000000e+00    -4.59307124e+00   
    4.43000000e+02     0.00000000e+00    -4.59310352e+00   
    4.44000000e+02     0.00000000e+00    -4.59312387e+00   
    4.45000000e+02     0.00000000e+00    -4.59314173e+00   
    4.46000000e+02     0.00000000e+00    -4.59314899e+00   
    4.47000000e+02     0.00000000e+00    -4.59315220e+00   
    4.48000000e+02     0.00000000e+00    -4.59318030e+00   
    4.49000000e+02     0.00000000e+00    -4.59319621e+00   
    4.50000000e+02     0.00000000e+00    -4.59323679e+00   
    4.51000000e+02     0.00000000e+00    -4.59325212e+00   
    4.52000000e+02     0.00000000e+00    -4.59325665e+00   
    4.53000000e+02     0.00000000e+00    -4.59327174e+00   
    4.54000000e+02     0.00000000e+00    -4.59328082e+00   
    4.55000000e+02     0.00000000e+00    -4.59328267e+00   
    4.56000000e+02     0.00000000e+00    -4.59328578e+00   
    4.57000000e+02     0.00000000e+00    -4.59329590e+00   
    4.58000000e+02     0.00000000e+00    -4.59330664e+00   
    4.59000000e+02     0.00000000e+00    -4.59331532e+00   
    4.60000000e+02     0.00000000e+00    -4.59332759e+00   
    4.61000000e+02     0.00000000e+00    -4.59333965e+00   
    4.62000000e+02     0.00000000e+00    -4.59334456e+00   
    4.63000000e+02     0.00000000e+00    -4.59334944e+00   
    4.64000000e+02     0.00000000e+00    -4.59335619e+00   
    4.65000000e+02     0.00000000e+00    -4.59335710e+00   
    4.66000000e+02     0.00000000e+00    -4.59337218e+00   
    4.67000000e+02     0.00000000e+00    -4.59337891e+00   
    4.68000000e+02     0.00000000e+00    -4.59338424e+00   
    4.69000000e+02     0.00000000e+00    -4.59339646e+00   
    4.70000000e+02     0.00000000e+00    -4.59341431e+00   
    4.71000000e+02     0.00000000e+00    -4.59345333e+00   
    4.72000000e+02     0.00000000e+00    -4.59346711e+00   
    4.73000000e+02     0.00000000e+00    -4.59346858e+00   
    4.74000000e+02     0.00000000e+00    -4.59347296e+00   
    4.75000000e+02     0.00000000e+00    -4.59351691e+00   
    4.76000000e+02     0.00000000e+00    -4.59352358e+00   
    4.77000000e+02     0.00000000e+00    -4.59352909e+00   
    4.78000000e+02     0.00000000e+00    -4.59354309e+00   
    4.79000000e+02     0.00000000e+00    -4.59355463e+00   
    4.80000000e+02     0.00000000e+00    -4.59355477e+00   
    4.81000000e+02     0.00000000e+00    -4.59356464e+00   
    4.82000000e+02     0.00000000e+00    -4.59356478e+00   
    4.83000000e+02     0.00000000e+00    -4.59356512e+00   
    4.84000000e+02     0.00000000e+00    -4.59356531e+00   
