# column   1     --> step : The current simulation time step.
# column   2     --> potential{electronvolt} : The physical system potential energy.
    0.00000000e+00    -1.08081112e+01   
    1.00000000e+00    -1.17050519e+01   
    2.00000000e+00    -1.19440274e+01   
    3.00000000e+00    -1.20235308e+01   
    4.00000000e+00    -1.21717614e+01   
    5.00000000e+00    -1.22024469e+01   
    6.00000000e+00    -1.22554267e+01   
    7.00000000e+00    -1.22853247e+01   
    8.00000000e+00    -1.23116045e+01   
    9.00000000e+00    -1.23324512e+01   
    1.00000000e+01    -1.23519909e+01   
    1.10000000e+01    -1.23714742e+01   
    1.20000000e+01    -1.23883307e+01   
    1.30000000e+01    -1.24036834e+01   
    1.40000000e+01    -1.24162848e+01   
    1.50000000e+01    -1.24250647e+01   
    1.60000000e+01    -1.24341970e+01   
    1.70000000e+01    -1.24432943e+01   
    1.80000000e+01    -1.24524693e+01   
    1.90000000e+01    -1.24623784e+01   
    2.00000000e+01    -1.24736251e+01   
    2.10000000e+01    -1.24853290e+01   
    2.20000000e+01    -1.24946457e+01   
    2.30000000e+01    -1.25016461e+01   
    2.40000000e+01    -1.25091853e+01   
    2.50000000e+01    -1.25164104e+01   
    2.60000000e+01    -1.25246143e+01   
    2.70000000e+01    -1.25343231e+01   
    2.80000000e+01    -1.25413483e+01   
    2.90000000e+01    -1.25459355e+01   
    3.00000000e+01    -1.25506074e+01   
    3.10000000e+01    -1.25551871e+01   
    3.20000000e+01    -1.25590731e+01   
    3.30000000e+01    -1.25616889e+01   
    3.40000000e+01    -1.25645639e+01   
    3.50000000e+01    -1.25674839e+01   
    3.60000000e+01    -1.25703980e+01   
    3.70000000e+01    -1.25727108e+01   
    3.80000000e+01    -1.25742402e+01   
    3.90000000e+01    -1.25756557e+01   
    4.00000000e+01    -1.25774154e+01   
    4.10000000e+01    -1.25797358e+01   
    4.20000000e+01    -1.25812988e+01   
    4.30000000e+01    -1.25827156e+01   
    4.40000000e+01    -1.25843795e+01   
    4.50000000e+01    -1.25863415e+01   
    4.60000000e+01    -1.25885633e+01   
    4.70000000e+01    -1.25901857e+01   
    4.80000000e+01    -1.25916734e+01   
    4.90000000e+01    -1.25933663e+01   
    5.00000000e+01    -1.25945721e+01   
    5.10000000e+01    -1.25955161e+01   
    5.20000000e+01    -1.25967020e+01   
    5.30000000e+01    -1.25980862e+01   
    5.40000000e+01    -1.25990829e+01   
    5.50000000e+01    -1.25999735e+01   
    5.60000000e+01    -1.26007932e+01   
    5.70000000e+01    -1.26024208e+01   
    5.80000000e+01    -1.26043075e+01   
    5.90000000e+01    -1.26056164e+01   
    6.00000000e+01    -1.26065010e+01   
    6.10000000e+01    -1.26072349e+01   
    6.20000000e+01    -1.26082656e+01   
    6.30000000e+01    -1.26104735e+01   
    6.40000000e+01    -1.26125386e+01   
    6.50000000e+01    -1.26132704e+01   
    6.60000000e+01    -1.26137853e+01   
    6.70000000e+01    -1.26145449e+01   
    6.80000000e+01    -1.26154706e+01   
    6.90000000e+01    -1.26169236e+01   
    7.00000000e+01    -1.26180562e+01   
    7.10000000e+01    -1.26191384e+01   
    7.20000000e+01    -1.26205093e+01   
    7.30000000e+01    -1.26217264e+01   
    7.40000000e+01    -1.26231388e+01   
    7.50000000e+01    -1.26241068e+01   
    7.60000000e+01    -1.26255547e+01   
    7.70000000e+01    -1.26265268e+01   
    7.80000000e+01    -1.26275825e+01   
    7.90000000e+01    -1.26287514e+01   
    8.00000000e+01    -1.26291679e+01   
    8.10000000e+01    -1.26298104e+01   
    8.20000000e+01    -1.26304759e+01   
    8.30000000e+01    -1.26313515e+01   
    8.40000000e+01    -1.26318763e+01   
    8.50000000e+01    -1.26324669e+01   
    8.60000000e+01    -1.26325844e+01   
    8.70000000e+01    -1.26327208e+01   
    8.80000000e+01    -1.26331104e+01   
    8.90000000e+01    -1.26335505e+01   
    9.00000000e+01    -1.26339671e+01   
    9.10000000e+01    -1.26346284e+01   
    9.20000000e+01    -1.26347838e+01   
    9.30000000e+01    -1.26351268e+01   
    9.40000000e+01    -1.26354731e+01   
    9.50000000e+01    -1.26361015e+01   
    9.60000000e+01    -1.26367194e+01   
    9.70000000e+01    -1.26379930e+01   
    9.80000000e+01    -1.26385338e+01   
    9.90000000e+01    -1.26388382e+01   
    1.00000000e+02    -1.26392328e+01   
    1.01000000e+02    -1.26411593e+01   
    1.02000000e+02    -1.26424275e+01   
    1.03000000e+02    -1.26440489e+01   
    1.04000000e+02    -1.26448230e+01   
    1.05000000e+02    -1.26455862e+01   
    1.06000000e+02    -1.26458096e+01   
    1.07000000e+02    -1.26459200e+01   
    1.08000000e+02    -1.26474521e+01   
    1.09000000e+02    -1.26474957e+01   
    1.10000000e+02    -1.26480089e+01   
    1.11000000e+02    -1.26489543e+01   
    1.12000000e+02    -1.26493555e+01   
    1.13000000e+02    -1.26503049e+01   
    1.14000000e+02    -1.26509956e+01   
    1.15000000e+02    -1.26514710e+01   
    1.16000000e+02    -1.26518812e+01   
    1.17000000e+02    -1.26518959e+01   
    1.18000000e+02    -1.26522922e+01   
    1.19000000e+02    -1.26522969e+01   
    1.20000000e+02    -1.26527603e+01   
    1.21000000e+02    -1.26531616e+01   
    1.22000000e+02    -1.26538865e+01   
    1.23000000e+02    -1.26542621e+01   
    1.24000000e+02    -1.26549463e+01   
    1.25000000e+02    -1.26555878e+01   
    1.26000000e+02    -1.26571337e+01   
    1.27000000e+02    -1.26580068e+01   
    1.28000000e+02    -1.26583483e+01   
    1.29000000e+02    -1.26588557e+01   
    1.30000000e+02    -1.26593296e+01   
    1.31000000e+02    -1.26598461e+01   
    1.32000000e+02    -1.26601066e+01   
    1.33000000e+02    -1.26602343e+01   
    1.34000000e+02    -1.26603723e+01   
    1.35000000e+02    -1.26605281e+01   
    1.36000000e+02    -1.26607141e+01   
    1.37000000e+02    -1.26608970e+01   
    1.38000000e+02    -1.26610926e+01   
    1.39000000e+02    -1.26612792e+01   
    1.40000000e+02    -1.26613131e+01   
    1.41000000e+02    -1.26613554e+01   
    1.42000000e+02    -1.26615115e+01   
    1.43000000e+02    -1.26616910e+01   
    1.44000000e+02    -1.26616911e+01   
    1.45000000e+02    -1.26617057e+01   
    1.46000000e+02    -1.26617904e+01   
    1.47000000e+02    -1.26618432e+01   
    1.48000000e+02    -1.26619796e+01   
    1.49000000e+02    -1.26620747e+01   
    1.50000000e+02    -1.26621460e+01   
    1.51000000e+02    -1.26621931e+01   
    1.52000000e+02    -1.26622833e+01   
    1.53000000e+02    -1.26623096e+01   
    1.54000000e+02    -1.26623170e+01   
    1.55000000e+02    -1.26623182e+01   
    1.56000000e+02    -1.26623218e+01   
    1.57000000e+02    -1.26623219e+01   
    1.58000000e+02    -1.26623219e+01   
    1.59000000e+02    -1.26623219e+01   
    1.60000000e+02    -1.26623219e+01   
    1.61000000e+02    -1.26623219e+01   
    1.62000000e+02    -1.26623220e+01   
    1.63000000e+02    -1.26623219e+01   
