# column   1     --> step : The current simulation time step.
# column   2     --> potential : The physical system potential energy.
    0.00000000e+00    -3.97561015e-01   
    1.00000000e+00    -4.30475099e-01   
    2.00000000e+00    -4.39246126e-01   
    3.00000000e+00    -4.42169225e-01   
    4.00000000e+00    -4.47686917e-01   
    5.00000000e+00    -4.48831407e-01   
    6.00000000e+00    -4.50747142e-01   
    7.00000000e+00    -4.51837865e-01   
    8.00000000e+00    -4.52828785e-01   
    9.00000000e+00    -4.53566297e-01   
    1.00000000e+01    -4.54283376e-01   
    1.10000000e+01    -4.54961330e-01   
    1.20000000e+01    -4.55562813e-01   
    1.30000000e+01    -4.56103980e-01   
    1.40000000e+01    -4.56546501e-01   
    1.50000000e+01    -4.56896068e-01   
    1.60000000e+01    -4.57199039e-01   
    1.70000000e+01    -4.57502750e-01   
    1.80000000e+01    -4.57824587e-01   
    1.90000000e+01    -4.58177658e-01   
    2.00000000e+01    -4.58564609e-01   
    2.10000000e+01    -4.58977874e-01   
    2.20000000e+01    -4.59317987e-01   
    2.30000000e+01    -4.59581784e-01   
    2.40000000e+01    -4.59820934e-01   
    2.50000000e+01    -4.60094086e-01   
    2.60000000e+01    -4.60428698e-01   
    2.70000000e+01    -4.60771952e-01   
    2.80000000e+01    -4.61028134e-01   
    2.90000000e+01    -4.61206563e-01   
    3.00000000e+01    -4.61362774e-01   
    3.10000000e+01    -4.61522580e-01   
    3.20000000e+01    -4.61668544e-01   
    3.30000000e+01    -4.61771640e-01   
    3.40000000e+01    -4.61855859e-01   
    3.50000000e+01    -4.61957800e-01   
    3.60000000e+01    -4.62059572e-01   
    3.70000000e+01    -4.62132784e-01   
    3.80000000e+01    -4.62188652e-01   
    3.90000000e+01    -4.62247705e-01   
    4.00000000e+01    -4.62316233e-01   
    4.10000000e+01    -4.62381166e-01   
    4.20000000e+01    -4.62441360e-01   
    4.30000000e+01    -4.62500936e-01   
    4.40000000e+01    -4.62564878e-01   
    4.50000000e+01    -4.62632323e-01   
    4.60000000e+01    -4.62690841e-01   
    4.70000000e+01    -4.62744141e-01   
    4.80000000e+01    -4.62795720e-01   
    4.90000000e+01    -4.62845260e-01   
    5.00000000e+01    -4.62886632e-01   
    5.10000000e+01    -4.62922052e-01   
    5.20000000e+01    -4.62959341e-01   
    5.30000000e+01    -4.63001157e-01   
    5.40000000e+01    -4.63040938e-01   
    5.50000000e+01    -4.63077948e-01   
    5.60000000e+01    -4.63121242e-01   
    5.70000000e+01    -4.63186496e-01   
    5.80000000e+01    -4.63260538e-01   
    5.90000000e+01    -4.63315265e-01   
    6.00000000e+01    -4.63345453e-01   
    6.10000000e+01    -4.63368514e-01   
    6.20000000e+01    -4.63404738e-01   
    6.30000000e+01    -4.63459834e-01   
    6.40000000e+01    -4.63519352e-01   
    6.50000000e+01    -4.63561984e-01   
    6.60000000e+01    -4.63592694e-01   
    6.70000000e+01    -4.63628195e-01   
    6.80000000e+01    -4.63670136e-01   
    6.90000000e+01    -4.63714878e-01   
    7.00000000e+01    -4.63759719e-01   
    7.10000000e+01    -4.63804410e-01   
    7.20000000e+01    -4.63854836e-01   
    7.30000000e+01    -4.63903618e-01   
    7.40000000e+01    -4.63948676e-01   
    7.50000000e+01    -4.63987514e-01   
    7.60000000e+01    -4.64024670e-01   
    7.70000000e+01    -4.64064464e-01   
    7.80000000e+01    -4.64100578e-01   
    7.90000000e+01    -4.64132138e-01   
    8.00000000e+01    -4.64161174e-01   
    8.10000000e+01    -4.64182910e-01   
    8.20000000e+01    -4.64197828e-01   
    8.30000000e+01    -4.64215682e-01   
    8.40000000e+01    -4.64238567e-01   
    8.50000000e+01    -4.64253730e-01   
    8.60000000e+01    -4.64272855e-01   
    8.70000000e+01    -4.64285876e-01   
    8.80000000e+01    -4.64300775e-01   
    8.90000000e+01    -4.64316139e-01   
    9.00000000e+01    -4.64333218e-01   
    9.10000000e+01    -4.64345711e-01   
    9.20000000e+01    -4.64360149e-01   
    9.30000000e+01    -4.64376184e-01   
    9.40000000e+01    -4.64390119e-01   
    9.50000000e+01    -4.64405899e-01   
    9.60000000e+01    -4.64424036e-01   
    9.70000000e+01    -4.64444829e-01   
    9.80000000e+01    -4.64464327e-01   
    9.90000000e+01    -4.64483569e-01   
    1.00000000e+02    -4.64511223e-01   
    1.01000000e+02    -4.64544698e-01   
    1.02000000e+02    -4.64570680e-01   
    1.03000000e+02    -4.64604964e-01   
    1.04000000e+02    -4.64634517e-01   
    1.05000000e+02    -4.64665700e-01   
    1.06000000e+02    -4.64682424e-01   
    1.07000000e+02    -4.64710362e-01   
    1.08000000e+02    -4.64729346e-01   
    1.09000000e+02    -4.64750462e-01   
    1.10000000e+02    -4.64774045e-01   
    1.11000000e+02    -4.64803464e-01   
    1.12000000e+02    -4.64830968e-01   
    1.13000000e+02    -4.64853489e-01   
    1.14000000e+02    -4.64871094e-01   
    1.15000000e+02    -4.64889889e-01   
    1.16000000e+02    -4.64921024e-01   
    1.17000000e+02    -4.64950081e-01   
    1.18000000e+02    -4.64976026e-01   
    1.19000000e+02    -4.64991025e-01   
    1.20000000e+02    -4.65009067e-01   
    1.21000000e+02    -4.65028018e-01   
    1.22000000e+02    -4.65053141e-01   
    1.23000000e+02    -4.65080332e-01   
    1.24000000e+02    -4.65107416e-01   
    1.25000000e+02    -4.65136574e-01   
    1.26000000e+02    -4.65164705e-01   
    1.27000000e+02    -4.65180142e-01   
    1.28000000e+02    -4.65199020e-01   
    1.29000000e+02    -4.65210341e-01   
    1.30000000e+02    -4.65224258e-01   
    1.31000000e+02    -4.65235264e-01   
    1.32000000e+02    -4.65244618e-01   
    1.33000000e+02    -4.65250835e-01   
    1.34000000e+02    -4.65256531e-01   
    1.35000000e+02    -4.65262910e-01   
    1.36000000e+02    -4.65269964e-01   
    1.37000000e+02    -4.65276496e-01   
    1.38000000e+02    -4.65282967e-01   
    1.39000000e+02    -4.65290976e-01   
    1.40000000e+02    -4.65299963e-01   
    1.41000000e+02    -4.65307523e-01   
    1.42000000e+02    -4.65314747e-01   
    1.43000000e+02    -4.65321018e-01   
    1.44000000e+02    -4.65327787e-01   
    1.45000000e+02    -4.65332961e-01   
    1.46000000e+02    -4.65337305e-01   
    1.47000000e+02    -4.65341547e-01   
    1.48000000e+02    -4.65345501e-01   
    1.49000000e+02    -4.65349582e-01   
    1.50000000e+02    -4.65352031e-01   
    1.51000000e+02    -4.65353950e-01   
    1.52000000e+02    -4.65355758e-01   
    1.53000000e+02    -4.65358234e-01   
    1.54000000e+02    -4.65361028e-01   
    1.55000000e+02    -4.65363222e-01   
    1.56000000e+02    -4.65365833e-01   
    1.57000000e+02    -4.65368502e-01   
    1.58000000e+02    -4.65370946e-01   
    1.59000000e+02    -4.65373463e-01   
    1.60000000e+02    -4.65376387e-01   
    1.61000000e+02    -4.65380063e-01   
    1.62000000e+02    -4.65380498e-01   
    1.63000000e+02    -4.65380998e-01   
    1.64000000e+02    -4.65381317e-01   
    1.65000000e+02    -4.65381802e-01   
    1.66000000e+02    -4.65383630e-01   
    1.67000000e+02    -4.65383970e-01   
    1.68000000e+02    -4.65384740e-01   
    1.69000000e+02    -4.65386068e-01   
    1.70000000e+02    -4.65387295e-01   
    1.71000000e+02    -4.65388927e-01   
    1.72000000e+02    -4.65389285e-01   
    1.73000000e+02    -4.65389894e-01   
    1.74000000e+02    -4.65391282e-01   
    1.75000000e+02    -4.65393860e-01   
    1.76000000e+02    -4.65396378e-01   
    1.77000000e+02    -4.65398516e-01   
    1.78000000e+02    -4.65400100e-01   
    1.79000000e+02    -4.65401695e-01   
    1.80000000e+02    -4.65403369e-01   
    1.81000000e+02    -4.65405046e-01   
    1.82000000e+02    -4.65406360e-01   
    1.83000000e+02    -4.65407607e-01   
    1.84000000e+02    -4.65408645e-01   
    1.85000000e+02    -4.65410646e-01   
    1.86000000e+02    -4.65412913e-01   
    1.87000000e+02    -4.65414515e-01   
    1.88000000e+02    -4.65415630e-01   
    1.89000000e+02    -4.65416266e-01   
    1.90000000e+02    -4.65416694e-01   
    1.91000000e+02    -4.65417366e-01   
    1.92000000e+02    -4.65419873e-01   
    1.93000000e+02    -4.65420991e-01   
    1.94000000e+02    -4.65422653e-01   
    1.95000000e+02    -4.65422996e-01   
    1.96000000e+02    -4.65423720e-01   
    1.97000000e+02    -4.65424106e-01   
    1.98000000e+02    -4.65424789e-01   
    1.99000000e+02    -4.65425108e-01   
    2.00000000e+02    -4.65425373e-01   
    2.01000000e+02    -4.65425579e-01   
    2.02000000e+02    -4.65425756e-01   
    2.03000000e+02    -4.65425915e-01   
    2.04000000e+02    -4.65426015e-01   
    2.05000000e+02    -4.65426084e-01   
    2.06000000e+02    -4.65426171e-01   
    2.07000000e+02    -4.65426284e-01   
    2.08000000e+02    -4.65426435e-01   
    2.09000000e+02    -4.65426552e-01   
    2.10000000e+02    -4.65426630e-01   
    2.11000000e+02    -4.65426690e-01   
    2.12000000e+02    -4.65426753e-01   
    2.13000000e+02    -4.65426836e-01   
    2.14000000e+02    -4.65426910e-01   
    2.15000000e+02    -4.65426956e-01   
    2.16000000e+02    -4.65426998e-01   
    2.17000000e+02    -4.65427062e-01   
    2.18000000e+02    -4.65427124e-01   
    2.19000000e+02    -4.65427229e-01   
    2.20000000e+02    -4.65427363e-01   
    2.21000000e+02    -4.65427546e-01   
    2.22000000e+02    -4.65427777e-01   
    2.23000000e+02    -4.65428001e-01   
    2.24000000e+02    -4.65428160e-01   
    2.25000000e+02    -4.65428274e-01   
    2.26000000e+02    -4.65428385e-01   
    2.27000000e+02    -4.65428470e-01   
    2.28000000e+02    -4.65428536e-01   
    2.29000000e+02    -4.65428578e-01   
    2.30000000e+02    -4.65428617e-01   
    2.31000000e+02    -4.65428652e-01   
    2.32000000e+02    -4.65428673e-01   
    2.33000000e+02    -4.65428681e-01   
    2.34000000e+02    -4.65428692e-01   
    2.35000000e+02    -4.65428702e-01   
    2.36000000e+02    -4.65428704e-01   
    2.37000000e+02    -4.65428719e-01   
    2.38000000e+02    -4.65428726e-01   
    2.39000000e+02    -4.65428727e-01   
    2.40000000e+02    -4.65428730e-01   
    2.41000000e+02    -4.65428732e-01   
    2.42000000e+02    -4.65428733e-01   
    2.43000000e+02    -4.65428745e-01   
    2.44000000e+02    -4.65428737e-01   
    2.45000000e+02    -4.65428740e-01   
    2.46000000e+02    -4.65428753e-01   
    2.47000000e+02    -4.65428758e-01   
    2.48000000e+02    -4.65428752e-01   
    2.49000000e+02    -4.65428757e-01   
    2.50000000e+02    -4.65428762e-01   
    2.51000000e+02    -4.65428771e-01   
    2.52000000e+02    -4.65428765e-01   
    2.53000000e+02    -4.65428768e-01   
    2.54000000e+02    -4.65428764e-01   
    2.55000000e+02    -4.65428767e-01   
    2.56000000e+02    -4.65428770e-01   
    2.57000000e+02    -4.65428771e-01   
    2.58000000e+02    -4.65428772e-01   
    2.59000000e+02    -4.65428772e-01   
    2.60000000e+02    -4.65428769e-01   
    2.61000000e+02    -4.65428762e-01   
    2.62000000e+02    -4.65428763e-01   
    2.63000000e+02    -4.65428768e-01   
    2.64000000e+02    -4.65428768e-01   
    2.65000000e+02    -4.65428771e-01   
    2.66000000e+02    -4.65428776e-01   
    2.67000000e+02    -4.65428769e-01   
    2.68000000e+02    -4.65428771e-01   
    2.69000000e+02    -4.65428768e-01   
    2.70000000e+02    -4.65428771e-01   
    2.71000000e+02    -4.65428773e-01   
    2.72000000e+02    -4.65428781e-01   
    2.73000000e+02    -4.65428782e-01   
    2.74000000e+02    -4.65428782e-01   
    2.75000000e+02    -4.65428779e-01   
    2.76000000e+02    -4.65428783e-01   
    2.77000000e+02    -4.65428776e-01   
    2.78000000e+02    -4.65428783e-01   
    2.79000000e+02    -4.65428785e-01   
    2.80000000e+02    -4.65428778e-01   
    2.81000000e+02    -4.65428784e-01   
    2.82000000e+02    -4.65428777e-01   
    2.83000000e+02    -4.65428776e-01   
    2.84000000e+02    -4.65428781e-01   
    2.85000000e+02    -4.65428786e-01   
    2.86000000e+02    -4.65428781e-01   
    2.87000000e+02    -4.65428774e-01   
    2.88000000e+02    -4.65428776e-01   
    2.89000000e+02    -4.65428777e-01   
    2.90000000e+02    -4.65428783e-01   
    2.91000000e+02    -4.65428777e-01   
    2.92000000e+02    -4.65428782e-01   
    2.93000000e+02    -4.65428782e-01   
    2.94000000e+02    -4.65428778e-01   
    2.95000000e+02    -4.65428785e-01   
    2.96000000e+02    -4.65428788e-01   
    2.97000000e+02    -4.65428775e-01   
    2.98000000e+02    -4.65428784e-01   
    2.99000000e+02    -4.65428778e-01   
    3.00000000e+02    -4.65428781e-01   
    3.01000000e+02    -4.65428783e-01   
    3.02000000e+02    -4.65428776e-01   
    3.03000000e+02    -4.65428782e-01   
    3.04000000e+02    -4.65428783e-01   
    3.05000000e+02    -4.65428786e-01   
    3.06000000e+02    -4.65428777e-01   
    3.07000000e+02    -4.65428777e-01   
    3.08000000e+02    -4.65428782e-01   
    3.09000000e+02    -4.65428772e-01   
    3.10000000e+02    -4.65428777e-01   
    3.11000000e+02    -4.65428778e-01   
    3.12000000e+02    -4.65428780e-01   
    3.13000000e+02    -4.65428783e-01   
    3.14000000e+02    -4.65428776e-01   
    3.15000000e+02    -4.65428776e-01   
    3.16000000e+02    -4.65428777e-01   
    3.17000000e+02    -4.65428772e-01   
    3.18000000e+02    -4.65428776e-01   
    3.19000000e+02    -4.65428783e-01   
    3.20000000e+02    -4.65428775e-01   
    3.21000000e+02    -4.65428778e-01   
    3.22000000e+02    -4.65428781e-01   
    3.23000000e+02    -4.65428780e-01   
    3.24000000e+02    -4.65428785e-01   
    3.25000000e+02    -4.65428775e-01   
    3.26000000e+02    -4.65428776e-01   
    3.27000000e+02    -4.65428779e-01   
    3.28000000e+02    -4.65428782e-01   
    3.29000000e+02    -4.65428776e-01   
    3.30000000e+02    -4.65428780e-01   
    3.31000000e+02    -4.65428780e-01   
    3.32000000e+02    -4.65428781e-01   
    3.33000000e+02    -4.65428775e-01   
    3.34000000e+02    -4.65428779e-01   
    3.35000000e+02    -4.65428779e-01   
    3.36000000e+02    -4.65428782e-01   
    3.37000000e+02    -4.65428781e-01   
    3.38000000e+02    -4.65428785e-01   
    3.39000000e+02    -4.65428781e-01   
    3.40000000e+02    -4.65428775e-01   
    3.41000000e+02    -4.65428782e-01   
    3.42000000e+02    -4.65428784e-01   
    3.43000000e+02    -4.65428774e-01   
    3.44000000e+02    -4.65428776e-01   
    3.45000000e+02    -4.65428777e-01   
    3.46000000e+02    -4.65428779e-01   
    3.47000000e+02    -4.65428785e-01   
    3.48000000e+02    -4.65428777e-01   
    3.49000000e+02    -4.65428775e-01   
    3.50000000e+02    -4.65428776e-01   
    3.51000000e+02    -4.65428777e-01   
