0.0491427260743
0.0181991768794
0.016517505814
0.0102615868466
0.00934732735188
0.00715462997116
0.00987927996614
0.00700032099119
0.00665317728256
0.00471742062497
0.00603988391552
0.00509350785982
0.00508065541197
0.00386209370908
0.00401892626727
0.00332913513652
0.00371292938182
0.00383380808674
0.00442415504062
0.00402609257216
0.00422170863971
0.00429010560567
0.00291552520962
0.00248690881079
0.00316317891054
0.00407978084007
0.00321763532215
0.00221699363742
0.00221975569465
0.0024835549907
0.00254977379173
0.00190706304727
0.00193931922288
0.00173923171572
0.00201454873123
0.00182894277956
0.00129215339171
0.00140902246326
0.00151521888396
0.00155719675248
0.00144938863637
0.00143733147656
0.00131129549524
0.00179610746633
0.00159606059455
0.0012654576933
0.00134981025915
0.00137106157683
0.0012130002055
0.00131580467859
0.0011585254456
0.00112529840629
0.00111731722005
0.00101666285129
0.00106887953202
0.00155687634805
0.00201266562133
0.00173092247393
0.00101692203169
0.00070972858349
0.000795451803714
0.00118156110002
0.00134310197735
0.00128137001726
0.000938118821286
0.000934128756288
0.000946107352732
0.0011548895532
0.00126866428982
0.00112998660596
0.00162224464259
0.0015722864385
0.00108340865392
0.000913326681767
0.00101587219791
0.00102838499232
0.000897107671237
0.000882473859312
0.000966729727935
0.000911819059103
0.000673535735476
0.000702957738242
0.000553918127183
0.000681691477695
0.000533184851397
0.00061023206429
0.000575304880595
0.000573433517068
0.000705109543422
0.000654295475975
0.000615843492708
0.000546157950356
0.000557452932234
0.000509394587736
0.000859954023489
0.00105850105508
0.000904221425933
0.000572805083417
0.000614837012907
0.000758545843896
0.000985246590519
0.00125670691227
0.000954655906843
0.000619871077167
0.000743655455223
0.000763732482421
0.000786875041123
0.000607184663852
0.000859509074602
0.000956638425388
0.000776505217704
0.000767958295927
0.000659645881074
0.000658159026784
0.000634543623635
0.000653007046447
0.000662821962144
0.000656424485243
0.000645040130142
0.000613604560414
0.000711838608723
0.00085028517087
0.000851927593913
0.000851738654908
0.000935746547766
0.00075082461701
0.000836809527582
0.000692609895481
0.000375992876856
0.000517487693053
0.000493431320891
0.000398987012723
0.000375536185642
0.000370587149638
0.000417513702313
0.000321189224945
0.000364296736069
0.000408972600496
0.000494489400624
0.000449654248013
0.000371581371525
0.000365057892885
0.000362551549004
0.000406562212653
0.000328282611305
0.000356754790256
0.000443509347074
0.000406737682963
0.000232382847556
0.00016910956862
0.000186065168377
0.000239505750399
0.00027510939165
0.000242003315274
0.000229151372361
0.000266246729549
0.000244807180214
0.000227617911239
0.000272929241501
0.000321972466225
0.000310619612378
0.000292402855172
0.000278613079939
0.000184484578101
0.000202781505581
0.000176424255952
0.000156978585763
0.000126473778192
0.000186930005059
0.000224166304688
0.000212238853433
0.00020417551914
0.000211657347546
0.000230717926322
0.000239932494094
0.000237427651449
0.000183965632795
0.000170156533259
0.000179452007962
0.000176508024399
0.0001813378218
0.000168543430786
0.00015539779278
0.000183020609962
0.000158242302957
0.00013756939226
0.00016680927611
0.00015881335408
0.000164560317776
0.000134315955805
0.000135546418321
0.00013555906081
0.000168137876636
0.000153157193432
0.000123530159406
9.98771195241e-05
0.000106319111891
0.000105484592641
7.91305504365e-05
5.68022580069e-05
7.96356818672e-05
6.78737524537e-05
5.34935473722e-05
4.02828652773e-05
3.52638962421e-05
4.76614757403e-05
6.03980726331e-05
6.41356060871e-05
4.42688250162e-05
4.11362409577e-05
3.40169067108e-05
3.75357216479e-05
3.43274196298e-05
3.42096655722e-05
3.13414824898e-05
3.7244067271e-05
3.77005770365e-05
3.75004133279e-05
4.72440217632e-05
5.63150244759e-05
7.20877917975e-05
7.19053834182e-05
5.17580389374e-05
5.1859601316e-05
4.26002768453e-05
3.99716630627e-05
3.71981358995e-05
2.89488932774e-05
3.16832404797e-05
2.81740684522e-05
2.61618945203e-05
1.80417304441e-05
1.67913622974e-05
1.71720901978e-05
2.54523402793e-05
2.35868125925e-05
1.14235612328e-05
9.12291288488e-06
8.73217632521e-06
9.7814893867e-06
9.33588807475e-06
7.50120198501e-06
1.1114881571e-05
1.11189044113e-05
1.19636846445e-05
1.35914412954e-05
9.24618620891e-06
9.19681422182e-06
6.4688423492e-06
4.86094929438e-06
5.50391596389e-06
5.50015011544e-06
5.13979566106e-06
5.09700944552e-06
5.67565865819e-06
5.72028934716e-06
5.92682874176e-06
5.73287989811e-06
3.7075668729e-06
3.63005323877e-06
3.58860334654e-06
3.28963984482e-06
4.12158363955e-06
4.14093089586e-06
7.31818318458e-06
7.87303316593e-06
7.84114888499e-06
4.66413220483e-06
4.58552585416e-06
4.38059454898e-06
3.66502341384e-06
5.40940191185e-06
4.50919353163e-06
4.47439098167e-06
4.44386292408e-06
4.06941853009e-06
4.06872328183e-06
4.05825959126e-06
3.96886300794e-06
3.92930448202e-06
3.60136800286e-06
3.61629982544e-06
3.62437674592e-06
3.64540714492e-06
1.99524314633e-06
1.96147181435e-06
1.92864014265e-06
1.79498624672e-06
2.40391720596e-06
2.84164516272e-06
2.81501690539e-06
2.11696193464e-06
2.09379835787e-06
2.07075182616e-06
1.84678037324e-06
2.12316655754e-06
2.15046217163e-06
2.44531701205e-06
2.44870160703e-06
2.77339036241e-06
2.68101771278e-06
2.65617159503e-06
2.41008850141e-06
2.37993250404e-06
2.26119204677e-06
2.24758553355e-06
2.21299257458e-06
2.20002007679e-06
2.18751582197e-06
2.15239023305e-06
2.29341996797e-06
2.32155084432e-06
1.88959126996e-06
1.8451299848e-06
1.80298713099e-06
1.76317508621e-06
1.72551682129e-06
1.71873658063e-06
1.70791668585e-06
1.70251024161e-06
1.80699024163e-06
1.79870225917e-06
1.7970876494e-06
1.92479185159e-06
1.92287289519e-06
1.89163157844e-06
1.73775800518e-06
1.73638513214e-06
1.73296411766e-06
1.72771863335e-06
1.65977019452e-06
1.65093658465e-06
1.64224600148e-06
1.2958087117e-06
1.05152360622e-06
1.09206306752e-06
1.08856526561e-06
1.08497743313e-06
1.08153204263e-06
1.07802930134e-06
1.07445981456e-06
1.07099948412e-06
1.0674796013e-06
1.09631575617e-06
1.09624168678e-06
1.09189107947e-06
1.12776454017e-06
1.12381814404e-06
1.11925488919e-06
1.06921492518e-06
9.43064702846e-07
9.09280842834e-07
