0.000411426049263
0.000109637843018
3.65387321581e-05
6.89711547692e-05
1.43061281167e-05
2.39466778128e-05
1.36340381006e-05
1.23865049579e-05
9.21889682405e-06
8.96348496028e-06
8.47442347388e-06
7.51854449837e-06
6.76458517838e-06
5.53151753968e-06
4.36958781952e-06
3.78712821557e-06
3.79639008456e-06
4.02296438807e-06
4.41339039831e-06
4.8368870792e-06
5.16581379765e-06
4.25140484449e-06
3.29746549316e-06
2.98937633118e-06
3.41439533473e-06
4.18265303688e-06
4.29067221042e-06
3.20227644559e-06
2.23036859767e-06
1.95263763926e-06
1.99756616659e-06
1.82455522934e-06
1.28870596501e-06
1.05273733544e-06
1.27425510037e-06
1.27214645088e-06
9.1515280317e-07
6.98353948198e-07
7.38160285532e-07
8.56598912269e-07
8.11660068756e-07
7.52426821507e-07
7.44697966092e-07
7.99285507714e-07
8.43062798919e-07
7.31470941201e-07
6.66245222732e-07
6.44739952716e-07
6.19249982644e-07
5.1715298628e-07
4.42747181292e-07
4.66112533718e-07
5.2269640562e-07
4.97267705817e-07
4.62619716361e-07
5.41184325037e-07
8.15669417657e-07
9.25522003797e-07
6.84086364709e-07
3.77359170874e-07
2.88259121023e-07
4.52793219738e-07
6.88708514653e-07
7.43978118172e-07
5.32890077614e-07
3.83874362853e-07
4.43766173577e-07
5.24268497467e-07
5.59265823525e-07
5.60516648028e-07
5.58636923956e-07
6.30319529523e-07
6.09776169129e-07
5.63232896857e-07
4.85466327488e-07
4.64459438178e-07
4.97420529205e-07
4.51419602279e-07
3.94500617077e-07
3.62952149476e-07
2.71707425978e-07
1.86475469003e-07
2.23171516895e-07
2.86065565682e-07
1.89530643459e-07
2.39068299373e-07
1.62762084064e-07
1.86236326057e-07
1.92045353612e-07
2.13485021038e-07
1.56164136676e-07
1.80477058843e-07
2.00440499521e-07
1.74191757522e-07
1.97239825192e-07
2.2672038705e-07
2.59906708805e-07
2.43723290984e-07
2.40530685634e-07
3.45672451457e-07
4.18443715398e-07
3.24766993108e-07
4.28558505444e-07
3.69411899238e-07
3.8978072282e-07
2.0905734248e-07
3.49222849985e-07
2.37294773594e-07
2.63955604578e-07
2.94787109796e-07
3.67737490963e-07
3.43797729389e-07
2.8151500421e-07
2.20059406815e-07
2.34939741785e-07
3.89183748676e-07
3.63210356638e-07
3.2431820717e-07
1.87483231946e-07
2.25521767216e-07
2.3689671432e-07
3.14030833765e-07
3.39890075592e-07
3.38552677409e-07
3.64474782595e-07
3.5164073489e-07
1.92960010924e-07
2.35969304977e-07
1.41520523599e-07
1.73957121778e-07
1.37574017116e-07
1.16930258361e-07
7.77034305594e-08
7.1210152456e-08
7.9730208536e-08
8.81742090994e-08
8.16503880202e-08
8.08922700962e-08
1.00112184107e-07
1.12330748434e-07
9.44982338255e-08
9.03004700667e-08
7.83952386292e-08
8.46062538883e-08
6.46852313289e-08
5.42968969099e-08
5.3026663116e-08
4.94170213021e-08
5.10118832023e-08
3.06149721033e-08
2.39884651303e-08
2.26006349358e-08
3.09457691625e-08
3.49351984036e-08
2.74197184534e-08
3.26390129826e-08
3.33605610206e-08
3.05556485058e-08
3.14548981445e-08
3.65502136251e-08
4.59540248327e-08
5.43011676041e-09
6.25683608535e-09
3.98334594892e-09
6.06341566053e-09
2.28449336614e-08
4.25332307777e-09
9.62156172166e-09
1.66110109223e-08
1.5329350532e-08
2.04024861311e-08
4.4706482627e-09
7.61461384571e-09
1.7348752511e-08
3.22339344022e-08
3.14656199984e-08
2.67270929777e-08
1.98030819173e-08
1.99345335579e-08
2.09219682218e-08
2.09698350996e-08
1.64188149465e-08
1.55895244991e-08
1.29828383939e-08
2.5012113182e-08
2.8330471679e-08
2.00208423951e-08
1.39418190777e-08
7.95442737442e-09
5.34726580861e-09
8.39773909092e-09
3.13407806145e-08
1.39784631169e-08
2.07744799516e-08
4.28895858898e-09
9.04183621378e-09
4.82522011722e-09
8.54492267638e-09
3.98603658969e-09
3.3089816838e-09
2.57212538837e-09
2.21690810084e-09
1.98159197454e-09
1.25170769721e-09
8.70200222297e-10
1.08325418982e-09
1.40612510108e-09
1.89638197853e-09
1.45577122856e-09
9.77246966682e-10
7.46412649744e-10
7.91288129465e-10
1.03267329896e-09
9.34818041726e-10
5.72188089965e-10
5.27874165906e-10
7.97797937435e-10
7.67302274496e-10
1.3142427438e-09
1.68108473947e-09
2.2822662385e-09
2.88969585968e-09
2.80002847575e-09
1.99088543013e-09
1.42406846385e-09
1.39063215943e-09
1.06172831429e-09
8.2366198792e-10
5.19814603861e-10
4.92725132917e-10
4.29199057544e-10
2.72806226914e-10
9.79767801612e-11
1.37684298684e-10
1.2091311008e-10
2.51948024943e-11
1.94787219687e-10
8.27514896884e-11
9.79887559982e-12
4.07991147811e-11
2.31477732815e-11
8.86944406808e-12
1.52766933131e-10
1.01517779599e-10
3.91027009383e-11
1.63885113813e-10
6.33814063733e-11
7.36522225153e-11
5.74889615079e-11
6.64607570366e-11
1.05273234574e-10
7.48881255619e-11
3.91931341548e-11
4.46054103376e-11
3.76686390413e-11
3.95441047962e-11
2.71646385941e-12
1.7913701772e-11
4.91043594675e-12
4.30022531472e-11
9.06898015018e-11
2.29693535025e-11
6.036823888e-11
6.29230903493e-12
4.05975662809e-11
6.45000795829e-11
9.2840193866e-11
3.27990502813e-11
3.75660197394e-11
2.77724350461e-11
3.05494442243e-11
1.02401997992e-10
6.14742146077e-12
2.88880933064e-12
3.27696328406e-11
4.07871313113e-11
8.58472605503e-11
8.81139619602e-11
2.56101959084e-11
8.8438588397e-11
7.45211288511e-11
8.17173745338e-11
1.08085249084e-11
5.20372314683e-11
6.63121814404e-11
5.98483769487e-11
8.19047239753e-11
2.46350460864e-11
7.6463148313e-12
7.15923001438e-11
6.97849791842e-11
5.74129611908e-11
4.54421500429e-12
4.6650353025e-11
8.27786332536e-11
3.6226492639e-11
1.64611320408e-10
1.18277868055e-10
8.07400521441e-11
3.66356063541e-11
3.33967645205e-11
9.31179397479e-11
7.24559426346e-11
1.52667697928e-11
3.34707539462e-11
1.13419557773e-10
1.12514893236e-11
5.07229452884e-11
1.15254904232e-10
6.08832012583e-11
6.09171948995e-12
3.24148569097e-11
3.13213517622e-11
8.51578606242e-11
2.55410137484e-12
1.54895471449e-11
5.71681500749e-11
4.8680819098e-11
8.41975246468e-11
9.48707820636e-11
2.57459928377e-11
4.23394090621e-11
7.58140841772e-12
5.51055104325e-11
1.25551839064e-10
1.73171456341e-11
4.16428128092e-11
3.08490746836e-11
6.83596304563e-11
4.09081574171e-11
9.66744115316e-12
1.41432074385e-12
6.59385629431e-11
4.42894609876e-11
2.62334390322e-12
3.80855111337e-11
9.18680756468e-12
4.83590896494e-11
5.35239061406e-11
6.80755403437e-11
8.50851548939e-11
2.00353560131e-11
1.27158209656e-10
2.29188411305e-11
2.36788449959e-11
2.46474902987e-11
6.58117657593e-11
1.0047488605e-10
1.78405991369e-11
5.17425199908e-12
1.51962983863e-11
5.15487069697e-11
