0.318079269781
0.152136340886
0.0279261422423
0.0490481498399
0.0126358826483
0.0235607787616
0.0199416000363
0.0230534025854
0.0186293684593
0.0131932134936
0.0112111710769
0.00964764250316
0.00965882390865
0.00927722563157
0.00847932510627
0.00780264163767
0.0084668480575
0.010376856771
0.0119621943881
0.0102505059226
0.0087999888062
0.00822232553881
0.0074246088053
0.00690499211062
0.00673492071635
0.00651416516384
0.00651619909482
0.00765495329628
0.00821023320526
0.00885560075725
0.00779574311096
0.00589873714169
0.00532989119782
0.00408573850088
0.00384899296811
0.00350677528514
0.00389502789108
0.00359150105491
0.00327331291971
0.00297508986629
0.0031196321564
0.00339781935962
0.0033008178052
0.00304292407951
0.0029764303579
0.00326841476964
0.00317698306583
0.00285240650764
0.00262250237628
0.00278292904249
0.00273841314941
0.00253504801405
0.00231855904577
0.002517840064
0.00281645891525
0.0029646650777
0.00287656444494
0.00239400290304
0.00330228403071
0.00322203478655
0.00237279978972
0.00243351769629
0.00217612365662
0.00235991149451
0.0031085800115
0.00286206251332
0.00252340258922
0.0023319766918
0.00252887260367
0.00283545915721
0.0028002242181
0.0026023814105
0.00262237578203
0.00281192751514
0.00270974340685
0.0024653512192
0.00234536618967
0.00240436111079
0.0023502727825
0.00225800240773
0.00229572126109
0.00359776855338
0.00179410904292
0.00263435652193
0.00129303079839
0.00158419234105
0.00142765868187
0.00160808432732
0.00149937810305
0.00147874578853
0.00148025292019
0.00156452420117
0.0015230726665
0.00147719098655
0.00146844577809
0.00149860953153
0.00163896638239
0.00181050883793
0.00183683537654
0.00194864745041
0.00219229897609
0.00380128768713
0.00405163252705
0.00219029639841
0.00280446721579
0.00132625200876
0.00192534793676
0.00170280170717
0.00184363243391
0.00174146883806
0.00185172686966
0.00189983329296
0.00279737888657
0.00232692129156
0.00155767351945
0.00221556518849
0.00163499235001
0.00193535856983
0.00181641370081
0.00175473049904
0.00169333139246
0.00171450788682
0.00175179371439
0.00189424201916
0.00184005278231
0.00236084680307
0.00300778374229
0.00288420514592
0.00133827925934
0.00201100743856
0.00086969950395
0.00122622408797
0.00100093841181
0.00100454252764
0.000911825149819
0.000960660236368
0.000986072867622
0.00100487386548
0.000994591402479
0.00104106924532
0.00111541357868
0.00107409450584
0.000972440860378
0.00092414584362
0.000966099329593
0.000921163484925
0.000747198215661
0.000702709691705
0.000734247004656
0.000732794302095
0.000670066476713
0.000449279899253
0.000553790639881
0.00059825259034
0.000612014424243
0.000602316712348
0.000554722068351
0.00062096469941
0.000649424782931
0.000629540328379
0.000576249190517
0.000278084144056
7.82254469269e-05
0.00120427401059
0.00021970706278
0.000704352855513
0.000333370754083
0.000442930396604
0.000378821723112
0.000458274679205
0.000458633376212
0.000266426482123
0.000817798986475
0.000394233126887
0.000668894209531
0.000539555206943
0.000618352955776
0.000529739998079
0.000511050209714
0.000477295654872
0.000465864080778
0.00045590087857
0.000468680403991
0.000434242067514
0.000400800735278
0.000390694202702
0.000372495983857
0.000397034169321
0.000390522898077
0.000360633652245
0.000355181465382
0.00033005873184
0.000333831679688
0.000325227751134
0.000325480107481
0.000344002197743
0.000281031565209
0.000238557592167
0.000223060124101
0.000210181066217
0.000192376197019
0.000164116980011
0.000145858896611
0.000146539529421
0.00012731479815
0.000112618241447
0.000115348599497
0.000103902859427
0.000119443650701
0.00013221921885
0.000105364735838
9.35997361067e-05
8.93760546166e-05
9.28947288014e-05
9.52260444598e-05
8.94977004009e-05
9.11752808666e-05
9.83946001764e-05
0.000109228124081
0.000122044108444
0.000132055615543
0.000140718521406
0.000161147230099
0.000163584597359
0.000138607338911
0.000120909617198
0.000113560159094
9.90774225145e-05
8.0143661907e-05
7.09007143585e-05
6.85153336191e-05
6.65986183147e-05
5.1475688572e-05
4.18553380644e-05
3.93428424545e-05
3.79347380056e-05
3.81914915101e-05
2.98415303554e-05
2.40417087057e-05
6.75366445082e-06
3.63349241137e-05
1.39039320623e-05
2.77931537766e-05
7.28082337774e-08
1.96053670397e-05
2.32597477292e-05
1.99898120686e-05
1.3614591883e-07
2.08496707337e-05
1.89308637771e-05
1.69564671704e-05
1.63264214324e-07
1.49786058061e-05
2.1137861996e-07
1.3997207581e-05
1.34125091666e-05
1.52726848861e-06
2.24856535495e-05
7.74181929894e-06
2.77018869276e-07
1.47783084088e-07
1.46570852097e-05
8.10092508297e-06
7.30287681603e-08
1.20343562547e-05
9.90533796364e-06
1.21585026837e-07
1.20681012246e-05
2.28637095056e-07
1.35213878541e-05
1.19275467255e-05
1.03293510288e-05
9.88504209153e-06
1.1522749265e-07
1.01373242103e-07
2.85993390869e-06
1.72183989489e-07
2.42528766524e-06
1.77850077465e-06
4.72933815003e-07
1.79389371855e-05
2.51756810982e-07
2.35512507697e-07
2.21559309001e-06
1.24324523464e-05
5.10051085587e-07
4.67513878771e-07
4.2960956658e-06
6.5266027724e-06
4.32147960616e-06
1.45368134904e-07
5.33870520565e-06
5.2480570341e-07
4.83016606469e-07
4.45155381401e-06
5.03158419401e-06
4.41602568662e-07
3.97661521844e-06
5.22767181596e-08
5.19196237441e-06
4.8734956683e-07
9.50514849606e-08
9.3933752987e-07
1.09623894313e-07
1.08316093238e-06
1.11867073606e-07
2.93734951287e-07
1.0791902393e-07
1.06629172987e-07
1.05604307815e-05
1.55995853556e-06
3.86927419457e-06
7.61490294481e-06
2.63972720771e-07
2.42728559974e-07
2.24243540893e-07
2.07422533253e-07
1.9241851018e-06
7.36072427371e-07
1.50485157537e-07
9.77864921571e-06
2.30424807009e-07
3.75898783084e-08
2.10408887119e-06
7.03225544622e-08
1.18641296923e-06
8.75285241515e-06
2.31722863831e-07
2.17517316844e-07
2.05066574086e-07
1.93955007635e-06
7.0538166884e-08
6.97223650231e-08
6.89404669859e-06
2.59359764636e-06
3.90826271977e-06
2.98788471854e-08
2.99803892641e-08
2.93488895117e-08
2.94597641681e-08
2.90886849222e-08
2.88711174917e-08
2.85662458569e-08
2.82479548227e-06
3.61868200563e-08
3.58161209458e-07
5.86437974711e-06
1.45239348909e-07
1.33130067139e-07
1.22993458275e-06
4.14984917649e-06
2.19202497211e-07
