filename="pos" stride="1"> positions
0.0908438562263
0.0711346527131
0.0213659883981
0.072715387953
0.0165172705892
0.0292793255203
0.0260491159757
0.0290898937924
0.0162139210146
0.0187715797995
0.0180718214394
0.019993165866
0.0224151430183
0.0215160270953
0.0186704316898
0.0159949128678
0.015930053556
0.0174695956081
0.0191514055565
0.0208165877868
0.0219135314591
0.0182160691976
0.0148996240626
0.0144600389958
0.0182213143259
0.0256418808455
0.0288487856766
0.0216525543237
0.0125710787359
0.010613591491
0.0112419438174
0.0155263957935
0.0151223225576
0.0126786298483
0.0144117379893
0.0120359045469
0.00812143802107
0.00586874266791
0.00636832640375
0.0100274295844
0.0125575014165
0.0123354437906
0.011661725628
0.011912852676
0.0110674301534
0.0107419830249
0.0103334327111
0.010723479509
0.0106095481626
0.0104184672777
0.009414237856
0.00918041112776
0.0102500412651
0.0109059624013
0.0103405837995
0.0120694045611
0.0173292423036
0.0209001743281
0.0160862319173
0.00738782964982
0.00517046597726
0.0100707173197
0.0196465186349
0.0273202719731
0.0232982272362
0.0144362194688
0.0117088012744
0.0131850344865
0.0159065625153
0.0180185135511
0.0206011135648
0.0240163013049
0.02474088494
0.0205549452881
0.0156510241553
0.0133888818104
0.0137628088475
0.0138038196404
0.015487646854
0.0107059658093
0.0229372045458
0.00710628495633
0.00991070886885
0.00886434561033
0.00512801250721
0.0086193211651
0.00731973764334
0.00740988527428
0.00700514608034
0.00710076568738
0.00689228910998
0.00628817977364
0.00607550592974
0.00735995702932
0.0104845215262
0.0140650352837
0.0159524536923
0.0144892077297
0.0137196938131
0.0149255724673
0.0237851446679
0.0191184647477
0.0292699289992
0.00358469705395
0.0136462699129
0.0151104713333
0.0235007227793
0.0118697699986
0.010023038705
0.00845162590962
0.0144435720549
0.00890661281629
0.0231694972306
0.00664753837635
0.0126513956827
0.0206802775171
0.0162221298857
0.0153515573315
0.00948020016182
0.00742450920338
0.00944997249642
0.014963761652
0.0196351546849
0.0197028721203
0.0223717476009
0.0162728487559
0.0357680080429
0.0157661200124
0.0030925097438
0.00714840743485
0.00840825668045
0.0137526292436
0.00810851374115
0.00645926573789
0.00472922390233
0.00384151405485
0.00405695235445
0.00466009543033
0.00516063542317
0.00596145304163
0.00722874668786
0.00858366660823
0.00831291140421
0.00671918510122
0.00299091218749
0.00359689786359
0.00533192368311
0.00392214914769
0.00305314783342
0.00469045138521
0.00308578884698
0.0059177818264
0.00357805702517
0.0037940873091
0.00258915912718
0.00358829454632
0.00452727013501
0.00244592046337
0.00266912784222
0.00413201531216
0.00496944305296
0.00191385720747
0.000410810357782
0.00607246638909
0.000902312432041
0.00281834797852
0.00108646637199
0.00126027380172
0.00133079218742
0.00232345165629
0.00290769621884
0.00142252522178
0.00384462792078
0.0020626876008
0.00383788393822
0.00314164133022
0.00288420892871
0.0022313800549
0.0023577133862
0.00283387431715
0.00307724552139
0.00288147798247
0.00215216154101
0.00160237178578
0.00132236307126
0.00158143176513
0.00200616042633
0.00231560579449
0.00216171459669
0.00170265453452
0.00147943240607
0.00167131141571
0.00226326487833
0.00286044824873
0.00272368662738
0.00198612338729
0.00159644754627
0.00134586120305
0.00123372072173
0.00126394631952
0.00107063305205
0.000920454345728
0.000730630703828
0.000532355662179
0.000452850330968
0.000485843461018
0.000681578350825
0.000838151184526
0.000888544771461
0.000626813182413
0.000348684296212
0.000287832510928
0.000302826143519
0.000414764064944
0.000390903336521
0.000279389192732
0.000255239785913
0.000398004698229
0.000593857199609
0.000798225842528
0.00100181826347
0.00117097737647
0.00101151181626
0.000712575307551
0.00048094805928
0.000394484086435
0.000462025733312
0.000494137601523
0.000442559579939
0.000365329065467
0.000276189010017
0.000196627344013
0.000171421907963
0.000142048140493
0.000129640014212
0.000159920942748
0.000140154476171
8.54659504963e-05
4.53382795387e-05
1.4931048165e-05
9.9711548657e-05
5.44754215781e-05
9.91276318967e-05
2.54350021933e-07
6.8317873015e-05
9.77221609035e-05
9.23027633855e-05
5.29566791307e-07
8.10430961069e-05
5.3537099741e-05
3.75170735882e-05
4.21470225831e-07
3.87488213995e-05
6.19160076099e-07
4.10581568104e-05
4.96652551094e-05
6.27468648151e-06
8.80885955183e-05
2.09977994174e-05
7.19265880633e-07
3.85387162183e-07
3.82338508889e-05
2.61442589551e-05
3.32676536985e-07
5.47144077299e-05
8.3258526546e-05
1.15372982812e-06
0.000114501540347
1.52103331796e-06
8.98425151856e-05
6.23889927365e-05
5.4398547908e-05
5.42823731928e-05
5.05436369203e-07
4.43001851202e-07
1.25161598747e-05
7.23227616461e-07
1.01991211405e-05
8.4478034994e-06
2.65030839941e-06
0.000100853852423
2.54004235245e-06
2.39133809465e-06
2.25775765017e-05
9.70994788769e-05
1.86627745968e-06
1.70375756881e-06
1.5675115729e-05
2.20091584229e-05
2.27113048057e-05
8.44472159756e-07
3.09578228803e-05
2.07215214321e-06
1.89025216191e-06
1.72877133204e-05
1.93482870854e-05
1.89635034165e-06
1.73261536034e-05
2.74946423851e-07
2.73075763975e-05
2.93879124147e-06
6.06502268852e-07
6.01367402631e-06
7.44508028561e-07
7.37268521256e-06
8.12670727157e-07
2.13441503227e-06
7.84987715718e-07
7.77332296309e-07
7.69964170733e-05
1.34288902274e-05
2.72038401352e-05
4.55539696169e-05
1.16858329946e-06
1.09723307418e-06
1.03181050903e-06
9.7220730666e-07
9.17789943244e-06
3.68509989457e-06
7.91893505436e-07
5.15119075999e-05
1.67552546948e-06
2.77996116793e-07
1.56172449639e-05
5.41516262942e-07
9.17116310895e-06
6.94413170876e-05
1.32121189722e-06
1.21493881977e-06
1.11862553531e-06
1.02981794043e-05
2.7343242337e-07
2.70896775234e-07
2.68570780957e-05
9.2461448169e-06
1.67482282194e-05
1.47265303951e-07
1.46027959502e-07
1.44904690913e-07
1.43897219473e-07
1.42519951396e-07
1.41302011869e-07
1.40309921903e-07
1.39210908934e-05
1.60250291259e-07
1.58678074236e-06
2.61604527338e-05
5.9382885631e-07
5.45590546963e-07
5.07678874406e-06
1.68231300091e-05
8.38718257512e-07
