# column   1     --> step : The current simulation time step.
# column   2     --> potential{electronvolt} : The physical system potential energy.
    0.00000000e+00    -1.08081112e+01   
    1.00000000e+00    -1.17050519e+01   
    2.00000000e+00    -1.19191188e+01   
    3.00000000e+00    -1.20102480e+01   
    4.00000000e+00    -1.21120904e+01   
    5.00000000e+00    -1.22109870e+01   
    6.00000000e+00    -1.22261935e+01   
    7.00000000e+00    -1.22826314e+01   
    8.00000000e+00    -1.22996653e+01   
    9.00000000e+00    -1.23287102e+01   
    1.00000000e+01    -1.23468200e+01   
    1.10000000e+01    -1.23654988e+01   
    1.20000000e+01    -1.23814582e+01   
    1.30000000e+01    -1.23952933e+01   
    1.40000000e+01    -1.24164877e+01   
    1.50000000e+01    -1.24178201e+01   
    1.60000000e+01    -1.24341112e+01   
    1.70000000e+01    -1.24381088e+01   
    1.80000000e+01    -1.24481921e+01   
    1.90000000e+01    -1.24616202e+01   
    2.00000000e+01    -1.24726144e+01   
    2.10000000e+01    -1.24849903e+01   
    2.20000000e+01    -1.24924226e+01   
    2.30000000e+01    -1.25000040e+01   
    2.40000000e+01    -1.25057729e+01   
    2.50000000e+01    -1.25159485e+01   
    2.60000000e+01    -1.25240401e+01   
    2.70000000e+01    -1.25307333e+01   
    2.80000000e+01    -1.25366818e+01   
    2.90000000e+01    -1.25467187e+01   
    3.00000000e+01    -1.25506951e+01   
    3.10000000e+01    -1.25556881e+01   
    3.20000000e+01    -1.25605055e+01   
    3.30000000e+01    -1.25633782e+01   
    3.40000000e+01    -1.25655583e+01   
    3.50000000e+01    -1.25679832e+01   
    3.60000000e+01    -1.25710796e+01   
    3.70000000e+01    -1.25728082e+01   
    3.80000000e+01    -1.25745857e+01   
    3.90000000e+01    -1.25768048e+01   
    4.00000000e+01    -1.25782246e+01   
    4.10000000e+01    -1.25795619e+01   
    4.20000000e+01    -1.25820295e+01   
    4.30000000e+01    -1.25830112e+01   
    4.40000000e+01    -1.25843336e+01   
    4.50000000e+01    -1.25871349e+01   
    4.60000000e+01    -1.25907849e+01   
    4.70000000e+01    -1.25921261e+01   
    4.80000000e+01    -1.25938121e+01   
    4.90000000e+01    -1.25942993e+01   
    5.00000000e+01    -1.25954109e+01   
    5.10000000e+01    -1.25970191e+01   
    5.20000000e+01    -1.25989594e+01   
    5.30000000e+01    -1.26001824e+01   
    5.40000000e+01    -1.26016742e+01   
    5.50000000e+01    -1.26028583e+01   
    5.60000000e+01    -1.26044626e+01   
    5.70000000e+01    -1.26056905e+01   
    5.80000000e+01    -1.26071080e+01   
    5.90000000e+01    -1.26085855e+01   
    6.00000000e+01    -1.26100481e+01   
    6.10000000e+01    -1.26110035e+01   
    6.20000000e+01    -1.26119717e+01   
    6.30000000e+01    -1.26128246e+01   
    6.40000000e+01    -1.26138413e+01   
    6.50000000e+01    -1.26147612e+01   
    6.60000000e+01    -1.26152935e+01   
    6.70000000e+01    -1.26164475e+01   
    6.80000000e+01    -1.26181451e+01   
    6.90000000e+01    -1.26199085e+01   
    7.00000000e+01    -1.26212497e+01   
    7.10000000e+01    -1.26227559e+01   
    7.20000000e+01    -1.26235473e+01   
    7.30000000e+01    -1.26241977e+01   
    7.40000000e+01    -1.26252948e+01   
    7.50000000e+01    -1.26261407e+01   
    7.60000000e+01    -1.26284165e+01   
    7.70000000e+01    -1.26295678e+01   
    7.80000000e+01    -1.26303529e+01   
    7.90000000e+01    -1.26308566e+01   
    8.00000000e+01    -1.26313023e+01   
    8.10000000e+01    -1.26318338e+01   
    8.20000000e+01    -1.26320726e+01   
    8.30000000e+01    -1.26320909e+01   
    8.40000000e+01    -1.26326381e+01   
    8.50000000e+01    -1.26333452e+01   
    8.60000000e+01    -1.26344411e+01   
    8.70000000e+01    -1.26349427e+01   
    8.80000000e+01    -1.26354123e+01   
    8.90000000e+01    -1.26357728e+01   
    9.00000000e+01    -1.26360961e+01   
    9.10000000e+01    -1.26362502e+01   
    9.20000000e+01    -1.26379043e+01   
    9.30000000e+01    -1.26382472e+01   
    9.40000000e+01    -1.26393601e+01   
    9.50000000e+01    -1.26402310e+01   
    9.60000000e+01    -1.26411064e+01   
    9.70000000e+01    -1.26422572e+01   
    9.80000000e+01    -1.26444770e+01   
    9.90000000e+01    -1.26457041e+01   
    1.00000000e+02    -1.26460456e+01   
    1.01000000e+02    -1.26463073e+01   
    1.02000000e+02    -1.26471900e+01   
    1.03000000e+02    -1.26475058e+01   
    1.04000000e+02    -1.26481114e+01   
    1.05000000e+02    -1.26489230e+01   
    1.06000000e+02    -1.26494052e+01   
    1.07000000e+02    -1.26495846e+01   
    1.08000000e+02    -1.26505264e+01   
    1.09000000e+02    -1.26508538e+01   
    1.10000000e+02    -1.26519045e+01   
    1.11000000e+02    -1.26525845e+01   
    1.12000000e+02    -1.26533654e+01   
    1.13000000e+02    -1.26540325e+01   
    1.14000000e+02    -1.26544909e+01   
    1.15000000e+02    -1.26551311e+01   
    1.16000000e+02    -1.26561791e+01   
    1.17000000e+02    -1.26568229e+01   
    1.18000000e+02    -1.26575417e+01   
    1.19000000e+02    -1.26585372e+01   
    1.20000000e+02    -1.26586429e+01   
    1.21000000e+02    -1.26591670e+01   
    1.22000000e+02    -1.26595605e+01   
    1.23000000e+02    -1.26596895e+01   
    1.24000000e+02    -1.26599617e+01   
    1.25000000e+02    -1.26601482e+01   
    1.26000000e+02    -1.26604022e+01   
    1.27000000e+02    -1.26606355e+01   
    1.28000000e+02    -1.26607771e+01   
    1.29000000e+02    -1.26609680e+01   
    1.30000000e+02    -1.26609790e+01   
    1.31000000e+02    -1.26612188e+01   
    1.32000000e+02    -1.26613590e+01   
    1.33000000e+02    -1.26614662e+01   
    1.34000000e+02    -1.26616424e+01   
    1.35000000e+02    -1.26618569e+01   
    1.36000000e+02    -1.26620602e+01   
    1.37000000e+02    -1.26621162e+01   
    1.38000000e+02    -1.26621168e+01   
    1.39000000e+02    -1.26621406e+01   
    1.40000000e+02    -1.26621635e+01   
    1.41000000e+02    -1.26621698e+01   
    1.42000000e+02    -1.26621740e+01   
    1.43000000e+02    -1.26621768e+01   
    1.44000000e+02    -1.26621791e+01   
    1.45000000e+02    -1.26621823e+01   
    1.46000000e+02    -1.26621839e+01   
    1.47000000e+02    -1.26621857e+01   
    1.48000000e+02    -1.26621862e+01   
