0.000411426049263
9.82284793885e-05
4.18415607482e-05
4.71786620041e-05
4.61964545828e-05
6.48727929548e-06
2.60820315286e-05
7.8022605311e-06
1.31104474651e-05
9.36436223825e-06
8.53274465172e-06
7.99346342426e-06
5.75179703596e-06
2.92350408695e-06
9.32106539138e-06
2.47477211744e-06
4.15229062834e-06
5.25806225817e-06
5.77049870441e-06
4.66927626555e-06
6.61982775033e-06
4.75399524042e-07
4.81722578597e-06
2.6673092264e-06
3.54135091117e-06
4.50927131216e-06
6.86124121038e-06
8.52578161652e-07
5.1380777746e-06
9.11505669043e-07
1.11446439516e-06
1.80877080295e-06
1.73079004828e-06
9.94647694934e-07
8.9571166175e-07
9.39614154454e-07
9.3334065014e-07
7.19719771405e-07
3.90376671695e-07
1.15312754657e-06
5.79153523598e-07
9.16431084164e-07
9.63780528648e-07
6.61208468714e-07
7.05214028133e-07
6.7696574143e-07
6.22125123676e-07
5.42556655217e-07
7.29569690978e-07
2.48933148188e-07
3.88845435684e-07
6.38745998798e-07
5.3447468206e-07
5.06716345858e-07
7.63682126463e-07
4.25098753764e-07
4.25176744111e-07
5.19655807781e-07
7.1280821852e-07
8.31204546512e-07
6.99232665987e-07
3.35286903503e-07
6.18805813137e-07
2.47496241067e-07
4.31377022861e-07
5.19171028236e-07
6.97453417378e-07
7.35908403717e-07
5.40011268436e-07
4.27590326688e-09
7.88638386254e-07
2.77704595713e-07
5.40489669588e-07
6.08648507146e-07
5.76626226168e-07
3.49437975036e-07
2.79100073622e-07
1.31256015729e-07
1.98483020773e-07
1.94768341329e-07
1.58800496071e-07
3.36989618075e-07
1.71771831946e-07
2.04265646113e-07
1.30189209396e-07
1.98845990377e-07
2.73390548562e-07
2.62008399073e-07
2.42389262348e-07
2.41323367581e-07
2.22392607315e-07
2.89559463006e-07
3.93163797258e-07
3.1864447216e-07
4.23373714196e-07
7.47283344227e-07
4.0701226143e-07
2.44265742701e-07
3.31731909738e-07
2.4072949545e-07
2.88841401179e-07
3.05373766047e-07
3.75837463105e-07
5.09804180436e-07
5.36259095929e-07
4.71379864837e-07
3.37356099758e-07
3.95215555102e-07
3.34745455727e-07
3.34788375296e-07
2.94036473724e-07
3.11067585494e-07
1.95313124284e-07
3.36964834331e-07
3.4669638586e-07
1.59009937516e-07
2.170465563e-07
2.7685862286e-07
2.08358340393e-07
4.80900428902e-08
2.70058882233e-07
7.18530057585e-08
1.25815592732e-07
5.4034553696e-08
1.30527840927e-07
6.62963752403e-08
6.56995769302e-08
1.27301077804e-07
9.09418752096e-08
1.64924993669e-07
9.39999934335e-08
1.57968431864e-07
9.67815591994e-08
9.48203404995e-08
1.22884545899e-07
7.42492806551e-08
8.95229906622e-08
6.28758252089e-08
6.79589193878e-08
5.01619189457e-08
2.24062437146e-08
3.74326833204e-08
5.24218906159e-08
3.58525692155e-08
4.95816372119e-08
3.31909902569e-08
8.33919967629e-08
4.22438599455e-08
3.40858325197e-08
2.91677744034e-08
4.4378103109e-09
2.16110036207e-08
3.39108416618e-08
2.78108306315e-09
3.54279012536e-08
1.31858164498e-08
3.51166614003e-08
2.64967989924e-08
4.34205773121e-08
1.48434710016e-08
3.00796994701e-08
2.98994455236e-08
3.14696870472e-08
2.93502041483e-08
3.23357867017e-08
3.18007958675e-08
2.89922605624e-08
3.78842211879e-08
1.90792478531e-08
1.9825537062e-08
5.0977403581e-08
1.91446057125e-08
2.3144702975e-08
1.66612702378e-08
5.19713153971e-09
1.68472678613e-08
2.15547072205e-09
1.55763160196e-08
3.81568605323e-09
1.6507916395e-08
1.22530333192e-08
3.37921683413e-09
4.69320461383e-09
7.18194100857e-09
5.50316834533e-09
5.26794933439e-09
4.28639526234e-09
5.05139532286e-09
8.01719263199e-10
5.17721424134e-09
5.24259087392e-09
1.89880010534e-09
2.03332576471e-09
3.14962497611e-09
4.03504469351e-09
6.00877073098e-09
1.78194460805e-08
7.09952198349e-09
6.04735723164e-09
7.65187231563e-09
2.05567648945e-08
7.31542850602e-10
2.79067954856e-10
2.41838732234e-09
3.35002580766e-08
1.35308472822e-08
7.72861187825e-09
2.87195094789e-10
2.36646666152e-10
2.76280422845e-10
7.50800656021e-09
2.84639203527e-09
7.98139275296e-09
1.68347535773e-09
1.72578984714e-09
2.08384266648e-09
1.96280445786e-09
3.17640930225e-10
1.30464582887e-09
4.14677280708e-10
6.23914623438e-10
5.15286284475e-10
2.04253080421e-10
3.63565577643e-10
2.48938089586e-10
2.38591711665e-10
1.8592777179e-10
2.11207552836e-10
1.27177674641e-10
1.07150915224e-10
2.1506879333e-10
7.99624075287e-11
3.21438761719e-10
1.66775953464e-10

