filename="pos" stride="1"> positions
0.0908438562263
0.0465605503
0.041345171539
0.0524315722115
0.0475152433653
0.0427979643823
0.0164954230777
0.00961191331737
0.0294563133575
0.0332177417643
0.0121338388508
0.0196719459372
0.0181941930925
0.0496819952506
0.0101400886877
0.00582408731544
0.0164920919627
0.0252312760774
0.0362648972351
0.0150244718095
0.0323720795776
0.0323447888361
0.00741504989851
0.00788444400482
0.0221364028045
0.0320455974678
0.0548895077955
0.0568155896344
0.0230747791719
0.00831880999709
0.0081865900957
0.0188787274794
0.0229900687179
0.00770414316473
0.0112424185029
0.0106170744243
0.0180993101292
0.00382644975288
0.00234621325089
0.0103935931876
0.00906107690905
0.0118746624661
0.0171043095957
0.0152038186305
0.0112321758146
0.0110167949732
0.0142978426304
0.00610796376539
0.0146203641262
0.0112867618381
0.0051227101918
0.0167420265191
0.0168145777833
0.0233222868895
0.0230881397004
0.00813554235644
0.0088458147616
0.0178054849084
0.0107189871381
0.0145169937031
0.0175177999891
0.0260473227283
0.00225934517641
0.00152599054216
0.00803888536641
0.0220068927206
0.0130624659231
0.0193322781422
0.017576075323
0.0312478781257
0.00456008562892
0.00217172281204
0.00747662884786
0.0186521124292
0.0272336801752
0.00343913174601
0.00386411410286
0.00740249682478
0.00147522403287
0.00441209006417
0.00566418510771
0.0133557538375
0.00888759323036
0.00706108487466
0.00440949884766
0.00731814465781
0.015842528079
0.01282551739
0.00644483345217
0.00764654697157
0.0114134249054
0.0107646328703
0.0190567273901
0.0137713193857
0.0172492018787
0.043353883877
0.0244163187376
0.00256994607281
0.00906426852474
0.0226820628071
0.00975752655419
0.0106119211263
0.0188228046666
0.0349857310231
0.0190042776217
0.0237514564869
0.0218870355907
0.0230046692886
0.0193235039563
0.0210476988109
0.0126667903237
0.0230726078359
0.0215213482487
0.0254615285787
0.0281543082227
0.0204916582974
0.00232946181552
0.0102657381719
0.0142116527122
0.0219591302922
0.00193835344566
0.00180435570926
0.00258942405679
0.00487352586401
0.00153377822156
0.00212671555167
0.00355089018839
0.00535771055294
0.00534094436484
0.00737296191045
0.00397756159861
0.00520371442315
0.00537563848852
0.00259492469943
0.0033859327038
0.00174219656252
0.00342010039734
0.00522415463692
0.00153819894111
0.00197484474113
0.0016311768054
0.00447178935219
0.000974167159736
0.00103514138992
0.00214050545146
0.00544712087175
0.00117950957011
0.00124166788873
0.00221820637253
0.00405855164567
0.00323095831878
0.0029853814278
0.00369149676773
0.00587670139935
0.000904132638702
0.000563062479268
0.00143909017374
0.00464906583742
0.00180264090084
0.00233731283119
0.0031115530946
0.00435498870067
0.00261751601691
0.00204589003381
0.00197986914173
0.00293353239685
0.00153753227649
0.0033459794545
0.00157788226416
0.00098814918208
0.004871176952
0.00463421542759
0.000894864260548
0.00134747943702
0.000944489700261
0.00300519482453
0.0014255699216
0.00228697702683
0.00324695057167
0.00297095706177
0.000857456599809
0.000589494904252
0.000437521035986
0.000833349746522
0.000851100216401
0.00125574495994
0.00110900795134
0.000929034192889
0.000868886227486
0.000775606551031
0.00156049081929
0.0008975991377
0.000160736192523
0.000262082510038
0.00122176071067
0.00205748999674
0.00358775070638
0.00191932583442
0.00124612059212
0.00303039748399
0.00109292321266
0.00010935397738
2.65943646891e-05
0.000986823018671
0.000295273255643
0.00250775110359
0.000531197074642
4.84095413107e-05
5.09926901717e-05
4.66409837943e-05
0.00268329604345
0.000575339638512
0.0015263479791
0.000779314877382
0.000243002168355
0.000258718233088
0.000633297547951
0.000853068920977
0.000183095946422
8.14577790909e-05
0.000268274016529
0.000278929160274
0.000209486228595
0.000153876987536
0.000112221481249
0.00015423392389
0.000200136985899
0.000208467417851
4.15554340574e-05
5.49773807119e-05
0.000145198106939
0.000433826916531
0.000226243615955
0.000202540403009
