# column   1     --> step : The current simulation time step.
# column   2     --> potential : The physical system potential energy.
    0.00000000e+00    -3.97561015e-01   
    1.00000000e+00    -4.30475099e-01   
    2.00000000e+00    -4.38333377e-01   
    3.00000000e+00    -4.41680702e-01   
    4.00000000e+00    -4.45454995e-01   
    5.00000000e+00    -4.49150711e-01   
    6.00000000e+00    -4.49669694e-01   
    7.00000000e+00    -4.51756256e-01   
    8.00000000e+00    -4.52380437e-01   
    9.00000000e+00    -4.53429273e-01   
    1.00000000e+01    -4.54178422e-01   
    1.10000000e+01    -4.54861041e-01   
    1.20000000e+01    -4.55500518e-01   
    1.30000000e+01    -4.55960662e-01   
    1.40000000e+01    -4.56194543e-01   
    1.50000000e+01    -4.56940228e-01   
    1.60000000e+01    -4.57138210e-01   
    1.70000000e+01    -4.57470393e-01   
    1.80000000e+01    -4.57891038e-01   
    1.90000000e+01    -4.58352678e-01   
    2.00000000e+01    -4.58726220e-01   
    2.10000000e+01    -4.59255806e-01   
    2.20000000e+01    -4.59293838e-01   
    2.30000000e+01    -4.59679216e-01   
    2.40000000e+01    -4.59892601e-01   
    2.50000000e+01    -4.60175909e-01   
    2.60000000e+01    -4.60536651e-01   
    2.70000000e+01    -4.61085550e-01   
    2.80000000e+01    -4.61153756e-01   
    2.90000000e+01    -4.61564802e-01   
    3.00000000e+01    -4.61637723e-01   
    3.10000000e+01    -4.61726880e-01   
    3.20000000e+01    -4.61871582e-01   
    3.30000000e+01    -4.62010045e-01   
    3.40000000e+01    -4.62089617e-01   
    3.50000000e+01    -4.62161274e-01   
    3.60000000e+01    -4.62236443e-01   
    3.70000000e+01    -4.62311110e-01   
    3.80000000e+01    -4.62368687e-01   
    3.90000000e+01    -4.62399918e-01   
    4.00000000e+01    -4.62492168e-01   
    4.10000000e+01    -4.62538500e-01   
    4.20000000e+01    -4.62611815e-01   
    4.30000000e+01    -4.62688917e-01   
    4.40000000e+01    -4.62741814e-01   
    4.50000000e+01    -4.62798231e-01   
    4.60000000e+01    -4.62852388e-01   
    4.70000000e+01    -4.62902158e-01   
    4.80000000e+01    -4.62945563e-01   
    4.90000000e+01    -4.63003928e-01   
    5.00000000e+01    -4.63023843e-01   
    5.10000000e+01    -4.63054951e-01   
    5.20000000e+01    -4.63106050e-01   
    5.30000000e+01    -4.63148808e-01   
    5.40000000e+01    -4.63189345e-01   
    5.50000000e+01    -4.63250440e-01   
    5.60000000e+01    -4.63284448e-01   
    5.70000000e+01    -4.63318462e-01   
    5.80000000e+01    -4.63360035e-01   
    5.90000000e+01    -4.63417059e-01   
    6.00000000e+01    -4.63483556e-01   
    6.10000000e+01    -4.63539494e-01   
    6.20000000e+01    -4.63566317e-01   
    6.30000000e+01    -4.63615822e-01   
    6.40000000e+01    -4.63635621e-01   
    6.50000000e+01    -4.63670131e-01   
    6.60000000e+01    -4.63711665e-01   
    6.70000000e+01    -4.63767461e-01   
    6.80000000e+01    -4.63826334e-01   
    6.90000000e+01    -4.63869535e-01   
    7.00000000e+01    -4.63869877e-01   
    7.10000000e+01    -4.63932968e-01   
    7.20000000e+01    -4.63955184e-01   
    7.30000000e+01    -4.63998424e-01   
    7.40000000e+01    -4.64047116e-01   
    7.50000000e+01    -4.64093246e-01   
    7.60000000e+01    -4.64121201e-01   
    7.70000000e+01    -4.64143529e-01   
    7.80000000e+01    -4.64154029e-01   
    7.90000000e+01    -4.64169908e-01   
    8.00000000e+01    -4.64185489e-01   
    8.10000000e+01    -4.64198193e-01   
    8.20000000e+01    -4.64225152e-01   
    8.30000000e+01    -4.64238894e-01   
    8.40000000e+01    -4.64255235e-01   
    8.50000000e+01    -4.64265651e-01   
    8.60000000e+01    -4.64281558e-01   
    8.70000000e+01    -4.64303430e-01   
    8.80000000e+01    -4.64324390e-01   
    8.90000000e+01    -4.64343781e-01   
    9.00000000e+01    -4.64363087e-01   
    9.10000000e+01    -4.64380879e-01   
    9.20000000e+01    -4.64404043e-01   
    9.30000000e+01    -4.64435496e-01   
    9.40000000e+01    -4.64460988e-01   
    9.50000000e+01    -4.64494858e-01   
    9.60000000e+01    -4.64554641e-01   
    9.70000000e+01    -4.64587202e-01   
    9.80000000e+01    -4.64606743e-01   
    9.90000000e+01    -4.64633281e-01   
    1.00000000e+02    -4.64652540e-01   
    1.01000000e+02    -4.64675647e-01   
    1.02000000e+02    -4.64700077e-01   
    1.03000000e+02    -4.64730144e-01   
    1.04000000e+02    -4.64770928e-01   
    1.05000000e+02    -4.64813829e-01   
    1.06000000e+02    -4.64851539e-01   
    1.07000000e+02    -4.64878528e-01   
    1.08000000e+02    -4.64910145e-01   
    1.09000000e+02    -4.64936925e-01   
    1.10000000e+02    -4.64963708e-01   
    1.11000000e+02    -4.64987231e-01   
    1.12000000e+02    -4.65012116e-01   
    1.13000000e+02    -4.65027741e-01   
    1.14000000e+02    -4.65054698e-01   
    1.15000000e+02    -4.65082434e-01   
    1.16000000e+02    -4.65095155e-01   
    1.17000000e+02    -4.65112519e-01   
    1.18000000e+02    -4.65134667e-01   
    1.19000000e+02    -4.65151336e-01   
    1.20000000e+02    -4.65155183e-01   
    1.21000000e+02    -4.65176788e-01   
    1.22000000e+02    -4.65182536e-01   
    1.23000000e+02    -4.65192601e-01   
    1.24000000e+02    -4.65196924e-01   
    1.25000000e+02    -4.65207366e-01   
    1.26000000e+02    -4.65212670e-01   
    1.27000000e+02    -4.65217926e-01   
    1.28000000e+02    -4.65228110e-01   
    1.29000000e+02    -4.65235386e-01   
    1.30000000e+02    -4.65248580e-01   
    1.31000000e+02    -4.65256100e-01   
    1.32000000e+02    -4.65268737e-01   
    1.33000000e+02    -4.65276480e-01   
    1.34000000e+02    -4.65284065e-01   
    1.35000000e+02    -4.65293896e-01   
    1.36000000e+02    -4.65299836e-01   
    1.37000000e+02    -4.65306998e-01   
    1.38000000e+02    -4.65312028e-01   
    1.39000000e+02    -4.65317464e-01   
    1.40000000e+02    -4.65321477e-01   
    1.41000000e+02    -4.65323270e-01   
    1.42000000e+02    -4.65326265e-01   
    1.43000000e+02    -4.65330458e-01   
    1.44000000e+02    -4.65333327e-01   
    1.45000000e+02    -4.65337293e-01   
    1.46000000e+02    -4.65339948e-01   
    1.47000000e+02    -4.65346620e-01   
    1.48000000e+02    -4.65349999e-01   
    1.49000000e+02    -4.65352726e-01   
    1.50000000e+02    -4.65355059e-01   
    1.51000000e+02    -4.65355414e-01   
    1.52000000e+02    -4.65357143e-01   
    1.53000000e+02    -4.65359856e-01   
    1.54000000e+02    -4.65360079e-01   
    1.55000000e+02    -4.65362913e-01   
    1.56000000e+02    -4.65363968e-01   
    1.57000000e+02    -4.65366777e-01   
    1.58000000e+02    -4.65368897e-01   
    1.59000000e+02    -4.65372371e-01   
    1.60000000e+02    -4.65373558e-01   
    1.61000000e+02    -4.65375964e-01   
    1.62000000e+02    -4.65378356e-01   
    1.63000000e+02    -4.65380874e-01   
    1.64000000e+02    -4.65383222e-01   
    1.65000000e+02    -4.65385809e-01   
    1.66000000e+02    -4.65388353e-01   
    1.67000000e+02    -4.65390672e-01   
    1.68000000e+02    -4.65393703e-01   
    1.69000000e+02    -4.65395229e-01   
    1.70000000e+02    -4.65396815e-01   
    1.71000000e+02    -4.65400894e-01   
    1.72000000e+02    -4.65402425e-01   
    1.73000000e+02    -4.65404277e-01   
    1.74000000e+02    -4.65405610e-01   
    1.75000000e+02    -4.65406025e-01   
    1.76000000e+02    -4.65407373e-01   
    1.77000000e+02    -4.65407546e-01   
    1.78000000e+02    -4.65408792e-01   
    1.79000000e+02    -4.65409097e-01   
    1.80000000e+02    -4.65410418e-01   
    1.81000000e+02    -4.65411398e-01   
    1.82000000e+02    -4.65411668e-01   
    1.83000000e+02    -4.65412044e-01   
    1.84000000e+02    -4.65412618e-01   
    1.85000000e+02    -4.65413058e-01   
    1.86000000e+02    -4.65413480e-01   
    1.87000000e+02    -4.65413823e-01   
    1.88000000e+02    -4.65414227e-01   
    1.89000000e+02    -4.65414291e-01   
    1.90000000e+02    -4.65414705e-01   
    1.91000000e+02    -4.65415125e-01   
    1.92000000e+02    -4.65415277e-01   
    1.93000000e+02    -4.65415439e-01   
    1.94000000e+02    -4.65415691e-01   
    1.95000000e+02    -4.65416014e-01   
    1.96000000e+02    -4.65416495e-01   
    1.97000000e+02    -4.65417920e-01   
    1.98000000e+02    -4.65418488e-01   
    1.99000000e+02    -4.65418972e-01   
    2.00000000e+02    -4.65419584e-01   
    2.01000000e+02    -4.65421229e-01   
    2.02000000e+02    -4.65421287e-01   
    2.03000000e+02    -4.65421310e-01   
    2.04000000e+02    -4.65421503e-01   
    2.05000000e+02    -4.65424183e-01   
    2.06000000e+02    -4.65425265e-01   
    2.07000000e+02    -4.65425884e-01   
    2.08000000e+02    -4.65425907e-01   
    2.09000000e+02    -4.65425926e-01   
    2.10000000e+02    -4.65425948e-01   
    2.11000000e+02    -4.65426548e-01   
    2.12000000e+02    -4.65426776e-01   
    2.13000000e+02    -4.65427415e-01   
    2.14000000e+02    -4.65427549e-01   
    2.15000000e+02    -4.65427687e-01   
    2.16000000e+02    -4.65427854e-01   
    2.17000000e+02    -4.65428011e-01   
    2.18000000e+02    -4.65428037e-01   
    2.19000000e+02    -4.65428141e-01   
    2.20000000e+02    -4.65428174e-01   
    2.21000000e+02    -4.65428224e-01   
    2.22000000e+02    -4.65428265e-01   
    2.23000000e+02    -4.65428282e-01   
    2.24000000e+02    -4.65428311e-01   
    2.25000000e+02    -4.65428331e-01   
    2.26000000e+02    -4.65428350e-01   
    2.27000000e+02    -4.65428365e-01   
    2.28000000e+02    -4.65428381e-01   
    2.29000000e+02    -4.65428392e-01   
    2.30000000e+02    -4.65428400e-01   
    2.31000000e+02    -4.65428417e-01   
    2.32000000e+02    -4.65428424e-01   
    2.33000000e+02    -4.65428449e-01   
    2.34000000e+02    -4.65428463e-01   
    2.35000000e+02    -4.65428465e-01   
    2.36000000e+02    -4.65428479e-01   
    2.37000000e+02    -4.65428498e-01   
    2.38000000e+02    -4.65428502e-01   
    2.39000000e+02    -4.65428528e-01   
    2.40000000e+02    -4.65428533e-01   
    2.41000000e+02    -4.65428536e-01   
    2.42000000e+02    -4.65428564e-01   
    2.43000000e+02    -4.65428578e-01   
    2.44000000e+02    -4.65428593e-01   
    2.45000000e+02    -4.65428606e-01   
    2.46000000e+02    -4.65428614e-01   
    2.47000000e+02    -4.65428645e-01   
    2.48000000e+02    -4.65428661e-01   
    2.49000000e+02    -4.65428669e-01   
    2.50000000e+02    -4.65428666e-01   
    2.51000000e+02    -4.65428666e-01   
